 Calculate mean discharge, epoch: 1
 Calculate daily discharge, epoch: 1
 Calculate mean suspended sediment load, epoch: 1
 Calculate daily suspended sediment load, epoch: 1

 	 HydroSnow Warning: There is Snow remaining on August 31 
 	 Snowremains 	 = 1.194274e+10 (m^3) 
 	 in year: 2026 

 	 HydroSnow Warning: There is Snow remaining on August 31 
 	 Snowremains 	 = 1.194274e+10 (m^3) 
 	 in year: 2026 

 	 HydroSnow Warning: There is Snow remaining on August 31 
 	 Snowremains 	 = 1.194274e+10 (m^3) 
 	 in year: 2026 

 	 HydroSnow Warning: There is Snow remaining on August 31 
 	 Snowremains 	 = 1.194274e+10 (m^3) 
 	 in year: 2026 

 	 HydroSnow Warning: There is Snow remaining on August 31 
 	 Snowremains 	 = 1.194274e+10 (m^3) 
 	 in year: 2026 

 	 HydroSnow Warning: There is Snow remaining on August 31 
 	 Snowremains 	 = 1.194274e+10 (m^3) 
 	 in year: 2026 

 	 HydroSnow Warning: There is Snow remaining on August 31 
 	 Snowremains 	 = 1.194274e+10 (m^3) 
 	 in year: 2026 

 	 HydroSnow Warning: There is Snow remaining on August 31 
 	 Snowremains 	 = 1.194274e+10 (m^3) 
 	 in year: 2026 

 	 HydroSnow Warning: There is Snow remaining on August 31 
 	 Snowremains 	 = 1.194274e+10 (m^3) 
 	 in year: 2026 

 	 HydroSnow Warning: There is Snow remaining on August 31 
 	 Snowremains 	 = 1.194274e+10 (m^3) 
 	 in year: 2026 
   FLOOD WARNING: the maximum predicted flood size has been exceeded. 
      Epoch 1, year 2026 
      Maximum predicted flood 56740.8 (m^3/s) 
      Modeled flood peak 84182.8 (m^3/s) 

 	 HydroSnow Warning: There is Snow remaining on August 31 
 	 Snowremains 	 = 3.676936e+10 (m^3) 
 	 in year: 2027 

 	 HydroSnow Warning: There is Snow remaining on August 31 
 	 Snowremains 	 = 5.579601e+10 (m^3) 
 	 in year: 2028 
HydroGlacial WARNING: year = 2028, ep =0 
 	 Insufficient precipitation to grow glacier. 
 	 Volume glacier correction: 
 	 Volume should be 	2.950319e+13 m^3
 	 Volume corrected to 	1.127545e+10 m^3
 	 The rest is carried over to next year 

 	 HydroSnow Warning: There is Snow remaining on August 31 
 	 Snowremains 	 = 5.579601e+10 (m^3) 
 	 in year: 2028 
HydroGlacial WARNING: year = 2028, ep =0 
 	 Insufficient precipitation to grow glacier. 
 	 Volume glacier correction: 
 	 Volume should be 	2.950319e+13 m^3
 	 Volume corrected to 	1.127545e+10 m^3
 	 The rest is carried over to next year 

 	 HydroSnow Warning: There is Snow remaining on August 31 
 	 Snowremains 	 = 5.579601e+10 (m^3) 
 	 in year: 2028 
HydroGlacial WARNING: year = 2028, ep =0 
 	 Insufficient precipitation to grow glacier. 
 	 Volume glacier correction: 
 	 Volume should be 	2.950319e+13 m^3
 	 Volume corrected to 	1.127545e+10 m^3
 	 The rest is carried over to next year 

 	 HydroSnow Warning: There is Snow remaining on August 31 
 	 Snowremains 	 = 5.579601e+10 (m^3) 
 	 in year: 2028 
HydroGlacial WARNING: year = 2028, ep =0 
 	 Insufficient precipitation to grow glacier. 
 	 Volume glacier correction: 
 	 Volume should be 	2.950319e+13 m^3
 	 Volume corrected to 	1.127545e+10 m^3
 	 The rest is carried over to next year 

 	 HydroSnow Warning: There is Snow remaining on August 31 
 	 Snowremains 	 = 5.579601e+10 (m^3) 
 	 in year: 2028 
HydroGlacial WARNING: year = 2028, ep =0 
 	 Insufficient precipitation to grow glacier. 
 	 Volume glacier correction: 
 	 Volume should be 	2.950319e+13 m^3
 	 Volume corrected to 	1.127545e+10 m^3
 	 The rest is carried over to next year 

 	 HydroSnow Warning: There is Snow remaining on August 31 
 	 Snowremains 	 = 5.579601e+10 (m^3) 
 	 in year: 2028 
HydroGlacial WARNING: year = 2028, ep =0 
 	 Insufficient precipitation to grow glacier. 
 	 Volume glacier correction: 
 	 Volume should be 	2.950319e+13 m^3
 	 Volume corrected to 	1.127545e+10 m^3
 	 The rest is carried over to next year 

 	 HydroSnow Warning: There is Snow remaining on August 31 
 	 Snowremains 	 = 5.579601e+10 (m^3) 
 	 in year: 2028 
HydroGlacial WARNING: year = 2028, ep =0 
 	 Insufficient precipitation to grow glacier. 
 	 Volume glacier correction: 
 	 Volume should be 	2.950319e+13 m^3
 	 Volume corrected to 	1.127545e+10 m^3
 	 The rest is carried over to next year 

 	 HydroSnow Warning: There is Snow remaining on August 31 
 	 Snowremains 	 = 5.579601e+10 (m^3) 
 	 in year: 2028 
HydroGlacial WARNING: year = 2028, ep =0 
 	 Insufficient precipitation to grow glacier. 
 	 Volume glacier correction: 
 	 Volume should be 	2.950319e+13 m^3
 	 Volume corrected to 	1.127545e+10 m^3
 	 The rest is carried over to next year 

 	 HydroSnow Warning: There is Snow remaining on August 31 
 	 Snowremains 	 = 5.579601e+10 (m^3) 
 	 in year: 2028 
HydroGlacial WARNING: year = 2028, ep =0 
 	 Insufficient precipitation to grow glacier. 
 	 Volume glacier correction: 
 	 Volume should be 	2.950319e+13 m^3
 	 Volume corrected to 	1.127545e+10 m^3
 	 The rest is carried over to next year 

 	 HydroSnow Warning: There is Snow remaining on August 31 
 	 Snowremains 	 = 5.579601e+10 (m^3) 
 	 in year: 2028 
   FLOOD WARNING: the maximum predicted flood size has been exceeded. 
      Epoch 1, year 2028 
      Maximum predicted flood 56740.8 (m^3/s) 
      Modeled flood peak 70708.3 (m^3/s) 
HydroGlacial WARNING: year = 2029, ep =0 
 	 Insufficient precipitation to grow glacier. 
 	 Volume glacier correction: 
 	 Volume should be 	2.950319e+13 m^3
 	 Volume corrected to 	1.950375e+10 m^3
 	 The rest is carried over to next year 

 	 HydroSnow Warning: There is Snow remaining on August 31 
 	 Snowremains 	 = 4.944381e+10 (m^3) 
 	 in year: 2029 
HydroGlacial WARNING: year = 2030, ep =0 
 	 Insufficient precipitation to grow glacier. 
 	 Volume glacier correction: 
 	 Volume should be 	2.950319e+13 m^3
 	 Volume corrected to 	3.349982e+10 m^3
 	 The rest is carried over to next year 

 	 HydroSnow Warning: There is Snow remaining on August 31 
 	 Snowremains 	 = 6.990376e+10 (m^3) 
 	 in year: 2030 
HydroGlacial WARNING: year = 2030, ep =0 
 	 Insufficient precipitation to grow glacier. 
 	 Volume glacier correction: 
 	 Volume should be 	2.950319e+13 m^3
 	 Volume corrected to 	1.399607e+10 m^3
 	 The rest is carried over to next year 

 	 HydroSnow Warning: There is Snow remaining on August 31 
 	 Snowremains 	 = 6.990376e+10 (m^3) 
 	 in year: 2030 
HydroGlacial WARNING: year = 2030, ep =0 
 	 Insufficient precipitation to grow glacier. 
 	 Volume glacier correction: 
 	 Volume should be 	2.950319e+13 m^3
 	 Volume corrected to 	1.399607e+10 m^3
 	 The rest is carried over to next year 

 	 HydroSnow Warning: There is Snow remaining on August 31 
 	 Snowremains 	 = 6.990376e+10 (m^3) 
 	 in year: 2030 
HydroGlacial WARNING: year = 2030, ep =0 
 	 Insufficient precipitation to grow glacier. 
 	 Volume glacier correction: 
 	 Volume should be 	2.950319e+13 m^3
 	 Volume corrected to 	1.399607e+10 m^3
 	 The rest is carried over to next year 

 	 HydroSnow Warning: There is Snow remaining on August 31 
 	 Snowremains 	 = 6.990376e+10 (m^3) 
 	 in year: 2030 
HydroGlacial WARNING: year = 2030, ep =0 
 	 Insufficient precipitation to grow glacier. 
 	 Volume glacier correction: 
 	 Volume should be 	2.950319e+13 m^3
 	 Volume corrected to 	1.399607e+10 m^3
 	 The rest is carried over to next year 

 	 HydroSnow Warning: There is Snow remaining on August 31 
 	 Snowremains 	 = 6.990376e+10 (m^3) 
 	 in year: 2030 
HydroGlacial WARNING: year = 2030, ep =0 
 	 Insufficient precipitation to grow glacier. 
 	 Volume glacier correction: 
 	 Volume should be 	2.950319e+13 m^3
 	 Volume corrected to 	1.399607e+10 m^3
 	 The rest is carried over to next year 

 	 HydroSnow Warning: There is Snow remaining on August 31 
 	 Snowremains 	 = 6.990376e+10 (m^3) 
 	 in year: 2030 
HydroGlacial WARNING: year = 2030, ep =0 
 	 Insufficient precipitation to grow glacier. 
 	 Volume glacier correction: 
 	 Volume should be 	2.950319e+13 m^3
 	 Volume corrected to 	1.399607e+10 m^3
 	 The rest is carried over to next year 

 	 HydroSnow Warning: There is Snow remaining on August 31 
 	 Snowremains 	 = 6.990376e+10 (m^3) 
 	 in year: 2030 
HydroGlacial WARNING: year = 2030, ep =0 
 	 Insufficient precipitation to grow glacier. 
 	 Volume glacier correction: 
 	 Volume should be 	2.950319e+13 m^3
 	 Volume corrected to 	1.399607e+10 m^3
 	 The rest is carried over to next year 

 	 HydroSnow Warning: There is Snow remaining on August 31 
 	 Snowremains 	 = 6.990376e+10 (m^3) 
 	 in year: 2030 
HydroGlacial WARNING: year = 2030, ep =0 
 	 Insufficient precipitation to grow glacier. 
 	 Volume glacier correction: 
 	 Volume should be 	2.950319e+13 m^3
 	 Volume corrected to 	1.399607e+10 m^3
 	 The rest is carried over to next year 

 	 HydroSnow Warning: There is Snow remaining on August 31 
 	 Snowremains 	 = 6.990376e+10 (m^3) 
 	 in year: 2030 
HydroGlacial WARNING: year = 2030, ep =0 
 	 Insufficient precipitation to grow glacier. 
 	 Volume glacier correction: 
 	 Volume should be 	2.950319e+13 m^3
 	 Volume corrected to 	1.399607e+10 m^3
 	 The rest is carried over to next year 

 	 HydroSnow Warning: There is Snow remaining on August 31 
 	 Snowremains 	 = 6.990376e+10 (m^3) 
 	 in year: 2030 
   FLOOD WARNING: the maximum predicted flood size has been exceeded. 
      Epoch 1, year 2030 
      Maximum predicted flood 56740.8 (m^3/s) 
      Modeled flood peak 83174.8 (m^3/s) 
HydroGlacial WARNING: year = 2031, ep =0 
 	 Insufficient precipitation to grow glacier. 
 	 Volume glacier correction: 
 	 Volume should be 	2.950319e+13 m^3
 	 Volume corrected to 	2.657192e+10 m^3
 	 The rest is carried over to next year 

 	 HydroSnow Warning: There is Snow remaining on August 31 
 	 Snowremains 	 = 8.213555e+10 (m^3) 
 	 in year: 2031 
HydroGlacial WARNING: year = 2031, ep =0 
 	 Insufficient precipitation to grow glacier. 
 	 Volume glacier correction: 
 	 Volume should be 	2.950319e+13 m^3
 	 Volume corrected to 	1.257585e+10 m^3
 	 The rest is carried over to next year 

 	 HydroSnow Warning: There is Snow remaining on August 31 
 	 Snowremains 	 = 8.213555e+10 (m^3) 
 	 in year: 2031 
HydroGlacial WARNING: year = 2031, ep =0 
 	 Insufficient precipitation to grow glacier. 
 	 Volume glacier correction: 
 	 Volume should be 	2.950319e+13 m^3
 	 Volume corrected to 	1.257585e+10 m^3
 	 The rest is carried over to next year 

 	 HydroSnow Warning: There is Snow remaining on August 31 
 	 Snowremains 	 = 8.213555e+10 (m^3) 
 	 in year: 2031 
HydroGlacial WARNING: year = 2031, ep =0 
 	 Insufficient precipitation to grow glacier. 
 	 Volume glacier correction: 
 	 Volume should be 	2.950319e+13 m^3
 	 Volume corrected to 	1.257585e+10 m^3
 	 The rest is carried over to next year 

 	 HydroSnow Warning: There is Snow remaining on August 31 
 	 Snowremains 	 = 8.213555e+10 (m^3) 
 	 in year: 2031 
HydroGlacial WARNING: year = 2031, ep =0 
 	 Insufficient precipitation to grow glacier. 
 	 Volume glacier correction: 
 	 Volume should be 	2.950319e+13 m^3
 	 Volume corrected to 	1.257585e+10 m^3
 	 The rest is carried over to next year 

 	 HydroSnow Warning: There is Snow remaining on August 31 
 	 Snowremains 	 = 8.213555e+10 (m^3) 
 	 in year: 2031 
HydroGlacial WARNING: year = 2031, ep =0 
 	 Insufficient precipitation to grow glacier. 
 	 Volume glacier correction: 
 	 Volume should be 	2.950319e+13 m^3
 	 Volume corrected to 	1.257585e+10 m^3
 	 The rest is carried over to next year 

 	 HydroSnow Warning: There is Snow remaining on August 31 
 	 Snowremains 	 = 8.213555e+10 (m^3) 
 	 in year: 2031 
HydroGlacial WARNING: year = 2031, ep =0 
 	 Insufficient precipitation to grow glacier. 
 	 Volume glacier correction: 
 	 Volume should be 	2.950319e+13 m^3
 	 Volume corrected to 	1.257585e+10 m^3
 	 The rest is carried over to next year 

 	 HydroSnow Warning: There is Snow remaining on August 31 
 	 Snowremains 	 = 8.213555e+10 (m^3) 
 	 in year: 2031 
HydroGlacial WARNING: year = 2031, ep =0 
 	 Insufficient precipitation to grow glacier. 
 	 Volume glacier correction: 
 	 Volume should be 	2.950319e+13 m^3
 	 Volume corrected to 	1.257585e+10 m^3
 	 The rest is carried over to next year 

 	 HydroSnow Warning: There is Snow remaining on August 31 
 	 Snowremains 	 = 8.213555e+10 (m^3) 
 	 in year: 2031 
HydroGlacial WARNING: year = 2031, ep =0 
 	 Insufficient precipitation to grow glacier. 
 	 Volume glacier correction: 
 	 Volume should be 	2.950319e+13 m^3
 	 Volume corrected to 	1.257585e+10 m^3
 	 The rest is carried over to next year 

 	 HydroSnow Warning: There is Snow remaining on August 31 
 	 Snowremains 	 = 8.213555e+10 (m^3) 
 	 in year: 2031 
HydroGlacial WARNING: year = 2031, ep =0 
 	 Insufficient precipitation to grow glacier. 
 	 Volume glacier correction: 
 	 Volume should be 	2.950319e+13 m^3
 	 Volume corrected to 	1.257585e+10 m^3
 	 The rest is carried over to next year 

 	 HydroSnow Warning: There is Snow remaining on August 31 
 	 Snowremains 	 = 8.213555e+10 (m^3) 
 	 in year: 2031 
   FLOOD WARNING: the maximum predicted flood size has been exceeded. 
      Epoch 1, year 2031 
      Maximum predicted flood 56740.8 (m^3/s) 
      Modeled flood peak 84979.1 (m^3/s) 
HydroGlacial WARNING: year = 2032, ep =0 
 	 Insufficient precipitation to grow glacier. 
 	 Volume glacier correction: 
 	 Volume should be 	2.950319e+13 m^3
 	 Volume corrected to 	2.362021e+10 m^3
 	 The rest is carried over to next year 

 	 HydroSnow Warning: There is Snow remaining on August 31 
 	 Snowremains 	 = 8.121360e+10 (m^3) 
 	 in year: 2032 
HydroGlacial WARNING: year = 2032, ep =0 
 	 Insufficient precipitation to grow glacier. 
 	 Volume glacier correction: 
 	 Volume should be 	2.950319e+13 m^3
 	 Volume corrected to 	1.104436e+10 m^3
 	 The rest is carried over to next year 

 	 HydroSnow Warning: There is Snow remaining on August 31 
 	 Snowremains 	 = 8.121360e+10 (m^3) 
 	 in year: 2032 
HydroGlacial WARNING: year = 2032, ep =0 
 	 Insufficient precipitation to grow glacier. 
 	 Volume glacier correction: 
 	 Volume should be 	2.950319e+13 m^3
 	 Volume corrected to 	1.104436e+10 m^3
 	 The rest is carried over to next year 

 	 HydroSnow Warning: There is Snow remaining on August 31 
 	 Snowremains 	 = 8.121360e+10 (m^3) 
 	 in year: 2032 
HydroGlacial WARNING: year = 2032, ep =0 
 	 Insufficient precipitation to grow glacier. 
 	 Volume glacier correction: 
 	 Volume should be 	2.950319e+13 m^3
 	 Volume corrected to 	1.104436e+10 m^3
 	 The rest is carried over to next year 

 	 HydroSnow Warning: There is Snow remaining on August 31 
 	 Snowremains 	 = 8.121360e+10 (m^3) 
 	 in year: 2032 
HydroGlacial WARNING: year = 2032, ep =0 
 	 Insufficient precipitation to grow glacier. 
 	 Volume glacier correction: 
 	 Volume should be 	2.950319e+13 m^3
 	 Volume corrected to 	1.104436e+10 m^3
 	 The rest is carried over to next year 

 	 HydroSnow Warning: There is Snow remaining on August 31 
 	 Snowremains 	 = 8.121360e+10 (m^3) 
 	 in year: 2032 
HydroGlacial WARNING: year = 2032, ep =0 
 	 Insufficient precipitation to grow glacier. 
 	 Volume glacier correction: 
 	 Volume should be 	2.950319e+13 m^3
 	 Volume corrected to 	1.104436e+10 m^3
 	 The rest is carried over to next year 

 	 HydroSnow Warning: There is Snow remaining on August 31 
 	 Snowremains 	 = 8.121360e+10 (m^3) 
 	 in year: 2032 
HydroGlacial WARNING: year = 2032, ep =0 
 	 Insufficient precipitation to grow glacier. 
 	 Volume glacier correction: 
 	 Volume should be 	2.950319e+13 m^3
 	 Volume corrected to 	1.104436e+10 m^3
 	 The rest is carried over to next year 

 	 HydroSnow Warning: There is Snow remaining on August 31 
 	 Snowremains 	 = 8.121360e+10 (m^3) 
 	 in year: 2032 
HydroGlacial WARNING: year = 2032, ep =0 
 	 Insufficient precipitation to grow glacier. 
 	 Volume glacier correction: 
 	 Volume should be 	2.950319e+13 m^3
 	 Volume corrected to 	1.104436e+10 m^3
 	 The rest is carried over to next year 

 	 HydroSnow Warning: There is Snow remaining on August 31 
 	 Snowremains 	 = 8.121360e+10 (m^3) 
 	 in year: 2032 
HydroGlacial WARNING: year = 2032, ep =0 
 	 Insufficient precipitation to grow glacier. 
 	 Volume glacier correction: 
 	 Volume should be 	2.950319e+13 m^3
 	 Volume corrected to 	1.104436e+10 m^3
 	 The rest is carried over to next year 

 	 HydroSnow Warning: There is Snow remaining on August 31 
 	 Snowremains 	 = 8.121360e+10 (m^3) 
 	 in year: 2032 
HydroGlacial WARNING: year = 2032, ep =0 
 	 Insufficient precipitation to grow glacier. 
 	 Volume glacier correction: 
 	 Volume should be 	2.950319e+13 m^3
 	 Volume corrected to 	1.104436e+10 m^3
 	 The rest is carried over to next year 

 	 HydroSnow Warning: There is Snow remaining on August 31 
 	 Snowremains 	 = 8.121360e+10 (m^3) 
 	 in year: 2032 
   FLOOD WARNING: the maximum predicted flood size has been exceeded. 
      Epoch 1, year 2032 
      Maximum predicted flood 56740.8 (m^3/s) 
      Modeled flood peak 64064.9 (m^3/s) 
HydroGlacial WARNING: year = 2033, ep =0 
 	 Insufficient precipitation to grow glacier. 
 	 Volume glacier correction: 
 	 Volume should be 	2.950319e+13 m^3
 	 Volume corrected to 	2.399363e+10 m^3
 	 The rest is carried over to next year 

 	 HydroSnow Warning: There is Snow remaining on August 31 
 	 Snowremains 	 = 1.118070e+11 (m^3) 
 	 in year: 2033 
HydroGlacial WARNING: year = 2033, ep =0 
 	 Insufficient precipitation to grow glacier. 
 	 Volume glacier correction: 
 	 Volume should be 	2.950319e+13 m^3
 	 Volume corrected to 	1.294928e+10 m^3
 	 The rest is carried over to next year 

 	 HydroSnow Warning: There is Snow remaining on August 31 
 	 Snowremains 	 = 1.118070e+11 (m^3) 
 	 in year: 2033 
HydroGlacial WARNING: year = 2033, ep =0 
 	 Insufficient precipitation to grow glacier. 
 	 Volume glacier correction: 
 	 Volume should be 	2.950319e+13 m^3
 	 Volume corrected to 	1.294928e+10 m^3
 	 The rest is carried over to next year 

 	 HydroSnow Warning: There is Snow remaining on August 31 
 	 Snowremains 	 = 1.118070e+11 (m^3) 
 	 in year: 2033 
HydroGlacial WARNING: year = 2033, ep =0 
 	 Insufficient precipitation to grow glacier. 
 	 Volume glacier correction: 
 	 Volume should be 	2.950319e+13 m^3
 	 Volume corrected to 	1.294928e+10 m^3
 	 The rest is carried over to next year 

 	 HydroSnow Warning: There is Snow remaining on August 31 
 	 Snowremains 	 = 1.118070e+11 (m^3) 
 	 in year: 2033 
HydroGlacial WARNING: year = 2033, ep =0 
 	 Insufficient precipitation to grow glacier. 
 	 Volume glacier correction: 
 	 Volume should be 	2.950319e+13 m^3
 	 Volume corrected to 	1.294928e+10 m^3
 	 The rest is carried over to next year 

 	 HydroSnow Warning: There is Snow remaining on August 31 
 	 Snowremains 	 = 1.118070e+11 (m^3) 
 	 in year: 2033 
HydroGlacial WARNING: year = 2033, ep =0 
 	 Insufficient precipitation to grow glacier. 
 	 Volume glacier correction: 
 	 Volume should be 	2.950319e+13 m^3
 	 Volume corrected to 	1.294928e+10 m^3
 	 The rest is carried over to next year 

 	 HydroSnow Warning: There is Snow remaining on August 31 
 	 Snowremains 	 = 1.118070e+11 (m^3) 
 	 in year: 2033 
HydroGlacial WARNING: year = 2033, ep =0 
 	 Insufficient precipitation to grow glacier. 
 	 Volume glacier correction: 
 	 Volume should be 	2.950319e+13 m^3
 	 Volume corrected to 	1.294928e+10 m^3
 	 The rest is carried over to next year 

 	 HydroSnow Warning: There is Snow remaining on August 31 
 	 Snowremains 	 = 1.118070e+11 (m^3) 
 	 in year: 2033 
HydroGlacial WARNING: year = 2033, ep =0 
 	 Insufficient precipitation to grow glacier. 
 	 Volume glacier correction: 
 	 Volume should be 	2.950319e+13 m^3
 	 Volume corrected to 	1.294928e+10 m^3
 	 The rest is carried over to next year 

 	 HydroSnow Warning: There is Snow remaining on August 31 
 	 Snowremains 	 = 1.118070e+11 (m^3) 
 	 in year: 2033 
HydroGlacial WARNING: year = 2033, ep =0 
 	 Insufficient precipitation to grow glacier. 
 	 Volume glacier correction: 
 	 Volume should be 	2.950319e+13 m^3
 	 Volume corrected to 	1.294928e+10 m^3
 	 The rest is carried over to next year 

 	 HydroSnow Warning: There is Snow remaining on August 31 
 	 Snowremains 	 = 1.118070e+11 (m^3) 
 	 in year: 2033 
HydroGlacial WARNING: year = 2033, ep =0 
 	 Insufficient precipitation to grow glacier. 
 	 Volume glacier correction: 
 	 Volume should be 	2.950319e+13 m^3
 	 Volume corrected to 	1.294928e+10 m^3
 	 The rest is carried over to next year 

 	 HydroSnow Warning: There is Snow remaining on August 31 
 	 Snowremains 	 = 1.118070e+11 (m^3) 
 	 in year: 2033 
   FLOOD WARNING: the maximum predicted flood size has been exceeded. 
      Epoch 1, year 2033 
      Maximum predicted flood 56740.8 (m^3/s) 
      Modeled flood peak 66706.2 (m^3/s) 
HydroGlacial WARNING: year = 2034, ep =0 
 	 Insufficient precipitation to grow glacier. 
 	 Volume glacier correction: 
 	 Volume should be 	2.950319e+13 m^3
 	 Volume corrected to 	2.993983e+10 m^3
 	 The rest is carried over to next year 

 	 HydroSnow Warning: There is Snow remaining on August 31 
 	 Snowremains 	 = 1.395131e+11 (m^3) 
 	 in year: 2034 
HydroGlacial WARNING: year = 2034, ep =0 
 	 Insufficient precipitation to grow glacier. 
 	 Volume glacier correction: 
 	 Volume should be 	2.950319e+13 m^3
 	 Volume corrected to 	1.699055e+10 m^3
 	 The rest is carried over to next year 

 	 HydroSnow Warning: There is Snow remaining on August 31 
 	 Snowremains 	 = 1.395131e+11 (m^3) 
 	 in year: 2034 
HydroGlacial WARNING: year = 2034, ep =0 
 	 Insufficient precipitation to grow glacier. 
 	 Volume glacier correction: 
 	 Volume should be 	2.950319e+13 m^3
 	 Volume corrected to 	1.699055e+10 m^3
 	 The rest is carried over to next year 

 	 HydroSnow Warning: There is Snow remaining on August 31 
 	 Snowremains 	 = 1.395131e+11 (m^3) 
 	 in year: 2034 
HydroGlacial WARNING: year = 2034, ep =0 
 	 Insufficient precipitation to grow glacier. 
 	 Volume glacier correction: 
 	 Volume should be 	2.950319e+13 m^3
 	 Volume corrected to 	1.699055e+10 m^3
 	 The rest is carried over to next year 

 	 HydroSnow Warning: There is Snow remaining on August 31 
 	 Snowremains 	 = 1.395131e+11 (m^3) 
 	 in year: 2034 
HydroGlacial WARNING: year = 2034, ep =0 
 	 Insufficient precipitation to grow glacier. 
 	 Volume glacier correction: 
 	 Volume should be 	2.950319e+13 m^3
 	 Volume corrected to 	1.699055e+10 m^3
 	 The rest is carried over to next year 

 	 HydroSnow Warning: There is Snow remaining on August 31 
 	 Snowremains 	 = 1.395131e+11 (m^3) 
 	 in year: 2034 
HydroGlacial WARNING: year = 2034, ep =0 
 	 Insufficient precipitation to grow glacier. 
 	 Volume glacier correction: 
 	 Volume should be 	2.950319e+13 m^3
 	 Volume corrected to 	1.699055e+10 m^3
 	 The rest is carried over to next year 

 	 HydroSnow Warning: There is Snow remaining on August 31 
 	 Snowremains 	 = 1.395131e+11 (m^3) 
 	 in year: 2034 
HydroGlacial WARNING: year = 2034, ep =0 
 	 Insufficient precipitation to grow glacier. 
 	 Volume glacier correction: 
 	 Volume should be 	2.950319e+13 m^3
 	 Volume corrected to 	1.699055e+10 m^3
 	 The rest is carried over to next year 

 	 HydroSnow Warning: There is Snow remaining on August 31 
 	 Snowremains 	 = 1.395131e+11 (m^3) 
 	 in year: 2034 
HydroGlacial WARNING: year = 2034, ep =0 
 	 Insufficient precipitation to grow glacier. 
 	 Volume glacier correction: 
 	 Volume should be 	2.950319e+13 m^3
 	 Volume corrected to 	1.699055e+10 m^3
 	 The rest is carried over to next year 

 	 HydroSnow Warning: There is Snow remaining on August 31 
 	 Snowremains 	 = 1.395131e+11 (m^3) 
 	 in year: 2034 
HydroGlacial WARNING: year = 2034, ep =0 
 	 Insufficient precipitation to grow glacier. 
 	 Volume glacier correction: 
 	 Volume should be 	2.950319e+13 m^3
 	 Volume corrected to 	1.699055e+10 m^3
 	 The rest is carried over to next year 

 	 HydroSnow Warning: There is Snow remaining on August 31 
 	 Snowremains 	 = 1.395131e+11 (m^3) 
 	 in year: 2034 
HydroGlacial WARNING: year = 2034, ep =0 
 	 Insufficient precipitation to grow glacier. 
 	 Volume glacier correction: 
 	 Volume should be 	2.950319e+13 m^3
 	 Volume corrected to 	1.699055e+10 m^3
 	 The rest is carried over to next year 

 	 HydroSnow Warning: There is Snow remaining on August 31 
 	 Snowremains 	 = 1.395131e+11 (m^3) 
 	 in year: 2034 
   FLOOD WARNING: the maximum predicted flood size has been exceeded. 
      Epoch 1, year 2034 
      Maximum predicted flood 56740.8 (m^3/s) 
      Modeled flood peak 96333.8 (m^3/s) 
HydroGlacial WARNING: year = 2035, ep =0 
 	 Insufficient precipitation to grow glacier. 
 	 Volume glacier correction: 
 	 Volume should be 	2.950319e+13 m^3
 	 Volume corrected to 	2.793315e+10 m^3
 	 The rest is carried over to next year 

 	 HydroSnow Warning: There is Snow remaining on August 31 
 	 Snowremains 	 = 1.481288e+11 (m^3) 
 	 in year: 2035 
HydroGlacial WARNING: year = 2036, ep =0 
 	 Insufficient precipitation to grow glacier. 
 	 Volume glacier correction: 
 	 Volume should be 	2.950319e+13 m^3
 	 Volume corrected to 	3.918337e+10 m^3
 	 The rest is carried over to next year 

 	 HydroSnow Warning: There is Snow remaining on August 31 
 	 Snowremains 	 = 1.423753e+11 (m^3) 
 	 in year: 2036 
HydroGlacial WARNING: year = 2036, ep =0 
 	 Insufficient precipitation to grow glacier. 
 	 Volume glacier correction: 
 	 Volume should be 	2.950319e+13 m^3
 	 Volume corrected to 	1.125021e+10 m^3
 	 The rest is carried over to next year 

 	 HydroSnow Warning: There is Snow remaining on August 31 
 	 Snowremains 	 = 1.423753e+11 (m^3) 
 	 in year: 2036 
HydroGlacial WARNING: year = 2036, ep =0 
 	 Insufficient precipitation to grow glacier. 
 	 Volume glacier correction: 
 	 Volume should be 	2.950319e+13 m^3
 	 Volume corrected to 	1.125021e+10 m^3
 	 The rest is carried over to next year 

 	 HydroSnow Warning: There is Snow remaining on August 31 
 	 Snowremains 	 = 1.423753e+11 (m^3) 
 	 in year: 2036 
HydroGlacial WARNING: year = 2036, ep =0 
 	 Insufficient precipitation to grow glacier. 
 	 Volume glacier correction: 
 	 Volume should be 	2.950319e+13 m^3
 	 Volume corrected to 	1.125021e+10 m^3
 	 The rest is carried over to next year 

 	 HydroSnow Warning: There is Snow remaining on August 31 
 	 Snowremains 	 = 1.423753e+11 (m^3) 
 	 in year: 2036 
HydroGlacial WARNING: year = 2036, ep =0 
 	 Insufficient precipitation to grow glacier. 
 	 Volume glacier correction: 
 	 Volume should be 	2.950319e+13 m^3
 	 Volume corrected to 	1.125021e+10 m^3
 	 The rest is carried over to next year 

 	 HydroSnow Warning: There is Snow remaining on August 31 
 	 Snowremains 	 = 1.423753e+11 (m^3) 
 	 in year: 2036 
HydroGlacial WARNING: year = 2036, ep =0 
 	 Insufficient precipitation to grow glacier. 
 	 Volume glacier correction: 
 	 Volume should be 	2.950319e+13 m^3
 	 Volume corrected to 	1.125021e+10 m^3
 	 The rest is carried over to next year 

 	 HydroSnow Warning: There is Snow remaining on August 31 
 	 Snowremains 	 = 1.423753e+11 (m^3) 
 	 in year: 2036 
HydroGlacial WARNING: year = 2036, ep =0 
 	 Insufficient precipitation to grow glacier. 
 	 Volume glacier correction: 
 	 Volume should be 	2.950319e+13 m^3
 	 Volume corrected to 	1.125021e+10 m^3
 	 The rest is carried over to next year 

 	 HydroSnow Warning: There is Snow remaining on August 31 
 	 Snowremains 	 = 1.423753e+11 (m^3) 
 	 in year: 2036 
HydroGlacial WARNING: year = 2036, ep =0 
 	 Insufficient precipitation to grow glacier. 
 	 Volume glacier correction: 
 	 Volume should be 	2.950319e+13 m^3
 	 Volume corrected to 	1.125021e+10 m^3
 	 The rest is carried over to next year 

 	 HydroSnow Warning: There is Snow remaining on August 31 
 	 Snowremains 	 = 1.423753e+11 (m^3) 
 	 in year: 2036 
HydroGlacial WARNING: year = 2036, ep =0 
 	 Insufficient precipitation to grow glacier. 
 	 Volume glacier correction: 
 	 Volume should be 	2.950319e+13 m^3
 	 Volume corrected to 	1.125021e+10 m^3
 	 The rest is carried over to next year 

 	 HydroSnow Warning: There is Snow remaining on August 31 
 	 Snowremains 	 = 1.423753e+11 (m^3) 
 	 in year: 2036 
HydroGlacial WARNING: year = 2036, ep =0 
 	 Insufficient precipitation to grow glacier. 
 	 Volume glacier correction: 
 	 Volume should be 	2.950319e+13 m^3
 	 Volume corrected to 	1.125021e+10 m^3
 	 The rest is carried over to next year 

 	 HydroSnow Warning: There is Snow remaining on August 31 
 	 Snowremains 	 = 1.423753e+11 (m^3) 
 	 in year: 2036 
   FLOOD WARNING: the maximum predicted flood size has been exceeded. 
      Epoch 1, year 2036 
      Maximum predicted flood 56740.8 (m^3/s) 
      Modeled flood peak 91197.9 (m^3/s) 
HydroGlacial WARNING: year = 2037, ep =0 
 	 Insufficient precipitation to grow glacier. 
 	 Volume glacier correction: 
 	 Volume should be 	2.950319e+13 m^3
 	 Volume corrected to 	3.340804e+10 m^3
 	 The rest is carried over to next year 

 	 HydroSnow Warning: There is Snow remaining on August 31 
 	 Snowremains 	 = 2.091074e+11 (m^3) 
 	 in year: 2037 
HydroGlacial WARNING: year = 2037, ep =0 
 	 Insufficient precipitation to grow glacier. 
 	 Volume glacier correction: 
 	 Volume should be 	2.950319e+13 m^3
 	 Volume corrected to 	2.215782e+10 m^3
 	 The rest is carried over to next year 

 	 HydroSnow Warning: There is Snow remaining on August 31 
 	 Snowremains 	 = 2.091074e+11 (m^3) 
 	 in year: 2037 
HydroGlacial WARNING: year = 2037, ep =0 
 	 Insufficient precipitation to grow glacier. 
 	 Volume glacier correction: 
 	 Volume should be 	2.950319e+13 m^3
 	 Volume corrected to 	2.215782e+10 m^3
 	 The rest is carried over to next year 

 	 HydroSnow Warning: There is Snow remaining on August 31 
 	 Snowremains 	 = 2.091074e+11 (m^3) 
 	 in year: 2037 
HydroGlacial WARNING: year = 2037, ep =0 
 	 Insufficient precipitation to grow glacier. 
 	 Volume glacier correction: 
 	 Volume should be 	2.950319e+13 m^3
 	 Volume corrected to 	2.215782e+10 m^3
 	 The rest is carried over to next year 

 	 HydroSnow Warning: There is Snow remaining on August 31 
 	 Snowremains 	 = 2.091074e+11 (m^3) 
 	 in year: 2037 
HydroGlacial WARNING: year = 2037, ep =0 
 	 Insufficient precipitation to grow glacier. 
 	 Volume glacier correction: 
 	 Volume should be 	2.950319e+13 m^3
 	 Volume corrected to 	2.215782e+10 m^3
 	 The rest is carried over to next year 

 	 HydroSnow Warning: There is Snow remaining on August 31 
 	 Snowremains 	 = 2.091074e+11 (m^3) 
 	 in year: 2037 
HydroGlacial WARNING: year = 2037, ep =0 
 	 Insufficient precipitation to grow glacier. 
 	 Volume glacier correction: 
 	 Volume should be 	2.950319e+13 m^3
 	 Volume corrected to 	2.215782e+10 m^3
 	 The rest is carried over to next year 

 	 HydroSnow Warning: There is Snow remaining on August 31 
 	 Snowremains 	 = 2.091074e+11 (m^3) 
 	 in year: 2037 
HydroGlacial WARNING: year = 2037, ep =0 
 	 Insufficient precipitation to grow glacier. 
 	 Volume glacier correction: 
 	 Volume should be 	2.950319e+13 m^3
 	 Volume corrected to 	2.215782e+10 m^3
 	 The rest is carried over to next year 

 	 HydroSnow Warning: There is Snow remaining on August 31 
 	 Snowremains 	 = 2.091074e+11 (m^3) 
 	 in year: 2037 
HydroGlacial WARNING: year = 2037, ep =0 
 	 Insufficient precipitation to grow glacier. 
 	 Volume glacier correction: 
 	 Volume should be 	2.950319e+13 m^3
 	 Volume corrected to 	2.215782e+10 m^3
 	 The rest is carried over to next year 

 	 HydroSnow Warning: There is Snow remaining on August 31 
 	 Snowremains 	 = 2.091074e+11 (m^3) 
 	 in year: 2037 
HydroGlacial WARNING: year = 2037, ep =0 
 	 Insufficient precipitation to grow glacier. 
 	 Volume glacier correction: 
 	 Volume should be 	2.950319e+13 m^3
 	 Volume corrected to 	2.215782e+10 m^3
 	 The rest is carried over to next year 

 	 HydroSnow Warning: There is Snow remaining on August 31 
 	 Snowremains 	 = 2.091074e+11 (m^3) 
 	 in year: 2037 
HydroGlacial WARNING: year = 2037, ep =0 
 	 Insufficient precipitation to grow glacier. 
 	 Volume glacier correction: 
 	 Volume should be 	2.950319e+13 m^3
 	 Volume corrected to 	2.215782e+10 m^3
 	 The rest is carried over to next year 

 	 HydroSnow Warning: There is Snow remaining on August 31 
 	 Snowremains 	 = 2.091074e+11 (m^3) 
 	 in year: 2037 
   FLOOD WARNING: the maximum predicted flood size has been exceeded. 
      Epoch 1, year 2037 
      Maximum predicted flood 56740.8 (m^3/s) 
      Modeled flood peak 156105 (m^3/s) 
HydroGlacial WARNING: year = 2038, ep =0 
 	 Insufficient precipitation to grow glacier. 
 	 Volume glacier correction: 
 	 Volume should be 	2.950319e+13 m^3
 	 Volume corrected to 	3.416984e+10 m^3
 	 The rest is carried over to next year 

 	 HydroSnow Warning: There is Snow remaining on August 31 
 	 Snowremains 	 = 2.107251e+11 (m^3) 
 	 in year: 2038 
HydroGlacial WARNING: year = 2038, ep =0 
 	 Insufficient precipitation to grow glacier. 
 	 Volume glacier correction: 
 	 Volume should be 	2.950319e+13 m^3
 	 Volume corrected to 	1.201202e+10 m^3
 	 The rest is carried over to next year 

 	 HydroSnow Warning: There is Snow remaining on August 31 
 	 Snowremains 	 = 2.107251e+11 (m^3) 
 	 in year: 2038 
HydroGlacial WARNING: year = 2038, ep =0 
 	 Insufficient precipitation to grow glacier. 
 	 Volume glacier correction: 
 	 Volume should be 	2.950319e+13 m^3
 	 Volume corrected to 	1.201202e+10 m^3
 	 The rest is carried over to next year 

 	 HydroSnow Warning: There is Snow remaining on August 31 
 	 Snowremains 	 = 2.107251e+11 (m^3) 
 	 in year: 2038 
HydroGlacial WARNING: year = 2038, ep =0 
 	 Insufficient precipitation to grow glacier. 
 	 Volume glacier correction: 
 	 Volume should be 	2.950319e+13 m^3
 	 Volume corrected to 	1.201202e+10 m^3
 	 The rest is carried over to next year 

 	 HydroSnow Warning: There is Snow remaining on August 31 
 	 Snowremains 	 = 2.107251e+11 (m^3) 
 	 in year: 2038 
HydroGlacial WARNING: year = 2038, ep =0 
 	 Insufficient precipitation to grow glacier. 
 	 Volume glacier correction: 
 	 Volume should be 	2.950319e+13 m^3
 	 Volume corrected to 	1.201202e+10 m^3
 	 The rest is carried over to next year 

 	 HydroSnow Warning: There is Snow remaining on August 31 
 	 Snowremains 	 = 2.107251e+11 (m^3) 
 	 in year: 2038 
HydroGlacial WARNING: year = 2038, ep =0 
 	 Insufficient precipitation to grow glacier. 
 	 Volume glacier correction: 
 	 Volume should be 	2.950319e+13 m^3
 	 Volume corrected to 	1.201202e+10 m^3
 	 The rest is carried over to next year 

 	 HydroSnow Warning: There is Snow remaining on August 31 
 	 Snowremains 	 = 2.107251e+11 (m^3) 
 	 in year: 2038 
HydroGlacial WARNING: year = 2038, ep =0 
 	 Insufficient precipitation to grow glacier. 
 	 Volume glacier correction: 
 	 Volume should be 	2.950319e+13 m^3
 	 Volume corrected to 	1.201202e+10 m^3
 	 The rest is carried over to next year 

 	 HydroSnow Warning: There is Snow remaining on August 31 
 	 Snowremains 	 = 2.107251e+11 (m^3) 
 	 in year: 2038 
HydroGlacial WARNING: year = 2038, ep =0 
 	 Insufficient precipitation to grow glacier. 
 	 Volume glacier correction: 
 	 Volume should be 	2.950319e+13 m^3
 	 Volume corrected to 	1.201202e+10 m^3
 	 The rest is carried over to next year 

 	 HydroSnow Warning: There is Snow remaining on August 31 
 	 Snowremains 	 = 2.107251e+11 (m^3) 
 	 in year: 2038 
HydroGlacial WARNING: year = 2038, ep =0 
 	 Insufficient precipitation to grow glacier. 
 	 Volume glacier correction: 
 	 Volume should be 	2.950319e+13 m^3
 	 Volume corrected to 	1.201202e+10 m^3
 	 The rest is carried over to next year 

 	 HydroSnow Warning: There is Snow remaining on August 31 
 	 Snowremains 	 = 2.107251e+11 (m^3) 
 	 in year: 2038 
HydroGlacial WARNING: year = 2038, ep =0 
 	 Insufficient precipitation to grow glacier. 
 	 Volume glacier correction: 
 	 Volume should be 	2.950319e+13 m^3
 	 Volume corrected to 	1.201202e+10 m^3
 	 The rest is carried over to next year 

 	 HydroSnow Warning: There is Snow remaining on August 31 
 	 Snowremains 	 = 2.107251e+11 (m^3) 
 	 in year: 2038 
   FLOOD WARNING: the maximum predicted flood size has been exceeded. 
      Epoch 1, year 2038 
      Maximum predicted flood 56740.8 (m^3/s) 
      Modeled flood peak 75032.4 (m^3/s) 
HydroGlacial WARNING: year = 2039, ep =0 
 	 Insufficient precipitation to grow glacier. 
 	 Volume glacier correction: 
 	 Volume should be 	2.950319e+13 m^3
 	 Volume corrected to 	2.669250e+10 m^3
 	 The rest is carried over to next year 

 	 HydroSnow Warning: There is Snow remaining on August 31 
 	 Snowremains 	 = 2.229013e+11 (m^3) 
 	 in year: 2039 
HydroGlacial WARNING: year = 2039, ep =0 
 	 Insufficient precipitation to grow glacier. 
 	 Volume glacier correction: 
 	 Volume should be 	2.950319e+13 m^3
 	 Volume corrected to 	1.468048e+10 m^3
 	 The rest is carried over to next year 

 	 HydroSnow Warning: There is Snow remaining on August 31 
 	 Snowremains 	 = 2.229013e+11 (m^3) 
 	 in year: 2039 
HydroGlacial WARNING: year = 2039, ep =0 
 	 Insufficient precipitation to grow glacier. 
 	 Volume glacier correction: 
 	 Volume should be 	2.950319e+13 m^3
 	 Volume corrected to 	1.468048e+10 m^3
 	 The rest is carried over to next year 

 	 HydroSnow Warning: There is Snow remaining on August 31 
 	 Snowremains 	 = 2.229013e+11 (m^3) 
 	 in year: 2039 
HydroGlacial WARNING: year = 2039, ep =0 
 	 Insufficient precipitation to grow glacier. 
 	 Volume glacier correction: 
 	 Volume should be 	2.950319e+13 m^3
 	 Volume corrected to 	1.468048e+10 m^3
 	 The rest is carried over to next year 

 	 HydroSnow Warning: There is Snow remaining on August 31 
 	 Snowremains 	 = 2.229013e+11 (m^3) 
 	 in year: 2039 
HydroGlacial WARNING: year = 2039, ep =0 
 	 Insufficient precipitation to grow glacier. 
 	 Volume glacier correction: 
 	 Volume should be 	2.950319e+13 m^3
 	 Volume corrected to 	1.468048e+10 m^3
 	 The rest is carried over to next year 

 	 HydroSnow Warning: There is Snow remaining on August 31 
 	 Snowremains 	 = 2.229013e+11 (m^3) 
 	 in year: 2039 
HydroGlacial WARNING: year = 2039, ep =0 
 	 Insufficient precipitation to grow glacier. 
 	 Volume glacier correction: 
 	 Volume should be 	2.950319e+13 m^3
 	 Volume corrected to 	1.468048e+10 m^3
 	 The rest is carried over to next year 

 	 HydroSnow Warning: There is Snow remaining on August 31 
 	 Snowremains 	 = 2.229013e+11 (m^3) 
 	 in year: 2039 
HydroGlacial WARNING: year = 2039, ep =0 
 	 Insufficient precipitation to grow glacier. 
 	 Volume glacier correction: 
 	 Volume should be 	2.950319e+13 m^3
 	 Volume corrected to 	1.468048e+10 m^3
 	 The rest is carried over to next year 

 	 HydroSnow Warning: There is Snow remaining on August 31 
 	 Snowremains 	 = 2.229013e+11 (m^3) 
 	 in year: 2039 
HydroGlacial WARNING: year = 2039, ep =0 
 	 Insufficient precipitation to grow glacier. 
 	 Volume glacier correction: 
 	 Volume should be 	2.950319e+13 m^3
 	 Volume corrected to 	1.468048e+10 m^3
 	 The rest is carried over to next year 

 	 HydroSnow Warning: There is Snow remaining on August 31 
 	 Snowremains 	 = 2.229013e+11 (m^3) 
 	 in year: 2039 
HydroGlacial WARNING: year = 2039, ep =0 
 	 Insufficient precipitation to grow glacier. 
 	 Volume glacier correction: 
 	 Volume should be 	2.950319e+13 m^3
 	 Volume corrected to 	1.468048e+10 m^3
 	 The rest is carried over to next year 

 	 HydroSnow Warning: There is Snow remaining on August 31 
 	 Snowremains 	 = 2.229013e+11 (m^3) 
 	 in year: 2039 
HydroGlacial WARNING: year = 2039, ep =0 
 	 Insufficient precipitation to grow glacier. 
 	 Volume glacier correction: 
 	 Volume should be 	2.950319e+13 m^3
 	 Volume corrected to 	1.468048e+10 m^3
 	 The rest is carried over to next year 

 	 HydroSnow Warning: There is Snow remaining on August 31 
 	 Snowremains 	 = 2.229013e+11 (m^3) 
 	 in year: 2039 
   FLOOD WARNING: the maximum predicted flood size has been exceeded. 
      Epoch 1, year 2039 
      Maximum predicted flood 56740.8 (m^3/s) 
      Modeled flood peak 117823 (m^3/s) 
HydroGlacial WARNING: year = 2040, ep =0 
 	 Insufficient precipitation to grow glacier. 
 	 Volume glacier correction: 
 	 Volume should be 	2.950319e+13 m^3
 	 Volume corrected to 	2.691849e+10 m^3
 	 The rest is carried over to next year 

 	 HydroSnow Warning: There is Snow remaining on August 31 
 	 Snowremains 	 = 2.354477e+11 (m^3) 
 	 in year: 2040 
HydroGlacial WARNING: year = 2040, ep =0 
 	 Insufficient precipitation to grow glacier. 
 	 Volume glacier correction: 
 	 Volume should be 	2.950319e+13 m^3
 	 Volume corrected to 	1.223801e+10 m^3
 	 The rest is carried over to next year 

 	 HydroSnow Warning: There is Snow remaining on August 31 
 	 Snowremains 	 = 2.354477e+11 (m^3) 
 	 in year: 2040 
HydroGlacial WARNING: year = 2040, ep =0 
 	 Insufficient precipitation to grow glacier. 
 	 Volume glacier correction: 
 	 Volume should be 	2.950319e+13 m^3
 	 Volume corrected to 	1.223801e+10 m^3
 	 The rest is carried over to next year 

 	 HydroSnow Warning: There is Snow remaining on August 31 
 	 Snowremains 	 = 2.354477e+11 (m^3) 
 	 in year: 2040 
HydroGlacial WARNING: year = 2040, ep =0 
 	 Insufficient precipitation to grow glacier. 
 	 Volume glacier correction: 
 	 Volume should be 	2.950319e+13 m^3
 	 Volume corrected to 	1.223801e+10 m^3
 	 The rest is carried over to next year 

 	 HydroSnow Warning: There is Snow remaining on August 31 
 	 Snowremains 	 = 2.354477e+11 (m^3) 
 	 in year: 2040 
HydroGlacial WARNING: year = 2040, ep =0 
 	 Insufficient precipitation to grow glacier. 
 	 Volume glacier correction: 
 	 Volume should be 	2.950319e+13 m^3
 	 Volume corrected to 	1.223801e+10 m^3
 	 The rest is carried over to next year 

 	 HydroSnow Warning: There is Snow remaining on August 31 
 	 Snowremains 	 = 2.354477e+11 (m^3) 
 	 in year: 2040 
HydroGlacial WARNING: year = 2040, ep =0 
 	 Insufficient precipitation to grow glacier. 
 	 Volume glacier correction: 
 	 Volume should be 	2.950319e+13 m^3
 	 Volume corrected to 	1.223801e+10 m^3
 	 The rest is carried over to next year 

 	 HydroSnow Warning: There is Snow remaining on August 31 
 	 Snowremains 	 = 2.354477e+11 (m^3) 
 	 in year: 2040 
HydroGlacial WARNING: year = 2040, ep =0 
 	 Insufficient precipitation to grow glacier. 
 	 Volume glacier correction: 
 	 Volume should be 	2.950319e+13 m^3
 	 Volume corrected to 	1.223801e+10 m^3
 	 The rest is carried over to next year 

 	 HydroSnow Warning: There is Snow remaining on August 31 
 	 Snowremains 	 = 2.354477e+11 (m^3) 
 	 in year: 2040 
HydroGlacial WARNING: year = 2040, ep =0 
 	 Insufficient precipitation to grow glacier. 
 	 Volume glacier correction: 
 	 Volume should be 	2.950319e+13 m^3
 	 Volume corrected to 	1.223801e+10 m^3
 	 The rest is carried over to next year 

 	 HydroSnow Warning: There is Snow remaining on August 31 
 	 Snowremains 	 = 2.354477e+11 (m^3) 
 	 in year: 2040 
HydroGlacial WARNING: year = 2040, ep =0 
 	 Insufficient precipitation to grow glacier. 
 	 Volume glacier correction: 
 	 Volume should be 	2.950319e+13 m^3
 	 Volume corrected to 	1.223801e+10 m^3
 	 The rest is carried over to next year 

 	 HydroSnow Warning: There is Snow remaining on August 31 
 	 Snowremains 	 = 2.354477e+11 (m^3) 
 	 in year: 2040 
HydroGlacial WARNING: year = 2040, ep =0 
 	 Insufficient precipitation to grow glacier. 
 	 Volume glacier correction: 
 	 Volume should be 	2.950319e+13 m^3
 	 Volume corrected to 	1.223801e+10 m^3
 	 The rest is carried over to next year 

 	 HydroSnow Warning: There is Snow remaining on August 31 
 	 Snowremains 	 = 2.354477e+11 (m^3) 
 	 in year: 2040 
   FLOOD WARNING: the maximum predicted flood size has been exceeded. 
      Epoch 1, year 2040 
      Maximum predicted flood 56740.8 (m^3/s) 
      Modeled flood peak 108880 (m^3/s) 
HydroGlacial WARNING: year = 2041, ep =0 
 	 Insufficient precipitation to grow glacier. 
 	 Volume glacier correction: 
 	 Volume should be 	2.950319e+13 m^3
 	 Volume corrected to 	2.213312e+10 m^3
 	 The rest is carried over to next year 

 	 HydroSnow Warning: There is Snow remaining on August 31 
 	 Snowremains 	 = 2.304199e+11 (m^3) 
 	 in year: 2041 
HydroGlacial WARNING: year = 2041, ep =0 
 	 Insufficient precipitation to grow glacier. 
 	 Volume glacier correction: 
 	 Volume should be 	2.950319e+13 m^3
 	 Volume corrected to 	9.895102e+09 m^3
 	 The rest is carried over to next year 

 	 HydroSnow Warning: There is Snow remaining on August 31 
 	 Snowremains 	 = 2.304199e+11 (m^3) 
 	 in year: 2041 
HydroGlacial WARNING: year = 2041, ep =0 
 	 Insufficient precipitation to grow glacier. 
 	 Volume glacier correction: 
 	 Volume should be 	2.950319e+13 m^3
 	 Volume corrected to 	9.895102e+09 m^3
 	 The rest is carried over to next year 

 	 HydroSnow Warning: There is Snow remaining on August 31 
 	 Snowremains 	 = 2.304199e+11 (m^3) 
 	 in year: 2041 
HydroGlacial WARNING: year = 2041, ep =0 
 	 Insufficient precipitation to grow glacier. 
 	 Volume glacier correction: 
 	 Volume should be 	2.950319e+13 m^3
 	 Volume corrected to 	9.895102e+09 m^3
 	 The rest is carried over to next year 

 	 HydroSnow Warning: There is Snow remaining on August 31 
 	 Snowremains 	 = 2.304199e+11 (m^3) 
 	 in year: 2041 
HydroGlacial WARNING: year = 2041, ep =0 
 	 Insufficient precipitation to grow glacier. 
 	 Volume glacier correction: 
 	 Volume should be 	2.950319e+13 m^3
 	 Volume corrected to 	9.895102e+09 m^3
 	 The rest is carried over to next year 

 	 HydroSnow Warning: There is Snow remaining on August 31 
 	 Snowremains 	 = 2.304199e+11 (m^3) 
 	 in year: 2041 
HydroGlacial WARNING: year = 2041, ep =0 
 	 Insufficient precipitation to grow glacier. 
 	 Volume glacier correction: 
 	 Volume should be 	2.950319e+13 m^3
 	 Volume corrected to 	9.895102e+09 m^3
 	 The rest is carried over to next year 

 	 HydroSnow Warning: There is Snow remaining on August 31 
 	 Snowremains 	 = 2.304199e+11 (m^3) 
 	 in year: 2041 
HydroGlacial WARNING: year = 2041, ep =0 
 	 Insufficient precipitation to grow glacier. 
 	 Volume glacier correction: 
 	 Volume should be 	2.950319e+13 m^3
 	 Volume corrected to 	9.895102e+09 m^3
 	 The rest is carried over to next year 

 	 HydroSnow Warning: There is Snow remaining on August 31 
 	 Snowremains 	 = 2.304199e+11 (m^3) 
 	 in year: 2041 
HydroGlacial WARNING: year = 2041, ep =0 
 	 Insufficient precipitation to grow glacier. 
 	 Volume glacier correction: 
 	 Volume should be 	2.950319e+13 m^3
 	 Volume corrected to 	9.895102e+09 m^3
 	 The rest is carried over to next year 

 	 HydroSnow Warning: There is Snow remaining on August 31 
 	 Snowremains 	 = 2.304199e+11 (m^3) 
 	 in year: 2041 
HydroGlacial WARNING: year = 2041, ep =0 
 	 Insufficient precipitation to grow glacier. 
 	 Volume glacier correction: 
 	 Volume should be 	2.950319e+13 m^3
 	 Volume corrected to 	9.895102e+09 m^3
 	 The rest is carried over to next year 

 	 HydroSnow Warning: There is Snow remaining on August 31 
 	 Snowremains 	 = 2.304199e+11 (m^3) 
 	 in year: 2041 
HydroGlacial WARNING: year = 2041, ep =0 
 	 Insufficient precipitation to grow glacier. 
 	 Volume glacier correction: 
 	 Volume should be 	2.950319e+13 m^3
 	 Volume corrected to 	9.895102e+09 m^3
 	 The rest is carried over to next year 

 	 HydroSnow Warning: There is Snow remaining on August 31 
 	 Snowremains 	 = 2.304199e+11 (m^3) 
 	 in year: 2041 
   FLOOD WARNING: the maximum predicted flood size has been exceeded. 
      Epoch 1, year 2041 
      Maximum predicted flood 56740.8 (m^3/s) 
      Modeled flood peak 65299.1 (m^3/s) 
HydroGlacial WARNING: year = 2042, ep =0 
 	 Insufficient precipitation to grow glacier. 
 	 Volume glacier correction: 
 	 Volume should be 	2.950319e+13 m^3
 	 Volume corrected to 	2.308773e+10 m^3
 	 The rest is carried over to next year 

 	 HydroSnow Warning: There is Snow remaining on August 31 
 	 Snowremains 	 = 2.377070e+11 (m^3) 
 	 in year: 2042 
HydroGlacial WARNING: year = 2042, ep =0 
 	 Insufficient precipitation to grow glacier. 
 	 Volume glacier correction: 
 	 Volume should be 	2.950319e+13 m^3
 	 Volume corrected to 	1.319262e+10 m^3
 	 The rest is carried over to next year 

 	 HydroSnow Warning: There is Snow remaining on August 31 
 	 Snowremains 	 = 2.377070e+11 (m^3) 
 	 in year: 2042 
HydroGlacial WARNING: year = 2042, ep =0 
 	 Insufficient precipitation to grow glacier. 
 	 Volume glacier correction: 
 	 Volume should be 	2.950319e+13 m^3
 	 Volume corrected to 	1.319262e+10 m^3
 	 The rest is carried over to next year 

 	 HydroSnow Warning: There is Snow remaining on August 31 
 	 Snowremains 	 = 2.377070e+11 (m^3) 
 	 in year: 2042 
HydroGlacial WARNING: year = 2042, ep =0 
 	 Insufficient precipitation to grow glacier. 
 	 Volume glacier correction: 
 	 Volume should be 	2.950319e+13 m^3
 	 Volume corrected to 	1.319262e+10 m^3
 	 The rest is carried over to next year 

 	 HydroSnow Warning: There is Snow remaining on August 31 
 	 Snowremains 	 = 2.377070e+11 (m^3) 
 	 in year: 2042 
HydroGlacial WARNING: year = 2042, ep =0 
 	 Insufficient precipitation to grow glacier. 
 	 Volume glacier correction: 
 	 Volume should be 	2.950319e+13 m^3
 	 Volume corrected to 	1.319262e+10 m^3
 	 The rest is carried over to next year 

 	 HydroSnow Warning: There is Snow remaining on August 31 
 	 Snowremains 	 = 2.377070e+11 (m^3) 
 	 in year: 2042 
HydroGlacial WARNING: year = 2042, ep =0 
 	 Insufficient precipitation to grow glacier. 
 	 Volume glacier correction: 
 	 Volume should be 	2.950319e+13 m^3
 	 Volume corrected to 	1.319262e+10 m^3
 	 The rest is carried over to next year 

 	 HydroSnow Warning: There is Snow remaining on August 31 
 	 Snowremains 	 = 2.377070e+11 (m^3) 
 	 in year: 2042 
HydroGlacial WARNING: year = 2042, ep =0 
 	 Insufficient precipitation to grow glacier. 
 	 Volume glacier correction: 
 	 Volume should be 	2.950319e+13 m^3
 	 Volume corrected to 	1.319262e+10 m^3
 	 The rest is carried over to next year 

 	 HydroSnow Warning: There is Snow remaining on August 31 
 	 Snowremains 	 = 2.377070e+11 (m^3) 
 	 in year: 2042 
HydroGlacial WARNING: year = 2042, ep =0 
 	 Insufficient precipitation to grow glacier. 
 	 Volume glacier correction: 
 	 Volume should be 	2.950319e+13 m^3
 	 Volume corrected to 	1.319262e+10 m^3
 	 The rest is carried over to next year 

 	 HydroSnow Warning: There is Snow remaining on August 31 
 	 Snowremains 	 = 2.377070e+11 (m^3) 
 	 in year: 2042 
HydroGlacial WARNING: year = 2042, ep =0 
 	 Insufficient precipitation to grow glacier. 
 	 Volume glacier correction: 
 	 Volume should be 	2.950319e+13 m^3
 	 Volume corrected to 	1.319262e+10 m^3
 	 The rest is carried over to next year 

 	 HydroSnow Warning: There is Snow remaining on August 31 
 	 Snowremains 	 = 2.377070e+11 (m^3) 
 	 in year: 2042 
HydroGlacial WARNING: year = 2042, ep =0 
 	 Insufficient precipitation to grow glacier. 
 	 Volume glacier correction: 
 	 Volume should be 	2.950319e+13 m^3
 	 Volume corrected to 	1.319262e+10 m^3
 	 The rest is carried over to next year 

 	 HydroSnow Warning: There is Snow remaining on August 31 
 	 Snowremains 	 = 2.377070e+11 (m^3) 
 	 in year: 2042 
   FLOOD WARNING: the maximum predicted flood size has been exceeded. 
      Epoch 1, year 2042 
      Maximum predicted flood 56740.8 (m^3/s) 
      Modeled flood peak 85880.5 (m^3/s) 
HydroGlacial WARNING: year = 2043, ep =0 
 	 Insufficient precipitation to grow glacier. 
 	 Volume glacier correction: 
 	 Volume should be 	2.950319e+13 m^3
 	 Volume corrected to 	2.631176e+10 m^3
 	 The rest is carried over to next year 

 	 HydroSnow Warning: There is Snow remaining on August 31 
 	 Snowremains 	 = 2.615389e+11 (m^3) 
 	 in year: 2043 
HydroGlacial WARNING: year = 2043, ep =0 
 	 Insufficient precipitation to grow glacier. 
 	 Volume glacier correction: 
 	 Volume should be 	2.950319e+13 m^3
 	 Volume corrected to 	1.311914e+10 m^3
 	 The rest is carried over to next year 

 	 HydroSnow Warning: There is Snow remaining on August 31 
 	 Snowremains 	 = 2.615389e+11 (m^3) 
 	 in year: 2043 
HydroGlacial WARNING: year = 2043, ep =0 
 	 Insufficient precipitation to grow glacier. 
 	 Volume glacier correction: 
 	 Volume should be 	2.950319e+13 m^3
 	 Volume corrected to 	1.311914e+10 m^3
 	 The rest is carried over to next year 

 	 HydroSnow Warning: There is Snow remaining on August 31 
 	 Snowremains 	 = 2.615389e+11 (m^3) 
 	 in year: 2043 
HydroGlacial WARNING: year = 2043, ep =0 
 	 Insufficient precipitation to grow glacier. 
 	 Volume glacier correction: 
 	 Volume should be 	2.950319e+13 m^3
 	 Volume corrected to 	1.311914e+10 m^3
 	 The rest is carried over to next year 

 	 HydroSnow Warning: There is Snow remaining on August 31 
 	 Snowremains 	 = 2.615389e+11 (m^3) 
 	 in year: 2043 
HydroGlacial WARNING: year = 2043, ep =0 
 	 Insufficient precipitation to grow glacier. 
 	 Volume glacier correction: 
 	 Volume should be 	2.950319e+13 m^3
 	 Volume corrected to 	1.311914e+10 m^3
 	 The rest is carried over to next year 

 	 HydroSnow Warning: There is Snow remaining on August 31 
 	 Snowremains 	 = 2.615389e+11 (m^3) 
 	 in year: 2043 
HydroGlacial WARNING: year = 2043, ep =0 
 	 Insufficient precipitation to grow glacier. 
 	 Volume glacier correction: 
 	 Volume should be 	2.950319e+13 m^3
 	 Volume corrected to 	1.311914e+10 m^3
 	 The rest is carried over to next year 

 	 HydroSnow Warning: There is Snow remaining on August 31 
 	 Snowremains 	 = 2.615389e+11 (m^3) 
 	 in year: 2043 
HydroGlacial WARNING: year = 2043, ep =0 
 	 Insufficient precipitation to grow glacier. 
 	 Volume glacier correction: 
 	 Volume should be 	2.950319e+13 m^3
 	 Volume corrected to 	1.311914e+10 m^3
 	 The rest is carried over to next year 

 	 HydroSnow Warning: There is Snow remaining on August 31 
 	 Snowremains 	 = 2.615389e+11 (m^3) 
 	 in year: 2043 
HydroGlacial WARNING: year = 2043, ep =0 
 	 Insufficient precipitation to grow glacier. 
 	 Volume glacier correction: 
 	 Volume should be 	2.950319e+13 m^3
 	 Volume corrected to 	1.311914e+10 m^3
 	 The rest is carried over to next year 

 	 HydroSnow Warning: There is Snow remaining on August 31 
 	 Snowremains 	 = 2.615389e+11 (m^3) 
 	 in year: 2043 
HydroGlacial WARNING: year = 2043, ep =0 
 	 Insufficient precipitation to grow glacier. 
 	 Volume glacier correction: 
 	 Volume should be 	2.950319e+13 m^3
 	 Volume corrected to 	1.311914e+10 m^3
 	 The rest is carried over to next year 

 	 HydroSnow Warning: There is Snow remaining on August 31 
 	 Snowremains 	 = 2.615389e+11 (m^3) 
 	 in year: 2043 
HydroGlacial WARNING: year = 2043, ep =0 
 	 Insufficient precipitation to grow glacier. 
 	 Volume glacier correction: 
 	 Volume should be 	2.950319e+13 m^3
 	 Volume corrected to 	1.311914e+10 m^3
 	 The rest is carried over to next year 

 	 HydroSnow Warning: There is Snow remaining on August 31 
 	 Snowremains 	 = 2.615389e+11 (m^3) 
 	 in year: 2043 
   FLOOD WARNING: the maximum predicted flood size has been exceeded. 
      Epoch 1, year 2043 
      Maximum predicted flood 56740.8 (m^3/s) 
      Modeled flood peak 103693 (m^3/s) 
HydroGlacial WARNING: year = 2044, ep =0 
 	 Insufficient precipitation to grow glacier. 
 	 Volume glacier correction: 
 	 Volume should be 	2.950319e+13 m^3
 	 Volume corrected to 	2.862769e+10 m^3
 	 The rest is carried over to next year 

 	 HydroSnow Warning: There is Snow remaining on August 31 
 	 Snowremains 	 = 2.714710e+11 (m^3) 
 	 in year: 2044 
HydroGlacial WARNING: year = 2044, ep =0 
 	 Insufficient precipitation to grow glacier. 
 	 Volume glacier correction: 
 	 Volume should be 	2.950319e+13 m^3
 	 Volume corrected to 	1.550856e+10 m^3
 	 The rest is carried over to next year 

 	 HydroSnow Warning: There is Snow remaining on August 31 
 	 Snowremains 	 = 2.714710e+11 (m^3) 
 	 in year: 2044 
HydroGlacial WARNING: year = 2044, ep =0 
 	 Insufficient precipitation to grow glacier. 
 	 Volume glacier correction: 
 	 Volume should be 	2.950319e+13 m^3
 	 Volume corrected to 	1.550856e+10 m^3
 	 The rest is carried over to next year 

 	 HydroSnow Warning: There is Snow remaining on August 31 
 	 Snowremains 	 = 2.714710e+11 (m^3) 
 	 in year: 2044 
HydroGlacial WARNING: year = 2044, ep =0 
 	 Insufficient precipitation to grow glacier. 
 	 Volume glacier correction: 
 	 Volume should be 	2.950319e+13 m^3
 	 Volume corrected to 	1.550856e+10 m^3
 	 The rest is carried over to next year 

 	 HydroSnow Warning: There is Snow remaining on August 31 
 	 Snowremains 	 = 2.714710e+11 (m^3) 
 	 in year: 2044 
HydroGlacial WARNING: year = 2044, ep =0 
 	 Insufficient precipitation to grow glacier. 
 	 Volume glacier correction: 
 	 Volume should be 	2.950319e+13 m^3
 	 Volume corrected to 	1.550856e+10 m^3
 	 The rest is carried over to next year 

 	 HydroSnow Warning: There is Snow remaining on August 31 
 	 Snowremains 	 = 2.714710e+11 (m^3) 
 	 in year: 2044 
HydroGlacial WARNING: year = 2044, ep =0 
 	 Insufficient precipitation to grow glacier. 
 	 Volume glacier correction: 
 	 Volume should be 	2.950319e+13 m^3
 	 Volume corrected to 	1.550856e+10 m^3
 	 The rest is carried over to next year 

 	 HydroSnow Warning: There is Snow remaining on August 31 
 	 Snowremains 	 = 2.714710e+11 (m^3) 
 	 in year: 2044 
HydroGlacial WARNING: year = 2044, ep =0 
 	 Insufficient precipitation to grow glacier. 
 	 Volume glacier correction: 
 	 Volume should be 	2.950319e+13 m^3
 	 Volume corrected to 	1.550856e+10 m^3
 	 The rest is carried over to next year 

 	 HydroSnow Warning: There is Snow remaining on August 31 
 	 Snowremains 	 = 2.714710e+11 (m^3) 
 	 in year: 2044 
HydroGlacial WARNING: year = 2044, ep =0 
 	 Insufficient precipitation to grow glacier. 
 	 Volume glacier correction: 
 	 Volume should be 	2.950319e+13 m^3
 	 Volume corrected to 	1.550856e+10 m^3
 	 The rest is carried over to next year 

 	 HydroSnow Warning: There is Snow remaining on August 31 
 	 Snowremains 	 = 2.714710e+11 (m^3) 
 	 in year: 2044 
HydroGlacial WARNING: year = 2044, ep =0 
 	 Insufficient precipitation to grow glacier. 
 	 Volume glacier correction: 
 	 Volume should be 	2.950319e+13 m^3
 	 Volume corrected to 	1.550856e+10 m^3
 	 The rest is carried over to next year 

 	 HydroSnow Warning: There is Snow remaining on August 31 
 	 Snowremains 	 = 2.714710e+11 (m^3) 
 	 in year: 2044 
HydroGlacial WARNING: year = 2044, ep =0 
 	 Insufficient precipitation to grow glacier. 
 	 Volume glacier correction: 
 	 Volume should be 	2.950319e+13 m^3
 	 Volume corrected to 	1.550856e+10 m^3
 	 The rest is carried over to next year 

 	 HydroSnow Warning: There is Snow remaining on August 31 
 	 Snowremains 	 = 2.714710e+11 (m^3) 
 	 in year: 2044 
   FLOOD WARNING: the maximum predicted flood size has been exceeded. 
      Epoch 1, year 2044 
      Maximum predicted flood 56740.8 (m^3/s) 
      Modeled flood peak 100901 (m^3/s) 
HydroGlacial WARNING: year = 2045, ep =0 
 	 Insufficient precipitation to grow glacier. 
 	 Volume glacier correction: 
 	 Volume should be 	2.950319e+13 m^3
 	 Volume corrected to 	2.571890e+10 m^3
 	 The rest is carried over to next year 

 	 HydroSnow Warning: There is Snow remaining on August 31 
 	 Snowremains 	 = 2.800671e+11 (m^3) 
 	 in year: 2045 
HydroGlacial WARNING: year = 2046, ep =0 
 	 Insufficient precipitation to grow glacier. 
 	 Volume glacier correction: 
 	 Volume should be 	2.950319e+13 m^3
 	 Volume corrected to 	3.623110e+10 m^3
 	 The rest is carried over to next year 

 	 HydroSnow Warning: There is Snow remaining on August 31 
 	 Snowremains 	 = 2.817181e+11 (m^3) 
 	 in year: 2046 
HydroGlacial WARNING: year = 2046, ep =0 
 	 Insufficient precipitation to grow glacier. 
 	 Volume glacier correction: 
 	 Volume should be 	2.950319e+13 m^3
 	 Volume corrected to 	1.051220e+10 m^3
 	 The rest is carried over to next year 

 	 HydroSnow Warning: There is Snow remaining on August 31 
 	 Snowremains 	 = 2.817181e+11 (m^3) 
 	 in year: 2046 
HydroGlacial WARNING: year = 2046, ep =0 
 	 Insufficient precipitation to grow glacier. 
 	 Volume glacier correction: 
 	 Volume should be 	2.950319e+13 m^3
 	 Volume corrected to 	1.051220e+10 m^3
 	 The rest is carried over to next year 

 	 HydroSnow Warning: There is Snow remaining on August 31 
 	 Snowremains 	 = 2.817181e+11 (m^3) 
 	 in year: 2046 
HydroGlacial WARNING: year = 2046, ep =0 
 	 Insufficient precipitation to grow glacier. 
 	 Volume glacier correction: 
 	 Volume should be 	2.950319e+13 m^3
 	 Volume corrected to 	1.051220e+10 m^3
 	 The rest is carried over to next year 

 	 HydroSnow Warning: There is Snow remaining on August 31 
 	 Snowremains 	 = 2.817181e+11 (m^3) 
 	 in year: 2046 
HydroGlacial WARNING: year = 2046, ep =0 
 	 Insufficient precipitation to grow glacier. 
 	 Volume glacier correction: 
 	 Volume should be 	2.950319e+13 m^3
 	 Volume corrected to 	1.051220e+10 m^3
 	 The rest is carried over to next year 

 	 HydroSnow Warning: There is Snow remaining on August 31 
 	 Snowremains 	 = 2.817181e+11 (m^3) 
 	 in year: 2046 
HydroGlacial WARNING: year = 2046, ep =0 
 	 Insufficient precipitation to grow glacier. 
 	 Volume glacier correction: 
 	 Volume should be 	2.950319e+13 m^3
 	 Volume corrected to 	1.051220e+10 m^3
 	 The rest is carried over to next year 

 	 HydroSnow Warning: There is Snow remaining on August 31 
 	 Snowremains 	 = 2.817181e+11 (m^3) 
 	 in year: 2046 
HydroGlacial WARNING: year = 2046, ep =0 
 	 Insufficient precipitation to grow glacier. 
 	 Volume glacier correction: 
 	 Volume should be 	2.950319e+13 m^3
 	 Volume corrected to 	1.051220e+10 m^3
 	 The rest is carried over to next year 

 	 HydroSnow Warning: There is Snow remaining on August 31 
 	 Snowremains 	 = 2.817181e+11 (m^3) 
 	 in year: 2046 
HydroGlacial WARNING: year = 2046, ep =0 
 	 Insufficient precipitation to grow glacier. 
 	 Volume glacier correction: 
 	 Volume should be 	2.950319e+13 m^3
 	 Volume corrected to 	1.051220e+10 m^3
 	 The rest is carried over to next year 

 	 HydroSnow Warning: There is Snow remaining on August 31 
 	 Snowremains 	 = 2.817181e+11 (m^3) 
 	 in year: 2046 
HydroGlacial WARNING: year = 2046, ep =0 
 	 Insufficient precipitation to grow glacier. 
 	 Volume glacier correction: 
 	 Volume should be 	2.950319e+13 m^3
 	 Volume corrected to 	1.051220e+10 m^3
 	 The rest is carried over to next year 

 	 HydroSnow Warning: There is Snow remaining on August 31 
 	 Snowremains 	 = 2.817181e+11 (m^3) 
 	 in year: 2046 
HydroGlacial WARNING: year = 2046, ep =0 
 	 Insufficient precipitation to grow glacier. 
 	 Volume glacier correction: 
 	 Volume should be 	2.950319e+13 m^3
 	 Volume corrected to 	1.051220e+10 m^3
 	 The rest is carried over to next year 

 	 HydroSnow Warning: There is Snow remaining on August 31 
 	 Snowremains 	 = 2.817181e+11 (m^3) 
 	 in year: 2046 
   FLOOD WARNING: the maximum predicted flood size has been exceeded. 
      Epoch 1, year 2046 
      Maximum predicted flood 56740.8 (m^3/s) 
      Modeled flood peak 101875 (m^3/s) 
HydroGlacial WARNING: year = 2047, ep =0 
 	 Insufficient precipitation to grow glacier. 
 	 Volume glacier correction: 
 	 Volume should be 	2.950319e+13 m^3
 	 Volume corrected to 	2.537810e+10 m^3
 	 The rest is carried over to next year 

 	 HydroSnow Warning: There is Snow remaining on August 31 
 	 Snowremains 	 = 2.936903e+11 (m^3) 
 	 in year: 2047 
HydroGlacial WARNING: year = 2047, ep =0 
 	 Insufficient precipitation to grow glacier. 
 	 Volume glacier correction: 
 	 Volume should be 	2.950319e+13 m^3
 	 Volume corrected to 	1.486590e+10 m^3
 	 The rest is carried over to next year 

 	 HydroSnow Warning: There is Snow remaining on August 31 
 	 Snowremains 	 = 2.936903e+11 (m^3) 
 	 in year: 2047 
HydroGlacial WARNING: year = 2047, ep =0 
 	 Insufficient precipitation to grow glacier. 
 	 Volume glacier correction: 
 	 Volume should be 	2.950319e+13 m^3
 	 Volume corrected to 	1.486590e+10 m^3
 	 The rest is carried over to next year 

 	 HydroSnow Warning: There is Snow remaining on August 31 
 	 Snowremains 	 = 2.936903e+11 (m^3) 
 	 in year: 2047 
HydroGlacial WARNING: year = 2047, ep =0 
 	 Insufficient precipitation to grow glacier. 
 	 Volume glacier correction: 
 	 Volume should be 	2.950319e+13 m^3
 	 Volume corrected to 	1.486590e+10 m^3
 	 The rest is carried over to next year 

 	 HydroSnow Warning: There is Snow remaining on August 31 
 	 Snowremains 	 = 2.936903e+11 (m^3) 
 	 in year: 2047 
HydroGlacial WARNING: year = 2047, ep =0 
 	 Insufficient precipitation to grow glacier. 
 	 Volume glacier correction: 
 	 Volume should be 	2.950319e+13 m^3
 	 Volume corrected to 	1.486590e+10 m^3
 	 The rest is carried over to next year 

 	 HydroSnow Warning: There is Snow remaining on August 31 
 	 Snowremains 	 = 2.936903e+11 (m^3) 
 	 in year: 2047 
HydroGlacial WARNING: year = 2047, ep =0 
 	 Insufficient precipitation to grow glacier. 
 	 Volume glacier correction: 
 	 Volume should be 	2.950319e+13 m^3
 	 Volume corrected to 	1.486590e+10 m^3
 	 The rest is carried over to next year 

 	 HydroSnow Warning: There is Snow remaining on August 31 
 	 Snowremains 	 = 2.936903e+11 (m^3) 
 	 in year: 2047 
HydroGlacial WARNING: year = 2047, ep =0 
 	 Insufficient precipitation to grow glacier. 
 	 Volume glacier correction: 
 	 Volume should be 	2.950319e+13 m^3
 	 Volume corrected to 	1.486590e+10 m^3
 	 The rest is carried over to next year 

 	 HydroSnow Warning: There is Snow remaining on August 31 
 	 Snowremains 	 = 2.936903e+11 (m^3) 
 	 in year: 2047 
HydroGlacial WARNING: year = 2047, ep =0 
 	 Insufficient precipitation to grow glacier. 
 	 Volume glacier correction: 
 	 Volume should be 	2.950319e+13 m^3
 	 Volume corrected to 	1.486590e+10 m^3
 	 The rest is carried over to next year 

 	 HydroSnow Warning: There is Snow remaining on August 31 
 	 Snowremains 	 = 2.936903e+11 (m^3) 
 	 in year: 2047 
HydroGlacial WARNING: year = 2047, ep =0 
 	 Insufficient precipitation to grow glacier. 
 	 Volume glacier correction: 
 	 Volume should be 	2.950319e+13 m^3
 	 Volume corrected to 	1.486590e+10 m^3
 	 The rest is carried over to next year 

 	 HydroSnow Warning: There is Snow remaining on August 31 
 	 Snowremains 	 = 2.936903e+11 (m^3) 
 	 in year: 2047 
HydroGlacial WARNING: year = 2047, ep =0 
 	 Insufficient precipitation to grow glacier. 
 	 Volume glacier correction: 
 	 Volume should be 	2.950319e+13 m^3
 	 Volume corrected to 	1.486590e+10 m^3
 	 The rest is carried over to next year 

 	 HydroSnow Warning: There is Snow remaining on August 31 
 	 Snowremains 	 = 2.936903e+11 (m^3) 
 	 in year: 2047 
   FLOOD WARNING: the maximum predicted flood size has been exceeded. 
      Epoch 1, year 2047 
      Maximum predicted flood 56740.8 (m^3/s) 
      Modeled flood peak 101966 (m^3/s) 
HydroGlacial WARNING: year = 2048, ep =0 
 	 Insufficient precipitation to grow glacier. 
 	 Volume glacier correction: 
 	 Volume should be 	2.950319e+13 m^3
 	 Volume corrected to 	3.015080e+10 m^3
 	 The rest is carried over to next year 

 	 HydroSnow Warning: There is Snow remaining on August 31 
 	 Snowremains 	 = 3.080863e+11 (m^3) 
 	 in year: 2048 
HydroGlacial WARNING: year = 2048, ep =0 
 	 Insufficient precipitation to grow glacier. 
 	 Volume glacier correction: 
 	 Volume should be 	2.950319e+13 m^3
 	 Volume corrected to 	1.528490e+10 m^3
 	 The rest is carried over to next year 

 	 HydroSnow Warning: There is Snow remaining on August 31 
 	 Snowremains 	 = 3.080863e+11 (m^3) 
 	 in year: 2048 
HydroGlacial WARNING: year = 2048, ep =0 
 	 Insufficient precipitation to grow glacier. 
 	 Volume glacier correction: 
 	 Volume should be 	2.950319e+13 m^3
 	 Volume corrected to 	1.528490e+10 m^3
 	 The rest is carried over to next year 

 	 HydroSnow Warning: There is Snow remaining on August 31 
 	 Snowremains 	 = 3.080863e+11 (m^3) 
 	 in year: 2048 
HydroGlacial WARNING: year = 2048, ep =0 
 	 Insufficient precipitation to grow glacier. 
 	 Volume glacier correction: 
 	 Volume should be 	2.950319e+13 m^3
 	 Volume corrected to 	1.528490e+10 m^3
 	 The rest is carried over to next year 

 	 HydroSnow Warning: There is Snow remaining on August 31 
 	 Snowremains 	 = 3.080863e+11 (m^3) 
 	 in year: 2048 
HydroGlacial WARNING: year = 2048, ep =0 
 	 Insufficient precipitation to grow glacier. 
 	 Volume glacier correction: 
 	 Volume should be 	2.950319e+13 m^3
 	 Volume corrected to 	1.528490e+10 m^3
 	 The rest is carried over to next year 

 	 HydroSnow Warning: There is Snow remaining on August 31 
 	 Snowremains 	 = 3.080863e+11 (m^3) 
 	 in year: 2048 
HydroGlacial WARNING: year = 2048, ep =0 
 	 Insufficient precipitation to grow glacier. 
 	 Volume glacier correction: 
 	 Volume should be 	2.950319e+13 m^3
 	 Volume corrected to 	1.528490e+10 m^3
 	 The rest is carried over to next year 

 	 HydroSnow Warning: There is Snow remaining on August 31 
 	 Snowremains 	 = 3.080863e+11 (m^3) 
 	 in year: 2048 
HydroGlacial WARNING: year = 2048, ep =0 
 	 Insufficient precipitation to grow glacier. 
 	 Volume glacier correction: 
 	 Volume should be 	2.950319e+13 m^3
 	 Volume corrected to 	1.528490e+10 m^3
 	 The rest is carried over to next year 

 	 HydroSnow Warning: There is Snow remaining on August 31 
 	 Snowremains 	 = 3.080863e+11 (m^3) 
 	 in year: 2048 
HydroGlacial WARNING: year = 2048, ep =0 
 	 Insufficient precipitation to grow glacier. 
 	 Volume glacier correction: 
 	 Volume should be 	2.950319e+13 m^3
 	 Volume corrected to 	1.528490e+10 m^3
 	 The rest is carried over to next year 

 	 HydroSnow Warning: There is Snow remaining on August 31 
 	 Snowremains 	 = 3.080863e+11 (m^3) 
 	 in year: 2048 
HydroGlacial WARNING: year = 2048, ep =0 
 	 Insufficient precipitation to grow glacier. 
 	 Volume glacier correction: 
 	 Volume should be 	2.950319e+13 m^3
 	 Volume corrected to 	1.528490e+10 m^3
 	 The rest is carried over to next year 

 	 HydroSnow Warning: There is Snow remaining on August 31 
 	 Snowremains 	 = 3.080863e+11 (m^3) 
 	 in year: 2048 
HydroGlacial WARNING: year = 2048, ep =0 
 	 Insufficient precipitation to grow glacier. 
 	 Volume glacier correction: 
 	 Volume should be 	2.950319e+13 m^3
 	 Volume corrected to 	1.528490e+10 m^3
 	 The rest is carried over to next year 

 	 HydroSnow Warning: There is Snow remaining on August 31 
 	 Snowremains 	 = 3.080863e+11 (m^3) 
 	 in year: 2048 
   FLOOD WARNING: the maximum predicted flood size has been exceeded. 
      Epoch 1, year 2048 
      Maximum predicted flood 56740.8 (m^3/s) 
      Modeled flood peak 131893 (m^3/s) 
HydroGlacial WARNING: year = 2049, ep =0 
 	 Insufficient precipitation to grow glacier. 
 	 Volume glacier correction: 
 	 Volume should be 	2.950319e+13 m^3
 	 Volume corrected to 	2.477513e+10 m^3
 	 The rest is carried over to next year 

 	 HydroSnow Warning: There is Snow remaining on August 31 
 	 Snowremains 	 = 3.126837e+11 (m^3) 
 	 in year: 2049 
HydroGlacial WARNING: year = 2049, ep =0 
 	 Insufficient precipitation to grow glacier. 
 	 Volume glacier correction: 
 	 Volume should be 	2.950319e+13 m^3
 	 Volume corrected to 	9.490233e+09 m^3
 	 The rest is carried over to next year 

 	 HydroSnow Warning: There is Snow remaining on August 31 
 	 Snowremains 	 = 3.126837e+11 (m^3) 
 	 in year: 2049 
HydroGlacial WARNING: year = 2049, ep =0 
 	 Insufficient precipitation to grow glacier. 
 	 Volume glacier correction: 
 	 Volume should be 	2.950319e+13 m^3
 	 Volume corrected to 	9.490233e+09 m^3
 	 The rest is carried over to next year 

 	 HydroSnow Warning: There is Snow remaining on August 31 
 	 Snowremains 	 = 3.126837e+11 (m^3) 
 	 in year: 2049 
HydroGlacial WARNING: year = 2049, ep =0 
 	 Insufficient precipitation to grow glacier. 
 	 Volume glacier correction: 
 	 Volume should be 	2.950319e+13 m^3
 	 Volume corrected to 	9.490233e+09 m^3
 	 The rest is carried over to next year 

 	 HydroSnow Warning: There is Snow remaining on August 31 
 	 Snowremains 	 = 3.126837e+11 (m^3) 
 	 in year: 2049 
HydroGlacial WARNING: year = 2049, ep =0 
 	 Insufficient precipitation to grow glacier. 
 	 Volume glacier correction: 
 	 Volume should be 	2.950319e+13 m^3
 	 Volume corrected to 	9.490233e+09 m^3
 	 The rest is carried over to next year 

 	 HydroSnow Warning: There is Snow remaining on August 31 
 	 Snowremains 	 = 3.126837e+11 (m^3) 
 	 in year: 2049 
HydroGlacial WARNING: year = 2049, ep =0 
 	 Insufficient precipitation to grow glacier. 
 	 Volume glacier correction: 
 	 Volume should be 	2.950319e+13 m^3
 	 Volume corrected to 	9.490233e+09 m^3
 	 The rest is carried over to next year 

 	 HydroSnow Warning: There is Snow remaining on August 31 
 	 Snowremains 	 = 3.126837e+11 (m^3) 
 	 in year: 2049 
HydroGlacial WARNING: year = 2049, ep =0 
 	 Insufficient precipitation to grow glacier. 
 	 Volume glacier correction: 
 	 Volume should be 	2.950319e+13 m^3
 	 Volume corrected to 	9.490233e+09 m^3
 	 The rest is carried over to next year 

 	 HydroSnow Warning: There is Snow remaining on August 31 
 	 Snowremains 	 = 3.126837e+11 (m^3) 
 	 in year: 2049 
HydroGlacial WARNING: year = 2049, ep =0 
 	 Insufficient precipitation to grow glacier. 
 	 Volume glacier correction: 
 	 Volume should be 	2.950319e+13 m^3
 	 Volume corrected to 	9.490233e+09 m^3
 	 The rest is carried over to next year 

 	 HydroSnow Warning: There is Snow remaining on August 31 
 	 Snowremains 	 = 3.126837e+11 (m^3) 
 	 in year: 2049 
HydroGlacial WARNING: year = 2049, ep =0 
 	 Insufficient precipitation to grow glacier. 
 	 Volume glacier correction: 
 	 Volume should be 	2.950319e+13 m^3
 	 Volume corrected to 	9.490233e+09 m^3
 	 The rest is carried over to next year 

 	 HydroSnow Warning: There is Snow remaining on August 31 
 	 Snowremains 	 = 3.126837e+11 (m^3) 
 	 in year: 2049 
HydroGlacial WARNING: year = 2049, ep =0 
 	 Insufficient precipitation to grow glacier. 
 	 Volume glacier correction: 
 	 Volume should be 	2.950319e+13 m^3
 	 Volume corrected to 	9.490233e+09 m^3
 	 The rest is carried over to next year 

 	 HydroSnow Warning: There is Snow remaining on August 31 
 	 Snowremains 	 = 3.126837e+11 (m^3) 
 	 in year: 2049 
   FLOOD WARNING: the maximum predicted flood size has been exceeded. 
      Epoch 1, year 2049 
      Maximum predicted flood 56740.8 (m^3/s) 
      Modeled flood peak 62795 (m^3/s) 
HydroGlacial WARNING: year = 2050, ep =0 
 	 Insufficient precipitation to grow glacier. 
 	 Volume glacier correction: 
 	 Volume should be 	2.950319e+13 m^3
 	 Volume corrected to 	1.864037e+10 m^3
 	 The rest is carried over to next year 

 	 HydroSnow Warning: There is Snow remaining on August 31 
 	 Snowremains 	 = 2.976229e+11 (m^3) 
 	 in year: 2050 
HydroGlacial WARNING: year = 2050, ep =0 
 	 Insufficient precipitation to grow glacier. 
 	 Volume glacier correction: 
 	 Volume should be 	2.950319e+13 m^3
 	 Volume corrected to 	9.150136e+09 m^3
 	 The rest is carried over to next year 

 	 HydroSnow Warning: There is Snow remaining on August 31 
 	 Snowremains 	 = 2.976229e+11 (m^3) 
 	 in year: 2050 
HydroGlacial WARNING: year = 2050, ep =0 
 	 Insufficient precipitation to grow glacier. 
 	 Volume glacier correction: 
 	 Volume should be 	2.950319e+13 m^3
 	 Volume corrected to 	9.150136e+09 m^3
 	 The rest is carried over to next year 

 	 HydroSnow Warning: There is Snow remaining on August 31 
 	 Snowremains 	 = 2.976229e+11 (m^3) 
 	 in year: 2050 
HydroGlacial WARNING: year = 2050, ep =0 
 	 Insufficient precipitation to grow glacier. 
 	 Volume glacier correction: 
 	 Volume should be 	2.950319e+13 m^3
 	 Volume corrected to 	9.150136e+09 m^3
 	 The rest is carried over to next year 

 	 HydroSnow Warning: There is Snow remaining on August 31 
 	 Snowremains 	 = 2.976229e+11 (m^3) 
 	 in year: 2050 
HydroGlacial WARNING: year = 2050, ep =0 
 	 Insufficient precipitation to grow glacier. 
 	 Volume glacier correction: 
 	 Volume should be 	2.950319e+13 m^3
 	 Volume corrected to 	9.150136e+09 m^3
 	 The rest is carried over to next year 

 	 HydroSnow Warning: There is Snow remaining on August 31 
 	 Snowremains 	 = 2.976229e+11 (m^3) 
 	 in year: 2050 
HydroGlacial WARNING: year = 2050, ep =0 
 	 Insufficient precipitation to grow glacier. 
 	 Volume glacier correction: 
 	 Volume should be 	2.950319e+13 m^3
 	 Volume corrected to 	9.150136e+09 m^3
 	 The rest is carried over to next year 

 	 HydroSnow Warning: There is Snow remaining on August 31 
 	 Snowremains 	 = 2.976229e+11 (m^3) 
 	 in year: 2050 
HydroGlacial WARNING: year = 2050, ep =0 
 	 Insufficient precipitation to grow glacier. 
 	 Volume glacier correction: 
 	 Volume should be 	2.950319e+13 m^3
 	 Volume corrected to 	9.150136e+09 m^3
 	 The rest is carried over to next year 

 	 HydroSnow Warning: There is Snow remaining on August 31 
 	 Snowremains 	 = 2.976229e+11 (m^3) 
 	 in year: 2050 
HydroGlacial WARNING: year = 2050, ep =0 
 	 Insufficient precipitation to grow glacier. 
 	 Volume glacier correction: 
 	 Volume should be 	2.950319e+13 m^3
 	 Volume corrected to 	9.150136e+09 m^3
 	 The rest is carried over to next year 

 	 HydroSnow Warning: There is Snow remaining on August 31 
 	 Snowremains 	 = 2.976229e+11 (m^3) 
 	 in year: 2050 
HydroGlacial WARNING: year = 2050, ep =0 
 	 Insufficient precipitation to grow glacier. 
 	 Volume glacier correction: 
 	 Volume should be 	2.950319e+13 m^3
 	 Volume corrected to 	9.150136e+09 m^3
 	 The rest is carried over to next year 

 	 HydroSnow Warning: There is Snow remaining on August 31 
 	 Snowremains 	 = 2.976229e+11 (m^3) 
 	 in year: 2050 
HydroGlacial WARNING: year = 2050, ep =0 
 	 Insufficient precipitation to grow glacier. 
 	 Volume glacier correction: 
 	 Volume should be 	2.950319e+13 m^3
 	 Volume corrected to 	9.150136e+09 m^3
 	 The rest is carried over to next year 

 	 HydroSnow Warning: There is Snow remaining on August 31 
 	 Snowremains 	 = 2.976229e+11 (m^3) 
 	 in year: 2050 
   FLOOD WARNING: the maximum predicted flood size has been exceeded. 
      Epoch 1, year 2050 
      Maximum predicted flood 56740.8 (m^3/s) 
      Modeled flood peak 76909.6 (m^3/s) 
HydroGlacial WARNING: year = 2051, ep =0 
 	 Insufficient precipitation to grow glacier. 
 	 Volume glacier correction: 
 	 Volume should be 	2.950319e+13 m^3
 	 Volume corrected to 	2.346560e+10 m^3
 	 The rest is carried over to next year 

 	 HydroSnow Warning: There is Snow remaining on August 31 
 	 Snowremains 	 = 3.101161e+11 (m^3) 
 	 in year: 2051 
HydroGlacial WARNING: year = 2051, ep =0 
 	 Insufficient precipitation to grow glacier. 
 	 Volume glacier correction: 
 	 Volume should be 	2.950319e+13 m^3
 	 Volume corrected to 	1.431546e+10 m^3
 	 The rest is carried over to next year 

 	 HydroSnow Warning: There is Snow remaining on August 31 
 	 Snowremains 	 = 3.101161e+11 (m^3) 
 	 in year: 2051 
HydroGlacial WARNING: year = 2051, ep =0 
 	 Insufficient precipitation to grow glacier. 
 	 Volume glacier correction: 
 	 Volume should be 	2.950319e+13 m^3
 	 Volume corrected to 	1.431546e+10 m^3
 	 The rest is carried over to next year 

 	 HydroSnow Warning: There is Snow remaining on August 31 
 	 Snowremains 	 = 3.101161e+11 (m^3) 
 	 in year: 2051 
HydroGlacial WARNING: year = 2051, ep =0 
 	 Insufficient precipitation to grow glacier. 
 	 Volume glacier correction: 
 	 Volume should be 	2.950319e+13 m^3
 	 Volume corrected to 	1.431546e+10 m^3
 	 The rest is carried over to next year 

 	 HydroSnow Warning: There is Snow remaining on August 31 
 	 Snowremains 	 = 3.101161e+11 (m^3) 
 	 in year: 2051 
HydroGlacial WARNING: year = 2051, ep =0 
 	 Insufficient precipitation to grow glacier. 
 	 Volume glacier correction: 
 	 Volume should be 	2.950319e+13 m^3
 	 Volume corrected to 	1.431546e+10 m^3
 	 The rest is carried over to next year 

 	 HydroSnow Warning: There is Snow remaining on August 31 
 	 Snowremains 	 = 3.101161e+11 (m^3) 
 	 in year: 2051 
HydroGlacial WARNING: year = 2051, ep =0 
 	 Insufficient precipitation to grow glacier. 
 	 Volume glacier correction: 
 	 Volume should be 	2.950319e+13 m^3
 	 Volume corrected to 	1.431546e+10 m^3
 	 The rest is carried over to next year 

 	 HydroSnow Warning: There is Snow remaining on August 31 
 	 Snowremains 	 = 3.101161e+11 (m^3) 
 	 in year: 2051 
HydroGlacial WARNING: year = 2051, ep =0 
 	 Insufficient precipitation to grow glacier. 
 	 Volume glacier correction: 
 	 Volume should be 	2.950319e+13 m^3
 	 Volume corrected to 	1.431546e+10 m^3
 	 The rest is carried over to next year 

 	 HydroSnow Warning: There is Snow remaining on August 31 
 	 Snowremains 	 = 3.101161e+11 (m^3) 
 	 in year: 2051 
HydroGlacial WARNING: year = 2051, ep =0 
 	 Insufficient precipitation to grow glacier. 
 	 Volume glacier correction: 
 	 Volume should be 	2.950319e+13 m^3
 	 Volume corrected to 	1.431546e+10 m^3
 	 The rest is carried over to next year 

 	 HydroSnow Warning: There is Snow remaining on August 31 
 	 Snowremains 	 = 3.101161e+11 (m^3) 
 	 in year: 2051 
HydroGlacial WARNING: year = 2051, ep =0 
 	 Insufficient precipitation to grow glacier. 
 	 Volume glacier correction: 
 	 Volume should be 	2.950319e+13 m^3
 	 Volume corrected to 	1.431546e+10 m^3
 	 The rest is carried over to next year 

 	 HydroSnow Warning: There is Snow remaining on August 31 
 	 Snowremains 	 = 3.101161e+11 (m^3) 
 	 in year: 2051 
HydroGlacial WARNING: year = 2051, ep =0 
 	 Insufficient precipitation to grow glacier. 
 	 Volume glacier correction: 
 	 Volume should be 	2.950319e+13 m^3
 	 Volume corrected to 	1.431546e+10 m^3
 	 The rest is carried over to next year 

 	 HydroSnow Warning: There is Snow remaining on August 31 
 	 Snowremains 	 = 3.101161e+11 (m^3) 
 	 in year: 2051 
   FLOOD WARNING: the maximum predicted flood size has been exceeded. 
      Epoch 1, year 2051 
      Maximum predicted flood 56740.8 (m^3/s) 
      Modeled flood peak 93688.2 (m^3/s) 
HydroGlacial WARNING: year = 2052, ep =0 
 	 Insufficient precipitation to grow glacier. 
 	 Volume glacier correction: 
 	 Volume should be 	2.950319e+13 m^3
 	 Volume corrected to 	2.792719e+10 m^3
 	 The rest is carried over to next year 

 	 HydroSnow Warning: There is Snow remaining on August 31 
 	 Snowremains 	 = 3.298743e+11 (m^3) 
 	 in year: 2052 
HydroGlacial WARNING: year = 2052, ep =0 
 	 Insufficient precipitation to grow glacier. 
 	 Volume glacier correction: 
 	 Volume should be 	2.950319e+13 m^3
 	 Volume corrected to 	1.361173e+10 m^3
 	 The rest is carried over to next year 

 	 HydroSnow Warning: There is Snow remaining on August 31 
 	 Snowremains 	 = 3.298743e+11 (m^3) 
 	 in year: 2052 
HydroGlacial WARNING: year = 2052, ep =0 
 	 Insufficient precipitation to grow glacier. 
 	 Volume glacier correction: 
 	 Volume should be 	2.950319e+13 m^3
 	 Volume corrected to 	1.361173e+10 m^3
 	 The rest is carried over to next year 

 	 HydroSnow Warning: There is Snow remaining on August 31 
 	 Snowremains 	 = 3.298743e+11 (m^3) 
 	 in year: 2052 
HydroGlacial WARNING: year = 2052, ep =0 
 	 Insufficient precipitation to grow glacier. 
 	 Volume glacier correction: 
 	 Volume should be 	2.950319e+13 m^3
 	 Volume corrected to 	1.361173e+10 m^3
 	 The rest is carried over to next year 

 	 HydroSnow Warning: There is Snow remaining on August 31 
 	 Snowremains 	 = 3.298743e+11 (m^3) 
 	 in year: 2052 
HydroGlacial WARNING: year = 2052, ep =0 
 	 Insufficient precipitation to grow glacier. 
 	 Volume glacier correction: 
 	 Volume should be 	2.950319e+13 m^3
 	 Volume corrected to 	1.361173e+10 m^3
 	 The rest is carried over to next year 

 	 HydroSnow Warning: There is Snow remaining on August 31 
 	 Snowremains 	 = 3.298743e+11 (m^3) 
 	 in year: 2052 
HydroGlacial WARNING: year = 2052, ep =0 
 	 Insufficient precipitation to grow glacier. 
 	 Volume glacier correction: 
 	 Volume should be 	2.950319e+13 m^3
 	 Volume corrected to 	1.361173e+10 m^3
 	 The rest is carried over to next year 

 	 HydroSnow Warning: There is Snow remaining on August 31 
 	 Snowremains 	 = 3.298743e+11 (m^3) 
 	 in year: 2052 
HydroGlacial WARNING: year = 2052, ep =0 
 	 Insufficient precipitation to grow glacier. 
 	 Volume glacier correction: 
 	 Volume should be 	2.950319e+13 m^3
 	 Volume corrected to 	1.361173e+10 m^3
 	 The rest is carried over to next year 

 	 HydroSnow Warning: There is Snow remaining on August 31 
 	 Snowremains 	 = 3.298743e+11 (m^3) 
 	 in year: 2052 
HydroGlacial WARNING: year = 2052, ep =0 
 	 Insufficient precipitation to grow glacier. 
 	 Volume glacier correction: 
 	 Volume should be 	2.950319e+13 m^3
 	 Volume corrected to 	1.361173e+10 m^3
 	 The rest is carried over to next year 

 	 HydroSnow Warning: There is Snow remaining on August 31 
 	 Snowremains 	 = 3.298743e+11 (m^3) 
 	 in year: 2052 
HydroGlacial WARNING: year = 2052, ep =0 
 	 Insufficient precipitation to grow glacier. 
 	 Volume glacier correction: 
 	 Volume should be 	2.950319e+13 m^3
 	 Volume corrected to 	1.361173e+10 m^3
 	 The rest is carried over to next year 

 	 HydroSnow Warning: There is Snow remaining on August 31 
 	 Snowremains 	 = 3.298743e+11 (m^3) 
 	 in year: 2052 
HydroGlacial WARNING: year = 2052, ep =0 
 	 Insufficient precipitation to grow glacier. 
 	 Volume glacier correction: 
 	 Volume should be 	2.950319e+13 m^3
 	 Volume corrected to 	1.361173e+10 m^3
 	 The rest is carried over to next year 

 	 HydroSnow Warning: There is Snow remaining on August 31 
 	 Snowremains 	 = 3.298743e+11 (m^3) 
 	 in year: 2052 
   FLOOD WARNING: the maximum predicted flood size has been exceeded. 
      Epoch 1, year 2052 
      Maximum predicted flood 56740.8 (m^3/s) 
      Modeled flood peak 83168.4 (m^3/s) 
HydroGlacial WARNING: year = 2053, ep =0 
 	 Insufficient precipitation to grow glacier. 
 	 Volume glacier correction: 
 	 Volume should be 	2.950319e+13 m^3
 	 Volume corrected to 	2.389304e+10 m^3
 	 The rest is carried over to next year 

 	 HydroSnow Warning: There is Snow remaining on August 31 
 	 Snowremains 	 = 3.276951e+11 (m^3) 
 	 in year: 2053 
HydroGlacial WARNING: year = 2053, ep =0 
 	 Insufficient precipitation to grow glacier. 
 	 Volume glacier correction: 
 	 Volume should be 	2.950319e+13 m^3
 	 Volume corrected to 	1.028131e+10 m^3
 	 The rest is carried over to next year 

 	 HydroSnow Warning: There is Snow remaining on August 31 
 	 Snowremains 	 = 3.276951e+11 (m^3) 
 	 in year: 2053 
HydroGlacial WARNING: year = 2053, ep =0 
 	 Insufficient precipitation to grow glacier. 
 	 Volume glacier correction: 
 	 Volume should be 	2.950319e+13 m^3
 	 Volume corrected to 	1.028131e+10 m^3
 	 The rest is carried over to next year 

 	 HydroSnow Warning: There is Snow remaining on August 31 
 	 Snowremains 	 = 3.276951e+11 (m^3) 
 	 in year: 2053 
HydroGlacial WARNING: year = 2053, ep =0 
 	 Insufficient precipitation to grow glacier. 
 	 Volume glacier correction: 
 	 Volume should be 	2.950319e+13 m^3
 	 Volume corrected to 	1.028131e+10 m^3
 	 The rest is carried over to next year 

 	 HydroSnow Warning: There is Snow remaining on August 31 
 	 Snowremains 	 = 3.276951e+11 (m^3) 
 	 in year: 2053 
HydroGlacial WARNING: year = 2053, ep =0 
 	 Insufficient precipitation to grow glacier. 
 	 Volume glacier correction: 
 	 Volume should be 	2.950319e+13 m^3
 	 Volume corrected to 	1.028131e+10 m^3
 	 The rest is carried over to next year 

 	 HydroSnow Warning: There is Snow remaining on August 31 
 	 Snowremains 	 = 3.276951e+11 (m^3) 
 	 in year: 2053 
HydroGlacial WARNING: year = 2053, ep =0 
 	 Insufficient precipitation to grow glacier. 
 	 Volume glacier correction: 
 	 Volume should be 	2.950319e+13 m^3
 	 Volume corrected to 	1.028131e+10 m^3
 	 The rest is carried over to next year 

 	 HydroSnow Warning: There is Snow remaining on August 31 
 	 Snowremains 	 = 3.276951e+11 (m^3) 
 	 in year: 2053 
HydroGlacial WARNING: year = 2053, ep =0 
 	 Insufficient precipitation to grow glacier. 
 	 Volume glacier correction: 
 	 Volume should be 	2.950319e+13 m^3
 	 Volume corrected to 	1.028131e+10 m^3
 	 The rest is carried over to next year 

 	 HydroSnow Warning: There is Snow remaining on August 31 
 	 Snowremains 	 = 3.276951e+11 (m^3) 
 	 in year: 2053 
HydroGlacial WARNING: year = 2053, ep =0 
 	 Insufficient precipitation to grow glacier. 
 	 Volume glacier correction: 
 	 Volume should be 	2.950319e+13 m^3
 	 Volume corrected to 	1.028131e+10 m^3
 	 The rest is carried over to next year 

 	 HydroSnow Warning: There is Snow remaining on August 31 
 	 Snowremains 	 = 3.276951e+11 (m^3) 
 	 in year: 2053 
HydroGlacial WARNING: year = 2053, ep =0 
 	 Insufficient precipitation to grow glacier. 
 	 Volume glacier correction: 
 	 Volume should be 	2.950319e+13 m^3
 	 Volume corrected to 	1.028131e+10 m^3
 	 The rest is carried over to next year 

 	 HydroSnow Warning: There is Snow remaining on August 31 
 	 Snowremains 	 = 3.276951e+11 (m^3) 
 	 in year: 2053 
HydroGlacial WARNING: year = 2053, ep =0 
 	 Insufficient precipitation to grow glacier. 
 	 Volume glacier correction: 
 	 Volume should be 	2.950319e+13 m^3
 	 Volume corrected to 	1.028131e+10 m^3
 	 The rest is carried over to next year 

 	 HydroSnow Warning: There is Snow remaining on August 31 
 	 Snowremains 	 = 3.276951e+11 (m^3) 
 	 in year: 2053 
   FLOOD WARNING: the maximum predicted flood size has been exceeded. 
      Epoch 1, year 2053 
      Maximum predicted flood 56740.8 (m^3/s) 
      Modeled flood peak 66165.8 (m^3/s) 
HydroGlacial WARNING: year = 2054, ep =0 
 	 Insufficient precipitation to grow glacier. 
 	 Volume glacier correction: 
 	 Volume should be 	2.950319e+13 m^3
 	 Volume corrected to 	1.888861e+10 m^3
 	 The rest is carried over to next year 

 	 HydroSnow Warning: There is Snow remaining on August 31 
 	 Snowremains 	 = 3.314108e+11 (m^3) 
 	 in year: 2054 
HydroGlacial WARNING: year = 2054, ep =0 
 	 Insufficient precipitation to grow glacier. 
 	 Volume glacier correction: 
 	 Volume should be 	2.950319e+13 m^3
 	 Volume corrected to 	8.607291e+09 m^3
 	 The rest is carried over to next year 

 	 HydroSnow Warning: There is Snow remaining on August 31 
 	 Snowremains 	 = 3.314108e+11 (m^3) 
 	 in year: 2054 
HydroGlacial WARNING: year = 2054, ep =0 
 	 Insufficient precipitation to grow glacier. 
 	 Volume glacier correction: 
 	 Volume should be 	2.950319e+13 m^3
 	 Volume corrected to 	8.607291e+09 m^3
 	 The rest is carried over to next year 

 	 HydroSnow Warning: There is Snow remaining on August 31 
 	 Snowremains 	 = 3.314108e+11 (m^3) 
 	 in year: 2054 
HydroGlacial WARNING: year = 2054, ep =0 
 	 Insufficient precipitation to grow glacier. 
 	 Volume glacier correction: 
 	 Volume should be 	2.950319e+13 m^3
 	 Volume corrected to 	8.607291e+09 m^3
 	 The rest is carried over to next year 

 	 HydroSnow Warning: There is Snow remaining on August 31 
 	 Snowremains 	 = 3.314108e+11 (m^3) 
 	 in year: 2054 
HydroGlacial WARNING: year = 2054, ep =0 
 	 Insufficient precipitation to grow glacier. 
 	 Volume glacier correction: 
 	 Volume should be 	2.950319e+13 m^3
 	 Volume corrected to 	8.607291e+09 m^3
 	 The rest is carried over to next year 

 	 HydroSnow Warning: There is Snow remaining on August 31 
 	 Snowremains 	 = 3.314108e+11 (m^3) 
 	 in year: 2054 
HydroGlacial WARNING: year = 2054, ep =0 
 	 Insufficient precipitation to grow glacier. 
 	 Volume glacier correction: 
 	 Volume should be 	2.950319e+13 m^3
 	 Volume corrected to 	8.607291e+09 m^3
 	 The rest is carried over to next year 

 	 HydroSnow Warning: There is Snow remaining on August 31 
 	 Snowremains 	 = 3.314108e+11 (m^3) 
 	 in year: 2054 
HydroGlacial WARNING: year = 2054, ep =0 
 	 Insufficient precipitation to grow glacier. 
 	 Volume glacier correction: 
 	 Volume should be 	2.950319e+13 m^3
 	 Volume corrected to 	8.607291e+09 m^3
 	 The rest is carried over to next year 

 	 HydroSnow Warning: There is Snow remaining on August 31 
 	 Snowremains 	 = 3.314108e+11 (m^3) 
 	 in year: 2054 
HydroGlacial WARNING: year = 2054, ep =0 
 	 Insufficient precipitation to grow glacier. 
 	 Volume glacier correction: 
 	 Volume should be 	2.950319e+13 m^3
 	 Volume corrected to 	8.607291e+09 m^3
 	 The rest is carried over to next year 

 	 HydroSnow Warning: There is Snow remaining on August 31 
 	 Snowremains 	 = 3.314108e+11 (m^3) 
 	 in year: 2054 
HydroGlacial WARNING: year = 2054, ep =0 
 	 Insufficient precipitation to grow glacier. 
 	 Volume glacier correction: 
 	 Volume should be 	2.950319e+13 m^3
 	 Volume corrected to 	8.607291e+09 m^3
 	 The rest is carried over to next year 

 	 HydroSnow Warning: There is Snow remaining on August 31 
 	 Snowremains 	 = 3.314108e+11 (m^3) 
 	 in year: 2054 
HydroGlacial WARNING: year = 2054, ep =0 
 	 Insufficient precipitation to grow glacier. 
 	 Volume glacier correction: 
 	 Volume should be 	2.950319e+13 m^3
 	 Volume corrected to 	8.607291e+09 m^3
 	 The rest is carried over to next year 

 	 HydroSnow Warning: There is Snow remaining on August 31 
 	 Snowremains 	 = 3.314108e+11 (m^3) 
 	 in year: 2054 
   FLOOD WARNING: the maximum predicted flood size has been exceeded. 
      Epoch 1, year 2054 
      Maximum predicted flood 56740.8 (m^3/s) 
      Modeled flood peak 93788.7 (m^3/s) 
HydroGlacial WARNING: year = 2055, ep =0 
 	 Insufficient precipitation to grow glacier. 
 	 Volume glacier correction: 
 	 Volume should be 	2.950319e+13 m^3
 	 Volume corrected to 	1.542117e+10 m^3
 	 The rest is carried over to next year 

 	 HydroSnow Warning: There is Snow remaining on August 31 
 	 Snowremains 	 = 3.154722e+11 (m^3) 
 	 in year: 2055 
