 Calculate mean discharge, epoch: 1
 Calculate daily discharge, epoch: 1
 Calculate mean suspended sediment load, epoch: 1
 Calculate daily suspended sediment load, epoch: 1

 	 HydroSnow Warning: There is Snow remaining on August 31 
 	 Snowremains 	 = 1.887590e+10 (m^3) 
 	 in year: 1976 

 	 HydroSnow Warning: There is Snow remaining on August 31 
 	 Snowremains 	 = 1.887590e+10 (m^3) 
 	 in year: 1976 

 	 HydroSnow Warning: There is Snow remaining on August 31 
 	 Snowremains 	 = 1.887590e+10 (m^3) 
 	 in year: 1976 

 	 HydroSnow Warning: There is Snow remaining on August 31 
 	 Snowremains 	 = 1.887590e+10 (m^3) 
 	 in year: 1976 

 	 HydroSnow Warning: There is Snow remaining on August 31 
 	 Snowremains 	 = 1.887590e+10 (m^3) 
 	 in year: 1976 

 	 HydroSnow Warning: There is Snow remaining on August 31 
 	 Snowremains 	 = 1.887590e+10 (m^3) 
 	 in year: 1976 

 	 HydroSnow Warning: There is Snow remaining on August 31 
 	 Snowremains 	 = 1.887590e+10 (m^3) 
 	 in year: 1976 

 	 HydroSnow Warning: There is Snow remaining on August 31 
 	 Snowremains 	 = 1.887590e+10 (m^3) 
 	 in year: 1976 

 	 HydroSnow Warning: There is Snow remaining on August 31 
 	 Snowremains 	 = 1.887590e+10 (m^3) 
 	 in year: 1976 

 	 HydroSnow Warning: There is Snow remaining on August 31 
 	 Snowremains 	 = 1.887590e+10 (m^3) 
 	 in year: 1976 
   FLOOD WARNING: the maximum predicted flood size has been exceeded. 
      Epoch 1, year 1976 
      Maximum predicted flood 56740.8 (m^3/s) 
      Modeled flood peak 58995.3 (m^3/s) 

 	 HydroSnow Warning: There is Snow remaining on August 31 
 	 Snowremains 	 = 5.154742e+10 (m^3) 
 	 in year: 1977 
HydroGlacial WARNING: year = 1977, ep =0 
 	 Insufficient precipitation to grow glacier. 
 	 Volume glacier correction: 
 	 Volume should be 	2.950319e+13 m^3
 	 Volume corrected to 	1.340697e+10 m^3
 	 The rest is carried over to next year 

 	 HydroSnow Warning: There is Snow remaining on August 31 
 	 Snowremains 	 = 5.154742e+10 (m^3) 
 	 in year: 1977 
HydroGlacial WARNING: year = 1977, ep =0 
 	 Insufficient precipitation to grow glacier. 
 	 Volume glacier correction: 
 	 Volume should be 	2.950319e+13 m^3
 	 Volume corrected to 	1.340697e+10 m^3
 	 The rest is carried over to next year 

 	 HydroSnow Warning: There is Snow remaining on August 31 
 	 Snowremains 	 = 5.154742e+10 (m^3) 
 	 in year: 1977 
HydroGlacial WARNING: year = 1977, ep =0 
 	 Insufficient precipitation to grow glacier. 
 	 Volume glacier correction: 
 	 Volume should be 	2.950319e+13 m^3
 	 Volume corrected to 	1.340697e+10 m^3
 	 The rest is carried over to next year 

 	 HydroSnow Warning: There is Snow remaining on August 31 
 	 Snowremains 	 = 5.154742e+10 (m^3) 
 	 in year: 1977 
HydroGlacial WARNING: year = 1977, ep =0 
 	 Insufficient precipitation to grow glacier. 
 	 Volume glacier correction: 
 	 Volume should be 	2.950319e+13 m^3
 	 Volume corrected to 	1.340697e+10 m^3
 	 The rest is carried over to next year 

 	 HydroSnow Warning: There is Snow remaining on August 31 
 	 Snowremains 	 = 5.154742e+10 (m^3) 
 	 in year: 1977 
HydroGlacial WARNING: year = 1977, ep =0 
 	 Insufficient precipitation to grow glacier. 
 	 Volume glacier correction: 
 	 Volume should be 	2.950319e+13 m^3
 	 Volume corrected to 	1.340697e+10 m^3
 	 The rest is carried over to next year 

 	 HydroSnow Warning: There is Snow remaining on August 31 
 	 Snowremains 	 = 5.154742e+10 (m^3) 
 	 in year: 1977 
HydroGlacial WARNING: year = 1977, ep =0 
 	 Insufficient precipitation to grow glacier. 
 	 Volume glacier correction: 
 	 Volume should be 	2.950319e+13 m^3
 	 Volume corrected to 	1.340697e+10 m^3
 	 The rest is carried over to next year 

 	 HydroSnow Warning: There is Snow remaining on August 31 
 	 Snowremains 	 = 5.154742e+10 (m^3) 
 	 in year: 1977 
HydroGlacial WARNING: year = 1977, ep =0 
 	 Insufficient precipitation to grow glacier. 
 	 Volume glacier correction: 
 	 Volume should be 	2.950319e+13 m^3
 	 Volume corrected to 	1.340697e+10 m^3
 	 The rest is carried over to next year 

 	 HydroSnow Warning: There is Snow remaining on August 31 
 	 Snowremains 	 = 5.154742e+10 (m^3) 
 	 in year: 1977 
HydroGlacial WARNING: year = 1977, ep =0 
 	 Insufficient precipitation to grow glacier. 
 	 Volume glacier correction: 
 	 Volume should be 	2.950319e+13 m^3
 	 Volume corrected to 	1.340697e+10 m^3
 	 The rest is carried over to next year 

 	 HydroSnow Warning: There is Snow remaining on August 31 
 	 Snowremains 	 = 5.154742e+10 (m^3) 
 	 in year: 1977 
HydroGlacial WARNING: year = 1977, ep =0 
 	 Insufficient precipitation to grow glacier. 
 	 Volume glacier correction: 
 	 Volume should be 	2.950319e+13 m^3
 	 Volume corrected to 	1.340697e+10 m^3
 	 The rest is carried over to next year 

 	 HydroSnow Warning: There is Snow remaining on August 31 
 	 Snowremains 	 = 5.154742e+10 (m^3) 
 	 in year: 1977 
   FLOOD WARNING: the maximum predicted flood size has been exceeded. 
      Epoch 1, year 1977 
      Maximum predicted flood 56740.8 (m^3/s) 
      Modeled flood peak 71742.6 (m^3/s) 
HydroGlacial WARNING: year = 1978, ep =0 
 	 Insufficient precipitation to grow glacier. 
 	 Volume glacier correction: 
 	 Volume should be 	2.950319e+13 m^3
 	 Volume corrected to 	2.491718e+10 m^3
 	 The rest is carried over to next year 

 	 HydroSnow Warning: There is Snow remaining on August 31 
 	 Snowremains 	 = 6.733398e+10 (m^3) 
 	 in year: 1978 
HydroGlacial WARNING: year = 1978, ep =0 
 	 Insufficient precipitation to grow glacier. 
 	 Volume glacier correction: 
 	 Volume should be 	2.950319e+13 m^3
 	 Volume corrected to 	1.151021e+10 m^3
 	 The rest is carried over to next year 

 	 HydroSnow Warning: There is Snow remaining on August 31 
 	 Snowremains 	 = 6.733398e+10 (m^3) 
 	 in year: 1978 
HydroGlacial WARNING: year = 1978, ep =0 
 	 Insufficient precipitation to grow glacier. 
 	 Volume glacier correction: 
 	 Volume should be 	2.950319e+13 m^3
 	 Volume corrected to 	1.151021e+10 m^3
 	 The rest is carried over to next year 

 	 HydroSnow Warning: There is Snow remaining on August 31 
 	 Snowremains 	 = 6.733398e+10 (m^3) 
 	 in year: 1978 
HydroGlacial WARNING: year = 1978, ep =0 
 	 Insufficient precipitation to grow glacier. 
 	 Volume glacier correction: 
 	 Volume should be 	2.950319e+13 m^3
 	 Volume corrected to 	1.151021e+10 m^3
 	 The rest is carried over to next year 

 	 HydroSnow Warning: There is Snow remaining on August 31 
 	 Snowremains 	 = 6.733398e+10 (m^3) 
 	 in year: 1978 
HydroGlacial WARNING: year = 1978, ep =0 
 	 Insufficient precipitation to grow glacier. 
 	 Volume glacier correction: 
 	 Volume should be 	2.950319e+13 m^3
 	 Volume corrected to 	1.151021e+10 m^3
 	 The rest is carried over to next year 

 	 HydroSnow Warning: There is Snow remaining on August 31 
 	 Snowremains 	 = 6.733398e+10 (m^3) 
 	 in year: 1978 
HydroGlacial WARNING: year = 1978, ep =0 
 	 Insufficient precipitation to grow glacier. 
 	 Volume glacier correction: 
 	 Volume should be 	2.950319e+13 m^3
 	 Volume corrected to 	1.151021e+10 m^3
 	 The rest is carried over to next year 

 	 HydroSnow Warning: There is Snow remaining on August 31 
 	 Snowremains 	 = 6.733398e+10 (m^3) 
 	 in year: 1978 
HydroGlacial WARNING: year = 1978, ep =0 
 	 Insufficient precipitation to grow glacier. 
 	 Volume glacier correction: 
 	 Volume should be 	2.950319e+13 m^3
 	 Volume corrected to 	1.151021e+10 m^3
 	 The rest is carried over to next year 

 	 HydroSnow Warning: There is Snow remaining on August 31 
 	 Snowremains 	 = 6.733398e+10 (m^3) 
 	 in year: 1978 
HydroGlacial WARNING: year = 1978, ep =0 
 	 Insufficient precipitation to grow glacier. 
 	 Volume glacier correction: 
 	 Volume should be 	2.950319e+13 m^3
 	 Volume corrected to 	1.151021e+10 m^3
 	 The rest is carried over to next year 

 	 HydroSnow Warning: There is Snow remaining on August 31 
 	 Snowremains 	 = 6.733398e+10 (m^3) 
 	 in year: 1978 
HydroGlacial WARNING: year = 1978, ep =0 
 	 Insufficient precipitation to grow glacier. 
 	 Volume glacier correction: 
 	 Volume should be 	2.950319e+13 m^3
 	 Volume corrected to 	1.151021e+10 m^3
 	 The rest is carried over to next year 

 	 HydroSnow Warning: There is Snow remaining on August 31 
 	 Snowremains 	 = 6.733398e+10 (m^3) 
 	 in year: 1978 
HydroGlacial WARNING: year = 1978, ep =0 
 	 Insufficient precipitation to grow glacier. 
 	 Volume glacier correction: 
 	 Volume should be 	2.950319e+13 m^3
 	 Volume corrected to 	1.151021e+10 m^3
 	 The rest is carried over to next year 

 	 HydroSnow Warning: There is Snow remaining on August 31 
 	 Snowremains 	 = 6.733398e+10 (m^3) 
 	 in year: 1978 
   FLOOD WARNING: the maximum predicted flood size has been exceeded. 
      Epoch 1, year 1978 
      Maximum predicted flood 56740.8 (m^3/s) 
      Modeled flood peak 70015.5 (m^3/s) 
HydroGlacial WARNING: year = 1979, ep =0 
 	 Insufficient precipitation to grow glacier. 
 	 Volume glacier correction: 
 	 Volume should be 	2.950319e+13 m^3
 	 Volume corrected to 	2.384894e+10 m^3
 	 The rest is carried over to next year 

 	 HydroSnow Warning: There is Snow remaining on August 31 
 	 Snowremains 	 = 9.397299e+10 (m^3) 
 	 in year: 1979 
HydroGlacial WARNING: year = 1979, ep =0 
 	 Insufficient precipitation to grow glacier. 
 	 Volume glacier correction: 
 	 Volume should be 	2.950319e+13 m^3
 	 Volume corrected to 	1.233873e+10 m^3
 	 The rest is carried over to next year 

 	 HydroSnow Warning: There is Snow remaining on August 31 
 	 Snowremains 	 = 9.397299e+10 (m^3) 
 	 in year: 1979 
HydroGlacial WARNING: year = 1979, ep =0 
 	 Insufficient precipitation to grow glacier. 
 	 Volume glacier correction: 
 	 Volume should be 	2.950319e+13 m^3
 	 Volume corrected to 	1.233873e+10 m^3
 	 The rest is carried over to next year 

 	 HydroSnow Warning: There is Snow remaining on August 31 
 	 Snowremains 	 = 9.397299e+10 (m^3) 
 	 in year: 1979 
HydroGlacial WARNING: year = 1979, ep =0 
 	 Insufficient precipitation to grow glacier. 
 	 Volume glacier correction: 
 	 Volume should be 	2.950319e+13 m^3
 	 Volume corrected to 	1.233873e+10 m^3
 	 The rest is carried over to next year 

 	 HydroSnow Warning: There is Snow remaining on August 31 
 	 Snowremains 	 = 9.397299e+10 (m^3) 
 	 in year: 1979 
HydroGlacial WARNING: year = 1979, ep =0 
 	 Insufficient precipitation to grow glacier. 
 	 Volume glacier correction: 
 	 Volume should be 	2.950319e+13 m^3
 	 Volume corrected to 	1.233873e+10 m^3
 	 The rest is carried over to next year 

 	 HydroSnow Warning: There is Snow remaining on August 31 
 	 Snowremains 	 = 9.397299e+10 (m^3) 
 	 in year: 1979 
HydroGlacial WARNING: year = 1979, ep =0 
 	 Insufficient precipitation to grow glacier. 
 	 Volume glacier correction: 
 	 Volume should be 	2.950319e+13 m^3
 	 Volume corrected to 	1.233873e+10 m^3
 	 The rest is carried over to next year 

 	 HydroSnow Warning: There is Snow remaining on August 31 
 	 Snowremains 	 = 9.397299e+10 (m^3) 
 	 in year: 1979 
HydroGlacial WARNING: year = 1979, ep =0 
 	 Insufficient precipitation to grow glacier. 
 	 Volume glacier correction: 
 	 Volume should be 	2.950319e+13 m^3
 	 Volume corrected to 	1.233873e+10 m^3
 	 The rest is carried over to next year 

 	 HydroSnow Warning: There is Snow remaining on August 31 
 	 Snowremains 	 = 9.397299e+10 (m^3) 
 	 in year: 1979 
HydroGlacial WARNING: year = 1979, ep =0 
 	 Insufficient precipitation to grow glacier. 
 	 Volume glacier correction: 
 	 Volume should be 	2.950319e+13 m^3
 	 Volume corrected to 	1.233873e+10 m^3
 	 The rest is carried over to next year 

 	 HydroSnow Warning: There is Snow remaining on August 31 
 	 Snowremains 	 = 9.397299e+10 (m^3) 
 	 in year: 1979 
HydroGlacial WARNING: year = 1979, ep =0 
 	 Insufficient precipitation to grow glacier. 
 	 Volume glacier correction: 
 	 Volume should be 	2.950319e+13 m^3
 	 Volume corrected to 	1.233873e+10 m^3
 	 The rest is carried over to next year 

 	 HydroSnow Warning: There is Snow remaining on August 31 
 	 Snowremains 	 = 9.397299e+10 (m^3) 
 	 in year: 1979 
HydroGlacial WARNING: year = 1979, ep =0 
 	 Insufficient precipitation to grow glacier. 
 	 Volume glacier correction: 
 	 Volume should be 	2.950319e+13 m^3
 	 Volume corrected to 	1.233873e+10 m^3
 	 The rest is carried over to next year 

 	 HydroSnow Warning: There is Snow remaining on August 31 
 	 Snowremains 	 = 9.397299e+10 (m^3) 
 	 in year: 1979 
   FLOOD WARNING: the maximum predicted flood size has been exceeded. 
      Epoch 1, year 1979 
      Maximum predicted flood 56740.8 (m^3/s) 
      Modeled flood peak 68070.2 (m^3/s) 
HydroGlacial WARNING: year = 1980, ep =0 
 	 Insufficient precipitation to grow glacier. 
 	 Volume glacier correction: 
 	 Volume should be 	2.950319e+13 m^3
 	 Volume corrected to 	2.432381e+10 m^3
 	 The rest is carried over to next year 

 	 HydroSnow Warning: There is Snow remaining on August 31 
 	 Snowremains 	 = 1.146002e+11 (m^3) 
 	 in year: 1980 
HydroGlacial WARNING: year = 1980, ep =0 
 	 Insufficient precipitation to grow glacier. 
 	 Volume glacier correction: 
 	 Volume should be 	2.950319e+13 m^3
 	 Volume corrected to 	1.198508e+10 m^3
 	 The rest is carried over to next year 

 	 HydroSnow Warning: There is Snow remaining on August 31 
 	 Snowremains 	 = 1.146002e+11 (m^3) 
 	 in year: 1980 
HydroGlacial WARNING: year = 1980, ep =0 
 	 Insufficient precipitation to grow glacier. 
 	 Volume glacier correction: 
 	 Volume should be 	2.950319e+13 m^3
 	 Volume corrected to 	1.198508e+10 m^3
 	 The rest is carried over to next year 

 	 HydroSnow Warning: There is Snow remaining on August 31 
 	 Snowremains 	 = 1.146002e+11 (m^3) 
 	 in year: 1980 
HydroGlacial WARNING: year = 1980, ep =0 
 	 Insufficient precipitation to grow glacier. 
 	 Volume glacier correction: 
 	 Volume should be 	2.950319e+13 m^3
 	 Volume corrected to 	1.198508e+10 m^3
 	 The rest is carried over to next year 

 	 HydroSnow Warning: There is Snow remaining on August 31 
 	 Snowremains 	 = 1.146002e+11 (m^3) 
 	 in year: 1980 
HydroGlacial WARNING: year = 1980, ep =0 
 	 Insufficient precipitation to grow glacier. 
 	 Volume glacier correction: 
 	 Volume should be 	2.950319e+13 m^3
 	 Volume corrected to 	1.198508e+10 m^3
 	 The rest is carried over to next year 

 	 HydroSnow Warning: There is Snow remaining on August 31 
 	 Snowremains 	 = 1.146002e+11 (m^3) 
 	 in year: 1980 
HydroGlacial WARNING: year = 1980, ep =0 
 	 Insufficient precipitation to grow glacier. 
 	 Volume glacier correction: 
 	 Volume should be 	2.950319e+13 m^3
 	 Volume corrected to 	1.198508e+10 m^3
 	 The rest is carried over to next year 

 	 HydroSnow Warning: There is Snow remaining on August 31 
 	 Snowremains 	 = 1.146002e+11 (m^3) 
 	 in year: 1980 
HydroGlacial WARNING: year = 1980, ep =0 
 	 Insufficient precipitation to grow glacier. 
 	 Volume glacier correction: 
 	 Volume should be 	2.950319e+13 m^3
 	 Volume corrected to 	1.198508e+10 m^3
 	 The rest is carried over to next year 

 	 HydroSnow Warning: There is Snow remaining on August 31 
 	 Snowremains 	 = 1.146002e+11 (m^3) 
 	 in year: 1980 
HydroGlacial WARNING: year = 1980, ep =0 
 	 Insufficient precipitation to grow glacier. 
 	 Volume glacier correction: 
 	 Volume should be 	2.950319e+13 m^3
 	 Volume corrected to 	1.198508e+10 m^3
 	 The rest is carried over to next year 

 	 HydroSnow Warning: There is Snow remaining on August 31 
 	 Snowremains 	 = 1.146002e+11 (m^3) 
 	 in year: 1980 
HydroGlacial WARNING: year = 1980, ep =0 
 	 Insufficient precipitation to grow glacier. 
 	 Volume glacier correction: 
 	 Volume should be 	2.950319e+13 m^3
 	 Volume corrected to 	1.198508e+10 m^3
 	 The rest is carried over to next year 

 	 HydroSnow Warning: There is Snow remaining on August 31 
 	 Snowremains 	 = 1.146002e+11 (m^3) 
 	 in year: 1980 
HydroGlacial WARNING: year = 1980, ep =0 
 	 Insufficient precipitation to grow glacier. 
 	 Volume glacier correction: 
 	 Volume should be 	2.950319e+13 m^3
 	 Volume corrected to 	1.198508e+10 m^3
 	 The rest is carried over to next year 

 	 HydroSnow Warning: There is Snow remaining on August 31 
 	 Snowremains 	 = 1.146002e+11 (m^3) 
 	 in year: 1980 
   FLOOD WARNING: the maximum predicted flood size has been exceeded. 
      Epoch 1, year 1980 
      Maximum predicted flood 56740.8 (m^3/s) 
      Modeled flood peak 94653.1 (m^3/s) 
HydroGlacial WARNING: year = 1981, ep =0 
 	 Insufficient precipitation to grow glacier. 
 	 Volume glacier correction: 
 	 Volume should be 	2.950319e+13 m^3
 	 Volume corrected to 	2.620872e+10 m^3
 	 The rest is carried over to next year 

 	 HydroSnow Warning: There is Snow remaining on August 31 
 	 Snowremains 	 = 1.438059e+11 (m^3) 
 	 in year: 1981 
HydroGlacial WARNING: year = 1981, ep =0 
 	 Insufficient precipitation to grow glacier. 
 	 Volume glacier correction: 
 	 Volume should be 	2.950319e+13 m^3
 	 Volume corrected to 	1.422364e+10 m^3
 	 The rest is carried over to next year 

 	 HydroSnow Warning: There is Snow remaining on August 31 
 	 Snowremains 	 = 1.438059e+11 (m^3) 
 	 in year: 1981 
HydroGlacial WARNING: year = 1981, ep =0 
 	 Insufficient precipitation to grow glacier. 
 	 Volume glacier correction: 
 	 Volume should be 	2.950319e+13 m^3
 	 Volume corrected to 	1.422364e+10 m^3
 	 The rest is carried over to next year 

 	 HydroSnow Warning: There is Snow remaining on August 31 
 	 Snowremains 	 = 1.438059e+11 (m^3) 
 	 in year: 1981 
HydroGlacial WARNING: year = 1981, ep =0 
 	 Insufficient precipitation to grow glacier. 
 	 Volume glacier correction: 
 	 Volume should be 	2.950319e+13 m^3
 	 Volume corrected to 	1.422364e+10 m^3
 	 The rest is carried over to next year 

 	 HydroSnow Warning: There is Snow remaining on August 31 
 	 Snowremains 	 = 1.438059e+11 (m^3) 
 	 in year: 1981 
HydroGlacial WARNING: year = 1981, ep =0 
 	 Insufficient precipitation to grow glacier. 
 	 Volume glacier correction: 
 	 Volume should be 	2.950319e+13 m^3
 	 Volume corrected to 	1.422364e+10 m^3
 	 The rest is carried over to next year 

 	 HydroSnow Warning: There is Snow remaining on August 31 
 	 Snowremains 	 = 1.438059e+11 (m^3) 
 	 in year: 1981 
HydroGlacial WARNING: year = 1981, ep =0 
 	 Insufficient precipitation to grow glacier. 
 	 Volume glacier correction: 
 	 Volume should be 	2.950319e+13 m^3
 	 Volume corrected to 	1.422364e+10 m^3
 	 The rest is carried over to next year 

 	 HydroSnow Warning: There is Snow remaining on August 31 
 	 Snowremains 	 = 1.438059e+11 (m^3) 
 	 in year: 1981 
HydroGlacial WARNING: year = 1981, ep =0 
 	 Insufficient precipitation to grow glacier. 
 	 Volume glacier correction: 
 	 Volume should be 	2.950319e+13 m^3
 	 Volume corrected to 	1.422364e+10 m^3
 	 The rest is carried over to next year 

 	 HydroSnow Warning: There is Snow remaining on August 31 
 	 Snowremains 	 = 1.438059e+11 (m^3) 
 	 in year: 1981 
HydroGlacial WARNING: year = 1981, ep =0 
 	 Insufficient precipitation to grow glacier. 
 	 Volume glacier correction: 
 	 Volume should be 	2.950319e+13 m^3
 	 Volume corrected to 	1.422364e+10 m^3
 	 The rest is carried over to next year 

 	 HydroSnow Warning: There is Snow remaining on August 31 
 	 Snowremains 	 = 1.438059e+11 (m^3) 
 	 in year: 1981 
HydroGlacial WARNING: year = 1981, ep =0 
 	 Insufficient precipitation to grow glacier. 
 	 Volume glacier correction: 
 	 Volume should be 	2.950319e+13 m^3
 	 Volume corrected to 	1.422364e+10 m^3
 	 The rest is carried over to next year 

 	 HydroSnow Warning: There is Snow remaining on August 31 
 	 Snowremains 	 = 1.438059e+11 (m^3) 
 	 in year: 1981 
HydroGlacial WARNING: year = 1981, ep =0 
 	 Insufficient precipitation to grow glacier. 
 	 Volume glacier correction: 
 	 Volume should be 	2.950319e+13 m^3
 	 Volume corrected to 	1.422364e+10 m^3
 	 The rest is carried over to next year 

 	 HydroSnow Warning: There is Snow remaining on August 31 
 	 Snowremains 	 = 1.438059e+11 (m^3) 
 	 in year: 1981 
   FLOOD WARNING: the maximum predicted flood size has been exceeded. 
      Epoch 1, year 1981 
      Maximum predicted flood 56740.8 (m^3/s) 
      Modeled flood peak 72894.8 (m^3/s) 
HydroGlacial WARNING: year = 1982, ep =0 
 	 Insufficient precipitation to grow glacier. 
 	 Volume glacier correction: 
 	 Volume should be 	2.950319e+13 m^3
 	 Volume corrected to 	2.820033e+10 m^3
 	 The rest is carried over to next year 

 	 HydroSnow Warning: There is Snow remaining on August 31 
 	 Snowremains 	 = 1.775720e+11 (m^3) 
 	 in year: 1982 
HydroGlacial WARNING: year = 1982, ep =0 
 	 Insufficient precipitation to grow glacier. 
 	 Volume glacier correction: 
 	 Volume should be 	2.950319e+13 m^3
 	 Volume corrected to 	1.397669e+10 m^3
 	 The rest is carried over to next year 

 	 HydroSnow Warning: There is Snow remaining on August 31 
 	 Snowremains 	 = 1.775720e+11 (m^3) 
 	 in year: 1982 
HydroGlacial WARNING: year = 1982, ep =0 
 	 Insufficient precipitation to grow glacier. 
 	 Volume glacier correction: 
 	 Volume should be 	2.950319e+13 m^3
 	 Volume corrected to 	1.397669e+10 m^3
 	 The rest is carried over to next year 

 	 HydroSnow Warning: There is Snow remaining on August 31 
 	 Snowremains 	 = 1.775720e+11 (m^3) 
 	 in year: 1982 
HydroGlacial WARNING: year = 1982, ep =0 
 	 Insufficient precipitation to grow glacier. 
 	 Volume glacier correction: 
 	 Volume should be 	2.950319e+13 m^3
 	 Volume corrected to 	1.397669e+10 m^3
 	 The rest is carried over to next year 

 	 HydroSnow Warning: There is Snow remaining on August 31 
 	 Snowremains 	 = 1.775720e+11 (m^3) 
 	 in year: 1982 
HydroGlacial WARNING: year = 1982, ep =0 
 	 Insufficient precipitation to grow glacier. 
 	 Volume glacier correction: 
 	 Volume should be 	2.950319e+13 m^3
 	 Volume corrected to 	1.397669e+10 m^3
 	 The rest is carried over to next year 

 	 HydroSnow Warning: There is Snow remaining on August 31 
 	 Snowremains 	 = 1.775720e+11 (m^3) 
 	 in year: 1982 
HydroGlacial WARNING: year = 1982, ep =0 
 	 Insufficient precipitation to grow glacier. 
 	 Volume glacier correction: 
 	 Volume should be 	2.950319e+13 m^3
 	 Volume corrected to 	1.397669e+10 m^3
 	 The rest is carried over to next year 

 	 HydroSnow Warning: There is Snow remaining on August 31 
 	 Snowremains 	 = 1.775720e+11 (m^3) 
 	 in year: 1982 
HydroGlacial WARNING: year = 1982, ep =0 
 	 Insufficient precipitation to grow glacier. 
 	 Volume glacier correction: 
 	 Volume should be 	2.950319e+13 m^3
 	 Volume corrected to 	1.397669e+10 m^3
 	 The rest is carried over to next year 

 	 HydroSnow Warning: There is Snow remaining on August 31 
 	 Snowremains 	 = 1.775720e+11 (m^3) 
 	 in year: 1982 
HydroGlacial WARNING: year = 1982, ep =0 
 	 Insufficient precipitation to grow glacier. 
 	 Volume glacier correction: 
 	 Volume should be 	2.950319e+13 m^3
 	 Volume corrected to 	1.397669e+10 m^3
 	 The rest is carried over to next year 

 	 HydroSnow Warning: There is Snow remaining on August 31 
 	 Snowremains 	 = 1.775720e+11 (m^3) 
 	 in year: 1982 
HydroGlacial WARNING: year = 1982, ep =0 
 	 Insufficient precipitation to grow glacier. 
 	 Volume glacier correction: 
 	 Volume should be 	2.950319e+13 m^3
 	 Volume corrected to 	1.397669e+10 m^3
 	 The rest is carried over to next year 

 	 HydroSnow Warning: There is Snow remaining on August 31 
 	 Snowremains 	 = 1.775720e+11 (m^3) 
 	 in year: 1982 
HydroGlacial WARNING: year = 1982, ep =0 
 	 Insufficient precipitation to grow glacier. 
 	 Volume glacier correction: 
 	 Volume should be 	2.950319e+13 m^3
 	 Volume corrected to 	1.397669e+10 m^3
 	 The rest is carried over to next year 

 	 HydroSnow Warning: There is Snow remaining on August 31 
 	 Snowremains 	 = 1.775720e+11 (m^3) 
 	 in year: 1982 
   FLOOD WARNING: the maximum predicted flood size has been exceeded. 
      Epoch 1, year 1982 
      Maximum predicted flood 56740.8 (m^3/s) 
      Modeled flood peak 83168.2 (m^3/s) 
HydroGlacial WARNING: year = 1983, ep =0 
 	 Insufficient precipitation to grow glacier. 
 	 Volume glacier correction: 
 	 Volume should be 	2.950319e+13 m^3
 	 Volume corrected to 	2.699300e+10 m^3
 	 The rest is carried over to next year 

 	 HydroSnow Warning: There is Snow remaining on August 31 
 	 Snowremains 	 = 2.098064e+11 (m^3) 
 	 in year: 1983 
HydroGlacial WARNING: year = 1983, ep =0 
 	 Insufficient precipitation to grow glacier. 
 	 Volume glacier correction: 
 	 Volume should be 	2.950319e+13 m^3
 	 Volume corrected to 	1.301631e+10 m^3
 	 The rest is carried over to next year 

 	 HydroSnow Warning: There is Snow remaining on August 31 
 	 Snowremains 	 = 2.098064e+11 (m^3) 
 	 in year: 1983 
HydroGlacial WARNING: year = 1983, ep =0 
 	 Insufficient precipitation to grow glacier. 
 	 Volume glacier correction: 
 	 Volume should be 	2.950319e+13 m^3
 	 Volume corrected to 	1.301631e+10 m^3
 	 The rest is carried over to next year 

 	 HydroSnow Warning: There is Snow remaining on August 31 
 	 Snowremains 	 = 2.098064e+11 (m^3) 
 	 in year: 1983 
HydroGlacial WARNING: year = 1983, ep =0 
 	 Insufficient precipitation to grow glacier. 
 	 Volume glacier correction: 
 	 Volume should be 	2.950319e+13 m^3
 	 Volume corrected to 	1.301631e+10 m^3
 	 The rest is carried over to next year 

 	 HydroSnow Warning: There is Snow remaining on August 31 
 	 Snowremains 	 = 2.098064e+11 (m^3) 
 	 in year: 1983 
HydroGlacial WARNING: year = 1983, ep =0 
 	 Insufficient precipitation to grow glacier. 
 	 Volume glacier correction: 
 	 Volume should be 	2.950319e+13 m^3
 	 Volume corrected to 	1.301631e+10 m^3
 	 The rest is carried over to next year 

 	 HydroSnow Warning: There is Snow remaining on August 31 
 	 Snowremains 	 = 2.098064e+11 (m^3) 
 	 in year: 1983 
HydroGlacial WARNING: year = 1983, ep =0 
 	 Insufficient precipitation to grow glacier. 
 	 Volume glacier correction: 
 	 Volume should be 	2.950319e+13 m^3
 	 Volume corrected to 	1.301631e+10 m^3
 	 The rest is carried over to next year 

 	 HydroSnow Warning: There is Snow remaining on August 31 
 	 Snowremains 	 = 2.098064e+11 (m^3) 
 	 in year: 1983 
HydroGlacial WARNING: year = 1983, ep =0 
 	 Insufficient precipitation to grow glacier. 
 	 Volume glacier correction: 
 	 Volume should be 	2.950319e+13 m^3
 	 Volume corrected to 	1.301631e+10 m^3
 	 The rest is carried over to next year 

 	 HydroSnow Warning: There is Snow remaining on August 31 
 	 Snowremains 	 = 2.098064e+11 (m^3) 
 	 in year: 1983 
HydroGlacial WARNING: year = 1983, ep =0 
 	 Insufficient precipitation to grow glacier. 
 	 Volume glacier correction: 
 	 Volume should be 	2.950319e+13 m^3
 	 Volume corrected to 	1.301631e+10 m^3
 	 The rest is carried over to next year 

 	 HydroSnow Warning: There is Snow remaining on August 31 
 	 Snowremains 	 = 2.098064e+11 (m^3) 
 	 in year: 1983 
HydroGlacial WARNING: year = 1983, ep =0 
 	 Insufficient precipitation to grow glacier. 
 	 Volume glacier correction: 
 	 Volume should be 	2.950319e+13 m^3
 	 Volume corrected to 	1.301631e+10 m^3
 	 The rest is carried over to next year 

 	 HydroSnow Warning: There is Snow remaining on August 31 
 	 Snowremains 	 = 2.098064e+11 (m^3) 
 	 in year: 1983 
HydroGlacial WARNING: year = 1983, ep =0 
 	 Insufficient precipitation to grow glacier. 
 	 Volume glacier correction: 
 	 Volume should be 	2.950319e+13 m^3
 	 Volume corrected to 	1.301631e+10 m^3
 	 The rest is carried over to next year 

 	 HydroSnow Warning: There is Snow remaining on August 31 
 	 Snowremains 	 = 2.098064e+11 (m^3) 
 	 in year: 1983 
   FLOOD WARNING: the maximum predicted flood size has been exceeded. 
      Epoch 1, year 1983 
      Maximum predicted flood 56740.8 (m^3/s) 
      Modeled flood peak 60436.2 (m^3/s) 
HydroGlacial WARNING: year = 1984, ep =0 
 	 Insufficient precipitation to grow glacier. 
 	 Volume glacier correction: 
 	 Volume should be 	2.950319e+13 m^3
 	 Volume corrected to 	2.493221e+10 m^3
 	 The rest is carried over to next year 

 	 HydroSnow Warning: There is Snow remaining on August 31 
 	 Snowremains 	 = 2.298831e+11 (m^3) 
 	 in year: 1984 
HydroGlacial WARNING: year = 1984, ep =0 
 	 Insufficient precipitation to grow glacier. 
 	 Volume glacier correction: 
 	 Volume should be 	2.950319e+13 m^3
 	 Volume corrected to 	1.191590e+10 m^3
 	 The rest is carried over to next year 

 	 HydroSnow Warning: There is Snow remaining on August 31 
 	 Snowremains 	 = 2.298831e+11 (m^3) 
 	 in year: 1984 
HydroGlacial WARNING: year = 1984, ep =0 
 	 Insufficient precipitation to grow glacier. 
 	 Volume glacier correction: 
 	 Volume should be 	2.950319e+13 m^3
 	 Volume corrected to 	1.191590e+10 m^3
 	 The rest is carried over to next year 

 	 HydroSnow Warning: There is Snow remaining on August 31 
 	 Snowremains 	 = 2.298831e+11 (m^3) 
 	 in year: 1984 
HydroGlacial WARNING: year = 1984, ep =0 
 	 Insufficient precipitation to grow glacier. 
 	 Volume glacier correction: 
 	 Volume should be 	2.950319e+13 m^3
 	 Volume corrected to 	1.191590e+10 m^3
 	 The rest is carried over to next year 

 	 HydroSnow Warning: There is Snow remaining on August 31 
 	 Snowremains 	 = 2.298831e+11 (m^3) 
 	 in year: 1984 
HydroGlacial WARNING: year = 1984, ep =0 
 	 Insufficient precipitation to grow glacier. 
 	 Volume glacier correction: 
 	 Volume should be 	2.950319e+13 m^3
 	 Volume corrected to 	1.191590e+10 m^3
 	 The rest is carried over to next year 

 	 HydroSnow Warning: There is Snow remaining on August 31 
 	 Snowremains 	 = 2.298831e+11 (m^3) 
 	 in year: 1984 
HydroGlacial WARNING: year = 1984, ep =0 
 	 Insufficient precipitation to grow glacier. 
 	 Volume glacier correction: 
 	 Volume should be 	2.950319e+13 m^3
 	 Volume corrected to 	1.191590e+10 m^3
 	 The rest is carried over to next year 

 	 HydroSnow Warning: There is Snow remaining on August 31 
 	 Snowremains 	 = 2.298831e+11 (m^3) 
 	 in year: 1984 
HydroGlacial WARNING: year = 1984, ep =0 
 	 Insufficient precipitation to grow glacier. 
 	 Volume glacier correction: 
 	 Volume should be 	2.950319e+13 m^3
 	 Volume corrected to 	1.191590e+10 m^3
 	 The rest is carried over to next year 

 	 HydroSnow Warning: There is Snow remaining on August 31 
 	 Snowremains 	 = 2.298831e+11 (m^3) 
 	 in year: 1984 
HydroGlacial WARNING: year = 1984, ep =0 
 	 Insufficient precipitation to grow glacier. 
 	 Volume glacier correction: 
 	 Volume should be 	2.950319e+13 m^3
 	 Volume corrected to 	1.191590e+10 m^3
 	 The rest is carried over to next year 

 	 HydroSnow Warning: There is Snow remaining on August 31 
 	 Snowremains 	 = 2.298831e+11 (m^3) 
 	 in year: 1984 
HydroGlacial WARNING: year = 1984, ep =0 
 	 Insufficient precipitation to grow glacier. 
 	 Volume glacier correction: 
 	 Volume should be 	2.950319e+13 m^3
 	 Volume corrected to 	1.191590e+10 m^3
 	 The rest is carried over to next year 

 	 HydroSnow Warning: There is Snow remaining on August 31 
 	 Snowremains 	 = 2.298831e+11 (m^3) 
 	 in year: 1984 
HydroGlacial WARNING: year = 1984, ep =0 
 	 Insufficient precipitation to grow glacier. 
 	 Volume glacier correction: 
 	 Volume should be 	2.950319e+13 m^3
 	 Volume corrected to 	1.191590e+10 m^3
 	 The rest is carried over to next year 

 	 HydroSnow Warning: There is Snow remaining on August 31 
 	 Snowremains 	 = 2.298831e+11 (m^3) 
 	 in year: 1984 
   FLOOD WARNING: the maximum predicted flood size has been exceeded. 
      Epoch 1, year 1984 
      Maximum predicted flood 56740.8 (m^3/s) 
      Modeled flood peak 96468.9 (m^3/s) 
HydroGlacial WARNING: year = 1985, ep =0 
 	 Insufficient precipitation to grow glacier. 
 	 Volume glacier correction: 
 	 Volume should be 	2.950319e+13 m^3
 	 Volume corrected to 	2.448090e+10 m^3
 	 The rest is carried over to next year 

 	 HydroSnow Warning: There is Snow remaining on August 31 
 	 Snowremains 	 = 2.523948e+11 (m^3) 
 	 in year: 1985 
HydroGlacial WARNING: year = 1986, ep =0 
 	 Insufficient precipitation to grow glacier. 
 	 Volume glacier correction: 
 	 Volume should be 	2.950319e+13 m^3
 	 Volume corrected to 	3.742577e+10 m^3
 	 The rest is carried over to next year 

 	 HydroSnow Warning: There is Snow remaining on August 31 
 	 Snowremains 	 = 2.765878e+11 (m^3) 
 	 in year: 1986 
HydroGlacial WARNING: year = 1986, ep =0 
 	 Insufficient precipitation to grow glacier. 
 	 Volume glacier correction: 
 	 Volume should be 	2.950319e+13 m^3
 	 Volume corrected to 	1.294487e+10 m^3
 	 The rest is carried over to next year 

 	 HydroSnow Warning: There is Snow remaining on August 31 
 	 Snowremains 	 = 2.765878e+11 (m^3) 
 	 in year: 1986 
HydroGlacial WARNING: year = 1986, ep =0 
 	 Insufficient precipitation to grow glacier. 
 	 Volume glacier correction: 
 	 Volume should be 	2.950319e+13 m^3
 	 Volume corrected to 	1.294487e+10 m^3
 	 The rest is carried over to next year 

 	 HydroSnow Warning: There is Snow remaining on August 31 
 	 Snowremains 	 = 2.765878e+11 (m^3) 
 	 in year: 1986 
HydroGlacial WARNING: year = 1986, ep =0 
 	 Insufficient precipitation to grow glacier. 
 	 Volume glacier correction: 
 	 Volume should be 	2.950319e+13 m^3
 	 Volume corrected to 	1.294487e+10 m^3
 	 The rest is carried over to next year 

 	 HydroSnow Warning: There is Snow remaining on August 31 
 	 Snowremains 	 = 2.765878e+11 (m^3) 
 	 in year: 1986 
HydroGlacial WARNING: year = 1986, ep =0 
 	 Insufficient precipitation to grow glacier. 
 	 Volume glacier correction: 
 	 Volume should be 	2.950319e+13 m^3
 	 Volume corrected to 	1.294487e+10 m^3
 	 The rest is carried over to next year 

 	 HydroSnow Warning: There is Snow remaining on August 31 
 	 Snowremains 	 = 2.765878e+11 (m^3) 
 	 in year: 1986 
HydroGlacial WARNING: year = 1986, ep =0 
 	 Insufficient precipitation to grow glacier. 
 	 Volume glacier correction: 
 	 Volume should be 	2.950319e+13 m^3
 	 Volume corrected to 	1.294487e+10 m^3
 	 The rest is carried over to next year 

 	 HydroSnow Warning: There is Snow remaining on August 31 
 	 Snowremains 	 = 2.765878e+11 (m^3) 
 	 in year: 1986 
HydroGlacial WARNING: year = 1986, ep =0 
 	 Insufficient precipitation to grow glacier. 
 	 Volume glacier correction: 
 	 Volume should be 	2.950319e+13 m^3
 	 Volume corrected to 	1.294487e+10 m^3
 	 The rest is carried over to next year 

 	 HydroSnow Warning: There is Snow remaining on August 31 
 	 Snowremains 	 = 2.765878e+11 (m^3) 
 	 in year: 1986 
HydroGlacial WARNING: year = 1986, ep =0 
 	 Insufficient precipitation to grow glacier. 
 	 Volume glacier correction: 
 	 Volume should be 	2.950319e+13 m^3
 	 Volume corrected to 	1.294487e+10 m^3
 	 The rest is carried over to next year 

 	 HydroSnow Warning: There is Snow remaining on August 31 
 	 Snowremains 	 = 2.765878e+11 (m^3) 
 	 in year: 1986 
HydroGlacial WARNING: year = 1986, ep =0 
 	 Insufficient precipitation to grow glacier. 
 	 Volume glacier correction: 
 	 Volume should be 	2.950319e+13 m^3
 	 Volume corrected to 	1.294487e+10 m^3
 	 The rest is carried over to next year 

 	 HydroSnow Warning: There is Snow remaining on August 31 
 	 Snowremains 	 = 2.765878e+11 (m^3) 
 	 in year: 1986 
HydroGlacial WARNING: year = 1986, ep =0 
 	 Insufficient precipitation to grow glacier. 
 	 Volume glacier correction: 
 	 Volume should be 	2.950319e+13 m^3
 	 Volume corrected to 	1.294487e+10 m^3
 	 The rest is carried over to next year 

 	 HydroSnow Warning: There is Snow remaining on August 31 
 	 Snowremains 	 = 2.765878e+11 (m^3) 
 	 in year: 1986 
   FLOOD WARNING: the maximum predicted flood size has been exceeded. 
      Epoch 1, year 1986 
      Maximum predicted flood 56740.8 (m^3/s) 
      Modeled flood peak 64266.9 (m^3/s) 
HydroGlacial WARNING: year = 1987, ep =0 
 	 Insufficient precipitation to grow glacier. 
 	 Volume glacier correction: 
 	 Volume should be 	2.950319e+13 m^3
 	 Volume corrected to 	2.396005e+10 m^3
 	 The rest is carried over to next year 

 	 HydroSnow Warning: There is Snow remaining on August 31 
 	 Snowremains 	 = 2.994695e+11 (m^3) 
 	 in year: 1987 
HydroGlacial WARNING: year = 1988, ep =0 
 	 Insufficient precipitation to grow glacier. 
 	 Volume glacier correction: 
 	 Volume should be 	2.950319e+13 m^3
 	 Volume corrected to 	3.918949e+10 m^3
 	 The rest is carried over to next year 

 	 HydroSnow Warning: There is Snow remaining on August 31 
 	 Snowremains 	 = 3.330640e+11 (m^3) 
 	 in year: 1988 
HydroGlacial WARNING: year = 1988, ep =0 
 	 Insufficient precipitation to grow glacier. 
 	 Volume glacier correction: 
 	 Volume should be 	2.950319e+13 m^3
 	 Volume corrected to 	1.522943e+10 m^3
 	 The rest is carried over to next year 

 	 HydroSnow Warning: There is Snow remaining on August 31 
 	 Snowremains 	 = 3.330640e+11 (m^3) 
 	 in year: 1988 
HydroGlacial WARNING: year = 1988, ep =0 
 	 Insufficient precipitation to grow glacier. 
 	 Volume glacier correction: 
 	 Volume should be 	2.950319e+13 m^3
 	 Volume corrected to 	1.522943e+10 m^3
 	 The rest is carried over to next year 

 	 HydroSnow Warning: There is Snow remaining on August 31 
 	 Snowremains 	 = 3.330640e+11 (m^3) 
 	 in year: 1988 
HydroGlacial WARNING: year = 1988, ep =0 
 	 Insufficient precipitation to grow glacier. 
 	 Volume glacier correction: 
 	 Volume should be 	2.950319e+13 m^3
 	 Volume corrected to 	1.522943e+10 m^3
 	 The rest is carried over to next year 

 	 HydroSnow Warning: There is Snow remaining on August 31 
 	 Snowremains 	 = 3.330640e+11 (m^3) 
 	 in year: 1988 
HydroGlacial WARNING: year = 1988, ep =0 
 	 Insufficient precipitation to grow glacier. 
 	 Volume glacier correction: 
 	 Volume should be 	2.950319e+13 m^3
 	 Volume corrected to 	1.522943e+10 m^3
 	 The rest is carried over to next year 

 	 HydroSnow Warning: There is Snow remaining on August 31 
 	 Snowremains 	 = 3.330640e+11 (m^3) 
 	 in year: 1988 
HydroGlacial WARNING: year = 1988, ep =0 
 	 Insufficient precipitation to grow glacier. 
 	 Volume glacier correction: 
 	 Volume should be 	2.950319e+13 m^3
 	 Volume corrected to 	1.522943e+10 m^3
 	 The rest is carried over to next year 

 	 HydroSnow Warning: There is Snow remaining on August 31 
 	 Snowremains 	 = 3.330640e+11 (m^3) 
 	 in year: 1988 
HydroGlacial WARNING: year = 1988, ep =0 
 	 Insufficient precipitation to grow glacier. 
 	 Volume glacier correction: 
 	 Volume should be 	2.950319e+13 m^3
 	 Volume corrected to 	1.522943e+10 m^3
 	 The rest is carried over to next year 

 	 HydroSnow Warning: There is Snow remaining on August 31 
 	 Snowremains 	 = 3.330640e+11 (m^3) 
 	 in year: 1988 
HydroGlacial WARNING: year = 1988, ep =0 
 	 Insufficient precipitation to grow glacier. 
 	 Volume glacier correction: 
 	 Volume should be 	2.950319e+13 m^3
 	 Volume corrected to 	1.522943e+10 m^3
 	 The rest is carried over to next year 

 	 HydroSnow Warning: There is Snow remaining on August 31 
 	 Snowremains 	 = 3.330640e+11 (m^3) 
 	 in year: 1988 
HydroGlacial WARNING: year = 1988, ep =0 
 	 Insufficient precipitation to grow glacier. 
 	 Volume glacier correction: 
 	 Volume should be 	2.950319e+13 m^3
 	 Volume corrected to 	1.522943e+10 m^3
 	 The rest is carried over to next year 

 	 HydroSnow Warning: There is Snow remaining on August 31 
 	 Snowremains 	 = 3.330640e+11 (m^3) 
 	 in year: 1988 
HydroGlacial WARNING: year = 1988, ep =0 
 	 Insufficient precipitation to grow glacier. 
 	 Volume glacier correction: 
 	 Volume should be 	2.950319e+13 m^3
 	 Volume corrected to 	1.522943e+10 m^3
 	 The rest is carried over to next year 

 	 HydroSnow Warning: There is Snow remaining on August 31 
 	 Snowremains 	 = 3.330640e+11 (m^3) 
 	 in year: 1988 
   FLOOD WARNING: the maximum predicted flood size has been exceeded. 
      Epoch 1, year 1988 
      Maximum predicted flood 56740.8 (m^3/s) 
      Modeled flood peak 76711.9 (m^3/s) 
HydroGlacial WARNING: year = 1989, ep =0 
 	 Insufficient precipitation to grow glacier. 
 	 Volume glacier correction: 
 	 Volume should be 	2.950319e+13 m^3
 	 Volume corrected to 	2.793868e+10 m^3
 	 The rest is carried over to next year 

 	 HydroSnow Warning: There is Snow remaining on August 31 
 	 Snowremains 	 = 3.639081e+11 (m^3) 
 	 in year: 1989 
HydroGlacial WARNING: year = 1990, ep =0 
 	 Insufficient precipitation to grow glacier. 
 	 Volume glacier correction: 
 	 Volume should be 	2.950319e+13 m^3
 	 Volume corrected to 	4.127602e+10 m^3
 	 The rest is carried over to next year 

 	 HydroSnow Warning: There is Snow remaining on August 31 
 	 Snowremains 	 = 3.947898e+11 (m^3) 
 	 in year: 1990 
HydroGlacial WARNING: year = 1990, ep =0 
 	 Insufficient precipitation to grow glacier. 
 	 Volume glacier correction: 
 	 Volume should be 	2.950319e+13 m^3
 	 Volume corrected to 	1.333734e+10 m^3
 	 The rest is carried over to next year 

 	 HydroSnow Warning: There is Snow remaining on August 31 
 	 Snowremains 	 = 3.947898e+11 (m^3) 
 	 in year: 1990 
HydroGlacial WARNING: year = 1990, ep =0 
 	 Insufficient precipitation to grow glacier. 
 	 Volume glacier correction: 
 	 Volume should be 	2.950319e+13 m^3
 	 Volume corrected to 	1.333734e+10 m^3
 	 The rest is carried over to next year 

 	 HydroSnow Warning: There is Snow remaining on August 31 
 	 Snowremains 	 = 3.947898e+11 (m^3) 
 	 in year: 1990 
HydroGlacial WARNING: year = 1990, ep =0 
 	 Insufficient precipitation to grow glacier. 
 	 Volume glacier correction: 
 	 Volume should be 	2.950319e+13 m^3
 	 Volume corrected to 	1.333734e+10 m^3
 	 The rest is carried over to next year 

 	 HydroSnow Warning: There is Snow remaining on August 31 
 	 Snowremains 	 = 3.947898e+11 (m^3) 
 	 in year: 1990 
HydroGlacial WARNING: year = 1990, ep =0 
 	 Insufficient precipitation to grow glacier. 
 	 Volume glacier correction: 
 	 Volume should be 	2.950319e+13 m^3
 	 Volume corrected to 	1.333734e+10 m^3
 	 The rest is carried over to next year 

 	 HydroSnow Warning: There is Snow remaining on August 31 
 	 Snowremains 	 = 3.947898e+11 (m^3) 
 	 in year: 1990 
HydroGlacial WARNING: year = 1990, ep =0 
 	 Insufficient precipitation to grow glacier. 
 	 Volume glacier correction: 
 	 Volume should be 	2.950319e+13 m^3
 	 Volume corrected to 	1.333734e+10 m^3
 	 The rest is carried over to next year 

 	 HydroSnow Warning: There is Snow remaining on August 31 
 	 Snowremains 	 = 3.947898e+11 (m^3) 
 	 in year: 1990 
HydroGlacial WARNING: year = 1990, ep =0 
 	 Insufficient precipitation to grow glacier. 
 	 Volume glacier correction: 
 	 Volume should be 	2.950319e+13 m^3
 	 Volume corrected to 	1.333734e+10 m^3
 	 The rest is carried over to next year 

 	 HydroSnow Warning: There is Snow remaining on August 31 
 	 Snowremains 	 = 3.947898e+11 (m^3) 
 	 in year: 1990 
HydroGlacial WARNING: year = 1990, ep =0 
 	 Insufficient precipitation to grow glacier. 
 	 Volume glacier correction: 
 	 Volume should be 	2.950319e+13 m^3
 	 Volume corrected to 	1.333734e+10 m^3
 	 The rest is carried over to next year 

 	 HydroSnow Warning: There is Snow remaining on August 31 
 	 Snowremains 	 = 3.947898e+11 (m^3) 
 	 in year: 1990 
HydroGlacial WARNING: year = 1990, ep =0 
 	 Insufficient precipitation to grow glacier. 
 	 Volume glacier correction: 
 	 Volume should be 	2.950319e+13 m^3
 	 Volume corrected to 	1.333734e+10 m^3
 	 The rest is carried over to next year 

 	 HydroSnow Warning: There is Snow remaining on August 31 
 	 Snowremains 	 = 3.947898e+11 (m^3) 
 	 in year: 1990 
HydroGlacial WARNING: year = 1990, ep =0 
 	 Insufficient precipitation to grow glacier. 
 	 Volume glacier correction: 
 	 Volume should be 	2.950319e+13 m^3
 	 Volume corrected to 	1.333734e+10 m^3
 	 The rest is carried over to next year 

 	 HydroSnow Warning: There is Snow remaining on August 31 
 	 Snowremains 	 = 3.947898e+11 (m^3) 
 	 in year: 1990 
   FLOOD WARNING: the maximum predicted flood size has been exceeded. 
      Epoch 1, year 1990 
      Maximum predicted flood 56740.8 (m^3/s) 
      Modeled flood peak 68556 (m^3/s) 
HydroGlacial WARNING: year = 1991, ep =0 
 	 Insufficient precipitation to grow glacier. 
 	 Volume glacier correction: 
 	 Volume should be 	2.950319e+13 m^3
 	 Volume corrected to 	2.678819e+10 m^3
 	 The rest is carried over to next year 

 	 HydroSnow Warning: There is Snow remaining on August 31 
 	 Snowremains 	 = 4.214949e+11 (m^3) 
 	 in year: 1991 
HydroGlacial WARNING: year = 1991, ep =0 
 	 Insufficient precipitation to grow glacier. 
 	 Volume glacier correction: 
 	 Volume should be 	2.950319e+13 m^3
 	 Volume corrected to 	1.345086e+10 m^3
 	 The rest is carried over to next year 

 	 HydroSnow Warning: There is Snow remaining on August 31 
 	 Snowremains 	 = 4.214949e+11 (m^3) 
 	 in year: 1991 
HydroGlacial WARNING: year = 1991, ep =0 
 	 Insufficient precipitation to grow glacier. 
 	 Volume glacier correction: 
 	 Volume should be 	2.950319e+13 m^3
 	 Volume corrected to 	1.345086e+10 m^3
 	 The rest is carried over to next year 

 	 HydroSnow Warning: There is Snow remaining on August 31 
 	 Snowremains 	 = 4.214949e+11 (m^3) 
 	 in year: 1991 
HydroGlacial WARNING: year = 1991, ep =0 
 	 Insufficient precipitation to grow glacier. 
 	 Volume glacier correction: 
 	 Volume should be 	2.950319e+13 m^3
 	 Volume corrected to 	1.345086e+10 m^3
 	 The rest is carried over to next year 

 	 HydroSnow Warning: There is Snow remaining on August 31 
 	 Snowremains 	 = 4.214949e+11 (m^3) 
 	 in year: 1991 
HydroGlacial WARNING: year = 1991, ep =0 
 	 Insufficient precipitation to grow glacier. 
 	 Volume glacier correction: 
 	 Volume should be 	2.950319e+13 m^3
 	 Volume corrected to 	1.345086e+10 m^3
 	 The rest is carried over to next year 

 	 HydroSnow Warning: There is Snow remaining on August 31 
 	 Snowremains 	 = 4.214949e+11 (m^3) 
 	 in year: 1991 
HydroGlacial WARNING: year = 1991, ep =0 
 	 Insufficient precipitation to grow glacier. 
 	 Volume glacier correction: 
 	 Volume should be 	2.950319e+13 m^3
 	 Volume corrected to 	1.345086e+10 m^3
 	 The rest is carried over to next year 

 	 HydroSnow Warning: There is Snow remaining on August 31 
 	 Snowremains 	 = 4.214949e+11 (m^3) 
 	 in year: 1991 
HydroGlacial WARNING: year = 1991, ep =0 
 	 Insufficient precipitation to grow glacier. 
 	 Volume glacier correction: 
 	 Volume should be 	2.950319e+13 m^3
 	 Volume corrected to 	1.345086e+10 m^3
 	 The rest is carried over to next year 

 	 HydroSnow Warning: There is Snow remaining on August 31 
 	 Snowremains 	 = 4.214949e+11 (m^3) 
 	 in year: 1991 
HydroGlacial WARNING: year = 1991, ep =0 
 	 Insufficient precipitation to grow glacier. 
 	 Volume glacier correction: 
 	 Volume should be 	2.950319e+13 m^3
 	 Volume corrected to 	1.345086e+10 m^3
 	 The rest is carried over to next year 

 	 HydroSnow Warning: There is Snow remaining on August 31 
 	 Snowremains 	 = 4.214949e+11 (m^3) 
 	 in year: 1991 
HydroGlacial WARNING: year = 1991, ep =0 
 	 Insufficient precipitation to grow glacier. 
 	 Volume glacier correction: 
 	 Volume should be 	2.950319e+13 m^3
 	 Volume corrected to 	1.345086e+10 m^3
 	 The rest is carried over to next year 

 	 HydroSnow Warning: There is Snow remaining on August 31 
 	 Snowremains 	 = 4.214949e+11 (m^3) 
 	 in year: 1991 
HydroGlacial WARNING: year = 1991, ep =0 
 	 Insufficient precipitation to grow glacier. 
 	 Volume glacier correction: 
 	 Volume should be 	2.950319e+13 m^3
 	 Volume corrected to 	1.345086e+10 m^3
 	 The rest is carried over to next year 

 	 HydroSnow Warning: There is Snow remaining on August 31 
 	 Snowremains 	 = 4.214949e+11 (m^3) 
 	 in year: 1991 
   FLOOD WARNING: the maximum predicted flood size has been exceeded. 
      Epoch 1, year 1991 
      Maximum predicted flood 56740.8 (m^3/s) 
      Modeled flood peak 86360.3 (m^3/s) 
HydroGlacial WARNING: year = 1992, ep =0 
 	 Insufficient precipitation to grow glacier. 
 	 Volume glacier correction: 
 	 Volume should be 	2.950319e+13 m^3
 	 Volume corrected to 	2.752796e+10 m^3
 	 The rest is carried over to next year 

 	 HydroSnow Warning: There is Snow remaining on August 31 
 	 Snowremains 	 = 4.468259e+11 (m^3) 
 	 in year: 1992 
HydroGlacial WARNING: year = 1992, ep =0 
 	 Insufficient precipitation to grow glacier. 
 	 Volume glacier correction: 
 	 Volume should be 	2.950319e+13 m^3
 	 Volume corrected to 	1.407710e+10 m^3
 	 The rest is carried over to next year 

 	 HydroSnow Warning: There is Snow remaining on August 31 
 	 Snowremains 	 = 4.468259e+11 (m^3) 
 	 in year: 1992 
HydroGlacial WARNING: year = 1992, ep =0 
 	 Insufficient precipitation to grow glacier. 
 	 Volume glacier correction: 
 	 Volume should be 	2.950319e+13 m^3
 	 Volume corrected to 	1.407710e+10 m^3
 	 The rest is carried over to next year 

 	 HydroSnow Warning: There is Snow remaining on August 31 
 	 Snowremains 	 = 4.468259e+11 (m^3) 
 	 in year: 1992 
HydroGlacial WARNING: year = 1992, ep =0 
 	 Insufficient precipitation to grow glacier. 
 	 Volume glacier correction: 
 	 Volume should be 	2.950319e+13 m^3
 	 Volume corrected to 	1.407710e+10 m^3
 	 The rest is carried over to next year 

 	 HydroSnow Warning: There is Snow remaining on August 31 
 	 Snowremains 	 = 4.468259e+11 (m^3) 
 	 in year: 1992 
HydroGlacial WARNING: year = 1992, ep =0 
 	 Insufficient precipitation to grow glacier. 
 	 Volume glacier correction: 
 	 Volume should be 	2.950319e+13 m^3
 	 Volume corrected to 	1.407710e+10 m^3
 	 The rest is carried over to next year 

 	 HydroSnow Warning: There is Snow remaining on August 31 
 	 Snowremains 	 = 4.468259e+11 (m^3) 
 	 in year: 1992 
HydroGlacial WARNING: year = 1992, ep =0 
 	 Insufficient precipitation to grow glacier. 
 	 Volume glacier correction: 
 	 Volume should be 	2.950319e+13 m^3
 	 Volume corrected to 	1.407710e+10 m^3
 	 The rest is carried over to next year 

 	 HydroSnow Warning: There is Snow remaining on August 31 
 	 Snowremains 	 = 4.468259e+11 (m^3) 
 	 in year: 1992 
HydroGlacial WARNING: year = 1992, ep =0 
 	 Insufficient precipitation to grow glacier. 
 	 Volume glacier correction: 
 	 Volume should be 	2.950319e+13 m^3
 	 Volume corrected to 	1.407710e+10 m^3
 	 The rest is carried over to next year 

 	 HydroSnow Warning: There is Snow remaining on August 31 
 	 Snowremains 	 = 4.468259e+11 (m^3) 
 	 in year: 1992 
HydroGlacial WARNING: year = 1992, ep =0 
 	 Insufficient precipitation to grow glacier. 
 	 Volume glacier correction: 
 	 Volume should be 	2.950319e+13 m^3
 	 Volume corrected to 	1.407710e+10 m^3
 	 The rest is carried over to next year 

 	 HydroSnow Warning: There is Snow remaining on August 31 
 	 Snowremains 	 = 4.468259e+11 (m^3) 
 	 in year: 1992 
HydroGlacial WARNING: year = 1992, ep =0 
 	 Insufficient precipitation to grow glacier. 
 	 Volume glacier correction: 
 	 Volume should be 	2.950319e+13 m^3
 	 Volume corrected to 	1.407710e+10 m^3
 	 The rest is carried over to next year 

 	 HydroSnow Warning: There is Snow remaining on August 31 
 	 Snowremains 	 = 4.468259e+11 (m^3) 
 	 in year: 1992 
HydroGlacial WARNING: year = 1992, ep =0 
 	 Insufficient precipitation to grow glacier. 
 	 Volume glacier correction: 
 	 Volume should be 	2.950319e+13 m^3
 	 Volume corrected to 	1.407710e+10 m^3
 	 The rest is carried over to next year 

 	 HydroSnow Warning: There is Snow remaining on August 31 
 	 Snowremains 	 = 4.468259e+11 (m^3) 
 	 in year: 1992 
   FLOOD WARNING: the maximum predicted flood size has been exceeded. 
      Epoch 1, year 1992 
      Maximum predicted flood 56740.8 (m^3/s) 
      Modeled flood peak 109563 (m^3/s) 
HydroGlacial WARNING: year = 1993, ep =0 
 	 Insufficient precipitation to grow glacier. 
 	 Volume glacier correction: 
 	 Volume should be 	2.950319e+13 m^3
 	 Volume corrected to 	2.634675e+10 m^3
 	 The rest is carried over to next year 

 	 HydroSnow Warning: There is Snow remaining on August 31 
 	 Snowremains 	 = 4.728926e+11 (m^3) 
 	 in year: 1993 
HydroGlacial WARNING: year = 1993, ep =0 
 	 Insufficient precipitation to grow glacier. 
 	 Volume glacier correction: 
 	 Volume should be 	2.950319e+13 m^3
 	 Volume corrected to 	1.226965e+10 m^3
 	 The rest is carried over to next year 

 	 HydroSnow Warning: There is Snow remaining on August 31 
 	 Snowremains 	 = 4.728926e+11 (m^3) 
 	 in year: 1993 
HydroGlacial WARNING: year = 1993, ep =0 
 	 Insufficient precipitation to grow glacier. 
 	 Volume glacier correction: 
 	 Volume should be 	2.950319e+13 m^3
 	 Volume corrected to 	1.226965e+10 m^3
 	 The rest is carried over to next year 

 	 HydroSnow Warning: There is Snow remaining on August 31 
 	 Snowremains 	 = 4.728926e+11 (m^3) 
 	 in year: 1993 
HydroGlacial WARNING: year = 1993, ep =0 
 	 Insufficient precipitation to grow glacier. 
 	 Volume glacier correction: 
 	 Volume should be 	2.950319e+13 m^3
 	 Volume corrected to 	1.226965e+10 m^3
 	 The rest is carried over to next year 

 	 HydroSnow Warning: There is Snow remaining on August 31 
 	 Snowremains 	 = 4.728926e+11 (m^3) 
 	 in year: 1993 
HydroGlacial WARNING: year = 1993, ep =0 
 	 Insufficient precipitation to grow glacier. 
 	 Volume glacier correction: 
 	 Volume should be 	2.950319e+13 m^3
 	 Volume corrected to 	1.226965e+10 m^3
 	 The rest is carried over to next year 

 	 HydroSnow Warning: There is Snow remaining on August 31 
 	 Snowremains 	 = 4.728926e+11 (m^3) 
 	 in year: 1993 
HydroGlacial WARNING: year = 1993, ep =0 
 	 Insufficient precipitation to grow glacier. 
 	 Volume glacier correction: 
 	 Volume should be 	2.950319e+13 m^3
 	 Volume corrected to 	1.226965e+10 m^3
 	 The rest is carried over to next year 

 	 HydroSnow Warning: There is Snow remaining on August 31 
 	 Snowremains 	 = 4.728926e+11 (m^3) 
 	 in year: 1993 
HydroGlacial WARNING: year = 1993, ep =0 
 	 Insufficient precipitation to grow glacier. 
 	 Volume glacier correction: 
 	 Volume should be 	2.950319e+13 m^3
 	 Volume corrected to 	1.226965e+10 m^3
 	 The rest is carried over to next year 

 	 HydroSnow Warning: There is Snow remaining on August 31 
 	 Snowremains 	 = 4.728926e+11 (m^3) 
 	 in year: 1993 
HydroGlacial WARNING: year = 1993, ep =0 
 	 Insufficient precipitation to grow glacier. 
 	 Volume glacier correction: 
 	 Volume should be 	2.950319e+13 m^3
 	 Volume corrected to 	1.226965e+10 m^3
 	 The rest is carried over to next year 

 	 HydroSnow Warning: There is Snow remaining on August 31 
 	 Snowremains 	 = 4.728926e+11 (m^3) 
 	 in year: 1993 
HydroGlacial WARNING: year = 1993, ep =0 
 	 Insufficient precipitation to grow glacier. 
 	 Volume glacier correction: 
 	 Volume should be 	2.950319e+13 m^3
 	 Volume corrected to 	1.226965e+10 m^3
 	 The rest is carried over to next year 

 	 HydroSnow Warning: There is Snow remaining on August 31 
 	 Snowremains 	 = 4.728926e+11 (m^3) 
 	 in year: 1993 
HydroGlacial WARNING: year = 1993, ep =0 
 	 Insufficient precipitation to grow glacier. 
 	 Volume glacier correction: 
 	 Volume should be 	2.950319e+13 m^3
 	 Volume corrected to 	1.226965e+10 m^3
 	 The rest is carried over to next year 

 	 HydroSnow Warning: There is Snow remaining on August 31 
 	 Snowremains 	 = 4.728926e+11 (m^3) 
 	 in year: 1993 
   FLOOD WARNING: the maximum predicted flood size has been exceeded. 
      Epoch 1, year 1993 
      Maximum predicted flood 56740.8 (m^3/s) 
      Modeled flood peak 70346.5 (m^3/s) 
HydroGlacial WARNING: year = 1994, ep =0 
 	 Insufficient precipitation to grow glacier. 
 	 Volume glacier correction: 
 	 Volume should be 	2.950319e+13 m^3
 	 Volume corrected to 	2.468991e+10 m^3
 	 The rest is carried over to next year 

 	 HydroSnow Warning: There is Snow remaining on August 31 
 	 Snowremains 	 = 4.984865e+11 (m^3) 
 	 in year: 1994 
HydroGlacial WARNING: year = 1994, ep =0 
 	 Insufficient precipitation to grow glacier. 
 	 Volume glacier correction: 
 	 Volume should be 	2.950319e+13 m^3
 	 Volume corrected to 	1.242026e+10 m^3
 	 The rest is carried over to next year 

 	 HydroSnow Warning: There is Snow remaining on August 31 
 	 Snowremains 	 = 4.984865e+11 (m^3) 
 	 in year: 1994 
HydroGlacial WARNING: year = 1994, ep =0 
 	 Insufficient precipitation to grow glacier. 
 	 Volume glacier correction: 
 	 Volume should be 	2.950319e+13 m^3
 	 Volume corrected to 	1.242026e+10 m^3
 	 The rest is carried over to next year 

 	 HydroSnow Warning: There is Snow remaining on August 31 
 	 Snowremains 	 = 4.984865e+11 (m^3) 
 	 in year: 1994 
HydroGlacial WARNING: year = 1994, ep =0 
 	 Insufficient precipitation to grow glacier. 
 	 Volume glacier correction: 
 	 Volume should be 	2.950319e+13 m^3
 	 Volume corrected to 	1.242026e+10 m^3
 	 The rest is carried over to next year 

 	 HydroSnow Warning: There is Snow remaining on August 31 
 	 Snowremains 	 = 4.984865e+11 (m^3) 
 	 in year: 1994 
HydroGlacial WARNING: year = 1994, ep =0 
 	 Insufficient precipitation to grow glacier. 
 	 Volume glacier correction: 
 	 Volume should be 	2.950319e+13 m^3
 	 Volume corrected to 	1.242026e+10 m^3
 	 The rest is carried over to next year 

 	 HydroSnow Warning: There is Snow remaining on August 31 
 	 Snowremains 	 = 4.984865e+11 (m^3) 
 	 in year: 1994 
HydroGlacial WARNING: year = 1994, ep =0 
 	 Insufficient precipitation to grow glacier. 
 	 Volume glacier correction: 
 	 Volume should be 	2.950319e+13 m^3
 	 Volume corrected to 	1.242026e+10 m^3
 	 The rest is carried over to next year 

 	 HydroSnow Warning: There is Snow remaining on August 31 
 	 Snowremains 	 = 4.984865e+11 (m^3) 
 	 in year: 1994 
HydroGlacial WARNING: year = 1994, ep =0 
 	 Insufficient precipitation to grow glacier. 
 	 Volume glacier correction: 
 	 Volume should be 	2.950319e+13 m^3
 	 Volume corrected to 	1.242026e+10 m^3
 	 The rest is carried over to next year 

 	 HydroSnow Warning: There is Snow remaining on August 31 
 	 Snowremains 	 = 4.984865e+11 (m^3) 
 	 in year: 1994 
HydroGlacial WARNING: year = 1994, ep =0 
 	 Insufficient precipitation to grow glacier. 
 	 Volume glacier correction: 
 	 Volume should be 	2.950319e+13 m^3
 	 Volume corrected to 	1.242026e+10 m^3
 	 The rest is carried over to next year 

 	 HydroSnow Warning: There is Snow remaining on August 31 
 	 Snowremains 	 = 4.984865e+11 (m^3) 
 	 in year: 1994 
HydroGlacial WARNING: year = 1994, ep =0 
 	 Insufficient precipitation to grow glacier. 
 	 Volume glacier correction: 
 	 Volume should be 	2.950319e+13 m^3
 	 Volume corrected to 	1.242026e+10 m^3
 	 The rest is carried over to next year 

 	 HydroSnow Warning: There is Snow remaining on August 31 
 	 Snowremains 	 = 4.984865e+11 (m^3) 
 	 in year: 1994 
HydroGlacial WARNING: year = 1994, ep =0 
 	 Insufficient precipitation to grow glacier. 
 	 Volume glacier correction: 
 	 Volume should be 	2.950319e+13 m^3
 	 Volume corrected to 	1.242026e+10 m^3
 	 The rest is carried over to next year 

 	 HydroSnow Warning: There is Snow remaining on August 31 
 	 Snowremains 	 = 4.984865e+11 (m^3) 
 	 in year: 1994 
   FLOOD WARNING: the maximum predicted flood size has been exceeded. 
      Epoch 1, year 1994 
      Maximum predicted flood 56740.8 (m^3/s) 
      Modeled flood peak 75636.1 (m^3/s) 
HydroGlacial WARNING: year = 1995, ep =0 
 	 Insufficient precipitation to grow glacier. 
 	 Volume glacier correction: 
 	 Volume should be 	2.950319e+13 m^3
 	 Volume corrected to 	2.532102e+10 m^3
 	 The rest is carried over to next year 

 	 HydroSnow Warning: There is Snow remaining on August 31 
 	 Snowremains 	 = 5.221648e+11 (m^3) 
 	 in year: 1995 
HydroGlacial WARNING: year = 1995, ep =0 
 	 Insufficient precipitation to grow glacier. 
 	 Volume glacier correction: 
 	 Volume should be 	2.950319e+13 m^3
 	 Volume corrected to 	1.290075e+10 m^3
 	 The rest is carried over to next year 

 	 HydroSnow Warning: There is Snow remaining on August 31 
 	 Snowremains 	 = 5.221648e+11 (m^3) 
 	 in year: 1995 
HydroGlacial WARNING: year = 1995, ep =0 
 	 Insufficient precipitation to grow glacier. 
 	 Volume glacier correction: 
 	 Volume should be 	2.950319e+13 m^3
 	 Volume corrected to 	1.290075e+10 m^3
 	 The rest is carried over to next year 

 	 HydroSnow Warning: There is Snow remaining on August 31 
 	 Snowremains 	 = 5.221648e+11 (m^3) 
 	 in year: 1995 
HydroGlacial WARNING: year = 1995, ep =0 
 	 Insufficient precipitation to grow glacier. 
 	 Volume glacier correction: 
 	 Volume should be 	2.950319e+13 m^3
 	 Volume corrected to 	1.290075e+10 m^3
 	 The rest is carried over to next year 

 	 HydroSnow Warning: There is Snow remaining on August 31 
 	 Snowremains 	 = 5.221648e+11 (m^3) 
 	 in year: 1995 
HydroGlacial WARNING: year = 1995, ep =0 
 	 Insufficient precipitation to grow glacier. 
 	 Volume glacier correction: 
 	 Volume should be 	2.950319e+13 m^3
 	 Volume corrected to 	1.290075e+10 m^3
 	 The rest is carried over to next year 

 	 HydroSnow Warning: There is Snow remaining on August 31 
 	 Snowremains 	 = 5.221648e+11 (m^3) 
 	 in year: 1995 
HydroGlacial WARNING: year = 1995, ep =0 
 	 Insufficient precipitation to grow glacier. 
 	 Volume glacier correction: 
 	 Volume should be 	2.950319e+13 m^3
 	 Volume corrected to 	1.290075e+10 m^3
 	 The rest is carried over to next year 

 	 HydroSnow Warning: There is Snow remaining on August 31 
 	 Snowremains 	 = 5.221648e+11 (m^3) 
 	 in year: 1995 
HydroGlacial WARNING: year = 1995, ep =0 
 	 Insufficient precipitation to grow glacier. 
 	 Volume glacier correction: 
 	 Volume should be 	2.950319e+13 m^3
 	 Volume corrected to 	1.290075e+10 m^3
 	 The rest is carried over to next year 

 	 HydroSnow Warning: There is Snow remaining on August 31 
 	 Snowremains 	 = 5.221648e+11 (m^3) 
 	 in year: 1995 
HydroGlacial WARNING: year = 1995, ep =0 
 	 Insufficient precipitation to grow glacier. 
 	 Volume glacier correction: 
 	 Volume should be 	2.950319e+13 m^3
 	 Volume corrected to 	1.290075e+10 m^3
 	 The rest is carried over to next year 

 	 HydroSnow Warning: There is Snow remaining on August 31 
 	 Snowremains 	 = 5.221648e+11 (m^3) 
 	 in year: 1995 
HydroGlacial WARNING: year = 1995, ep =0 
 	 Insufficient precipitation to grow glacier. 
 	 Volume glacier correction: 
 	 Volume should be 	2.950319e+13 m^3
 	 Volume corrected to 	1.290075e+10 m^3
 	 The rest is carried over to next year 

 	 HydroSnow Warning: There is Snow remaining on August 31 
 	 Snowremains 	 = 5.221648e+11 (m^3) 
 	 in year: 1995 
HydroGlacial WARNING: year = 1995, ep =0 
 	 Insufficient precipitation to grow glacier. 
 	 Volume glacier correction: 
 	 Volume should be 	2.950319e+13 m^3
 	 Volume corrected to 	1.290075e+10 m^3
 	 The rest is carried over to next year 

 	 HydroSnow Warning: There is Snow remaining on August 31 
 	 Snowremains 	 = 5.221648e+11 (m^3) 
 	 in year: 1995 
   FLOOD WARNING: the maximum predicted flood size has been exceeded. 
      Epoch 1, year 1995 
      Maximum predicted flood 56740.8 (m^3/s) 
      Modeled flood peak 76086.6 (m^3/s) 
HydroGlacial WARNING: year = 1996, ep =0 
 	 Insufficient precipitation to grow glacier. 
 	 Volume glacier correction: 
 	 Volume should be 	2.950319e+13 m^3
 	 Volume corrected to 	2.426102e+10 m^3
 	 The rest is carried over to next year 

 	 HydroSnow Warning: There is Snow remaining on August 31 
 	 Snowremains 	 = 5.458890e+11 (m^3) 
 	 in year: 1996 
HydroGlacial WARNING: year = 1997, ep =0 
 	 Insufficient precipitation to grow glacier. 
 	 Volume glacier correction: 
 	 Volume should be 	2.950319e+13 m^3
 	 Volume corrected to 	3.794519e+10 m^3
 	 The rest is carried over to next year 

 	 HydroSnow Warning: There is Snow remaining on August 31 
 	 Snowremains 	 = 5.753805e+11 (m^3) 
 	 in year: 1997 
HydroGlacial WARNING: year = 1997, ep =0 
 	 Insufficient precipitation to grow glacier. 
 	 Volume glacier correction: 
 	 Volume should be 	2.950319e+13 m^3
 	 Volume corrected to 	1.368418e+10 m^3
 	 The rest is carried over to next year 

 	 HydroSnow Warning: There is Snow remaining on August 31 
 	 Snowremains 	 = 5.753805e+11 (m^3) 
 	 in year: 1997 
HydroGlacial WARNING: year = 1997, ep =0 
 	 Insufficient precipitation to grow glacier. 
 	 Volume glacier correction: 
 	 Volume should be 	2.950319e+13 m^3
 	 Volume corrected to 	1.368418e+10 m^3
 	 The rest is carried over to next year 

 	 HydroSnow Warning: There is Snow remaining on August 31 
 	 Snowremains 	 = 5.753805e+11 (m^3) 
 	 in year: 1997 
HydroGlacial WARNING: year = 1997, ep =0 
 	 Insufficient precipitation to grow glacier. 
 	 Volume glacier correction: 
 	 Volume should be 	2.950319e+13 m^3
 	 Volume corrected to 	1.368418e+10 m^3
 	 The rest is carried over to next year 

 	 HydroSnow Warning: There is Snow remaining on August 31 
 	 Snowremains 	 = 5.753805e+11 (m^3) 
 	 in year: 1997 
HydroGlacial WARNING: year = 1997, ep =0 
 	 Insufficient precipitation to grow glacier. 
 	 Volume glacier correction: 
 	 Volume should be 	2.950319e+13 m^3
 	 Volume corrected to 	1.368418e+10 m^3
 	 The rest is carried over to next year 

 	 HydroSnow Warning: There is Snow remaining on August 31 
 	 Snowremains 	 = 5.753805e+11 (m^3) 
 	 in year: 1997 
HydroGlacial WARNING: year = 1997, ep =0 
 	 Insufficient precipitation to grow glacier. 
 	 Volume glacier correction: 
 	 Volume should be 	2.950319e+13 m^3
 	 Volume corrected to 	1.368418e+10 m^3
 	 The rest is carried over to next year 

 	 HydroSnow Warning: There is Snow remaining on August 31 
 	 Snowremains 	 = 5.753805e+11 (m^3) 
 	 in year: 1997 
HydroGlacial WARNING: year = 1997, ep =0 
 	 Insufficient precipitation to grow glacier. 
 	 Volume glacier correction: 
 	 Volume should be 	2.950319e+13 m^3
 	 Volume corrected to 	1.368418e+10 m^3
 	 The rest is carried over to next year 

 	 HydroSnow Warning: There is Snow remaining on August 31 
 	 Snowremains 	 = 5.753805e+11 (m^3) 
 	 in year: 1997 
HydroGlacial WARNING: year = 1997, ep =0 
 	 Insufficient precipitation to grow glacier. 
 	 Volume glacier correction: 
 	 Volume should be 	2.950319e+13 m^3
 	 Volume corrected to 	1.368418e+10 m^3
 	 The rest is carried over to next year 

 	 HydroSnow Warning: There is Snow remaining on August 31 
 	 Snowremains 	 = 5.753805e+11 (m^3) 
 	 in year: 1997 
HydroGlacial WARNING: year = 1997, ep =0 
 	 Insufficient precipitation to grow glacier. 
 	 Volume glacier correction: 
 	 Volume should be 	2.950319e+13 m^3
 	 Volume corrected to 	1.368418e+10 m^3
 	 The rest is carried over to next year 

 	 HydroSnow Warning: There is Snow remaining on August 31 
 	 Snowremains 	 = 5.753805e+11 (m^3) 
 	 in year: 1997 
HydroGlacial WARNING: year = 1997, ep =0 
 	 Insufficient precipitation to grow glacier. 
 	 Volume glacier correction: 
 	 Volume should be 	2.950319e+13 m^3
 	 Volume corrected to 	1.368418e+10 m^3
 	 The rest is carried over to next year 

 	 HydroSnow Warning: There is Snow remaining on August 31 
 	 Snowremains 	 = 5.753805e+11 (m^3) 
 	 in year: 1997 
   FLOOD WARNING: the maximum predicted flood size has been exceeded. 
      Epoch 1, year 1997 
      Maximum predicted flood 56740.8 (m^3/s) 
      Modeled flood peak 60281.6 (m^3/s) 
HydroGlacial WARNING: year = 1998, ep =0 
 	 Insufficient precipitation to grow glacier. 
 	 Volume glacier correction: 
 	 Volume should be 	2.950319e+13 m^3
 	 Volume corrected to 	2.727204e+10 m^3
 	 The rest is carried over to next year 

 	 HydroSnow Warning: There is Snow remaining on August 31 
 	 Snowremains 	 = 6.110718e+11 (m^3) 
 	 in year: 1998 
HydroGlacial WARNING: year = 1998, ep =0 
 	 Insufficient precipitation to grow glacier. 
 	 Volume glacier correction: 
 	 Volume should be 	2.950319e+13 m^3
 	 Volume corrected to 	1.358787e+10 m^3
 	 The rest is carried over to next year 

 	 HydroSnow Warning: There is Snow remaining on August 31 
 	 Snowremains 	 = 6.110718e+11 (m^3) 
 	 in year: 1998 
HydroGlacial WARNING: year = 1998, ep =0 
 	 Insufficient precipitation to grow glacier. 
 	 Volume glacier correction: 
 	 Volume should be 	2.950319e+13 m^3
 	 Volume corrected to 	1.358787e+10 m^3
 	 The rest is carried over to next year 

 	 HydroSnow Warning: There is Snow remaining on August 31 
 	 Snowremains 	 = 6.110718e+11 (m^3) 
 	 in year: 1998 
HydroGlacial WARNING: year = 1998, ep =0 
 	 Insufficient precipitation to grow glacier. 
 	 Volume glacier correction: 
 	 Volume should be 	2.950319e+13 m^3
 	 Volume corrected to 	1.358787e+10 m^3
 	 The rest is carried over to next year 

 	 HydroSnow Warning: There is Snow remaining on August 31 
 	 Snowremains 	 = 6.110718e+11 (m^3) 
 	 in year: 1998 
HydroGlacial WARNING: year = 1998, ep =0 
 	 Insufficient precipitation to grow glacier. 
 	 Volume glacier correction: 
 	 Volume should be 	2.950319e+13 m^3
 	 Volume corrected to 	1.358787e+10 m^3
 	 The rest is carried over to next year 

 	 HydroSnow Warning: There is Snow remaining on August 31 
 	 Snowremains 	 = 6.110718e+11 (m^3) 
 	 in year: 1998 
HydroGlacial WARNING: year = 1998, ep =0 
 	 Insufficient precipitation to grow glacier. 
 	 Volume glacier correction: 
 	 Volume should be 	2.950319e+13 m^3
 	 Volume corrected to 	1.358787e+10 m^3
 	 The rest is carried over to next year 

 	 HydroSnow Warning: There is Snow remaining on August 31 
 	 Snowremains 	 = 6.110718e+11 (m^3) 
 	 in year: 1998 
HydroGlacial WARNING: year = 1998, ep =0 
 	 Insufficient precipitation to grow glacier. 
 	 Volume glacier correction: 
 	 Volume should be 	2.950319e+13 m^3
 	 Volume corrected to 	1.358787e+10 m^3
 	 The rest is carried over to next year 

 	 HydroSnow Warning: There is Snow remaining on August 31 
 	 Snowremains 	 = 6.110718e+11 (m^3) 
 	 in year: 1998 
HydroGlacial WARNING: year = 1998, ep =0 
 	 Insufficient precipitation to grow glacier. 
 	 Volume glacier correction: 
 	 Volume should be 	2.950319e+13 m^3
 	 Volume corrected to 	1.358787e+10 m^3
 	 The rest is carried over to next year 

 	 HydroSnow Warning: There is Snow remaining on August 31 
 	 Snowremains 	 = 6.110718e+11 (m^3) 
 	 in year: 1998 
HydroGlacial WARNING: year = 1998, ep =0 
 	 Insufficient precipitation to grow glacier. 
 	 Volume glacier correction: 
 	 Volume should be 	2.950319e+13 m^3
 	 Volume corrected to 	1.358787e+10 m^3
 	 The rest is carried over to next year 

 	 HydroSnow Warning: There is Snow remaining on August 31 
 	 Snowremains 	 = 6.110718e+11 (m^3) 
 	 in year: 1998 
HydroGlacial WARNING: year = 1998, ep =0 
 	 Insufficient precipitation to grow glacier. 
 	 Volume glacier correction: 
 	 Volume should be 	2.950319e+13 m^3
 	 Volume corrected to 	1.358787e+10 m^3
 	 The rest is carried over to next year 

 	 HydroSnow Warning: There is Snow remaining on August 31 
 	 Snowremains 	 = 6.110718e+11 (m^3) 
 	 in year: 1998 
   FLOOD WARNING: the maximum predicted flood size has been exceeded. 
      Epoch 1, year 1998 
      Maximum predicted flood 56740.8 (m^3/s) 
      Modeled flood peak 80858.1 (m^3/s) 
HydroGlacial WARNING: year = 1999, ep =0 
 	 Insufficient precipitation to grow glacier. 
 	 Volume glacier correction: 
 	 Volume should be 	2.950319e+13 m^3
 	 Volume corrected to 	2.574211e+10 m^3
 	 The rest is carried over to next year 

 	 HydroSnow Warning: There is Snow remaining on August 31 
 	 Snowremains 	 = 6.228358e+11 (m^3) 
 	 in year: 1999 
HydroGlacial WARNING: year = 2000, ep =0 
 	 Insufficient precipitation to grow glacier. 
 	 Volume glacier correction: 
 	 Volume should be 	2.950319e+13 m^3
 	 Volume corrected to 	3.764392e+10 m^3
 	 The rest is carried over to next year 

 	 HydroSnow Warning: There is Snow remaining on August 31 
 	 Snowremains 	 = 6.506108e+11 (m^3) 
 	 in year: 2000 
HydroGlacial WARNING: year = 2001, ep =0 
 	 Insufficient precipitation to grow glacier. 
 	 Volume glacier correction: 
 	 Volume should be 	2.950319e+13 m^3
 	 Volume corrected to 	5.203671e+10 m^3
 	 The rest is carried over to next year 

 	 HydroSnow Warning: There is Snow remaining on August 31 
 	 Snowremains 	 = 6.853428e+11 (m^3) 
 	 in year: 2001 
HydroGlacial WARNING: year = 2001, ep =0 
 	 Insufficient precipitation to grow glacier. 
 	 Volume glacier correction: 
 	 Volume should be 	2.950319e+13 m^3
 	 Volume corrected to 	1.439279e+10 m^3
 	 The rest is carried over to next year 

 	 HydroSnow Warning: There is Snow remaining on August 31 
 	 Snowremains 	 = 6.853428e+11 (m^3) 
 	 in year: 2001 
HydroGlacial WARNING: year = 2001, ep =0 
 	 Insufficient precipitation to grow glacier. 
 	 Volume glacier correction: 
 	 Volume should be 	2.950319e+13 m^3
 	 Volume corrected to 	1.439279e+10 m^3
 	 The rest is carried over to next year 

 	 HydroSnow Warning: There is Snow remaining on August 31 
 	 Snowremains 	 = 6.853428e+11 (m^3) 
 	 in year: 2001 
HydroGlacial WARNING: year = 2001, ep =0 
 	 Insufficient precipitation to grow glacier. 
 	 Volume glacier correction: 
 	 Volume should be 	2.950319e+13 m^3
 	 Volume corrected to 	1.439279e+10 m^3
 	 The rest is carried over to next year 

 	 HydroSnow Warning: There is Snow remaining on August 31 
 	 Snowremains 	 = 6.853428e+11 (m^3) 
 	 in year: 2001 
HydroGlacial WARNING: year = 2001, ep =0 
 	 Insufficient precipitation to grow glacier. 
 	 Volume glacier correction: 
 	 Volume should be 	2.950319e+13 m^3
 	 Volume corrected to 	1.439279e+10 m^3
 	 The rest is carried over to next year 

 	 HydroSnow Warning: There is Snow remaining on August 31 
 	 Snowremains 	 = 6.853428e+11 (m^3) 
 	 in year: 2001 
HydroGlacial WARNING: year = 2001, ep =0 
 	 Insufficient precipitation to grow glacier. 
 	 Volume glacier correction: 
 	 Volume should be 	2.950319e+13 m^3
 	 Volume corrected to 	1.439279e+10 m^3
 	 The rest is carried over to next year 

 	 HydroSnow Warning: There is Snow remaining on August 31 
 	 Snowremains 	 = 6.853428e+11 (m^3) 
 	 in year: 2001 
HydroGlacial WARNING: year = 2001, ep =0 
 	 Insufficient precipitation to grow glacier. 
 	 Volume glacier correction: 
 	 Volume should be 	2.950319e+13 m^3
 	 Volume corrected to 	1.439279e+10 m^3
 	 The rest is carried over to next year 

 	 HydroSnow Warning: There is Snow remaining on August 31 
 	 Snowremains 	 = 6.853428e+11 (m^3) 
 	 in year: 2001 
HydroGlacial WARNING: year = 2001, ep =0 
 	 Insufficient precipitation to grow glacier. 
 	 Volume glacier correction: 
 	 Volume should be 	2.950319e+13 m^3
 	 Volume corrected to 	1.439279e+10 m^3
 	 The rest is carried over to next year 

 	 HydroSnow Warning: There is Snow remaining on August 31 
 	 Snowremains 	 = 6.853428e+11 (m^3) 
 	 in year: 2001 
HydroGlacial WARNING: year = 2001, ep =0 
 	 Insufficient precipitation to grow glacier. 
 	 Volume glacier correction: 
 	 Volume should be 	2.950319e+13 m^3
 	 Volume corrected to 	1.439279e+10 m^3
 	 The rest is carried over to next year 

 	 HydroSnow Warning: There is Snow remaining on August 31 
 	 Snowremains 	 = 6.853428e+11 (m^3) 
 	 in year: 2001 
HydroGlacial WARNING: year = 2001, ep =0 
 	 Insufficient precipitation to grow glacier. 
 	 Volume glacier correction: 
 	 Volume should be 	2.950319e+13 m^3
 	 Volume corrected to 	1.439279e+10 m^3
 	 The rest is carried over to next year 

 	 HydroSnow Warning: There is Snow remaining on August 31 
 	 Snowremains 	 = 6.853428e+11 (m^3) 
 	 in year: 2001 
   FLOOD WARNING: the maximum predicted flood size has been exceeded. 
      Epoch 1, year 2001 
      Maximum predicted flood 56740.8 (m^3/s) 
      Modeled flood peak 85617.2 (m^3/s) 
HydroGlacial WARNING: year = 2002, ep =0 
 	 Insufficient precipitation to grow glacier. 
 	 Volume glacier correction: 
 	 Volume should be 	2.950319e+13 m^3
 	 Volume corrected to 	2.793181e+10 m^3
 	 The rest is carried over to next year 

 	 HydroSnow Warning: There is Snow remaining on August 31 
 	 Snowremains 	 = 7.180578e+11 (m^3) 
 	 in year: 2002 
HydroGlacial WARNING: year = 2002, ep =0 
 	 Insufficient precipitation to grow glacier. 
 	 Volume glacier correction: 
 	 Volume should be 	2.950319e+13 m^3
 	 Volume corrected to 	1.353902e+10 m^3
 	 The rest is carried over to next year 

 	 HydroSnow Warning: There is Snow remaining on August 31 
 	 Snowremains 	 = 7.180578e+11 (m^3) 
 	 in year: 2002 
HydroGlacial WARNING: year = 2002, ep =0 
 	 Insufficient precipitation to grow glacier. 
 	 Volume glacier correction: 
 	 Volume should be 	2.950319e+13 m^3
 	 Volume corrected to 	1.353902e+10 m^3
 	 The rest is carried over to next year 

 	 HydroSnow Warning: There is Snow remaining on August 31 
 	 Snowremains 	 = 7.180578e+11 (m^3) 
 	 in year: 2002 
HydroGlacial WARNING: year = 2002, ep =0 
 	 Insufficient precipitation to grow glacier. 
 	 Volume glacier correction: 
 	 Volume should be 	2.950319e+13 m^3
 	 Volume corrected to 	1.353902e+10 m^3
 	 The rest is carried over to next year 

 	 HydroSnow Warning: There is Snow remaining on August 31 
 	 Snowremains 	 = 7.180578e+11 (m^3) 
 	 in year: 2002 
HydroGlacial WARNING: year = 2002, ep =0 
 	 Insufficient precipitation to grow glacier. 
 	 Volume glacier correction: 
 	 Volume should be 	2.950319e+13 m^3
 	 Volume corrected to 	1.353902e+10 m^3
 	 The rest is carried over to next year 

 	 HydroSnow Warning: There is Snow remaining on August 31 
 	 Snowremains 	 = 7.180578e+11 (m^3) 
 	 in year: 2002 
HydroGlacial WARNING: year = 2002, ep =0 
 	 Insufficient precipitation to grow glacier. 
 	 Volume glacier correction: 
 	 Volume should be 	2.950319e+13 m^3
 	 Volume corrected to 	1.353902e+10 m^3
 	 The rest is carried over to next year 

 	 HydroSnow Warning: There is Snow remaining on August 31 
 	 Snowremains 	 = 7.180578e+11 (m^3) 
 	 in year: 2002 
HydroGlacial WARNING: year = 2002, ep =0 
 	 Insufficient precipitation to grow glacier. 
 	 Volume glacier correction: 
 	 Volume should be 	2.950319e+13 m^3
 	 Volume corrected to 	1.353902e+10 m^3
 	 The rest is carried over to next year 

 	 HydroSnow Warning: There is Snow remaining on August 31 
 	 Snowremains 	 = 7.180578e+11 (m^3) 
 	 in year: 2002 
HydroGlacial WARNING: year = 2002, ep =0 
 	 Insufficient precipitation to grow glacier. 
 	 Volume glacier correction: 
 	 Volume should be 	2.950319e+13 m^3
 	 Volume corrected to 	1.353902e+10 m^3
 	 The rest is carried over to next year 

 	 HydroSnow Warning: There is Snow remaining on August 31 
 	 Snowremains 	 = 7.180578e+11 (m^3) 
 	 in year: 2002 
HydroGlacial WARNING: year = 2002, ep =0 
 	 Insufficient precipitation to grow glacier. 
 	 Volume glacier correction: 
 	 Volume should be 	2.950319e+13 m^3
 	 Volume corrected to 	1.353902e+10 m^3
 	 The rest is carried over to next year 

 	 HydroSnow Warning: There is Snow remaining on August 31 
 	 Snowremains 	 = 7.180578e+11 (m^3) 
 	 in year: 2002 
HydroGlacial WARNING: year = 2002, ep =0 
 	 Insufficient precipitation to grow glacier. 
 	 Volume glacier correction: 
 	 Volume should be 	2.950319e+13 m^3
 	 Volume corrected to 	1.353902e+10 m^3
 	 The rest is carried over to next year 

 	 HydroSnow Warning: There is Snow remaining on August 31 
 	 Snowremains 	 = 7.180578e+11 (m^3) 
 	 in year: 2002 
   FLOOD WARNING: the maximum predicted flood size has been exceeded. 
      Epoch 1, year 2002 
      Maximum predicted flood 56740.8 (m^3/s) 
      Modeled flood peak 79993.5 (m^3/s) 
HydroGlacial WARNING: year = 2003, ep =0 
 	 Insufficient precipitation to grow glacier. 
 	 Volume glacier correction: 
 	 Volume should be 	2.950319e+13 m^3
 	 Volume corrected to 	2.694831e+10 m^3
 	 The rest is carried over to next year 

 	 HydroSnow Warning: There is Snow remaining on August 31 
 	 Snowremains 	 = 7.490225e+11 (m^3) 
 	 in year: 2003 
HydroGlacial WARNING: year = 2003, ep =0 
 	 Insufficient precipitation to grow glacier. 
 	 Volume glacier correction: 
 	 Volume should be 	2.950319e+13 m^3
 	 Volume corrected to 	1.340930e+10 m^3
 	 The rest is carried over to next year 

 	 HydroSnow Warning: There is Snow remaining on August 31 
 	 Snowremains 	 = 7.490225e+11 (m^3) 
 	 in year: 2003 
HydroGlacial WARNING: year = 2003, ep =0 
 	 Insufficient precipitation to grow glacier. 
 	 Volume glacier correction: 
 	 Volume should be 	2.950319e+13 m^3
 	 Volume corrected to 	1.340930e+10 m^3
 	 The rest is carried over to next year 

 	 HydroSnow Warning: There is Snow remaining on August 31 
 	 Snowremains 	 = 7.490225e+11 (m^3) 
 	 in year: 2003 
HydroGlacial WARNING: year = 2003, ep =0 
 	 Insufficient precipitation to grow glacier. 
 	 Volume glacier correction: 
 	 Volume should be 	2.950319e+13 m^3
 	 Volume corrected to 	1.340930e+10 m^3
 	 The rest is carried over to next year 

 	 HydroSnow Warning: There is Snow remaining on August 31 
 	 Snowremains 	 = 7.490225e+11 (m^3) 
 	 in year: 2003 
HydroGlacial WARNING: year = 2003, ep =0 
 	 Insufficient precipitation to grow glacier. 
 	 Volume glacier correction: 
 	 Volume should be 	2.950319e+13 m^3
 	 Volume corrected to 	1.340930e+10 m^3
 	 The rest is carried over to next year 

 	 HydroSnow Warning: There is Snow remaining on August 31 
 	 Snowremains 	 = 7.490225e+11 (m^3) 
 	 in year: 2003 
HydroGlacial WARNING: year = 2003, ep =0 
 	 Insufficient precipitation to grow glacier. 
 	 Volume glacier correction: 
 	 Volume should be 	2.950319e+13 m^3
 	 Volume corrected to 	1.340930e+10 m^3
 	 The rest is carried over to next year 

 	 HydroSnow Warning: There is Snow remaining on August 31 
 	 Snowremains 	 = 7.490225e+11 (m^3) 
 	 in year: 2003 
HydroGlacial WARNING: year = 2003, ep =0 
 	 Insufficient precipitation to grow glacier. 
 	 Volume glacier correction: 
 	 Volume should be 	2.950319e+13 m^3
 	 Volume corrected to 	1.340930e+10 m^3
 	 The rest is carried over to next year 

 	 HydroSnow Warning: There is Snow remaining on August 31 
 	 Snowremains 	 = 7.490225e+11 (m^3) 
 	 in year: 2003 
HydroGlacial WARNING: year = 2003, ep =0 
 	 Insufficient precipitation to grow glacier. 
 	 Volume glacier correction: 
 	 Volume should be 	2.950319e+13 m^3
 	 Volume corrected to 	1.340930e+10 m^3
 	 The rest is carried over to next year 

 	 HydroSnow Warning: There is Snow remaining on August 31 
 	 Snowremains 	 = 7.490225e+11 (m^3) 
 	 in year: 2003 
HydroGlacial WARNING: year = 2003, ep =0 
 	 Insufficient precipitation to grow glacier. 
 	 Volume glacier correction: 
 	 Volume should be 	2.950319e+13 m^3
 	 Volume corrected to 	1.340930e+10 m^3
 	 The rest is carried over to next year 

 	 HydroSnow Warning: There is Snow remaining on August 31 
 	 Snowremains 	 = 7.490225e+11 (m^3) 
 	 in year: 2003 
HydroGlacial WARNING: year = 2003, ep =0 
 	 Insufficient precipitation to grow glacier. 
 	 Volume glacier correction: 
 	 Volume should be 	2.950319e+13 m^3
 	 Volume corrected to 	1.340930e+10 m^3
 	 The rest is carried over to next year 

 	 HydroSnow Warning: There is Snow remaining on August 31 
 	 Snowremains 	 = 7.490225e+11 (m^3) 
 	 in year: 2003 
   FLOOD WARNING: the maximum predicted flood size has been exceeded. 
      Epoch 1, year 2003 
      Maximum predicted flood 56740.8 (m^3/s) 
      Modeled flood peak 76591.2 (m^3/s) 
HydroGlacial WARNING: year = 2004, ep =0 
 	 Insufficient precipitation to grow glacier. 
 	 Volume glacier correction: 
 	 Volume should be 	2.950319e+13 m^3
 	 Volume corrected to 	2.634053e+10 m^3
 	 The rest is carried over to next year 

 	 HydroSnow Warning: There is Snow remaining on August 31 
 	 Snowremains 	 = 7.818640e+11 (m^3) 
 	 in year: 2004 
HydroGlacial WARNING: year = 2004, ep =0 
 	 Insufficient precipitation to grow glacier. 
 	 Volume glacier correction: 
 	 Volume should be 	2.950319e+13 m^3
 	 Volume corrected to 	1.293123e+10 m^3
 	 The rest is carried over to next year 

 	 HydroSnow Warning: There is Snow remaining on August 31 
 	 Snowremains 	 = 7.818640e+11 (m^3) 
 	 in year: 2004 
HydroGlacial WARNING: year = 2004, ep =0 
 	 Insufficient precipitation to grow glacier. 
 	 Volume glacier correction: 
 	 Volume should be 	2.950319e+13 m^3
 	 Volume corrected to 	1.293123e+10 m^3
 	 The rest is carried over to next year 

 	 HydroSnow Warning: There is Snow remaining on August 31 
 	 Snowremains 	 = 7.818640e+11 (m^3) 
 	 in year: 2004 
HydroGlacial WARNING: year = 2004, ep =0 
 	 Insufficient precipitation to grow glacier. 
 	 Volume glacier correction: 
 	 Volume should be 	2.950319e+13 m^3
 	 Volume corrected to 	1.293123e+10 m^3
 	 The rest is carried over to next year 

 	 HydroSnow Warning: There is Snow remaining on August 31 
 	 Snowremains 	 = 7.818640e+11 (m^3) 
 	 in year: 2004 
HydroGlacial WARNING: year = 2004, ep =0 
 	 Insufficient precipitation to grow glacier. 
 	 Volume glacier correction: 
 	 Volume should be 	2.950319e+13 m^3
 	 Volume corrected to 	1.293123e+10 m^3
 	 The rest is carried over to next year 

 	 HydroSnow Warning: There is Snow remaining on August 31 
 	 Snowremains 	 = 7.818640e+11 (m^3) 
 	 in year: 2004 
HydroGlacial WARNING: year = 2004, ep =0 
 	 Insufficient precipitation to grow glacier. 
 	 Volume glacier correction: 
 	 Volume should be 	2.950319e+13 m^3
 	 Volume corrected to 	1.293123e+10 m^3
 	 The rest is carried over to next year 

 	 HydroSnow Warning: There is Snow remaining on August 31 
 	 Snowremains 	 = 7.818640e+11 (m^3) 
 	 in year: 2004 
HydroGlacial WARNING: year = 2004, ep =0 
 	 Insufficient precipitation to grow glacier. 
 	 Volume glacier correction: 
 	 Volume should be 	2.950319e+13 m^3
 	 Volume corrected to 	1.293123e+10 m^3
 	 The rest is carried over to next year 

 	 HydroSnow Warning: There is Snow remaining on August 31 
 	 Snowremains 	 = 7.818640e+11 (m^3) 
 	 in year: 2004 
HydroGlacial WARNING: year = 2004, ep =0 
 	 Insufficient precipitation to grow glacier. 
 	 Volume glacier correction: 
 	 Volume should be 	2.950319e+13 m^3
 	 Volume corrected to 	1.293123e+10 m^3
 	 The rest is carried over to next year 

 	 HydroSnow Warning: There is Snow remaining on August 31 
 	 Snowremains 	 = 7.818640e+11 (m^3) 
 	 in year: 2004 
HydroGlacial WARNING: year = 2004, ep =0 
 	 Insufficient precipitation to grow glacier. 
 	 Volume glacier correction: 
 	 Volume should be 	2.950319e+13 m^3
 	 Volume corrected to 	1.293123e+10 m^3
 	 The rest is carried over to next year 

 	 HydroSnow Warning: There is Snow remaining on August 31 
 	 Snowremains 	 = 7.818640e+11 (m^3) 
 	 in year: 2004 
HydroGlacial WARNING: year = 2004, ep =0 
 	 Insufficient precipitation to grow glacier. 
 	 Volume glacier correction: 
 	 Volume should be 	2.950319e+13 m^3
 	 Volume corrected to 	1.293123e+10 m^3
 	 The rest is carried over to next year 

 	 HydroSnow Warning: There is Snow remaining on August 31 
 	 Snowremains 	 = 7.818640e+11 (m^3) 
 	 in year: 2004 
   FLOOD WARNING: the maximum predicted flood size has been exceeded. 
      Epoch 1, year 2004 
      Maximum predicted flood 56740.8 (m^3/s) 
      Modeled flood peak 57944.4 (m^3/s) 
HydroGlacial WARNING: year = 2005, ep =0 
 	 Insufficient precipitation to grow glacier. 
 	 Volume glacier correction: 
 	 Volume should be 	2.950319e+13 m^3
 	 Volume corrected to 	2.570816e+10 m^3
 	 The rest is carried over to next year 

 	 HydroSnow Warning: There is Snow remaining on August 31 
 	 Snowremains 	 = 7.995227e+11 (m^3) 
 	 in year: 2005 
HydroGlacial WARNING: year = 2005, ep =0 
 	 Insufficient precipitation to grow glacier. 
 	 Volume glacier correction: 
 	 Volume should be 	2.950319e+13 m^3
 	 Volume corrected to 	1.277694e+10 m^3
 	 The rest is carried over to next year 

 	 HydroSnow Warning: There is Snow remaining on August 31 
 	 Snowremains 	 = 7.995227e+11 (m^3) 
 	 in year: 2005 
HydroGlacial WARNING: year = 2005, ep =0 
 	 Insufficient precipitation to grow glacier. 
 	 Volume glacier correction: 
 	 Volume should be 	2.950319e+13 m^3
 	 Volume corrected to 	1.277694e+10 m^3
 	 The rest is carried over to next year 

 	 HydroSnow Warning: There is Snow remaining on August 31 
 	 Snowremains 	 = 7.995227e+11 (m^3) 
 	 in year: 2005 
HydroGlacial WARNING: year = 2005, ep =0 
 	 Insufficient precipitation to grow glacier. 
 	 Volume glacier correction: 
 	 Volume should be 	2.950319e+13 m^3
 	 Volume corrected to 	1.277694e+10 m^3
 	 The rest is carried over to next year 

 	 HydroSnow Warning: There is Snow remaining on August 31 
 	 Snowremains 	 = 7.995227e+11 (m^3) 
 	 in year: 2005 
HydroGlacial WARNING: year = 2005, ep =0 
 	 Insufficient precipitation to grow glacier. 
 	 Volume glacier correction: 
 	 Volume should be 	2.950319e+13 m^3
 	 Volume corrected to 	1.277694e+10 m^3
 	 The rest is carried over to next year 

 	 HydroSnow Warning: There is Snow remaining on August 31 
 	 Snowremains 	 = 7.995227e+11 (m^3) 
 	 in year: 2005 
HydroGlacial WARNING: year = 2005, ep =0 
 	 Insufficient precipitation to grow glacier. 
 	 Volume glacier correction: 
 	 Volume should be 	2.950319e+13 m^3
 	 Volume corrected to 	1.277694e+10 m^3
 	 The rest is carried over to next year 

 	 HydroSnow Warning: There is Snow remaining on August 31 
 	 Snowremains 	 = 7.995227e+11 (m^3) 
 	 in year: 2005 
HydroGlacial WARNING: year = 2005, ep =0 
 	 Insufficient precipitation to grow glacier. 
 	 Volume glacier correction: 
 	 Volume should be 	2.950319e+13 m^3
 	 Volume corrected to 	1.277694e+10 m^3
 	 The rest is carried over to next year 

 	 HydroSnow Warning: There is Snow remaining on August 31 
 	 Snowremains 	 = 7.995227e+11 (m^3) 
 	 in year: 2005 
HydroGlacial WARNING: year = 2005, ep =0 
 	 Insufficient precipitation to grow glacier. 
 	 Volume glacier correction: 
 	 Volume should be 	2.950319e+13 m^3
 	 Volume corrected to 	1.277694e+10 m^3
 	 The rest is carried over to next year 

 	 HydroSnow Warning: There is Snow remaining on August 31 
 	 Snowremains 	 = 7.995227e+11 (m^3) 
 	 in year: 2005 
HydroGlacial WARNING: year = 2005, ep =0 
 	 Insufficient precipitation to grow glacier. 
 	 Volume glacier correction: 
 	 Volume should be 	2.950319e+13 m^3
 	 Volume corrected to 	1.277694e+10 m^3
 	 The rest is carried over to next year 

 	 HydroSnow Warning: There is Snow remaining on August 31 
 	 Snowremains 	 = 7.995227e+11 (m^3) 
 	 in year: 2005 
HydroGlacial WARNING: year = 2005, ep =0 
 	 Insufficient precipitation to grow glacier. 
 	 Volume glacier correction: 
 	 Volume should be 	2.950319e+13 m^3
 	 Volume corrected to 	1.277694e+10 m^3
 	 The rest is carried over to next year 

 	 HydroSnow Warning: There is Snow remaining on August 31 
 	 Snowremains 	 = 7.995227e+11 (m^3) 
 	 in year: 2005 
   FLOOD WARNING: the maximum predicted flood size has been exceeded. 
      Epoch 1, year 2005 
      Maximum predicted flood 56740.8 (m^3/s) 
      Modeled flood peak 62904.8 (m^3/s) 
