 Calculate mean discharge, epoch: 1
 Calculate daily discharge, epoch: 1
 Calculate mean suspended sediment load, epoch: 1
 Calculate daily suspended sediment load, epoch: 1
   FLOOD WARNING: the maximum predicted flood size has been exceeded. 
      Epoch 1, year 2066 
      Maximum predicted flood 55399.1 (m^3/s) 
      Modeled flood peak 69355.7 (m^3/s) 
HydroGlacial WARNING: year = 2067, ep =0 
 	 Insufficient precipitation to grow glacier. 
 	 Volume glacier correction: 
 	 Volume should be 	8.351904e+13 m^3
 	 Volume corrected to 	1.289574e+10 m^3
 	 The rest is carried over to next year 
HydroGlacial WARNING: year = 2067, ep =0 
 	 Insufficient precipitation to grow glacier. 
 	 Volume glacier correction: 
 	 Volume should be 	8.351904e+13 m^3
 	 Volume corrected to 	1.289574e+10 m^3
 	 The rest is carried over to next year 
HydroGlacial WARNING: year = 2067, ep =0 
 	 Insufficient precipitation to grow glacier. 
 	 Volume glacier correction: 
 	 Volume should be 	8.351904e+13 m^3
 	 Volume corrected to 	1.289574e+10 m^3
 	 The rest is carried over to next year 
HydroGlacial WARNING: year = 2067, ep =0 
 	 Insufficient precipitation to grow glacier. 
 	 Volume glacier correction: 
 	 Volume should be 	8.351904e+13 m^3
 	 Volume corrected to 	1.289574e+10 m^3
 	 The rest is carried over to next year 
HydroGlacial WARNING: year = 2067, ep =0 
 	 Insufficient precipitation to grow glacier. 
 	 Volume glacier correction: 
 	 Volume should be 	8.351904e+13 m^3
 	 Volume corrected to 	1.289574e+10 m^3
 	 The rest is carried over to next year 
HydroGlacial WARNING: year = 2067, ep =0 
 	 Insufficient precipitation to grow glacier. 
 	 Volume glacier correction: 
 	 Volume should be 	8.351904e+13 m^3
 	 Volume corrected to 	1.289574e+10 m^3
 	 The rest is carried over to next year 
HydroGlacial WARNING: year = 2067, ep =0 
 	 Insufficient precipitation to grow glacier. 
 	 Volume glacier correction: 
 	 Volume should be 	8.351904e+13 m^3
 	 Volume corrected to 	1.289574e+10 m^3
 	 The rest is carried over to next year 
HydroGlacial WARNING: year = 2067, ep =0 
 	 Insufficient precipitation to grow glacier. 
 	 Volume glacier correction: 
 	 Volume should be 	8.351904e+13 m^3
 	 Volume corrected to 	1.289574e+10 m^3
 	 The rest is carried over to next year 
HydroGlacial WARNING: year = 2067, ep =0 
 	 Insufficient precipitation to grow glacier. 
 	 Volume glacier correction: 
 	 Volume should be 	8.351904e+13 m^3
 	 Volume corrected to 	1.289574e+10 m^3
 	 The rest is carried over to next year 
   FLOOD WARNING: the maximum predicted flood size has been exceeded. 
      Epoch 1, year 2067 
      Maximum predicted flood 55399.1 (m^3/s) 
      Modeled flood peak 101929 (m^3/s) 
HydroGlacial WARNING: year = 2068, ep =0 
 	 Insufficient precipitation to grow glacier. 
 	 Volume glacier correction: 
 	 Volume should be 	8.351904e+13 m^3
 	 Volume corrected to 	3.645752e+10 m^3
 	 The rest is carried over to next year 
HydroGlacial WARNING: year = 2068, ep =0 
 	 Insufficient precipitation to grow glacier. 
 	 Volume glacier correction: 
 	 Volume should be 	8.351904e+13 m^3
 	 Volume corrected to 	2.356178e+10 m^3
 	 The rest is carried over to next year 
HydroGlacial WARNING: year = 2068, ep =0 
 	 Insufficient precipitation to grow glacier. 
 	 Volume glacier correction: 
 	 Volume should be 	8.351904e+13 m^3
 	 Volume corrected to 	2.356178e+10 m^3
 	 The rest is carried over to next year 
HydroGlacial WARNING: year = 2068, ep =0 
 	 Insufficient precipitation to grow glacier. 
 	 Volume glacier correction: 
 	 Volume should be 	8.351904e+13 m^3
 	 Volume corrected to 	2.356178e+10 m^3
 	 The rest is carried over to next year 
HydroGlacial WARNING: year = 2068, ep =0 
 	 Insufficient precipitation to grow glacier. 
 	 Volume glacier correction: 
 	 Volume should be 	8.351904e+13 m^3
 	 Volume corrected to 	2.356178e+10 m^3
 	 The rest is carried over to next year 
HydroGlacial WARNING: year = 2068, ep =0 
 	 Insufficient precipitation to grow glacier. 
 	 Volume glacier correction: 
 	 Volume should be 	8.351904e+13 m^3
 	 Volume corrected to 	2.356178e+10 m^3
 	 The rest is carried over to next year 
HydroGlacial WARNING: year = 2068, ep =0 
 	 Insufficient precipitation to grow glacier. 
 	 Volume glacier correction: 
 	 Volume should be 	8.351904e+13 m^3
 	 Volume corrected to 	2.356178e+10 m^3
 	 The rest is carried over to next year 
HydroGlacial WARNING: year = 2068, ep =0 
 	 Insufficient precipitation to grow glacier. 
 	 Volume glacier correction: 
 	 Volume should be 	8.351904e+13 m^3
 	 Volume corrected to 	2.356178e+10 m^3
 	 The rest is carried over to next year 
HydroGlacial WARNING: year = 2068, ep =0 
 	 Insufficient precipitation to grow glacier. 
 	 Volume glacier correction: 
 	 Volume should be 	8.351904e+13 m^3
 	 Volume corrected to 	2.356178e+10 m^3
 	 The rest is carried over to next year 
HydroGlacial WARNING: year = 2068, ep =0 
 	 Insufficient precipitation to grow glacier. 
 	 Volume glacier correction: 
 	 Volume should be 	8.351904e+13 m^3
 	 Volume corrected to 	2.356178e+10 m^3
 	 The rest is carried over to next year 
   FLOOD WARNING: the maximum predicted flood size has been exceeded. 
      Epoch 1, year 2068 
      Maximum predicted flood 55399.1 (m^3/s) 
      Modeled flood peak 128658 (m^3/s) 
HydroGlacial WARNING: year = 2069, ep =0 
 	 Insufficient precipitation to grow glacier. 
 	 Volume glacier correction: 
 	 Volume should be 	8.351904e+13 m^3
 	 Volume corrected to 	3.889040e+10 m^3
 	 The rest is carried over to next year 
HydroGlacial WARNING: year = 2069, ep =0 
 	 Insufficient precipitation to grow glacier. 
 	 Volume glacier correction: 
 	 Volume should be 	8.351904e+13 m^3
 	 Volume corrected to 	1.532861e+10 m^3
 	 The rest is carried over to next year 
HydroGlacial WARNING: year = 2069, ep =0 
 	 Insufficient precipitation to grow glacier. 
 	 Volume glacier correction: 
 	 Volume should be 	8.351904e+13 m^3
 	 Volume corrected to 	1.532861e+10 m^3
 	 The rest is carried over to next year 
HydroGlacial WARNING: year = 2069, ep =0 
 	 Insufficient precipitation to grow glacier. 
 	 Volume glacier correction: 
 	 Volume should be 	8.351904e+13 m^3
 	 Volume corrected to 	1.532861e+10 m^3
 	 The rest is carried over to next year 
HydroGlacial WARNING: year = 2069, ep =0 
 	 Insufficient precipitation to grow glacier. 
 	 Volume glacier correction: 
 	 Volume should be 	8.351904e+13 m^3
 	 Volume corrected to 	1.532861e+10 m^3
 	 The rest is carried over to next year 
HydroGlacial WARNING: year = 2069, ep =0 
 	 Insufficient precipitation to grow glacier. 
 	 Volume glacier correction: 
 	 Volume should be 	8.351904e+13 m^3
 	 Volume corrected to 	1.532861e+10 m^3
 	 The rest is carried over to next year 
HydroGlacial WARNING: year = 2069, ep =0 
 	 Insufficient precipitation to grow glacier. 
 	 Volume glacier correction: 
 	 Volume should be 	8.351904e+13 m^3
 	 Volume corrected to 	1.532861e+10 m^3
 	 The rest is carried over to next year 
HydroGlacial WARNING: year = 2069, ep =0 
 	 Insufficient precipitation to grow glacier. 
 	 Volume glacier correction: 
 	 Volume should be 	8.351904e+13 m^3
 	 Volume corrected to 	1.532861e+10 m^3
 	 The rest is carried over to next year 
HydroGlacial WARNING: year = 2069, ep =0 
 	 Insufficient precipitation to grow glacier. 
 	 Volume glacier correction: 
 	 Volume should be 	8.351904e+13 m^3
 	 Volume corrected to 	1.532861e+10 m^3
 	 The rest is carried over to next year 
HydroGlacial WARNING: year = 2069, ep =0 
 	 Insufficient precipitation to grow glacier. 
 	 Volume glacier correction: 
 	 Volume should be 	8.351904e+13 m^3
 	 Volume corrected to 	1.532861e+10 m^3
 	 The rest is carried over to next year 
   FLOOD WARNING: the maximum predicted flood size has been exceeded. 
      Epoch 1, year 2069 
      Maximum predicted flood 55399.1 (m^3/s) 
      Modeled flood peak 70147.4 (m^3/s) 
HydroGlacial WARNING: year = 2070, ep =0 
 	 Insufficient precipitation to grow glacier. 
 	 Volume glacier correction: 
 	 Volume should be 	8.351904e+13 m^3
 	 Volume corrected to 	3.937281e+10 m^3
 	 The rest is carried over to next year 
HydroGlacial WARNING: year = 2070, ep =0 
 	 Insufficient precipitation to grow glacier. 
 	 Volume glacier correction: 
 	 Volume should be 	8.351904e+13 m^3
 	 Volume corrected to 	2.404419e+10 m^3
 	 The rest is carried over to next year 
HydroGlacial WARNING: year = 2070, ep =0 
 	 Insufficient precipitation to grow glacier. 
 	 Volume glacier correction: 
 	 Volume should be 	8.351904e+13 m^3
 	 Volume corrected to 	2.404419e+10 m^3
 	 The rest is carried over to next year 
HydroGlacial WARNING: year = 2070, ep =0 
 	 Insufficient precipitation to grow glacier. 
 	 Volume glacier correction: 
 	 Volume should be 	8.351904e+13 m^3
 	 Volume corrected to 	2.404419e+10 m^3
 	 The rest is carried over to next year 
HydroGlacial WARNING: year = 2070, ep =0 
 	 Insufficient precipitation to grow glacier. 
 	 Volume glacier correction: 
 	 Volume should be 	8.351904e+13 m^3
 	 Volume corrected to 	2.404419e+10 m^3
 	 The rest is carried over to next year 
HydroGlacial WARNING: year = 2070, ep =0 
 	 Insufficient precipitation to grow glacier. 
 	 Volume glacier correction: 
 	 Volume should be 	8.351904e+13 m^3
 	 Volume corrected to 	2.404419e+10 m^3
 	 The rest is carried over to next year 
HydroGlacial WARNING: year = 2070, ep =0 
 	 Insufficient precipitation to grow glacier. 
 	 Volume glacier correction: 
 	 Volume should be 	8.351904e+13 m^3
 	 Volume corrected to 	2.404419e+10 m^3
 	 The rest is carried over to next year 
HydroGlacial WARNING: year = 2070, ep =0 
 	 Insufficient precipitation to grow glacier. 
 	 Volume glacier correction: 
 	 Volume should be 	8.351904e+13 m^3
 	 Volume corrected to 	2.404419e+10 m^3
 	 The rest is carried over to next year 
HydroGlacial WARNING: year = 2070, ep =0 
 	 Insufficient precipitation to grow glacier. 
 	 Volume glacier correction: 
 	 Volume should be 	8.351904e+13 m^3
 	 Volume corrected to 	2.404419e+10 m^3
 	 The rest is carried over to next year 
HydroGlacial WARNING: year = 2070, ep =0 
 	 Insufficient precipitation to grow glacier. 
 	 Volume glacier correction: 
 	 Volume should be 	8.351904e+13 m^3
 	 Volume corrected to 	2.404419e+10 m^3
 	 The rest is carried over to next year 
   FLOOD WARNING: the maximum predicted flood size has been exceeded. 
      Epoch 1, year 2070 
      Maximum predicted flood 55399.1 (m^3/s) 
      Modeled flood peak 146127 (m^3/s) 
HydroGlacial WARNING: year = 2071, ep =0 
 	 Insufficient precipitation to grow glacier. 
 	 Volume glacier correction: 
 	 Volume should be 	8.351904e+13 m^3
 	 Volume corrected to 	4.225894e+10 m^3
 	 The rest is carried over to next year 
HydroGlacial WARNING: year = 2071, ep =0 
 	 Insufficient precipitation to grow glacier. 
 	 Volume glacier correction: 
 	 Volume should be 	8.351904e+13 m^3
 	 Volume corrected to 	1.821475e+10 m^3
 	 The rest is carried over to next year 
HydroGlacial WARNING: year = 2071, ep =0 
 	 Insufficient precipitation to grow glacier. 
 	 Volume glacier correction: 
 	 Volume should be 	8.351904e+13 m^3
 	 Volume corrected to 	1.821475e+10 m^3
 	 The rest is carried over to next year 
HydroGlacial WARNING: year = 2071, ep =0 
 	 Insufficient precipitation to grow glacier. 
 	 Volume glacier correction: 
 	 Volume should be 	8.351904e+13 m^3
 	 Volume corrected to 	1.821475e+10 m^3
 	 The rest is carried over to next year 
HydroGlacial WARNING: year = 2071, ep =0 
 	 Insufficient precipitation to grow glacier. 
 	 Volume glacier correction: 
 	 Volume should be 	8.351904e+13 m^3
 	 Volume corrected to 	1.821475e+10 m^3
 	 The rest is carried over to next year 
HydroGlacial WARNING: year = 2071, ep =0 
 	 Insufficient precipitation to grow glacier. 
 	 Volume glacier correction: 
 	 Volume should be 	8.351904e+13 m^3
 	 Volume corrected to 	1.821475e+10 m^3
 	 The rest is carried over to next year 
HydroGlacial WARNING: year = 2071, ep =0 
 	 Insufficient precipitation to grow glacier. 
 	 Volume glacier correction: 
 	 Volume should be 	8.351904e+13 m^3
 	 Volume corrected to 	1.821475e+10 m^3
 	 The rest is carried over to next year 
HydroGlacial WARNING: year = 2071, ep =0 
 	 Insufficient precipitation to grow glacier. 
 	 Volume glacier correction: 
 	 Volume should be 	8.351904e+13 m^3
 	 Volume corrected to 	1.821475e+10 m^3
 	 The rest is carried over to next year 
HydroGlacial WARNING: year = 2071, ep =0 
 	 Insufficient precipitation to grow glacier. 
 	 Volume glacier correction: 
 	 Volume should be 	8.351904e+13 m^3
 	 Volume corrected to 	1.821475e+10 m^3
 	 The rest is carried over to next year 
HydroGlacial WARNING: year = 2071, ep =0 
 	 Insufficient precipitation to grow glacier. 
 	 Volume glacier correction: 
 	 Volume should be 	8.351904e+13 m^3
 	 Volume corrected to 	1.821475e+10 m^3
 	 The rest is carried over to next year 
   FLOOD WARNING: the maximum predicted flood size has been exceeded. 
      Epoch 1, year 2071 
      Maximum predicted flood 55399.1 (m^3/s) 
      Modeled flood peak 104420 (m^3/s) 
HydroGlacial WARNING: year = 2072, ep =0 
 	 Insufficient precipitation to grow glacier. 
 	 Volume glacier correction: 
 	 Volume should be 	8.351904e+13 m^3
 	 Volume corrected to 	3.283941e+10 m^3
 	 The rest is carried over to next year 
HydroGlacial WARNING: year = 2072, ep =0 
 	 Insufficient precipitation to grow glacier. 
 	 Volume glacier correction: 
 	 Volume should be 	8.351904e+13 m^3
 	 Volume corrected to 	1.462466e+10 m^3
 	 The rest is carried over to next year 
HydroGlacial WARNING: year = 2072, ep =0 
 	 Insufficient precipitation to grow glacier. 
 	 Volume glacier correction: 
 	 Volume should be 	8.351904e+13 m^3
 	 Volume corrected to 	1.462466e+10 m^3
 	 The rest is carried over to next year 
HydroGlacial WARNING: year = 2072, ep =0 
 	 Insufficient precipitation to grow glacier. 
 	 Volume glacier correction: 
 	 Volume should be 	8.351904e+13 m^3
 	 Volume corrected to 	1.462466e+10 m^3
 	 The rest is carried over to next year 
HydroGlacial WARNING: year = 2072, ep =0 
 	 Insufficient precipitation to grow glacier. 
 	 Volume glacier correction: 
 	 Volume should be 	8.351904e+13 m^3
 	 Volume corrected to 	1.462466e+10 m^3
 	 The rest is carried over to next year 
HydroGlacial WARNING: year = 2072, ep =0 
 	 Insufficient precipitation to grow glacier. 
 	 Volume glacier correction: 
 	 Volume should be 	8.351904e+13 m^3
 	 Volume corrected to 	1.462466e+10 m^3
 	 The rest is carried over to next year 
HydroGlacial WARNING: year = 2072, ep =0 
 	 Insufficient precipitation to grow glacier. 
 	 Volume glacier correction: 
 	 Volume should be 	8.351904e+13 m^3
 	 Volume corrected to 	1.462466e+10 m^3
 	 The rest is carried over to next year 
HydroGlacial WARNING: year = 2072, ep =0 
 	 Insufficient precipitation to grow glacier. 
 	 Volume glacier correction: 
 	 Volume should be 	8.351904e+13 m^3
 	 Volume corrected to 	1.462466e+10 m^3
 	 The rest is carried over to next year 
HydroGlacial WARNING: year = 2072, ep =0 
 	 Insufficient precipitation to grow glacier. 
 	 Volume glacier correction: 
 	 Volume should be 	8.351904e+13 m^3
 	 Volume corrected to 	1.462466e+10 m^3
 	 The rest is carried over to next year 
HydroGlacial WARNING: year = 2072, ep =0 
 	 Insufficient precipitation to grow glacier. 
 	 Volume glacier correction: 
 	 Volume should be 	8.351904e+13 m^3
 	 Volume corrected to 	1.462466e+10 m^3
 	 The rest is carried over to next year 
   FLOOD WARNING: the maximum predicted flood size has been exceeded. 
      Epoch 1, year 2072 
      Maximum predicted flood 55399.1 (m^3/s) 
      Modeled flood peak 117575 (m^3/s) 
HydroGlacial WARNING: year = 2073, ep =0 
 	 Insufficient precipitation to grow glacier. 
 	 Volume glacier correction: 
 	 Volume should be 	8.351904e+13 m^3
 	 Volume corrected to 	3.158493e+10 m^3
 	 The rest is carried over to next year 
HydroGlacial WARNING: year = 2073, ep =0 
 	 Insufficient precipitation to grow glacier. 
 	 Volume glacier correction: 
 	 Volume should be 	8.351904e+13 m^3
 	 Volume corrected to 	1.696027e+10 m^3
 	 The rest is carried over to next year 
HydroGlacial WARNING: year = 2073, ep =0 
 	 Insufficient precipitation to grow glacier. 
 	 Volume glacier correction: 
 	 Volume should be 	8.351904e+13 m^3
 	 Volume corrected to 	1.696027e+10 m^3
 	 The rest is carried over to next year 
HydroGlacial WARNING: year = 2073, ep =0 
 	 Insufficient precipitation to grow glacier. 
 	 Volume glacier correction: 
 	 Volume should be 	8.351904e+13 m^3
 	 Volume corrected to 	1.696027e+10 m^3
 	 The rest is carried over to next year 
HydroGlacial WARNING: year = 2073, ep =0 
 	 Insufficient precipitation to grow glacier. 
 	 Volume glacier correction: 
 	 Volume should be 	8.351904e+13 m^3
 	 Volume corrected to 	1.696027e+10 m^3
 	 The rest is carried over to next year 
HydroGlacial WARNING: year = 2073, ep =0 
 	 Insufficient precipitation to grow glacier. 
 	 Volume glacier correction: 
 	 Volume should be 	8.351904e+13 m^3
 	 Volume corrected to 	1.696027e+10 m^3
 	 The rest is carried over to next year 
HydroGlacial WARNING: year = 2073, ep =0 
 	 Insufficient precipitation to grow glacier. 
 	 Volume glacier correction: 
 	 Volume should be 	8.351904e+13 m^3
 	 Volume corrected to 	1.696027e+10 m^3
 	 The rest is carried over to next year 
HydroGlacial WARNING: year = 2073, ep =0 
 	 Insufficient precipitation to grow glacier. 
 	 Volume glacier correction: 
 	 Volume should be 	8.351904e+13 m^3
 	 Volume corrected to 	1.696027e+10 m^3
 	 The rest is carried over to next year 
HydroGlacial WARNING: year = 2073, ep =0 
 	 Insufficient precipitation to grow glacier. 
 	 Volume glacier correction: 
 	 Volume should be 	8.351904e+13 m^3
 	 Volume corrected to 	1.696027e+10 m^3
 	 The rest is carried over to next year 
HydroGlacial WARNING: year = 2073, ep =0 
 	 Insufficient precipitation to grow glacier. 
 	 Volume glacier correction: 
 	 Volume should be 	8.351904e+13 m^3
 	 Volume corrected to 	1.696027e+10 m^3
 	 The rest is carried over to next year 
   FLOOD WARNING: the maximum predicted flood size has been exceeded. 
      Epoch 1, year 2073 
      Maximum predicted flood 55399.1 (m^3/s) 
      Modeled flood peak 110974 (m^3/s) 
HydroGlacial WARNING: year = 2074, ep =0 
 	 Insufficient precipitation to grow glacier. 
 	 Volume glacier correction: 
 	 Volume should be 	8.351904e+13 m^3
 	 Volume corrected to 	3.956243e+10 m^3
 	 The rest is carried over to next year 

 	 HydroSnow Warning: There is Snow remaining on August 31 
 	 Snowremains 	 = 9.143308e+07 (m^3) 
 	 in year: 2074 
HydroGlacial WARNING: year = 2074, ep =0 
 	 Insufficient precipitation to grow glacier. 
 	 Volume glacier correction: 
 	 Volume should be 	8.351904e+13 m^3
 	 Volume corrected to 	2.260215e+10 m^3
 	 The rest is carried over to next year 

 	 HydroSnow Warning: There is Snow remaining on August 31 
 	 Snowremains 	 = 9.143308e+07 (m^3) 
 	 in year: 2074 
HydroGlacial WARNING: year = 2074, ep =0 
 	 Insufficient precipitation to grow glacier. 
 	 Volume glacier correction: 
 	 Volume should be 	8.351904e+13 m^3
 	 Volume corrected to 	2.260215e+10 m^3
 	 The rest is carried over to next year 

 	 HydroSnow Warning: There is Snow remaining on August 31 
 	 Snowremains 	 = 9.143308e+07 (m^3) 
 	 in year: 2074 
HydroGlacial WARNING: year = 2074, ep =0 
 	 Insufficient precipitation to grow glacier. 
 	 Volume glacier correction: 
 	 Volume should be 	8.351904e+13 m^3
 	 Volume corrected to 	2.260215e+10 m^3
 	 The rest is carried over to next year 

 	 HydroSnow Warning: There is Snow remaining on August 31 
 	 Snowremains 	 = 9.143308e+07 (m^3) 
 	 in year: 2074 
HydroGlacial WARNING: year = 2074, ep =0 
 	 Insufficient precipitation to grow glacier. 
 	 Volume glacier correction: 
 	 Volume should be 	8.351904e+13 m^3
 	 Volume corrected to 	2.260215e+10 m^3
 	 The rest is carried over to next year 

 	 HydroSnow Warning: There is Snow remaining on August 31 
 	 Snowremains 	 = 9.143308e+07 (m^3) 
 	 in year: 2074 
HydroGlacial WARNING: year = 2074, ep =0 
 	 Insufficient precipitation to grow glacier. 
 	 Volume glacier correction: 
 	 Volume should be 	8.351904e+13 m^3
 	 Volume corrected to 	2.260215e+10 m^3
 	 The rest is carried over to next year 

 	 HydroSnow Warning: There is Snow remaining on August 31 
 	 Snowremains 	 = 9.143308e+07 (m^3) 
 	 in year: 2074 
HydroGlacial WARNING: year = 2074, ep =0 
 	 Insufficient precipitation to grow glacier. 
 	 Volume glacier correction: 
 	 Volume should be 	8.351904e+13 m^3
 	 Volume corrected to 	2.260215e+10 m^3
 	 The rest is carried over to next year 

 	 HydroSnow Warning: There is Snow remaining on August 31 
 	 Snowremains 	 = 9.143308e+07 (m^3) 
 	 in year: 2074 
HydroGlacial WARNING: year = 2074, ep =0 
 	 Insufficient precipitation to grow glacier. 
 	 Volume glacier correction: 
 	 Volume should be 	8.351904e+13 m^3
 	 Volume corrected to 	2.260215e+10 m^3
 	 The rest is carried over to next year 

 	 HydroSnow Warning: There is Snow remaining on August 31 
 	 Snowremains 	 = 9.143308e+07 (m^3) 
 	 in year: 2074 
HydroGlacial WARNING: year = 2074, ep =0 
 	 Insufficient precipitation to grow glacier. 
 	 Volume glacier correction: 
 	 Volume should be 	8.351904e+13 m^3
 	 Volume corrected to 	2.260215e+10 m^3
 	 The rest is carried over to next year 

 	 HydroSnow Warning: There is Snow remaining on August 31 
 	 Snowremains 	 = 9.143308e+07 (m^3) 
 	 in year: 2074 
HydroGlacial WARNING: year = 2074, ep =0 
 	 Insufficient precipitation to grow glacier. 
 	 Volume glacier correction: 
 	 Volume should be 	8.351904e+13 m^3
 	 Volume corrected to 	2.260215e+10 m^3
 	 The rest is carried over to next year 

 	 HydroSnow Warning: There is Snow remaining on August 31 
 	 Snowremains 	 = 9.143308e+07 (m^3) 
 	 in year: 2074 
   FLOOD WARNING: the maximum predicted flood size has been exceeded. 
      Epoch 1, year 2074 
      Maximum predicted flood 55399.1 (m^3/s) 
      Modeled flood peak 78027.5 (m^3/s) 
HydroGlacial WARNING: year = 2075, ep =0 
 	 Insufficient precipitation to grow glacier. 
 	 Volume glacier correction: 
 	 Volume should be 	8.351904e+13 m^3
 	 Volume corrected to 	6.518174e+10 m^3
 	 The rest is carried over to next year 

 	 HydroSnow Warning: There is Snow remaining on August 31 
 	 Snowremains 	 = 9.624080e+09 (m^3) 
 	 in year: 2075 
HydroGlacial WARNING: year = 2075, ep =0 
 	 Insufficient precipitation to grow glacier. 
 	 Volume glacier correction: 
 	 Volume should be 	8.351904e+13 m^3
 	 Volume corrected to 	4.257959e+10 m^3
 	 The rest is carried over to next year 

 	 HydroSnow Warning: There is Snow remaining on August 31 
 	 Snowremains 	 = 9.624080e+09 (m^3) 
 	 in year: 2075 
HydroGlacial WARNING: year = 2075, ep =0 
 	 Insufficient precipitation to grow glacier. 
 	 Volume glacier correction: 
 	 Volume should be 	8.351904e+13 m^3
 	 Volume corrected to 	4.257959e+10 m^3
 	 The rest is carried over to next year 

 	 HydroSnow Warning: There is Snow remaining on August 31 
 	 Snowremains 	 = 9.624080e+09 (m^3) 
 	 in year: 2075 
HydroGlacial WARNING: year = 2075, ep =0 
 	 Insufficient precipitation to grow glacier. 
 	 Volume glacier correction: 
 	 Volume should be 	8.351904e+13 m^3
 	 Volume corrected to 	4.257959e+10 m^3
 	 The rest is carried over to next year 

 	 HydroSnow Warning: There is Snow remaining on August 31 
 	 Snowremains 	 = 9.624080e+09 (m^3) 
 	 in year: 2075 
HydroGlacial WARNING: year = 2075, ep =0 
 	 Insufficient precipitation to grow glacier. 
 	 Volume glacier correction: 
 	 Volume should be 	8.351904e+13 m^3
 	 Volume corrected to 	4.257959e+10 m^3
 	 The rest is carried over to next year 

 	 HydroSnow Warning: There is Snow remaining on August 31 
 	 Snowremains 	 = 9.624080e+09 (m^3) 
 	 in year: 2075 
HydroGlacial WARNING: year = 2075, ep =0 
 	 Insufficient precipitation to grow glacier. 
 	 Volume glacier correction: 
 	 Volume should be 	8.351904e+13 m^3
 	 Volume corrected to 	4.257959e+10 m^3
 	 The rest is carried over to next year 

 	 HydroSnow Warning: There is Snow remaining on August 31 
 	 Snowremains 	 = 9.624080e+09 (m^3) 
 	 in year: 2075 
HydroGlacial WARNING: year = 2075, ep =0 
 	 Insufficient precipitation to grow glacier. 
 	 Volume glacier correction: 
 	 Volume should be 	8.351904e+13 m^3
 	 Volume corrected to 	4.257959e+10 m^3
 	 The rest is carried over to next year 

 	 HydroSnow Warning: There is Snow remaining on August 31 
 	 Snowremains 	 = 9.624080e+09 (m^3) 
 	 in year: 2075 
HydroGlacial WARNING: year = 2075, ep =0 
 	 Insufficient precipitation to grow glacier. 
 	 Volume glacier correction: 
 	 Volume should be 	8.351904e+13 m^3
 	 Volume corrected to 	4.257959e+10 m^3
 	 The rest is carried over to next year 

 	 HydroSnow Warning: There is Snow remaining on August 31 
 	 Snowremains 	 = 9.624080e+09 (m^3) 
 	 in year: 2075 
HydroGlacial WARNING: year = 2075, ep =0 
 	 Insufficient precipitation to grow glacier. 
 	 Volume glacier correction: 
 	 Volume should be 	8.351904e+13 m^3
 	 Volume corrected to 	4.257959e+10 m^3
 	 The rest is carried over to next year 

 	 HydroSnow Warning: There is Snow remaining on August 31 
 	 Snowremains 	 = 9.624080e+09 (m^3) 
 	 in year: 2075 
HydroGlacial WARNING: year = 2075, ep =0 
 	 Insufficient precipitation to grow glacier. 
 	 Volume glacier correction: 
 	 Volume should be 	8.351904e+13 m^3
 	 Volume corrected to 	4.257959e+10 m^3
 	 The rest is carried over to next year 

 	 HydroSnow Warning: There is Snow remaining on August 31 
 	 Snowremains 	 = 9.624080e+09 (m^3) 
 	 in year: 2075 
   FLOOD WARNING: the maximum predicted flood size has been exceeded. 
      Epoch 1, year 2075 
      Maximum predicted flood 55399.1 (m^3/s) 
      Modeled flood peak 232485 (m^3/s) 
HydroGlacial WARNING: year = 2076, ep =0 
 	 Insufficient precipitation to grow glacier. 
 	 Volume glacier correction: 
 	 Volume should be 	8.351904e+13 m^3
 	 Volume corrected to 	5.133969e+10 m^3
 	 The rest is carried over to next year 
HydroGlacial WARNING: year = 2076, ep =0 
 	 Insufficient precipitation to grow glacier. 
 	 Volume glacier correction: 
 	 Volume should be 	8.351904e+13 m^3
 	 Volume corrected to 	8.760104e+09 m^3
 	 The rest is carried over to next year 
HydroGlacial WARNING: year = 2076, ep =0 
 	 Insufficient precipitation to grow glacier. 
 	 Volume glacier correction: 
 	 Volume should be 	8.351904e+13 m^3
 	 Volume corrected to 	8.760104e+09 m^3
 	 The rest is carried over to next year 
HydroGlacial WARNING: year = 2076, ep =0 
 	 Insufficient precipitation to grow glacier. 
 	 Volume glacier correction: 
 	 Volume should be 	8.351904e+13 m^3
 	 Volume corrected to 	8.760104e+09 m^3
 	 The rest is carried over to next year 
HydroGlacial WARNING: year = 2076, ep =0 
 	 Insufficient precipitation to grow glacier. 
 	 Volume glacier correction: 
 	 Volume should be 	8.351904e+13 m^3
 	 Volume corrected to 	8.760104e+09 m^3
 	 The rest is carried over to next year 
HydroGlacial WARNING: year = 2076, ep =0 
 	 Insufficient precipitation to grow glacier. 
 	 Volume glacier correction: 
 	 Volume should be 	8.351904e+13 m^3
 	 Volume corrected to 	8.760104e+09 m^3
 	 The rest is carried over to next year 
HydroGlacial WARNING: year = 2076, ep =0 
 	 Insufficient precipitation to grow glacier. 
 	 Volume glacier correction: 
 	 Volume should be 	8.351904e+13 m^3
 	 Volume corrected to 	8.760104e+09 m^3
 	 The rest is carried over to next year 
HydroGlacial WARNING: year = 2076, ep =0 
 	 Insufficient precipitation to grow glacier. 
 	 Volume glacier correction: 
 	 Volume should be 	8.351904e+13 m^3
 	 Volume corrected to 	8.760104e+09 m^3
 	 The rest is carried over to next year 
HydroGlacial WARNING: year = 2076, ep =0 
 	 Insufficient precipitation to grow glacier. 
 	 Volume glacier correction: 
 	 Volume should be 	8.351904e+13 m^3
 	 Volume corrected to 	8.760104e+09 m^3
 	 The rest is carried over to next year 
HydroGlacial WARNING: year = 2076, ep =0 
 	 Insufficient precipitation to grow glacier. 
 	 Volume glacier correction: 
 	 Volume should be 	8.351904e+13 m^3
 	 Volume corrected to 	8.760104e+09 m^3
 	 The rest is carried over to next year 
   FLOOD WARNING: the maximum predicted flood size has been exceeded. 
      Epoch 1, year 2076 
      Maximum predicted flood 55399.1 (m^3/s) 
      Modeled flood peak 73391.9 (m^3/s) 
HydroGlacial WARNING: year = 2077, ep =0 
 	 Insufficient precipitation to grow glacier. 
 	 Volume glacier correction: 
 	 Volume should be 	8.351904e+13 m^3
 	 Volume corrected to 	2.946118e+10 m^3
 	 The rest is carried over to next year 
HydroGlacial WARNING: year = 2077, ep =0 
 	 Insufficient precipitation to grow glacier. 
 	 Volume glacier correction: 
 	 Volume should be 	8.351904e+13 m^3
 	 Volume corrected to 	2.070107e+10 m^3
 	 The rest is carried over to next year 
HydroGlacial WARNING: year = 2077, ep =0 
 	 Insufficient precipitation to grow glacier. 
 	 Volume glacier correction: 
 	 Volume should be 	8.351904e+13 m^3
 	 Volume corrected to 	2.070107e+10 m^3
 	 The rest is carried over to next year 
HydroGlacial WARNING: year = 2077, ep =0 
 	 Insufficient precipitation to grow glacier. 
 	 Volume glacier correction: 
 	 Volume should be 	8.351904e+13 m^3
 	 Volume corrected to 	2.070107e+10 m^3
 	 The rest is carried over to next year 
HydroGlacial WARNING: year = 2077, ep =0 
 	 Insufficient precipitation to grow glacier. 
 	 Volume glacier correction: 
 	 Volume should be 	8.351904e+13 m^3
 	 Volume corrected to 	2.070107e+10 m^3
 	 The rest is carried over to next year 
HydroGlacial WARNING: year = 2077, ep =0 
 	 Insufficient precipitation to grow glacier. 
 	 Volume glacier correction: 
 	 Volume should be 	8.351904e+13 m^3
 	 Volume corrected to 	2.070107e+10 m^3
 	 The rest is carried over to next year 
HydroGlacial WARNING: year = 2077, ep =0 
 	 Insufficient precipitation to grow glacier. 
 	 Volume glacier correction: 
 	 Volume should be 	8.351904e+13 m^3
 	 Volume corrected to 	2.070107e+10 m^3
 	 The rest is carried over to next year 
HydroGlacial WARNING: year = 2077, ep =0 
 	 Insufficient precipitation to grow glacier. 
 	 Volume glacier correction: 
 	 Volume should be 	8.351904e+13 m^3
 	 Volume corrected to 	2.070107e+10 m^3
 	 The rest is carried over to next year 
HydroGlacial WARNING: year = 2077, ep =0 
 	 Insufficient precipitation to grow glacier. 
 	 Volume glacier correction: 
 	 Volume should be 	8.351904e+13 m^3
 	 Volume corrected to 	2.070107e+10 m^3
 	 The rest is carried over to next year 
HydroGlacial WARNING: year = 2077, ep =0 
 	 Insufficient precipitation to grow glacier. 
 	 Volume glacier correction: 
 	 Volume should be 	8.351904e+13 m^3
 	 Volume corrected to 	2.070107e+10 m^3
 	 The rest is carried over to next year 
   FLOOD WARNING: the maximum predicted flood size has been exceeded. 
      Epoch 1, year 2077 
      Maximum predicted flood 55399.1 (m^3/s) 
      Modeled flood peak 138412 (m^3/s) 
HydroGlacial WARNING: year = 2078, ep =0 
 	 Insufficient precipitation to grow glacier. 
 	 Volume glacier correction: 
 	 Volume should be 	8.351904e+13 m^3
 	 Volume corrected to 	4.378559e+10 m^3
 	 The rest is carried over to next year 

 	 HydroSnow Warning: There is Snow remaining on August 31 
 	 Snowremains 	 = 5.484583e+07 (m^3) 
 	 in year: 2078 
HydroGlacial WARNING: year = 2078, ep =0 
 	 Insufficient precipitation to grow glacier. 
 	 Volume glacier correction: 
 	 Volume should be 	8.351904e+13 m^3
 	 Volume corrected to 	2.308451e+10 m^3
 	 The rest is carried over to next year 

 	 HydroSnow Warning: There is Snow remaining on August 31 
 	 Snowremains 	 = 5.484583e+07 (m^3) 
 	 in year: 2078 
HydroGlacial WARNING: year = 2078, ep =0 
 	 Insufficient precipitation to grow glacier. 
 	 Volume glacier correction: 
 	 Volume should be 	8.351904e+13 m^3
 	 Volume corrected to 	2.308451e+10 m^3
 	 The rest is carried over to next year 

 	 HydroSnow Warning: There is Snow remaining on August 31 
 	 Snowremains 	 = 5.484583e+07 (m^3) 
 	 in year: 2078 
HydroGlacial WARNING: year = 2078, ep =0 
 	 Insufficient precipitation to grow glacier. 
 	 Volume glacier correction: 
 	 Volume should be 	8.351904e+13 m^3
 	 Volume corrected to 	2.308451e+10 m^3
 	 The rest is carried over to next year 

 	 HydroSnow Warning: There is Snow remaining on August 31 
 	 Snowremains 	 = 5.484583e+07 (m^3) 
 	 in year: 2078 
HydroGlacial WARNING: year = 2078, ep =0 
 	 Insufficient precipitation to grow glacier. 
 	 Volume glacier correction: 
 	 Volume should be 	8.351904e+13 m^3
 	 Volume corrected to 	2.308451e+10 m^3
 	 The rest is carried over to next year 

 	 HydroSnow Warning: There is Snow remaining on August 31 
 	 Snowremains 	 = 5.484583e+07 (m^3) 
 	 in year: 2078 
HydroGlacial WARNING: year = 2078, ep =0 
 	 Insufficient precipitation to grow glacier. 
 	 Volume glacier correction: 
 	 Volume should be 	8.351904e+13 m^3
 	 Volume corrected to 	2.308451e+10 m^3
 	 The rest is carried over to next year 

 	 HydroSnow Warning: There is Snow remaining on August 31 
 	 Snowremains 	 = 5.484583e+07 (m^3) 
 	 in year: 2078 
HydroGlacial WARNING: year = 2078, ep =0 
 	 Insufficient precipitation to grow glacier. 
 	 Volume glacier correction: 
 	 Volume should be 	8.351904e+13 m^3
 	 Volume corrected to 	2.308451e+10 m^3
 	 The rest is carried over to next year 

 	 HydroSnow Warning: There is Snow remaining on August 31 
 	 Snowremains 	 = 5.484583e+07 (m^3) 
 	 in year: 2078 
HydroGlacial WARNING: year = 2078, ep =0 
 	 Insufficient precipitation to grow glacier. 
 	 Volume glacier correction: 
 	 Volume should be 	8.351904e+13 m^3
 	 Volume corrected to 	2.308451e+10 m^3
 	 The rest is carried over to next year 

 	 HydroSnow Warning: There is Snow remaining on August 31 
 	 Snowremains 	 = 5.484583e+07 (m^3) 
 	 in year: 2078 
HydroGlacial WARNING: year = 2078, ep =0 
 	 Insufficient precipitation to grow glacier. 
 	 Volume glacier correction: 
 	 Volume should be 	8.351904e+13 m^3
 	 Volume corrected to 	2.308451e+10 m^3
 	 The rest is carried over to next year 

 	 HydroSnow Warning: There is Snow remaining on August 31 
 	 Snowremains 	 = 5.484583e+07 (m^3) 
 	 in year: 2078 
HydroGlacial WARNING: year = 2078, ep =0 
 	 Insufficient precipitation to grow glacier. 
 	 Volume glacier correction: 
 	 Volume should be 	8.351904e+13 m^3
 	 Volume corrected to 	2.308451e+10 m^3
 	 The rest is carried over to next year 

 	 HydroSnow Warning: There is Snow remaining on August 31 
 	 Snowremains 	 = 5.484583e+07 (m^3) 
 	 in year: 2078 
   FLOOD WARNING: the maximum predicted flood size has been exceeded. 
      Epoch 1, year 2078 
      Maximum predicted flood 55399.1 (m^3/s) 
      Modeled flood peak 101716 (m^3/s) 
HydroGlacial WARNING: year = 2079, ep =0 
 	 Insufficient precipitation to grow glacier. 
 	 Volume glacier correction: 
 	 Volume should be 	8.351904e+13 m^3
 	 Volume corrected to 	4.763058e+10 m^3
 	 The rest is carried over to next year 

 	 HydroSnow Warning: There is Snow remaining on August 31 
 	 Snowremains 	 = 1.465324e+09 (m^3) 
 	 in year: 2079 
HydroGlacial WARNING: year = 2079, ep =0 
 	 Insufficient precipitation to grow glacier. 
 	 Volume glacier correction: 
 	 Volume should be 	8.351904e+13 m^3
 	 Volume corrected to 	2.454606e+10 m^3
 	 The rest is carried over to next year 

 	 HydroSnow Warning: There is Snow remaining on August 31 
 	 Snowremains 	 = 1.465324e+09 (m^3) 
 	 in year: 2079 
HydroGlacial WARNING: year = 2079, ep =0 
 	 Insufficient precipitation to grow glacier. 
 	 Volume glacier correction: 
 	 Volume should be 	8.351904e+13 m^3
 	 Volume corrected to 	2.454606e+10 m^3
 	 The rest is carried over to next year 

 	 HydroSnow Warning: There is Snow remaining on August 31 
 	 Snowremains 	 = 1.465324e+09 (m^3) 
 	 in year: 2079 
HydroGlacial WARNING: year = 2079, ep =0 
 	 Insufficient precipitation to grow glacier. 
 	 Volume glacier correction: 
 	 Volume should be 	8.351904e+13 m^3
 	 Volume corrected to 	2.454606e+10 m^3
 	 The rest is carried over to next year 

 	 HydroSnow Warning: There is Snow remaining on August 31 
 	 Snowremains 	 = 1.465324e+09 (m^3) 
 	 in year: 2079 
HydroGlacial WARNING: year = 2079, ep =0 
 	 Insufficient precipitation to grow glacier. 
 	 Volume glacier correction: 
 	 Volume should be 	8.351904e+13 m^3
 	 Volume corrected to 	2.454606e+10 m^3
 	 The rest is carried over to next year 

 	 HydroSnow Warning: There is Snow remaining on August 31 
 	 Snowremains 	 = 1.465324e+09 (m^3) 
 	 in year: 2079 
HydroGlacial WARNING: year = 2079, ep =0 
 	 Insufficient precipitation to grow glacier. 
 	 Volume glacier correction: 
 	 Volume should be 	8.351904e+13 m^3
 	 Volume corrected to 	2.454606e+10 m^3
 	 The rest is carried over to next year 

 	 HydroSnow Warning: There is Snow remaining on August 31 
 	 Snowremains 	 = 1.465324e+09 (m^3) 
 	 in year: 2079 
HydroGlacial WARNING: year = 2079, ep =0 
 	 Insufficient precipitation to grow glacier. 
 	 Volume glacier correction: 
 	 Volume should be 	8.351904e+13 m^3
 	 Volume corrected to 	2.454606e+10 m^3
 	 The rest is carried over to next year 

 	 HydroSnow Warning: There is Snow remaining on August 31 
 	 Snowremains 	 = 1.465324e+09 (m^3) 
 	 in year: 2079 
HydroGlacial WARNING: year = 2079, ep =0 
 	 Insufficient precipitation to grow glacier. 
 	 Volume glacier correction: 
 	 Volume should be 	8.351904e+13 m^3
 	 Volume corrected to 	2.454606e+10 m^3
 	 The rest is carried over to next year 

 	 HydroSnow Warning: There is Snow remaining on August 31 
 	 Snowremains 	 = 1.465324e+09 (m^3) 
 	 in year: 2079 
HydroGlacial WARNING: year = 2079, ep =0 
 	 Insufficient precipitation to grow glacier. 
 	 Volume glacier correction: 
 	 Volume should be 	8.351904e+13 m^3
 	 Volume corrected to 	2.454606e+10 m^3
 	 The rest is carried over to next year 

 	 HydroSnow Warning: There is Snow remaining on August 31 
 	 Snowremains 	 = 1.465324e+09 (m^3) 
 	 in year: 2079 
HydroGlacial WARNING: year = 2079, ep =0 
 	 Insufficient precipitation to grow glacier. 
 	 Volume glacier correction: 
 	 Volume should be 	8.351904e+13 m^3
 	 Volume corrected to 	2.454606e+10 m^3
 	 The rest is carried over to next year 

 	 HydroSnow Warning: There is Snow remaining on August 31 
 	 Snowremains 	 = 1.465324e+09 (m^3) 
 	 in year: 2079 
   FLOOD WARNING: the maximum predicted flood size has been exceeded. 
      Epoch 1, year 2079 
      Maximum predicted flood 55399.1 (m^3/s) 
      Modeled flood peak 114120 (m^3/s) 
HydroGlacial WARNING: year = 2080, ep =0 
 	 Insufficient precipitation to grow glacier. 
 	 Volume glacier correction: 
 	 Volume should be 	8.351904e+13 m^3
 	 Volume corrected to 	4.407483e+10 m^3
 	 The rest is carried over to next year 
HydroGlacial WARNING: year = 2080, ep =0 
 	 Insufficient precipitation to grow glacier. 
 	 Volume glacier correction: 
 	 Volume should be 	8.351904e+13 m^3
 	 Volume corrected to 	1.952877e+10 m^3
 	 The rest is carried over to next year 
HydroGlacial WARNING: year = 2080, ep =0 
 	 Insufficient precipitation to grow glacier. 
 	 Volume glacier correction: 
 	 Volume should be 	8.351904e+13 m^3
 	 Volume corrected to 	1.952877e+10 m^3
 	 The rest is carried over to next year 
HydroGlacial WARNING: year = 2080, ep =0 
 	 Insufficient precipitation to grow glacier. 
 	 Volume glacier correction: 
 	 Volume should be 	8.351904e+13 m^3
 	 Volume corrected to 	1.952877e+10 m^3
 	 The rest is carried over to next year 
HydroGlacial WARNING: year = 2080, ep =0 
 	 Insufficient precipitation to grow glacier. 
 	 Volume glacier correction: 
 	 Volume should be 	8.351904e+13 m^3
 	 Volume corrected to 	1.952877e+10 m^3
 	 The rest is carried over to next year 
HydroGlacial WARNING: year = 2080, ep =0 
 	 Insufficient precipitation to grow glacier. 
 	 Volume glacier correction: 
 	 Volume should be 	8.351904e+13 m^3
 	 Volume corrected to 	1.952877e+10 m^3
 	 The rest is carried over to next year 
HydroGlacial WARNING: year = 2080, ep =0 
 	 Insufficient precipitation to grow glacier. 
 	 Volume glacier correction: 
 	 Volume should be 	8.351904e+13 m^3
 	 Volume corrected to 	1.952877e+10 m^3
 	 The rest is carried over to next year 
HydroGlacial WARNING: year = 2080, ep =0 
 	 Insufficient precipitation to grow glacier. 
 	 Volume glacier correction: 
 	 Volume should be 	8.351904e+13 m^3
 	 Volume corrected to 	1.952877e+10 m^3
 	 The rest is carried over to next year 
HydroGlacial WARNING: year = 2080, ep =0 
 	 Insufficient precipitation to grow glacier. 
 	 Volume glacier correction: 
 	 Volume should be 	8.351904e+13 m^3
 	 Volume corrected to 	1.952877e+10 m^3
 	 The rest is carried over to next year 
HydroGlacial WARNING: year = 2080, ep =0 
 	 Insufficient precipitation to grow glacier. 
 	 Volume glacier correction: 
 	 Volume should be 	8.351904e+13 m^3
 	 Volume corrected to 	1.952877e+10 m^3
 	 The rest is carried over to next year 
   FLOOD WARNING: the maximum predicted flood size has been exceeded. 
      Epoch 1, year 2080 
      Maximum predicted flood 55399.1 (m^3/s) 
      Modeled flood peak 91742.3 (m^3/s) 
HydroGlacial WARNING: year = 2081, ep =0 
 	 Insufficient precipitation to grow glacier. 
 	 Volume glacier correction: 
 	 Volume should be 	8.351904e+13 m^3
 	 Volume corrected to 	5.046566e+10 m^3
 	 The rest is carried over to next year 

 	 HydroSnow Warning: There is Snow remaining on August 31 
 	 Snowremains 	 = 2.341023e+09 (m^3) 
 	 in year: 2081 
HydroGlacial WARNING: year = 2081, ep =0 
 	 Insufficient precipitation to grow glacier. 
 	 Volume glacier correction: 
 	 Volume should be 	8.351904e+13 m^3
 	 Volume corrected to 	3.093689e+10 m^3
 	 The rest is carried over to next year 

 	 HydroSnow Warning: There is Snow remaining on August 31 
 	 Snowremains 	 = 2.341023e+09 (m^3) 
 	 in year: 2081 
HydroGlacial WARNING: year = 2081, ep =0 
 	 Insufficient precipitation to grow glacier. 
 	 Volume glacier correction: 
 	 Volume should be 	8.351904e+13 m^3
 	 Volume corrected to 	3.093689e+10 m^3
 	 The rest is carried over to next year 

 	 HydroSnow Warning: There is Snow remaining on August 31 
 	 Snowremains 	 = 2.341023e+09 (m^3) 
 	 in year: 2081 
HydroGlacial WARNING: year = 2081, ep =0 
 	 Insufficient precipitation to grow glacier. 
 	 Volume glacier correction: 
 	 Volume should be 	8.351904e+13 m^3
 	 Volume corrected to 	3.093689e+10 m^3
 	 The rest is carried over to next year 

 	 HydroSnow Warning: There is Snow remaining on August 31 
 	 Snowremains 	 = 2.341023e+09 (m^3) 
 	 in year: 2081 
HydroGlacial WARNING: year = 2081, ep =0 
 	 Insufficient precipitation to grow glacier. 
 	 Volume glacier correction: 
 	 Volume should be 	8.351904e+13 m^3
 	 Volume corrected to 	3.093689e+10 m^3
 	 The rest is carried over to next year 

 	 HydroSnow Warning: There is Snow remaining on August 31 
 	 Snowremains 	 = 2.341023e+09 (m^3) 
 	 in year: 2081 
HydroGlacial WARNING: year = 2081, ep =0 
 	 Insufficient precipitation to grow glacier. 
 	 Volume glacier correction: 
 	 Volume should be 	8.351904e+13 m^3
 	 Volume corrected to 	3.093689e+10 m^3
 	 The rest is carried over to next year 

 	 HydroSnow Warning: There is Snow remaining on August 31 
 	 Snowremains 	 = 2.341023e+09 (m^3) 
 	 in year: 2081 
HydroGlacial WARNING: year = 2081, ep =0 
 	 Insufficient precipitation to grow glacier. 
 	 Volume glacier correction: 
 	 Volume should be 	8.351904e+13 m^3
 	 Volume corrected to 	3.093689e+10 m^3
 	 The rest is carried over to next year 

 	 HydroSnow Warning: There is Snow remaining on August 31 
 	 Snowremains 	 = 2.341023e+09 (m^3) 
 	 in year: 2081 
HydroGlacial WARNING: year = 2081, ep =0 
 	 Insufficient precipitation to grow glacier. 
 	 Volume glacier correction: 
 	 Volume should be 	8.351904e+13 m^3
 	 Volume corrected to 	3.093689e+10 m^3
 	 The rest is carried over to next year 

 	 HydroSnow Warning: There is Snow remaining on August 31 
 	 Snowremains 	 = 2.341023e+09 (m^3) 
 	 in year: 2081 
HydroGlacial WARNING: year = 2081, ep =0 
 	 Insufficient precipitation to grow glacier. 
 	 Volume glacier correction: 
 	 Volume should be 	8.351904e+13 m^3
 	 Volume corrected to 	3.093689e+10 m^3
 	 The rest is carried over to next year 

 	 HydroSnow Warning: There is Snow remaining on August 31 
 	 Snowremains 	 = 2.341023e+09 (m^3) 
 	 in year: 2081 
HydroGlacial WARNING: year = 2081, ep =0 
 	 Insufficient precipitation to grow glacier. 
 	 Volume glacier correction: 
 	 Volume should be 	8.351904e+13 m^3
 	 Volume corrected to 	3.093689e+10 m^3
 	 The rest is carried over to next year 

 	 HydroSnow Warning: There is Snow remaining on August 31 
 	 Snowremains 	 = 2.341023e+09 (m^3) 
 	 in year: 2081 
   FLOOD WARNING: the maximum predicted flood size has been exceeded. 
      Epoch 1, year 2081 
      Maximum predicted flood 55399.1 (m^3/s) 
      Modeled flood peak 127742 (m^3/s) 
HydroGlacial WARNING: year = 2082, ep =0 
 	 Insufficient precipitation to grow glacier. 
 	 Volume glacier correction: 
 	 Volume should be 	8.351904e+13 m^3
 	 Volume corrected to 	3.805148e+10 m^3
 	 The rest is carried over to next year 
HydroGlacial WARNING: year = 2082, ep =0 
 	 Insufficient precipitation to grow glacier. 
 	 Volume glacier correction: 
 	 Volume should be 	8.351904e+13 m^3
 	 Volume corrected to 	7.114590e+09 m^3
 	 The rest is carried over to next year 
HydroGlacial WARNING: year = 2082, ep =0 
 	 Insufficient precipitation to grow glacier. 
 	 Volume glacier correction: 
 	 Volume should be 	8.351904e+13 m^3
 	 Volume corrected to 	7.114590e+09 m^3
 	 The rest is carried over to next year 
HydroGlacial WARNING: year = 2082, ep =0 
 	 Insufficient precipitation to grow glacier. 
 	 Volume glacier correction: 
 	 Volume should be 	8.351904e+13 m^3
 	 Volume corrected to 	7.114590e+09 m^3
 	 The rest is carried over to next year 
HydroGlacial WARNING: year = 2082, ep =0 
 	 Insufficient precipitation to grow glacier. 
 	 Volume glacier correction: 
 	 Volume should be 	8.351904e+13 m^3
 	 Volume corrected to 	7.114590e+09 m^3
 	 The rest is carried over to next year 
HydroGlacial WARNING: year = 2082, ep =0 
 	 Insufficient precipitation to grow glacier. 
 	 Volume glacier correction: 
 	 Volume should be 	8.351904e+13 m^3
 	 Volume corrected to 	7.114590e+09 m^3
 	 The rest is carried over to next year 
HydroGlacial WARNING: year = 2082, ep =0 
 	 Insufficient precipitation to grow glacier. 
 	 Volume glacier correction: 
 	 Volume should be 	8.351904e+13 m^3
 	 Volume corrected to 	7.114590e+09 m^3
 	 The rest is carried over to next year 
HydroGlacial WARNING: year = 2082, ep =0 
 	 Insufficient precipitation to grow glacier. 
 	 Volume glacier correction: 
 	 Volume should be 	8.351904e+13 m^3
 	 Volume corrected to 	7.114590e+09 m^3
 	 The rest is carried over to next year 
HydroGlacial WARNING: year = 2082, ep =0 
 	 Insufficient precipitation to grow glacier. 
 	 Volume glacier correction: 
 	 Volume should be 	8.351904e+13 m^3
 	 Volume corrected to 	7.114590e+09 m^3
 	 The rest is carried over to next year 
HydroGlacial WARNING: year = 2082, ep =0 
 	 Insufficient precipitation to grow glacier. 
 	 Volume glacier correction: 
 	 Volume should be 	8.351904e+13 m^3
 	 Volume corrected to 	7.114590e+09 m^3
 	 The rest is carried over to next year 
   FLOOD WARNING: the maximum predicted flood size has been exceeded. 
      Epoch 1, year 2082 
      Maximum predicted flood 55399.1 (m^3/s) 
      Modeled flood peak 95850 (m^3/s) 
HydroGlacial WARNING: year = 2083, ep =0 
 	 Insufficient precipitation to grow glacier. 
 	 Volume glacier correction: 
 	 Volume should be 	8.351904e+13 m^3
 	 Volume corrected to 	2.405499e+10 m^3
 	 The rest is carried over to next year 
HydroGlacial WARNING: year = 2083, ep =0 
 	 Insufficient precipitation to grow glacier. 
 	 Volume glacier correction: 
 	 Volume should be 	8.351904e+13 m^3
 	 Volume corrected to 	1.694040e+10 m^3
 	 The rest is carried over to next year 
HydroGlacial WARNING: year = 2083, ep =0 
 	 Insufficient precipitation to grow glacier. 
 	 Volume glacier correction: 
 	 Volume should be 	8.351904e+13 m^3
 	 Volume corrected to 	1.694040e+10 m^3
 	 The rest is carried over to next year 
HydroGlacial WARNING: year = 2083, ep =0 
 	 Insufficient precipitation to grow glacier. 
 	 Volume glacier correction: 
 	 Volume should be 	8.351904e+13 m^3
 	 Volume corrected to 	1.694040e+10 m^3
 	 The rest is carried over to next year 
HydroGlacial WARNING: year = 2083, ep =0 
 	 Insufficient precipitation to grow glacier. 
 	 Volume glacier correction: 
 	 Volume should be 	8.351904e+13 m^3
 	 Volume corrected to 	1.694040e+10 m^3
 	 The rest is carried over to next year 
HydroGlacial WARNING: year = 2083, ep =0 
 	 Insufficient precipitation to grow glacier. 
 	 Volume glacier correction: 
 	 Volume should be 	8.351904e+13 m^3
 	 Volume corrected to 	1.694040e+10 m^3
 	 The rest is carried over to next year 
HydroGlacial WARNING: year = 2083, ep =0 
 	 Insufficient precipitation to grow glacier. 
 	 Volume glacier correction: 
 	 Volume should be 	8.351904e+13 m^3
 	 Volume corrected to 	1.694040e+10 m^3
 	 The rest is carried over to next year 
HydroGlacial WARNING: year = 2083, ep =0 
 	 Insufficient precipitation to grow glacier. 
 	 Volume glacier correction: 
 	 Volume should be 	8.351904e+13 m^3
 	 Volume corrected to 	1.694040e+10 m^3
 	 The rest is carried over to next year 
HydroGlacial WARNING: year = 2083, ep =0 
 	 Insufficient precipitation to grow glacier. 
 	 Volume glacier correction: 
 	 Volume should be 	8.351904e+13 m^3
 	 Volume corrected to 	1.694040e+10 m^3
 	 The rest is carried over to next year 
HydroGlacial WARNING: year = 2083, ep =0 
 	 Insufficient precipitation to grow glacier. 
 	 Volume glacier correction: 
 	 Volume should be 	8.351904e+13 m^3
 	 Volume corrected to 	1.694040e+10 m^3
 	 The rest is carried over to next year 
   FLOOD WARNING: the maximum predicted flood size has been exceeded. 
      Epoch 1, year 2083 
      Maximum predicted flood 55399.1 (m^3/s) 
      Modeled flood peak 100637 (m^3/s) 
HydroGlacial WARNING: year = 2084, ep =0 
 	 Insufficient precipitation to grow glacier. 
 	 Volume glacier correction: 
 	 Volume should be 	8.351904e+13 m^3
 	 Volume corrected to 	2.944677e+10 m^3
 	 The rest is carried over to next year 
HydroGlacial WARNING: year = 2084, ep =0 
 	 Insufficient precipitation to grow glacier. 
 	 Volume glacier correction: 
 	 Volume should be 	8.351904e+13 m^3
 	 Volume corrected to 	1.250636e+10 m^3
 	 The rest is carried over to next year 
HydroGlacial WARNING: year = 2084, ep =0 
 	 Insufficient precipitation to grow glacier. 
 	 Volume glacier correction: 
 	 Volume should be 	8.351904e+13 m^3
 	 Volume corrected to 	1.250636e+10 m^3
 	 The rest is carried over to next year 
HydroGlacial WARNING: year = 2084, ep =0 
 	 Insufficient precipitation to grow glacier. 
 	 Volume glacier correction: 
 	 Volume should be 	8.351904e+13 m^3
 	 Volume corrected to 	1.250636e+10 m^3
 	 The rest is carried over to next year 
HydroGlacial WARNING: year = 2084, ep =0 
 	 Insufficient precipitation to grow glacier. 
 	 Volume glacier correction: 
 	 Volume should be 	8.351904e+13 m^3
 	 Volume corrected to 	1.250636e+10 m^3
 	 The rest is carried over to next year 
HydroGlacial WARNING: year = 2084, ep =0 
 	 Insufficient precipitation to grow glacier. 
 	 Volume glacier correction: 
 	 Volume should be 	8.351904e+13 m^3
 	 Volume corrected to 	1.250636e+10 m^3
 	 The rest is carried over to next year 
HydroGlacial WARNING: year = 2084, ep =0 
 	 Insufficient precipitation to grow glacier. 
 	 Volume glacier correction: 
 	 Volume should be 	8.351904e+13 m^3
 	 Volume corrected to 	1.250636e+10 m^3
 	 The rest is carried over to next year 
HydroGlacial WARNING: year = 2084, ep =0 
 	 Insufficient precipitation to grow glacier. 
 	 Volume glacier correction: 
 	 Volume should be 	8.351904e+13 m^3
 	 Volume corrected to 	1.250636e+10 m^3
 	 The rest is carried over to next year 
HydroGlacial WARNING: year = 2084, ep =0 
 	 Insufficient precipitation to grow glacier. 
 	 Volume glacier correction: 
 	 Volume should be 	8.351904e+13 m^3
 	 Volume corrected to 	1.250636e+10 m^3
 	 The rest is carried over to next year 
HydroGlacial WARNING: year = 2084, ep =0 
 	 Insufficient precipitation to grow glacier. 
 	 Volume glacier correction: 
 	 Volume should be 	8.351904e+13 m^3
 	 Volume corrected to 	1.250636e+10 m^3
 	 The rest is carried over to next year 
   FLOOD WARNING: the maximum predicted flood size has been exceeded. 
      Epoch 1, year 2084 
      Maximum predicted flood 55399.1 (m^3/s) 
      Modeled flood peak 60642 (m^3/s) 
HydroGlacial WARNING: year = 2085, ep =0 
 	 Insufficient precipitation to grow glacier. 
 	 Volume glacier correction: 
 	 Volume should be 	8.351904e+13 m^3
 	 Volume corrected to 	3.413999e+10 m^3
 	 The rest is carried over to next year 
HydroGlacial WARNING: year = 2085, ep =0 
 	 Insufficient precipitation to grow glacier. 
 	 Volume glacier correction: 
 	 Volume should be 	8.351904e+13 m^3
 	 Volume corrected to 	2.163362e+10 m^3
 	 The rest is carried over to next year 
HydroGlacial WARNING: year = 2085, ep =0 
 	 Insufficient precipitation to grow glacier. 
 	 Volume glacier correction: 
 	 Volume should be 	8.351904e+13 m^3
 	 Volume corrected to 	2.163362e+10 m^3
 	 The rest is carried over to next year 
HydroGlacial WARNING: year = 2085, ep =0 
 	 Insufficient precipitation to grow glacier. 
 	 Volume glacier correction: 
 	 Volume should be 	8.351904e+13 m^3
 	 Volume corrected to 	2.163362e+10 m^3
 	 The rest is carried over to next year 
HydroGlacial WARNING: year = 2085, ep =0 
 	 Insufficient precipitation to grow glacier. 
 	 Volume glacier correction: 
 	 Volume should be 	8.351904e+13 m^3
 	 Volume corrected to 	2.163362e+10 m^3
 	 The rest is carried over to next year 
HydroGlacial WARNING: year = 2085, ep =0 
 	 Insufficient precipitation to grow glacier. 
 	 Volume glacier correction: 
 	 Volume should be 	8.351904e+13 m^3
 	 Volume corrected to 	2.163362e+10 m^3
 	 The rest is carried over to next year 
HydroGlacial WARNING: year = 2085, ep =0 
 	 Insufficient precipitation to grow glacier. 
 	 Volume glacier correction: 
 	 Volume should be 	8.351904e+13 m^3
 	 Volume corrected to 	2.163362e+10 m^3
 	 The rest is carried over to next year 
HydroGlacial WARNING: year = 2085, ep =0 
 	 Insufficient precipitation to grow glacier. 
 	 Volume glacier correction: 
 	 Volume should be 	8.351904e+13 m^3
 	 Volume corrected to 	2.163362e+10 m^3
 	 The rest is carried over to next year 
HydroGlacial WARNING: year = 2085, ep =0 
 	 Insufficient precipitation to grow glacier. 
 	 Volume glacier correction: 
 	 Volume should be 	8.351904e+13 m^3
 	 Volume corrected to 	2.163362e+10 m^3
 	 The rest is carried over to next year 
HydroGlacial WARNING: year = 2085, ep =0 
 	 Insufficient precipitation to grow glacier. 
 	 Volume glacier correction: 
 	 Volume should be 	8.351904e+13 m^3
 	 Volume corrected to 	2.163362e+10 m^3
 	 The rest is carried over to next year 
   FLOOD WARNING: the maximum predicted flood size has been exceeded. 
      Epoch 1, year 2085 
      Maximum predicted flood 55399.1 (m^3/s) 
      Modeled flood peak 187874 (m^3/s) 
HydroGlacial WARNING: year = 2086, ep =0 
 	 Insufficient precipitation to grow glacier. 
 	 Volume glacier correction: 
 	 Volume should be 	8.351904e+13 m^3
 	 Volume corrected to 	5.997156e+10 m^3
 	 The rest is carried over to next year 

 	 HydroSnow Warning: There is Snow remaining on August 31 
 	 Snowremains 	 = 2.096714e+10 (m^3) 
 	 in year: 2086 
HydroGlacial WARNING: year = 2086, ep =0 
 	 Insufficient precipitation to grow glacier. 
 	 Volume glacier correction: 
 	 Volume should be 	8.351904e+13 m^3
 	 Volume corrected to 	3.833793e+10 m^3
 	 The rest is carried over to next year 

 	 HydroSnow Warning: There is Snow remaining on August 31 
 	 Snowremains 	 = 2.096714e+10 (m^3) 
 	 in year: 2086 
HydroGlacial WARNING: year = 2086, ep =0 
 	 Insufficient precipitation to grow glacier. 
 	 Volume glacier correction: 
 	 Volume should be 	8.351904e+13 m^3
 	 Volume corrected to 	3.833793e+10 m^3
 	 The rest is carried over to next year 

 	 HydroSnow Warning: There is Snow remaining on August 31 
 	 Snowremains 	 = 2.096714e+10 (m^3) 
 	 in year: 2086 
HydroGlacial WARNING: year = 2086, ep =0 
 	 Insufficient precipitation to grow glacier. 
 	 Volume glacier correction: 
 	 Volume should be 	8.351904e+13 m^3
 	 Volume corrected to 	3.833793e+10 m^3
 	 The rest is carried over to next year 

 	 HydroSnow Warning: There is Snow remaining on August 31 
 	 Snowremains 	 = 2.096714e+10 (m^3) 
 	 in year: 2086 
HydroGlacial WARNING: year = 2086, ep =0 
 	 Insufficient precipitation to grow glacier. 
 	 Volume glacier correction: 
 	 Volume should be 	8.351904e+13 m^3
 	 Volume corrected to 	3.833793e+10 m^3
 	 The rest is carried over to next year 

 	 HydroSnow Warning: There is Snow remaining on August 31 
 	 Snowremains 	 = 2.096714e+10 (m^3) 
 	 in year: 2086 
HydroGlacial WARNING: year = 2086, ep =0 
 	 Insufficient precipitation to grow glacier. 
 	 Volume glacier correction: 
 	 Volume should be 	8.351904e+13 m^3
 	 Volume corrected to 	3.833793e+10 m^3
 	 The rest is carried over to next year 

 	 HydroSnow Warning: There is Snow remaining on August 31 
 	 Snowremains 	 = 2.096714e+10 (m^3) 
 	 in year: 2086 
HydroGlacial WARNING: year = 2086, ep =0 
 	 Insufficient precipitation to grow glacier. 
 	 Volume glacier correction: 
 	 Volume should be 	8.351904e+13 m^3
 	 Volume corrected to 	3.833793e+10 m^3
 	 The rest is carried over to next year 

 	 HydroSnow Warning: There is Snow remaining on August 31 
 	 Snowremains 	 = 2.096714e+10 (m^3) 
 	 in year: 2086 
HydroGlacial WARNING: year = 2086, ep =0 
 	 Insufficient precipitation to grow glacier. 
 	 Volume glacier correction: 
 	 Volume should be 	8.351904e+13 m^3
 	 Volume corrected to 	3.833793e+10 m^3
 	 The rest is carried over to next year 

 	 HydroSnow Warning: There is Snow remaining on August 31 
 	 Snowremains 	 = 2.096714e+10 (m^3) 
 	 in year: 2086 
HydroGlacial WARNING: year = 2086, ep =0 
 	 Insufficient precipitation to grow glacier. 
 	 Volume glacier correction: 
 	 Volume should be 	8.351904e+13 m^3
 	 Volume corrected to 	3.833793e+10 m^3
 	 The rest is carried over to next year 

 	 HydroSnow Warning: There is Snow remaining on August 31 
 	 Snowremains 	 = 2.096714e+10 (m^3) 
 	 in year: 2086 
HydroGlacial WARNING: year = 2086, ep =0 
 	 Insufficient precipitation to grow glacier. 
 	 Volume glacier correction: 
 	 Volume should be 	8.351904e+13 m^3
 	 Volume corrected to 	3.833793e+10 m^3
 	 The rest is carried over to next year 

 	 HydroSnow Warning: There is Snow remaining on August 31 
 	 Snowremains 	 = 2.096714e+10 (m^3) 
 	 in year: 2086 
   FLOOD WARNING: the maximum predicted flood size has been exceeded. 
      Epoch 1, year 2086 
      Maximum predicted flood 55399.1 (m^3/s) 
      Modeled flood peak 187404 (m^3/s) 
HydroGlacial WARNING: year = 2087, ep =0 
 	 Insufficient precipitation to grow glacier. 
 	 Volume glacier correction: 
 	 Volume should be 	8.351904e+13 m^3
 	 Volume corrected to 	6.045453e+10 m^3
 	 The rest is carried over to next year 

 	 HydroSnow Warning: There is Snow remaining on August 31 
 	 Snowremains 	 = 1.752431e+09 (m^3) 
 	 in year: 2087 
HydroGlacial WARNING: year = 2087, ep =0 
 	 Insufficient precipitation to grow glacier. 
 	 Volume glacier correction: 
 	 Volume should be 	8.351904e+13 m^3
 	 Volume corrected to 	2.211660e+10 m^3
 	 The rest is carried over to next year 

 	 HydroSnow Warning: There is Snow remaining on August 31 
 	 Snowremains 	 = 1.752431e+09 (m^3) 
 	 in year: 2087 
HydroGlacial WARNING: year = 2087, ep =0 
 	 Insufficient precipitation to grow glacier. 
 	 Volume glacier correction: 
 	 Volume should be 	8.351904e+13 m^3
 	 Volume corrected to 	2.211660e+10 m^3
 	 The rest is carried over to next year 

 	 HydroSnow Warning: There is Snow remaining on August 31 
 	 Snowremains 	 = 1.752431e+09 (m^3) 
 	 in year: 2087 
HydroGlacial WARNING: year = 2087, ep =0 
 	 Insufficient precipitation to grow glacier. 
 	 Volume glacier correction: 
 	 Volume should be 	8.351904e+13 m^3
 	 Volume corrected to 	2.211660e+10 m^3
 	 The rest is carried over to next year 

 	 HydroSnow Warning: There is Snow remaining on August 31 
 	 Snowremains 	 = 1.752431e+09 (m^3) 
 	 in year: 2087 
HydroGlacial WARNING: year = 2087, ep =0 
 	 Insufficient precipitation to grow glacier. 
 	 Volume glacier correction: 
 	 Volume should be 	8.351904e+13 m^3
 	 Volume corrected to 	2.211660e+10 m^3
 	 The rest is carried over to next year 

 	 HydroSnow Warning: There is Snow remaining on August 31 
 	 Snowremains 	 = 1.752431e+09 (m^3) 
 	 in year: 2087 
HydroGlacial WARNING: year = 2087, ep =0 
 	 Insufficient precipitation to grow glacier. 
 	 Volume glacier correction: 
 	 Volume should be 	8.351904e+13 m^3
 	 Volume corrected to 	2.211660e+10 m^3
 	 The rest is carried over to next year 

 	 HydroSnow Warning: There is Snow remaining on August 31 
 	 Snowremains 	 = 1.752431e+09 (m^3) 
 	 in year: 2087 
HydroGlacial WARNING: year = 2087, ep =0 
 	 Insufficient precipitation to grow glacier. 
 	 Volume glacier correction: 
 	 Volume should be 	8.351904e+13 m^3
 	 Volume corrected to 	2.211660e+10 m^3
 	 The rest is carried over to next year 

 	 HydroSnow Warning: There is Snow remaining on August 31 
 	 Snowremains 	 = 1.752431e+09 (m^3) 
 	 in year: 2087 
HydroGlacial WARNING: year = 2087, ep =0 
 	 Insufficient precipitation to grow glacier. 
 	 Volume glacier correction: 
 	 Volume should be 	8.351904e+13 m^3
 	 Volume corrected to 	2.211660e+10 m^3
 	 The rest is carried over to next year 

 	 HydroSnow Warning: There is Snow remaining on August 31 
 	 Snowremains 	 = 1.752431e+09 (m^3) 
 	 in year: 2087 
HydroGlacial WARNING: year = 2087, ep =0 
 	 Insufficient precipitation to grow glacier. 
 	 Volume glacier correction: 
 	 Volume should be 	8.351904e+13 m^3
 	 Volume corrected to 	2.211660e+10 m^3
 	 The rest is carried over to next year 

 	 HydroSnow Warning: There is Snow remaining on August 31 
 	 Snowremains 	 = 1.752431e+09 (m^3) 
 	 in year: 2087 
HydroGlacial WARNING: year = 2087, ep =0 
 	 Insufficient precipitation to grow glacier. 
 	 Volume glacier correction: 
 	 Volume should be 	8.351904e+13 m^3
 	 Volume corrected to 	2.211660e+10 m^3
 	 The rest is carried over to next year 

 	 HydroSnow Warning: There is Snow remaining on August 31 
 	 Snowremains 	 = 1.752431e+09 (m^3) 
 	 in year: 2087 
   FLOOD WARNING: the maximum predicted flood size has been exceeded. 
      Epoch 1, year 2087 
      Maximum predicted flood 55399.1 (m^3/s) 
      Modeled flood peak 114886 (m^3/s) 
HydroGlacial WARNING: year = 2088, ep =0 
 	 Insufficient precipitation to grow glacier. 
 	 Volume glacier correction: 
 	 Volume should be 	8.351904e+13 m^3
 	 Volume corrected to 	3.520560e+10 m^3
 	 The rest is carried over to next year 
HydroGlacial WARNING: year = 2088, ep =0 
 	 Insufficient precipitation to grow glacier. 
 	 Volume glacier correction: 
 	 Volume should be 	8.351904e+13 m^3
 	 Volume corrected to 	1.308900e+10 m^3
 	 The rest is carried over to next year 
HydroGlacial WARNING: year = 2088, ep =0 
 	 Insufficient precipitation to grow glacier. 
 	 Volume glacier correction: 
 	 Volume should be 	8.351904e+13 m^3
 	 Volume corrected to 	1.308900e+10 m^3
 	 The rest is carried over to next year 
HydroGlacial WARNING: year = 2088, ep =0 
 	 Insufficient precipitation to grow glacier. 
 	 Volume glacier correction: 
 	 Volume should be 	8.351904e+13 m^3
 	 Volume corrected to 	1.308900e+10 m^3
 	 The rest is carried over to next year 
HydroGlacial WARNING: year = 2088, ep =0 
 	 Insufficient precipitation to grow glacier. 
 	 Volume glacier correction: 
 	 Volume should be 	8.351904e+13 m^3
 	 Volume corrected to 	1.308900e+10 m^3
 	 The rest is carried over to next year 
HydroGlacial WARNING: year = 2088, ep =0 
 	 Insufficient precipitation to grow glacier. 
 	 Volume glacier correction: 
 	 Volume should be 	8.351904e+13 m^3
 	 Volume corrected to 	1.308900e+10 m^3
 	 The rest is carried over to next year 
HydroGlacial WARNING: year = 2088, ep =0 
 	 Insufficient precipitation to grow glacier. 
 	 Volume glacier correction: 
 	 Volume should be 	8.351904e+13 m^3
 	 Volume corrected to 	1.308900e+10 m^3
 	 The rest is carried over to next year 
HydroGlacial WARNING: year = 2088, ep =0 
 	 Insufficient precipitation to grow glacier. 
 	 Volume glacier correction: 
 	 Volume should be 	8.351904e+13 m^3
 	 Volume corrected to 	1.308900e+10 m^3
 	 The rest is carried over to next year 
HydroGlacial WARNING: year = 2088, ep =0 
 	 Insufficient precipitation to grow glacier. 
 	 Volume glacier correction: 
 	 Volume should be 	8.351904e+13 m^3
 	 Volume corrected to 	1.308900e+10 m^3
 	 The rest is carried over to next year 
HydroGlacial WARNING: year = 2088, ep =0 
 	 Insufficient precipitation to grow glacier. 
 	 Volume glacier correction: 
 	 Volume should be 	8.351904e+13 m^3
 	 Volume corrected to 	1.308900e+10 m^3
 	 The rest is carried over to next year 
   FLOOD WARNING: the maximum predicted flood size has been exceeded. 
      Epoch 1, year 2088 
      Maximum predicted flood 55399.1 (m^3/s) 
      Modeled flood peak 96736.5 (m^3/s) 
HydroGlacial WARNING: year = 2089, ep =0 
 	 Insufficient precipitation to grow glacier. 
 	 Volume glacier correction: 
 	 Volume should be 	8.351904e+13 m^3
 	 Volume corrected to 	2.827852e+10 m^3
 	 The rest is carried over to next year 
HydroGlacial WARNING: year = 2089, ep =0 
 	 Insufficient precipitation to grow glacier. 
 	 Volume glacier correction: 
 	 Volume should be 	8.351904e+13 m^3
 	 Volume corrected to 	1.518952e+10 m^3
 	 The rest is carried over to next year 
HydroGlacial WARNING: year = 2089, ep =0 
 	 Insufficient precipitation to grow glacier. 
 	 Volume glacier correction: 
 	 Volume should be 	8.351904e+13 m^3
 	 Volume corrected to 	1.518952e+10 m^3
 	 The rest is carried over to next year 
HydroGlacial WARNING: year = 2089, ep =0 
 	 Insufficient precipitation to grow glacier. 
 	 Volume glacier correction: 
 	 Volume should be 	8.351904e+13 m^3
 	 Volume corrected to 	1.518952e+10 m^3
 	 The rest is carried over to next year 
HydroGlacial WARNING: year = 2089, ep =0 
 	 Insufficient precipitation to grow glacier. 
 	 Volume glacier correction: 
 	 Volume should be 	8.351904e+13 m^3
 	 Volume corrected to 	1.518952e+10 m^3
 	 The rest is carried over to next year 
HydroGlacial WARNING: year = 2089, ep =0 
 	 Insufficient precipitation to grow glacier. 
 	 Volume glacier correction: 
 	 Volume should be 	8.351904e+13 m^3
 	 Volume corrected to 	1.518952e+10 m^3
 	 The rest is carried over to next year 
HydroGlacial WARNING: year = 2089, ep =0 
 	 Insufficient precipitation to grow glacier. 
 	 Volume glacier correction: 
 	 Volume should be 	8.351904e+13 m^3
 	 Volume corrected to 	1.518952e+10 m^3
 	 The rest is carried over to next year 
HydroGlacial WARNING: year = 2089, ep =0 
 	 Insufficient precipitation to grow glacier. 
 	 Volume glacier correction: 
 	 Volume should be 	8.351904e+13 m^3
 	 Volume corrected to 	1.518952e+10 m^3
 	 The rest is carried over to next year 
HydroGlacial WARNING: year = 2089, ep =0 
 	 Insufficient precipitation to grow glacier. 
 	 Volume glacier correction: 
 	 Volume should be 	8.351904e+13 m^3
 	 Volume corrected to 	1.518952e+10 m^3
 	 The rest is carried over to next year 
HydroGlacial WARNING: year = 2089, ep =0 
 	 Insufficient precipitation to grow glacier. 
 	 Volume glacier correction: 
 	 Volume should be 	8.351904e+13 m^3
 	 Volume corrected to 	1.518952e+10 m^3
 	 The rest is carried over to next year 
   FLOOD WARNING: the maximum predicted flood size has been exceeded. 
      Epoch 1, year 2089 
      Maximum predicted flood 55399.1 (m^3/s) 
      Modeled flood peak 79035.3 (m^3/s) 
HydroGlacial WARNING: year = 2090, ep =0 
 	 Insufficient precipitation to grow glacier. 
 	 Volume glacier correction: 
 	 Volume should be 	8.351904e+13 m^3
 	 Volume corrected to 	2.840013e+10 m^3
 	 The rest is carried over to next year 
HydroGlacial WARNING: year = 2090, ep =0 
 	 Insufficient precipitation to grow glacier. 
 	 Volume glacier correction: 
 	 Volume should be 	8.351904e+13 m^3
 	 Volume corrected to 	1.321061e+10 m^3
 	 The rest is carried over to next year 
HydroGlacial WARNING: year = 2090, ep =0 
 	 Insufficient precipitation to grow glacier. 
 	 Volume glacier correction: 
 	 Volume should be 	8.351904e+13 m^3
 	 Volume corrected to 	1.321061e+10 m^3
 	 The rest is carried over to next year 
HydroGlacial WARNING: year = 2090, ep =0 
 	 Insufficient precipitation to grow glacier. 
 	 Volume glacier correction: 
 	 Volume should be 	8.351904e+13 m^3
 	 Volume corrected to 	1.321061e+10 m^3
 	 The rest is carried over to next year 
HydroGlacial WARNING: year = 2090, ep =0 
 	 Insufficient precipitation to grow glacier. 
 	 Volume glacier correction: 
 	 Volume should be 	8.351904e+13 m^3
 	 Volume corrected to 	1.321061e+10 m^3
 	 The rest is carried over to next year 
HydroGlacial WARNING: year = 2090, ep =0 
 	 Insufficient precipitation to grow glacier. 
 	 Volume glacier correction: 
 	 Volume should be 	8.351904e+13 m^3
 	 Volume corrected to 	1.321061e+10 m^3
 	 The rest is carried over to next year 
HydroGlacial WARNING: year = 2090, ep =0 
 	 Insufficient precipitation to grow glacier. 
 	 Volume glacier correction: 
 	 Volume should be 	8.351904e+13 m^3
 	 Volume corrected to 	1.321061e+10 m^3
 	 The rest is carried over to next year 
HydroGlacial WARNING: year = 2090, ep =0 
 	 Insufficient precipitation to grow glacier. 
 	 Volume glacier correction: 
 	 Volume should be 	8.351904e+13 m^3
 	 Volume corrected to 	1.321061e+10 m^3
 	 The rest is carried over to next year 
HydroGlacial WARNING: year = 2090, ep =0 
 	 Insufficient precipitation to grow glacier. 
 	 Volume glacier correction: 
 	 Volume should be 	8.351904e+13 m^3
 	 Volume corrected to 	1.321061e+10 m^3
 	 The rest is carried over to next year 
HydroGlacial WARNING: year = 2090, ep =0 
 	 Insufficient precipitation to grow glacier. 
 	 Volume glacier correction: 
 	 Volume should be 	8.351904e+13 m^3
 	 Volume corrected to 	1.321061e+10 m^3
 	 The rest is carried over to next year 
   FLOOD WARNING: the maximum predicted flood size has been exceeded. 
      Epoch 1, year 2090 
      Maximum predicted flood 55399.1 (m^3/s) 
      Modeled flood peak 74682.5 (m^3/s) 
HydroGlacial WARNING: year = 2091, ep =0 
 	 Insufficient precipitation to grow glacier. 
 	 Volume glacier correction: 
 	 Volume should be 	8.351904e+13 m^3
 	 Volume corrected to 	2.352094e+10 m^3
 	 The rest is carried over to next year 
HydroGlacial WARNING: year = 2091, ep =0 
 	 Insufficient precipitation to grow glacier. 
 	 Volume glacier correction: 
 	 Volume should be 	8.351904e+13 m^3
 	 Volume corrected to 	1.031032e+10 m^3
 	 The rest is carried over to next year 
HydroGlacial WARNING: year = 2091, ep =0 
 	 Insufficient precipitation to grow glacier. 
 	 Volume glacier correction: 
 	 Volume should be 	8.351904e+13 m^3
 	 Volume corrected to 	1.031032e+10 m^3
 	 The rest is carried over to next year 
HydroGlacial WARNING: year = 2091, ep =0 
 	 Insufficient precipitation to grow glacier. 
 	 Volume glacier correction: 
 	 Volume should be 	8.351904e+13 m^3
 	 Volume corrected to 	1.031032e+10 m^3
 	 The rest is carried over to next year 
HydroGlacial WARNING: year = 2091, ep =0 
 	 Insufficient precipitation to grow glacier. 
 	 Volume glacier correction: 
 	 Volume should be 	8.351904e+13 m^3
 	 Volume corrected to 	1.031032e+10 m^3
 	 The rest is carried over to next year 
HydroGlacial WARNING: year = 2091, ep =0 
 	 Insufficient precipitation to grow glacier. 
 	 Volume glacier correction: 
 	 Volume should be 	8.351904e+13 m^3
 	 Volume corrected to 	1.031032e+10 m^3
 	 The rest is carried over to next year 
HydroGlacial WARNING: year = 2091, ep =0 
 	 Insufficient precipitation to grow glacier. 
 	 Volume glacier correction: 
 	 Volume should be 	8.351904e+13 m^3
 	 Volume corrected to 	1.031032e+10 m^3
 	 The rest is carried over to next year 
HydroGlacial WARNING: year = 2091, ep =0 
 	 Insufficient precipitation to grow glacier. 
 	 Volume glacier correction: 
 	 Volume should be 	8.351904e+13 m^3
 	 Volume corrected to 	1.031032e+10 m^3
 	 The rest is carried over to next year 
HydroGlacial WARNING: year = 2091, ep =0 
 	 Insufficient precipitation to grow glacier. 
 	 Volume glacier correction: 
 	 Volume should be 	8.351904e+13 m^3
 	 Volume corrected to 	1.031032e+10 m^3
 	 The rest is carried over to next year 
HydroGlacial WARNING: year = 2091, ep =0 
 	 Insufficient precipitation to grow glacier. 
 	 Volume glacier correction: 
 	 Volume should be 	8.351904e+13 m^3
 	 Volume corrected to 	1.031032e+10 m^3
 	 The rest is carried over to next year 
   FLOOD WARNING: the maximum predicted flood size has been exceeded. 
      Epoch 1, year 2091 
      Maximum predicted flood 55399.1 (m^3/s) 
      Modeled flood peak 84627 (m^3/s) 
HydroGlacial WARNING: year = 2092, ep =0 
 	 Insufficient precipitation to grow glacier. 
 	 Volume glacier correction: 
 	 Volume should be 	8.351904e+13 m^3
 	 Volume corrected to 	1.664253e+10 m^3
 	 The rest is carried over to next year 
HydroGlacial WARNING: year = 2092, ep =0 
 	 Insufficient precipitation to grow glacier. 
 	 Volume glacier correction: 
 	 Volume should be 	8.351904e+13 m^3
 	 Volume corrected to 	6.332206e+09 m^3
 	 The rest is carried over to next year 
HydroGlacial WARNING: year = 2092, ep =0 
 	 Insufficient precipitation to grow glacier. 
 	 Volume glacier correction: 
 	 Volume should be 	8.351904e+13 m^3
 	 Volume corrected to 	6.332206e+09 m^3
 	 The rest is carried over to next year 
HydroGlacial WARNING: year = 2092, ep =0 
 	 Insufficient precipitation to grow glacier. 
 	 Volume glacier correction: 
 	 Volume should be 	8.351904e+13 m^3
 	 Volume corrected to 	6.332206e+09 m^3
 	 The rest is carried over to next year 
HydroGlacial WARNING: year = 2092, ep =0 
 	 Insufficient precipitation to grow glacier. 
 	 Volume glacier correction: 
 	 Volume should be 	8.351904e+13 m^3
 	 Volume corrected to 	6.332206e+09 m^3
 	 The rest is carried over to next year 
HydroGlacial WARNING: year = 2092, ep =0 
 	 Insufficient precipitation to grow glacier. 
 	 Volume glacier correction: 
 	 Volume should be 	8.351904e+13 m^3
 	 Volume corrected to 	6.332206e+09 m^3
 	 The rest is carried over to next year 
HydroGlacial WARNING: year = 2092, ep =0 
 	 Insufficient precipitation to grow glacier. 
 	 Volume glacier correction: 
 	 Volume should be 	8.351904e+13 m^3
 	 Volume corrected to 	6.332206e+09 m^3
 	 The rest is carried over to next year 
HydroGlacial WARNING: year = 2092, ep =0 
 	 Insufficient precipitation to grow glacier. 
 	 Volume glacier correction: 
 	 Volume should be 	8.351904e+13 m^3
 	 Volume corrected to 	6.332206e+09 m^3
 	 The rest is carried over to next year 
HydroGlacial WARNING: year = 2092, ep =0 
 	 Insufficient precipitation to grow glacier. 
 	 Volume glacier correction: 
 	 Volume should be 	8.351904e+13 m^3
 	 Volume corrected to 	6.332206e+09 m^3
 	 The rest is carried over to next year 
HydroGlacial WARNING: year = 2092, ep =0 
 	 Insufficient precipitation to grow glacier. 
 	 Volume glacier correction: 
 	 Volume should be 	8.351904e+13 m^3
 	 Volume corrected to 	6.332206e+09 m^3
 	 The rest is carried over to next year 
   FLOOD WARNING: the maximum predicted flood size has been exceeded. 
      Epoch 1, year 2092 
      Maximum predicted flood 55399.1 (m^3/s) 
      Modeled flood peak 59882 (m^3/s) 
HydroGlacial WARNING: year = 2093, ep =0 
 	 Insufficient precipitation to grow glacier. 
 	 Volume glacier correction: 
 	 Volume should be 	8.351904e+13 m^3
 	 Volume corrected to 	1.768985e+10 m^3
 	 The rest is carried over to next year 
HydroGlacial WARNING: year = 2093, ep =0 
 	 Insufficient precipitation to grow glacier. 
 	 Volume glacier correction: 
 	 Volume should be 	8.351904e+13 m^3
 	 Volume corrected to 	1.135765e+10 m^3
 	 The rest is carried over to next year 
HydroGlacial WARNING: year = 2093, ep =0 
 	 Insufficient precipitation to grow glacier. 
 	 Volume glacier correction: 
 	 Volume should be 	8.351904e+13 m^3
 	 Volume corrected to 	1.135765e+10 m^3
 	 The rest is carried over to next year 
HydroGlacial WARNING: year = 2093, ep =0 
 	 Insufficient precipitation to grow glacier. 
 	 Volume glacier correction: 
 	 Volume should be 	8.351904e+13 m^3
 	 Volume corrected to 	1.135765e+10 m^3
 	 The rest is carried over to next year 
HydroGlacial WARNING: year = 2093, ep =0 
 	 Insufficient precipitation to grow glacier. 
 	 Volume glacier correction: 
 	 Volume should be 	8.351904e+13 m^3
 	 Volume corrected to 	1.135765e+10 m^3
 	 The rest is carried over to next year 
HydroGlacial WARNING: year = 2093, ep =0 
 	 Insufficient precipitation to grow glacier. 
 	 Volume glacier correction: 
 	 Volume should be 	8.351904e+13 m^3
 	 Volume corrected to 	1.135765e+10 m^3
 	 The rest is carried over to next year 
HydroGlacial WARNING: year = 2093, ep =0 
 	 Insufficient precipitation to grow glacier. 
 	 Volume glacier correction: 
 	 Volume should be 	8.351904e+13 m^3
 	 Volume corrected to 	1.135765e+10 m^3
 	 The rest is carried over to next year 
HydroGlacial WARNING: year = 2093, ep =0 
 	 Insufficient precipitation to grow glacier. 
 	 Volume glacier correction: 
 	 Volume should be 	8.351904e+13 m^3
 	 Volume corrected to 	1.135765e+10 m^3
 	 The rest is carried over to next year 
HydroGlacial WARNING: year = 2093, ep =0 
 	 Insufficient precipitation to grow glacier. 
 	 Volume glacier correction: 
 	 Volume should be 	8.351904e+13 m^3
 	 Volume corrected to 	1.135765e+10 m^3
 	 The rest is carried over to next year 
HydroGlacial WARNING: year = 2093, ep =0 
 	 Insufficient precipitation to grow glacier. 
 	 Volume glacier correction: 
 	 Volume should be 	8.351904e+13 m^3
 	 Volume corrected to 	1.135765e+10 m^3
 	 The rest is carried over to next year 
   FLOOD WARNING: the maximum predicted flood size has been exceeded. 
      Epoch 1, year 2093 
      Maximum predicted flood 55399.1 (m^3/s) 
      Modeled flood peak 136931 (m^3/s) 
HydroGlacial WARNING: year = 2094, ep =0 
 	 Insufficient precipitation to grow glacier. 
 	 Volume glacier correction: 
 	 Volume should be 	8.351904e+13 m^3
 	 Volume corrected to 	2.910090e+10 m^3
 	 The rest is carried over to next year 
HydroGlacial WARNING: year = 2094, ep =0 
 	 Insufficient precipitation to grow glacier. 
 	 Volume glacier correction: 
 	 Volume should be 	8.351904e+13 m^3
 	 Volume corrected to 	1.774325e+10 m^3
 	 The rest is carried over to next year 
HydroGlacial WARNING: year = 2094, ep =0 
 	 Insufficient precipitation to grow glacier. 
 	 Volume glacier correction: 
 	 Volume should be 	8.351904e+13 m^3
 	 Volume corrected to 	1.774325e+10 m^3
 	 The rest is carried over to next year 
HydroGlacial WARNING: year = 2094, ep =0 
 	 Insufficient precipitation to grow glacier. 
 	 Volume glacier correction: 
 	 Volume should be 	8.351904e+13 m^3
 	 Volume corrected to 	1.774325e+10 m^3
 	 The rest is carried over to next year 
HydroGlacial WARNING: year = 2094, ep =0 
 	 Insufficient precipitation to grow glacier. 
 	 Volume glacier correction: 
 	 Volume should be 	8.351904e+13 m^3
 	 Volume corrected to 	1.774325e+10 m^3
 	 The rest is carried over to next year 
HydroGlacial WARNING: year = 2094, ep =0 
 	 Insufficient precipitation to grow glacier. 
 	 Volume glacier correction: 
 	 Volume should be 	8.351904e+13 m^3
 	 Volume corrected to 	1.774325e+10 m^3
 	 The rest is carried over to next year 
HydroGlacial WARNING: year = 2094, ep =0 
 	 Insufficient precipitation to grow glacier. 
 	 Volume glacier correction: 
 	 Volume should be 	8.351904e+13 m^3
 	 Volume corrected to 	1.774325e+10 m^3
 	 The rest is carried over to next year 
HydroGlacial WARNING: year = 2094, ep =0 
 	 Insufficient precipitation to grow glacier. 
 	 Volume glacier correction: 
 	 Volume should be 	8.351904e+13 m^3
 	 Volume corrected to 	1.774325e+10 m^3
 	 The rest is carried over to next year 
HydroGlacial WARNING: year = 2094, ep =0 
 	 Insufficient precipitation to grow glacier. 
 	 Volume glacier correction: 
 	 Volume should be 	8.351904e+13 m^3
 	 Volume corrected to 	1.774325e+10 m^3
 	 The rest is carried over to next year 
HydroGlacial WARNING: year = 2094, ep =0 
 	 Insufficient precipitation to grow glacier. 
 	 Volume glacier correction: 
 	 Volume should be 	8.351904e+13 m^3
 	 Volume corrected to 	1.774325e+10 m^3
 	 The rest is carried over to next year 
   FLOOD WARNING: the maximum predicted flood size has been exceeded. 
      Epoch 1, year 2094 
      Maximum predicted flood 55399.1 (m^3/s) 
      Modeled flood peak 91437.4 (m^3/s) 
HydroGlacial WARNING: year = 2095, ep =0 
 	 Insufficient precipitation to grow glacier. 
 	 Volume glacier correction: 
 	 Volume should be 	8.351904e+13 m^3
 	 Volume corrected to 	4.335163e+10 m^3
 	 The rest is carried over to next year 

 	 HydroSnow Warning: There is Snow remaining on August 31 
 	 Snowremains 	 = 4.444630e+07 (m^3) 
 	 in year: 2095 
HydroGlacial WARNING: year = 2095, ep =0 
 	 Insufficient precipitation to grow glacier. 
 	 Volume glacier correction: 
 	 Volume should be 	8.351904e+13 m^3
 	 Volume corrected to 	2.560838e+10 m^3
 	 The rest is carried over to next year 

 	 HydroSnow Warning: There is Snow remaining on August 31 
 	 Snowremains 	 = 4.444630e+07 (m^3) 
 	 in year: 2095 
HydroGlacial WARNING: year = 2095, ep =0 
 	 Insufficient precipitation to grow glacier. 
 	 Volume glacier correction: 
 	 Volume should be 	8.351904e+13 m^3
 	 Volume corrected to 	2.560838e+10 m^3
 	 The rest is carried over to next year 

 	 HydroSnow Warning: There is Snow remaining on August 31 
 	 Snowremains 	 = 4.444630e+07 (m^3) 
 	 in year: 2095 
HydroGlacial WARNING: year = 2095, ep =0 
 	 Insufficient precipitation to grow glacier. 
 	 Volume glacier correction: 
 	 Volume should be 	8.351904e+13 m^3
 	 Volume corrected to 	2.560838e+10 m^3
 	 The rest is carried over to next year 

 	 HydroSnow Warning: There is Snow remaining on August 31 
 	 Snowremains 	 = 4.444630e+07 (m^3) 
 	 in year: 2095 
HydroGlacial WARNING: year = 2095, ep =0 
 	 Insufficient precipitation to grow glacier. 
 	 Volume glacier correction: 
 	 Volume should be 	8.351904e+13 m^3
 	 Volume corrected to 	2.560838e+10 m^3
 	 The rest is carried over to next year 

 	 HydroSnow Warning: There is Snow remaining on August 31 
 	 Snowremains 	 = 4.444630e+07 (m^3) 
 	 in year: 2095 
HydroGlacial WARNING: year = 2095, ep =0 
 	 Insufficient precipitation to grow glacier. 
 	 Volume glacier correction: 
 	 Volume should be 	8.351904e+13 m^3
 	 Volume corrected to 	2.560838e+10 m^3
 	 The rest is carried over to next year 

 	 HydroSnow Warning: There is Snow remaining on August 31 
 	 Snowremains 	 = 4.444630e+07 (m^3) 
 	 in year: 2095 
HydroGlacial WARNING: year = 2095, ep =0 
 	 Insufficient precipitation to grow glacier. 
 	 Volume glacier correction: 
 	 Volume should be 	8.351904e+13 m^3
 	 Volume corrected to 	2.560838e+10 m^3
 	 The rest is carried over to next year 

 	 HydroSnow Warning: There is Snow remaining on August 31 
 	 Snowremains 	 = 4.444630e+07 (m^3) 
 	 in year: 2095 
HydroGlacial WARNING: year = 2095, ep =0 
 	 Insufficient precipitation to grow glacier. 
 	 Volume glacier correction: 
 	 Volume should be 	8.351904e+13 m^3
 	 Volume corrected to 	2.560838e+10 m^3
 	 The rest is carried over to next year 

 	 HydroSnow Warning: There is Snow remaining on August 31 
 	 Snowremains 	 = 4.444630e+07 (m^3) 
 	 in year: 2095 
HydroGlacial WARNING: year = 2095, ep =0 
 	 Insufficient precipitation to grow glacier. 
 	 Volume glacier correction: 
 	 Volume should be 	8.351904e+13 m^3
 	 Volume corrected to 	2.560838e+10 m^3
 	 The rest is carried over to next year 

 	 HydroSnow Warning: There is Snow remaining on August 31 
 	 Snowremains 	 = 4.444630e+07 (m^3) 
 	 in year: 2095 
HydroGlacial WARNING: year = 2095, ep =0 
 	 Insufficient precipitation to grow glacier. 
 	 Volume glacier correction: 
 	 Volume should be 	8.351904e+13 m^3
 	 Volume corrected to 	2.560838e+10 m^3
 	 The rest is carried over to next year 

 	 HydroSnow Warning: There is Snow remaining on August 31 
 	 Snowremains 	 = 4.444630e+07 (m^3) 
 	 in year: 2095 
   FLOOD WARNING: the maximum predicted flood size has been exceeded. 
      Epoch 1, year 2095 
      Maximum predicted flood 55399.1 (m^3/s) 
      Modeled flood peak 103685 (m^3/s) 
