 Calculate mean discharge, epoch: 1
 HydroGlacial Warning: 
 	 The basin was too cold to melt enough glacial ice. 
 	 The daily temperatures used to melt ice were increased. 
 	 Tfix = 1.890109 (degC) 
 	 Tmean = -1.890109 (degC) 
 HydroGlacial Warning: 
 	 The basin was too cold to melt enough glacial ice. 
 	 The daily temperatures used to melt ice were increased. 
 	 Tfix = 1.565591 (degC) 
 	 Tmean = -1.565591 (degC) 
 Calculate daily discharge, epoch: 1
 HydroGlacial Warning: 
 	 The basin was too cold to melt enough glacial ice. 
 	 The daily temperatures used to melt ice were increased. 
 	 Tfix = 1.890109 (degC) 
 	 Tmean = -1.890109 (degC) 
 HydroGlacial Warning: 
 	 The basin was too cold to melt enough glacial ice. 
 	 The daily temperatures used to melt ice were increased. 
 	 Tfix = 1.565591 (degC) 
 	 Tmean = -1.565591 (degC) 
 Calculate mean suspended sediment load, epoch: 1
 HydroGlacial Warning: 
 	 The basin was too cold to melt enough glacial ice. 
 	 The daily temperatures used to melt ice were increased. 
 	 Tfix = 1.890109 (degC) 
 	 Tmean = -1.890109 (degC) 
 HydroGlacial Warning: 
 	 The basin was too cold to melt enough glacial ice. 
 	 The daily temperatures used to melt ice were increased. 
 	 Tfix = 1.565591 (degC) 
 	 Tmean = -1.565591 (degC) 
 HydroGlacial Warning: 
 	 The basin was too cold to melt enough glacial ice. 
 	 The daily temperatures used to melt ice were increased. 
 	 Tfix = 1.890109 (degC) 
 	 Tmean = -1.890109 (degC) 
 HydroGlacial Warning: 
 	 The basin was too cold to melt enough glacial ice. 
 	 The daily temperatures used to melt ice were increased. 
 	 Tfix = 1.565591 (degC) 
 	 Tmean = -1.565591 (degC) 
 Calculate daily suspended sediment load, epoch: 1

 	 HydroSnow Warning: There is Snow remaining on August 31 
 	 Snowremains 	 = 1.468663e+10 (m^3) 
 	 in year: 1976 

 	 HydroSnow Warning: There is Snow remaining on August 31 
 	 Snowremains 	 = 3.609846e+10 (m^3) 
 	 in year: 1977 
HydroGlacial WARNING: year = 1977, ep =0 
 	 Insufficient precipitation to grow glacier. 
 	 Volume glacier correction: 
 	 Volume should be 	2.950319e+13 m^3
 	 Volume corrected to 	1.115387e+10 m^3
 	 The rest is carried over to next year 

 	 HydroSnow Warning: There is Snow remaining on August 31 
 	 Snowremains 	 = 3.609846e+10 (m^3) 
 	 in year: 1977 
HydroGlacial WARNING: year = 1977, ep =0 
 	 Insufficient precipitation to grow glacier. 
 	 Volume glacier correction: 
 	 Volume should be 	2.950319e+13 m^3
 	 Volume corrected to 	1.115387e+10 m^3
 	 The rest is carried over to next year 

 	 HydroSnow Warning: There is Snow remaining on August 31 
 	 Snowremains 	 = 3.609846e+10 (m^3) 
 	 in year: 1977 
HydroGlacial WARNING: year = 1977, ep =0 
 	 Insufficient precipitation to grow glacier. 
 	 Volume glacier correction: 
 	 Volume should be 	2.950319e+13 m^3
 	 Volume corrected to 	1.115387e+10 m^3
 	 The rest is carried over to next year 

 	 HydroSnow Warning: There is Snow remaining on August 31 
 	 Snowremains 	 = 3.609846e+10 (m^3) 
 	 in year: 1977 
HydroGlacial WARNING: year = 1977, ep =0 
 	 Insufficient precipitation to grow glacier. 
 	 Volume glacier correction: 
 	 Volume should be 	2.950319e+13 m^3
 	 Volume corrected to 	1.115387e+10 m^3
 	 The rest is carried over to next year 

 	 HydroSnow Warning: There is Snow remaining on August 31 
 	 Snowremains 	 = 3.609846e+10 (m^3) 
 	 in year: 1977 
HydroGlacial WARNING: year = 1977, ep =0 
 	 Insufficient precipitation to grow glacier. 
 	 Volume glacier correction: 
 	 Volume should be 	2.950319e+13 m^3
 	 Volume corrected to 	1.115387e+10 m^3
 	 The rest is carried over to next year 

 	 HydroSnow Warning: There is Snow remaining on August 31 
 	 Snowremains 	 = 3.609846e+10 (m^3) 
 	 in year: 1977 
HydroGlacial WARNING: year = 1977, ep =0 
 	 Insufficient precipitation to grow glacier. 
 	 Volume glacier correction: 
 	 Volume should be 	2.950319e+13 m^3
 	 Volume corrected to 	1.115387e+10 m^3
 	 The rest is carried over to next year 

 	 HydroSnow Warning: There is Snow remaining on August 31 
 	 Snowremains 	 = 3.609846e+10 (m^3) 
 	 in year: 1977 
HydroGlacial WARNING: year = 1977, ep =0 
 	 Insufficient precipitation to grow glacier. 
 	 Volume glacier correction: 
 	 Volume should be 	2.950319e+13 m^3
 	 Volume corrected to 	1.115387e+10 m^3
 	 The rest is carried over to next year 

 	 HydroSnow Warning: There is Snow remaining on August 31 
 	 Snowremains 	 = 3.609846e+10 (m^3) 
 	 in year: 1977 
HydroGlacial WARNING: year = 1977, ep =0 
 	 Insufficient precipitation to grow glacier. 
 	 Volume glacier correction: 
 	 Volume should be 	2.950319e+13 m^3
 	 Volume corrected to 	1.115387e+10 m^3
 	 The rest is carried over to next year 

 	 HydroSnow Warning: There is Snow remaining on August 31 
 	 Snowremains 	 = 3.609846e+10 (m^3) 
 	 in year: 1977 
HydroGlacial WARNING: year = 1977, ep =0 
 	 Insufficient precipitation to grow glacier. 
 	 Volume glacier correction: 
 	 Volume should be 	2.950319e+13 m^3
 	 Volume corrected to 	1.115387e+10 m^3
 	 The rest is carried over to next year 

 	 HydroSnow Warning: There is Snow remaining on August 31 
 	 Snowremains 	 = 3.609846e+10 (m^3) 
 	 in year: 1977 
   FLOOD WARNING: the maximum predicted flood size has been exceeded. 
      Epoch 1, year 1977 
      Maximum predicted flood 56740.8 (m^3/s) 
      Modeled flood peak 81224.5 (m^3/s) 
HydroGlacial WARNING: year = 1978, ep =0 
 	 Insufficient precipitation to grow glacier. 
 	 Volume glacier correction: 
 	 Volume should be 	2.950319e+13 m^3
 	 Volume corrected to 	2.284177e+10 m^3
 	 The rest is carried over to next year 

 	 HydroSnow Warning: There is Snow remaining on August 31 
 	 Snowremains 	 = 5.681495e+10 (m^3) 
 	 in year: 1978 
HydroGlacial WARNING: year = 1978, ep =0 
 	 Insufficient precipitation to grow glacier. 
 	 Volume glacier correction: 
 	 Volume should be 	2.950319e+13 m^3
 	 Volume corrected to 	1.168790e+10 m^3
 	 The rest is carried over to next year 

 	 HydroSnow Warning: There is Snow remaining on August 31 
 	 Snowremains 	 = 5.681495e+10 (m^3) 
 	 in year: 1978 
HydroGlacial WARNING: year = 1978, ep =0 
 	 Insufficient precipitation to grow glacier. 
 	 Volume glacier correction: 
 	 Volume should be 	2.950319e+13 m^3
 	 Volume corrected to 	1.168790e+10 m^3
 	 The rest is carried over to next year 

 	 HydroSnow Warning: There is Snow remaining on August 31 
 	 Snowremains 	 = 5.681495e+10 (m^3) 
 	 in year: 1978 
HydroGlacial WARNING: year = 1978, ep =0 
 	 Insufficient precipitation to grow glacier. 
 	 Volume glacier correction: 
 	 Volume should be 	2.950319e+13 m^3
 	 Volume corrected to 	1.168790e+10 m^3
 	 The rest is carried over to next year 

 	 HydroSnow Warning: There is Snow remaining on August 31 
 	 Snowremains 	 = 5.681495e+10 (m^3) 
 	 in year: 1978 
HydroGlacial WARNING: year = 1978, ep =0 
 	 Insufficient precipitation to grow glacier. 
 	 Volume glacier correction: 
 	 Volume should be 	2.950319e+13 m^3
 	 Volume corrected to 	1.168790e+10 m^3
 	 The rest is carried over to next year 

 	 HydroSnow Warning: There is Snow remaining on August 31 
 	 Snowremains 	 = 5.681495e+10 (m^3) 
 	 in year: 1978 
HydroGlacial WARNING: year = 1978, ep =0 
 	 Insufficient precipitation to grow glacier. 
 	 Volume glacier correction: 
 	 Volume should be 	2.950319e+13 m^3
 	 Volume corrected to 	1.168790e+10 m^3
 	 The rest is carried over to next year 

 	 HydroSnow Warning: There is Snow remaining on August 31 
 	 Snowremains 	 = 5.681495e+10 (m^3) 
 	 in year: 1978 
HydroGlacial WARNING: year = 1978, ep =0 
 	 Insufficient precipitation to grow glacier. 
 	 Volume glacier correction: 
 	 Volume should be 	2.950319e+13 m^3
 	 Volume corrected to 	1.168790e+10 m^3
 	 The rest is carried over to next year 

 	 HydroSnow Warning: There is Snow remaining on August 31 
 	 Snowremains 	 = 5.681495e+10 (m^3) 
 	 in year: 1978 
HydroGlacial WARNING: year = 1978, ep =0 
 	 Insufficient precipitation to grow glacier. 
 	 Volume glacier correction: 
 	 Volume should be 	2.950319e+13 m^3
 	 Volume corrected to 	1.168790e+10 m^3
 	 The rest is carried over to next year 

 	 HydroSnow Warning: There is Snow remaining on August 31 
 	 Snowremains 	 = 5.681495e+10 (m^3) 
 	 in year: 1978 
HydroGlacial WARNING: year = 1978, ep =0 
 	 Insufficient precipitation to grow glacier. 
 	 Volume glacier correction: 
 	 Volume should be 	2.950319e+13 m^3
 	 Volume corrected to 	1.168790e+10 m^3
 	 The rest is carried over to next year 

 	 HydroSnow Warning: There is Snow remaining on August 31 
 	 Snowremains 	 = 5.681495e+10 (m^3) 
 	 in year: 1978 
HydroGlacial WARNING: year = 1978, ep =0 
 	 Insufficient precipitation to grow glacier. 
 	 Volume glacier correction: 
 	 Volume should be 	2.950319e+13 m^3
 	 Volume corrected to 	1.168790e+10 m^3
 	 The rest is carried over to next year 

 	 HydroSnow Warning: There is Snow remaining on August 31 
 	 Snowremains 	 = 5.681495e+10 (m^3) 
 	 in year: 1978 
   FLOOD WARNING: the maximum predicted flood size has been exceeded. 
      Epoch 1, year 1978 
      Maximum predicted flood 56740.8 (m^3/s) 
      Modeled flood peak 73333 (m^3/s) 
HydroGlacial WARNING: year = 1979, ep =0 
 	 Insufficient precipitation to grow glacier. 
 	 Volume glacier correction: 
 	 Volume should be 	2.950319e+13 m^3
 	 Volume corrected to 	1.991952e+10 m^3
 	 The rest is carried over to next year 

 	 HydroSnow Warning: There is Snow remaining on August 31 
 	 Snowremains 	 = 5.810297e+10 (m^3) 
 	 in year: 1979 
HydroGlacial WARNING: year = 1980, ep =0 
 	 Insufficient precipitation to grow glacier. 
 	 Volume glacier correction: 
 	 Volume should be 	2.950319e+13 m^3
 	 Volume corrected to 	3.036563e+10 m^3
 	 The rest is carried over to next year 

 	 HydroSnow Warning: There is Snow remaining on August 31 
 	 Snowremains 	 = 7.634310e+10 (m^3) 
 	 in year: 1980 
HydroGlacial WARNING: year = 1980, ep =0 
 	 Insufficient precipitation to grow glacier. 
 	 Volume glacier correction: 
 	 Volume should be 	2.950319e+13 m^3
 	 Volume corrected to 	1.044611e+10 m^3
 	 The rest is carried over to next year 

 	 HydroSnow Warning: There is Snow remaining on August 31 
 	 Snowremains 	 = 7.634310e+10 (m^3) 
 	 in year: 1980 
HydroGlacial WARNING: year = 1980, ep =0 
 	 Insufficient precipitation to grow glacier. 
 	 Volume glacier correction: 
 	 Volume should be 	2.950319e+13 m^3
 	 Volume corrected to 	1.044611e+10 m^3
 	 The rest is carried over to next year 

 	 HydroSnow Warning: There is Snow remaining on August 31 
 	 Snowremains 	 = 7.634310e+10 (m^3) 
 	 in year: 1980 
HydroGlacial WARNING: year = 1980, ep =0 
 	 Insufficient precipitation to grow glacier. 
 	 Volume glacier correction: 
 	 Volume should be 	2.950319e+13 m^3
 	 Volume corrected to 	1.044611e+10 m^3
 	 The rest is carried over to next year 

 	 HydroSnow Warning: There is Snow remaining on August 31 
 	 Snowremains 	 = 7.634310e+10 (m^3) 
 	 in year: 1980 
HydroGlacial WARNING: year = 1980, ep =0 
 	 Insufficient precipitation to grow glacier. 
 	 Volume glacier correction: 
 	 Volume should be 	2.950319e+13 m^3
 	 Volume corrected to 	1.044611e+10 m^3
 	 The rest is carried over to next year 

 	 HydroSnow Warning: There is Snow remaining on August 31 
 	 Snowremains 	 = 7.634310e+10 (m^3) 
 	 in year: 1980 
HydroGlacial WARNING: year = 1980, ep =0 
 	 Insufficient precipitation to grow glacier. 
 	 Volume glacier correction: 
 	 Volume should be 	2.950319e+13 m^3
 	 Volume corrected to 	1.044611e+10 m^3
 	 The rest is carried over to next year 

 	 HydroSnow Warning: There is Snow remaining on August 31 
 	 Snowremains 	 = 7.634310e+10 (m^3) 
 	 in year: 1980 
HydroGlacial WARNING: year = 1980, ep =0 
 	 Insufficient precipitation to grow glacier. 
 	 Volume glacier correction: 
 	 Volume should be 	2.950319e+13 m^3
 	 Volume corrected to 	1.044611e+10 m^3
 	 The rest is carried over to next year 

 	 HydroSnow Warning: There is Snow remaining on August 31 
 	 Snowremains 	 = 7.634310e+10 (m^3) 
 	 in year: 1980 
HydroGlacial WARNING: year = 1980, ep =0 
 	 Insufficient precipitation to grow glacier. 
 	 Volume glacier correction: 
 	 Volume should be 	2.950319e+13 m^3
 	 Volume corrected to 	1.044611e+10 m^3
 	 The rest is carried over to next year 

 	 HydroSnow Warning: There is Snow remaining on August 31 
 	 Snowremains 	 = 7.634310e+10 (m^3) 
 	 in year: 1980 
HydroGlacial WARNING: year = 1980, ep =0 
 	 Insufficient precipitation to grow glacier. 
 	 Volume glacier correction: 
 	 Volume should be 	2.950319e+13 m^3
 	 Volume corrected to 	1.044611e+10 m^3
 	 The rest is carried over to next year 

 	 HydroSnow Warning: There is Snow remaining on August 31 
 	 Snowremains 	 = 7.634310e+10 (m^3) 
 	 in year: 1980 
HydroGlacial WARNING: year = 1980, ep =0 
 	 Insufficient precipitation to grow glacier. 
 	 Volume glacier correction: 
 	 Volume should be 	2.950319e+13 m^3
 	 Volume corrected to 	1.044611e+10 m^3
 	 The rest is carried over to next year 

 	 HydroSnow Warning: There is Snow remaining on August 31 
 	 Snowremains 	 = 7.634310e+10 (m^3) 
 	 in year: 1980 
   FLOOD WARNING: the maximum predicted flood size has been exceeded. 
      Epoch 1, year 1980 
      Maximum predicted flood 56740.8 (m^3/s) 
      Modeled flood peak 86182.4 (m^3/s) 
HydroGlacial WARNING: year = 1981, ep =0 
 	 Insufficient precipitation to grow glacier. 
 	 Volume glacier correction: 
 	 Volume should be 	2.950319e+13 m^3
 	 Volume corrected to 	2.368950e+10 m^3
 	 The rest is carried over to next year 

 	 HydroSnow Warning: There is Snow remaining on August 31 
 	 Snowremains 	 = 1.061876e+11 (m^3) 
 	 in year: 1981 
HydroGlacial WARNING: year = 1981, ep =0 
 	 Insufficient precipitation to grow glacier. 
 	 Volume glacier correction: 
 	 Volume should be 	2.950319e+13 m^3
 	 Volume corrected to 	1.324339e+10 m^3
 	 The rest is carried over to next year 

 	 HydroSnow Warning: There is Snow remaining on August 31 
 	 Snowremains 	 = 1.061876e+11 (m^3) 
 	 in year: 1981 
HydroGlacial WARNING: year = 1981, ep =0 
 	 Insufficient precipitation to grow glacier. 
 	 Volume glacier correction: 
 	 Volume should be 	2.950319e+13 m^3
 	 Volume corrected to 	1.324339e+10 m^3
 	 The rest is carried over to next year 

 	 HydroSnow Warning: There is Snow remaining on August 31 
 	 Snowremains 	 = 1.061876e+11 (m^3) 
 	 in year: 1981 
HydroGlacial WARNING: year = 1981, ep =0 
 	 Insufficient precipitation to grow glacier. 
 	 Volume glacier correction: 
 	 Volume should be 	2.950319e+13 m^3
 	 Volume corrected to 	1.324339e+10 m^3
 	 The rest is carried over to next year 

 	 HydroSnow Warning: There is Snow remaining on August 31 
 	 Snowremains 	 = 1.061876e+11 (m^3) 
 	 in year: 1981 
HydroGlacial WARNING: year = 1981, ep =0 
 	 Insufficient precipitation to grow glacier. 
 	 Volume glacier correction: 
 	 Volume should be 	2.950319e+13 m^3
 	 Volume corrected to 	1.324339e+10 m^3
 	 The rest is carried over to next year 

 	 HydroSnow Warning: There is Snow remaining on August 31 
 	 Snowremains 	 = 1.061876e+11 (m^3) 
 	 in year: 1981 
HydroGlacial WARNING: year = 1981, ep =0 
 	 Insufficient precipitation to grow glacier. 
 	 Volume glacier correction: 
 	 Volume should be 	2.950319e+13 m^3
 	 Volume corrected to 	1.324339e+10 m^3
 	 The rest is carried over to next year 

 	 HydroSnow Warning: There is Snow remaining on August 31 
 	 Snowremains 	 = 1.061876e+11 (m^3) 
 	 in year: 1981 
HydroGlacial WARNING: year = 1981, ep =0 
 	 Insufficient precipitation to grow glacier. 
 	 Volume glacier correction: 
 	 Volume should be 	2.950319e+13 m^3
 	 Volume corrected to 	1.324339e+10 m^3
 	 The rest is carried over to next year 

 	 HydroSnow Warning: There is Snow remaining on August 31 
 	 Snowremains 	 = 1.061876e+11 (m^3) 
 	 in year: 1981 
HydroGlacial WARNING: year = 1981, ep =0 
 	 Insufficient precipitation to grow glacier. 
 	 Volume glacier correction: 
 	 Volume should be 	2.950319e+13 m^3
 	 Volume corrected to 	1.324339e+10 m^3
 	 The rest is carried over to next year 

 	 HydroSnow Warning: There is Snow remaining on August 31 
 	 Snowremains 	 = 1.061876e+11 (m^3) 
 	 in year: 1981 
HydroGlacial WARNING: year = 1981, ep =0 
 	 Insufficient precipitation to grow glacier. 
 	 Volume glacier correction: 
 	 Volume should be 	2.950319e+13 m^3
 	 Volume corrected to 	1.324339e+10 m^3
 	 The rest is carried over to next year 

 	 HydroSnow Warning: There is Snow remaining on August 31 
 	 Snowremains 	 = 1.061876e+11 (m^3) 
 	 in year: 1981 
HydroGlacial WARNING: year = 1981, ep =0 
 	 Insufficient precipitation to grow glacier. 
 	 Volume glacier correction: 
 	 Volume should be 	2.950319e+13 m^3
 	 Volume corrected to 	1.324339e+10 m^3
 	 The rest is carried over to next year 

 	 HydroSnow Warning: There is Snow remaining on August 31 
 	 Snowremains 	 = 1.061876e+11 (m^3) 
 	 in year: 1981 
   FLOOD WARNING: the maximum predicted flood size has been exceeded. 
      Epoch 1, year 1981 
      Maximum predicted flood 56740.8 (m^3/s) 
      Modeled flood peak 154244 (m^3/s) 
HydroGlacial WARNING: year = 1982, ep =0 
 	 Insufficient precipitation to grow glacier. 
 	 Volume glacier correction: 
 	 Volume should be 	2.950319e+13 m^3
 	 Volume corrected to 	2.860363e+10 m^3
 	 The rest is carried over to next year 

 	 HydroSnow Warning: There is Snow remaining on August 31 
 	 Snowremains 	 = 1.427711e+11 (m^3) 
 	 in year: 1982 
HydroGlacial WARNING: year = 1982, ep =0 
 	 Insufficient precipitation to grow glacier. 
 	 Volume glacier correction: 
 	 Volume should be 	2.950319e+13 m^3
 	 Volume corrected to 	1.536024e+10 m^3
 	 The rest is carried over to next year 

 	 HydroSnow Warning: There is Snow remaining on August 31 
 	 Snowremains 	 = 1.427711e+11 (m^3) 
 	 in year: 1982 
HydroGlacial WARNING: year = 1982, ep =0 
 	 Insufficient precipitation to grow glacier. 
 	 Volume glacier correction: 
 	 Volume should be 	2.950319e+13 m^3
 	 Volume corrected to 	1.536024e+10 m^3
 	 The rest is carried over to next year 

 	 HydroSnow Warning: There is Snow remaining on August 31 
 	 Snowremains 	 = 1.427711e+11 (m^3) 
 	 in year: 1982 
HydroGlacial WARNING: year = 1982, ep =0 
 	 Insufficient precipitation to grow glacier. 
 	 Volume glacier correction: 
 	 Volume should be 	2.950319e+13 m^3
 	 Volume corrected to 	1.536024e+10 m^3
 	 The rest is carried over to next year 

 	 HydroSnow Warning: There is Snow remaining on August 31 
 	 Snowremains 	 = 1.427711e+11 (m^3) 
 	 in year: 1982 
HydroGlacial WARNING: year = 1982, ep =0 
 	 Insufficient precipitation to grow glacier. 
 	 Volume glacier correction: 
 	 Volume should be 	2.950319e+13 m^3
 	 Volume corrected to 	1.536024e+10 m^3
 	 The rest is carried over to next year 

 	 HydroSnow Warning: There is Snow remaining on August 31 
 	 Snowremains 	 = 1.427711e+11 (m^3) 
 	 in year: 1982 
HydroGlacial WARNING: year = 1982, ep =0 
 	 Insufficient precipitation to grow glacier. 
 	 Volume glacier correction: 
 	 Volume should be 	2.950319e+13 m^3
 	 Volume corrected to 	1.536024e+10 m^3
 	 The rest is carried over to next year 

 	 HydroSnow Warning: There is Snow remaining on August 31 
 	 Snowremains 	 = 1.427711e+11 (m^3) 
 	 in year: 1982 
HydroGlacial WARNING: year = 1982, ep =0 
 	 Insufficient precipitation to grow glacier. 
 	 Volume glacier correction: 
 	 Volume should be 	2.950319e+13 m^3
 	 Volume corrected to 	1.536024e+10 m^3
 	 The rest is carried over to next year 

 	 HydroSnow Warning: There is Snow remaining on August 31 
 	 Snowremains 	 = 1.427711e+11 (m^3) 
 	 in year: 1982 
HydroGlacial WARNING: year = 1982, ep =0 
 	 Insufficient precipitation to grow glacier. 
 	 Volume glacier correction: 
 	 Volume should be 	2.950319e+13 m^3
 	 Volume corrected to 	1.536024e+10 m^3
 	 The rest is carried over to next year 

 	 HydroSnow Warning: There is Snow remaining on August 31 
 	 Snowremains 	 = 1.427711e+11 (m^3) 
 	 in year: 1982 
HydroGlacial WARNING: year = 1982, ep =0 
 	 Insufficient precipitation to grow glacier. 
 	 Volume glacier correction: 
 	 Volume should be 	2.950319e+13 m^3
 	 Volume corrected to 	1.536024e+10 m^3
 	 The rest is carried over to next year 

 	 HydroSnow Warning: There is Snow remaining on August 31 
 	 Snowremains 	 = 1.427711e+11 (m^3) 
 	 in year: 1982 
HydroGlacial WARNING: year = 1982, ep =0 
 	 Insufficient precipitation to grow glacier. 
 	 Volume glacier correction: 
 	 Volume should be 	2.950319e+13 m^3
 	 Volume corrected to 	1.536024e+10 m^3
 	 The rest is carried over to next year 

 	 HydroSnow Warning: There is Snow remaining on August 31 
 	 Snowremains 	 = 1.427711e+11 (m^3) 
 	 in year: 1982 
   FLOOD WARNING: the maximum predicted flood size has been exceeded. 
      Epoch 1, year 1982 
      Maximum predicted flood 56740.8 (m^3/s) 
      Modeled flood peak 127146 (m^3/s) 
HydroGlacial WARNING: year = 1983, ep =0 
 	 Insufficient precipitation to grow glacier. 
 	 Volume glacier correction: 
 	 Volume should be 	2.950319e+13 m^3
 	 Volume corrected to 	2.908645e+10 m^3
 	 The rest is carried over to next year 

 	 HydroSnow Warning: There is Snow remaining on August 31 
 	 Snowremains 	 = 1.854442e+11 (m^3) 
 	 in year: 1983 
HydroGlacial WARNING: year = 1983, ep =0 
 	 Insufficient precipitation to grow glacier. 
 	 Volume glacier correction: 
 	 Volume should be 	2.950319e+13 m^3
 	 Volume corrected to 	1.372621e+10 m^3
 	 The rest is carried over to next year 

 	 HydroSnow Warning: There is Snow remaining on August 31 
 	 Snowremains 	 = 1.854442e+11 (m^3) 
 	 in year: 1983 
HydroGlacial WARNING: year = 1983, ep =0 
 	 Insufficient precipitation to grow glacier. 
 	 Volume glacier correction: 
 	 Volume should be 	2.950319e+13 m^3
 	 Volume corrected to 	1.372621e+10 m^3
 	 The rest is carried over to next year 

 	 HydroSnow Warning: There is Snow remaining on August 31 
 	 Snowremains 	 = 1.854442e+11 (m^3) 
 	 in year: 1983 
HydroGlacial WARNING: year = 1983, ep =0 
 	 Insufficient precipitation to grow glacier. 
 	 Volume glacier correction: 
 	 Volume should be 	2.950319e+13 m^3
 	 Volume corrected to 	1.372621e+10 m^3
 	 The rest is carried over to next year 

 	 HydroSnow Warning: There is Snow remaining on August 31 
 	 Snowremains 	 = 1.854442e+11 (m^3) 
 	 in year: 1983 
HydroGlacial WARNING: year = 1983, ep =0 
 	 Insufficient precipitation to grow glacier. 
 	 Volume glacier correction: 
 	 Volume should be 	2.950319e+13 m^3
 	 Volume corrected to 	1.372621e+10 m^3
 	 The rest is carried over to next year 

 	 HydroSnow Warning: There is Snow remaining on August 31 
 	 Snowremains 	 = 1.854442e+11 (m^3) 
 	 in year: 1983 
HydroGlacial WARNING: year = 1983, ep =0 
 	 Insufficient precipitation to grow glacier. 
 	 Volume glacier correction: 
 	 Volume should be 	2.950319e+13 m^3
 	 Volume corrected to 	1.372621e+10 m^3
 	 The rest is carried over to next year 

 	 HydroSnow Warning: There is Snow remaining on August 31 
 	 Snowremains 	 = 1.854442e+11 (m^3) 
 	 in year: 1983 
HydroGlacial WARNING: year = 1983, ep =0 
 	 Insufficient precipitation to grow glacier. 
 	 Volume glacier correction: 
 	 Volume should be 	2.950319e+13 m^3
 	 Volume corrected to 	1.372621e+10 m^3
 	 The rest is carried over to next year 

 	 HydroSnow Warning: There is Snow remaining on August 31 
 	 Snowremains 	 = 1.854442e+11 (m^3) 
 	 in year: 1983 
HydroGlacial WARNING: year = 1983, ep =0 
 	 Insufficient precipitation to grow glacier. 
 	 Volume glacier correction: 
 	 Volume should be 	2.950319e+13 m^3
 	 Volume corrected to 	1.372621e+10 m^3
 	 The rest is carried over to next year 

 	 HydroSnow Warning: There is Snow remaining on August 31 
 	 Snowremains 	 = 1.854442e+11 (m^3) 
 	 in year: 1983 
HydroGlacial WARNING: year = 1983, ep =0 
 	 Insufficient precipitation to grow glacier. 
 	 Volume glacier correction: 
 	 Volume should be 	2.950319e+13 m^3
 	 Volume corrected to 	1.372621e+10 m^3
 	 The rest is carried over to next year 

 	 HydroSnow Warning: There is Snow remaining on August 31 
 	 Snowremains 	 = 1.854442e+11 (m^3) 
 	 in year: 1983 
HydroGlacial WARNING: year = 1983, ep =0 
 	 Insufficient precipitation to grow glacier. 
 	 Volume glacier correction: 
 	 Volume should be 	2.950319e+13 m^3
 	 Volume corrected to 	1.372621e+10 m^3
 	 The rest is carried over to next year 

 	 HydroSnow Warning: There is Snow remaining on August 31 
 	 Snowremains 	 = 1.854442e+11 (m^3) 
 	 in year: 1983 
   FLOOD WARNING: the maximum predicted flood size has been exceeded. 
      Epoch 1, year 1983 
      Maximum predicted flood 56740.8 (m^3/s) 
      Modeled flood peak 126950 (m^3/s) 
HydroGlacial WARNING: year = 1984, ep =0 
 	 Insufficient precipitation to grow glacier. 
 	 Volume glacier correction: 
 	 Volume should be 	2.950319e+13 m^3
 	 Volume corrected to 	2.400458e+10 m^3
 	 The rest is carried over to next year 

 	 HydroSnow Warning: There is Snow remaining on August 31 
 	 Snowremains 	 = 2.037350e+11 (m^3) 
 	 in year: 1984 
HydroGlacial WARNING: year = 1985, ep =0 
 	 Insufficient precipitation to grow glacier. 
 	 Volume glacier correction: 
 	 Volume should be 	2.950319e+13 m^3
 	 Volume corrected to 	3.798832e+10 m^3
 	 The rest is carried over to next year 
 HydroGlacial Warning: 
 	 The basin was too cold to melt enough glacial ice. 
 	 The daily temperatures used to melt ice were increased. 
 	 Tfix = 1.890109 (degC) 
 	 Tmean = -1.890109 (degC) 

 	 HydroSnow Warning: There is Snow remaining on August 31 
 	 Snowremains 	 = 2.383620e+11 (m^3) 
 	 in year: 1985 
HydroGlacial WARNING: year = 1985, ep =0 
 	 Insufficient precipitation to grow glacier. 
 	 Volume glacier correction: 
 	 Volume should be 	2.950319e+13 m^3
 	 Volume corrected to 	1.398374e+10 m^3
 	 The rest is carried over to next year 

 	 HydroSnow Warning: There is Snow remaining on August 31 
 	 Snowremains 	 = 2.383620e+11 (m^3) 
 	 in year: 1985 
HydroGlacial WARNING: year = 1985, ep =0 
 	 Insufficient precipitation to grow glacier. 
 	 Volume glacier correction: 
 	 Volume should be 	2.950319e+13 m^3
 	 Volume corrected to 	1.398374e+10 m^3
 	 The rest is carried over to next year 

 	 HydroSnow Warning: There is Snow remaining on August 31 
 	 Snowremains 	 = 2.383620e+11 (m^3) 
 	 in year: 1985 
HydroGlacial WARNING: year = 1985, ep =0 
 	 Insufficient precipitation to grow glacier. 
 	 Volume glacier correction: 
 	 Volume should be 	2.950319e+13 m^3
 	 Volume corrected to 	1.398374e+10 m^3
 	 The rest is carried over to next year 

 	 HydroSnow Warning: There is Snow remaining on August 31 
 	 Snowremains 	 = 2.383620e+11 (m^3) 
 	 in year: 1985 
HydroGlacial WARNING: year = 1985, ep =0 
 	 Insufficient precipitation to grow glacier. 
 	 Volume glacier correction: 
 	 Volume should be 	2.950319e+13 m^3
 	 Volume corrected to 	1.398374e+10 m^3
 	 The rest is carried over to next year 

 	 HydroSnow Warning: There is Snow remaining on August 31 
 	 Snowremains 	 = 2.383620e+11 (m^3) 
 	 in year: 1985 
HydroGlacial WARNING: year = 1985, ep =0 
 	 Insufficient precipitation to grow glacier. 
 	 Volume glacier correction: 
 	 Volume should be 	2.950319e+13 m^3
 	 Volume corrected to 	1.398374e+10 m^3
 	 The rest is carried over to next year 

 	 HydroSnow Warning: There is Snow remaining on August 31 
 	 Snowremains 	 = 2.383620e+11 (m^3) 
 	 in year: 1985 
HydroGlacial WARNING: year = 1985, ep =0 
 	 Insufficient precipitation to grow glacier. 
 	 Volume glacier correction: 
 	 Volume should be 	2.950319e+13 m^3
 	 Volume corrected to 	1.398374e+10 m^3
 	 The rest is carried over to next year 

 	 HydroSnow Warning: There is Snow remaining on August 31 
 	 Snowremains 	 = 2.383620e+11 (m^3) 
 	 in year: 1985 
HydroGlacial WARNING: year = 1985, ep =0 
 	 Insufficient precipitation to grow glacier. 
 	 Volume glacier correction: 
 	 Volume should be 	2.950319e+13 m^3
 	 Volume corrected to 	1.398374e+10 m^3
 	 The rest is carried over to next year 

 	 HydroSnow Warning: There is Snow remaining on August 31 
 	 Snowremains 	 = 2.383620e+11 (m^3) 
 	 in year: 1985 
HydroGlacial WARNING: year = 1985, ep =0 
 	 Insufficient precipitation to grow glacier. 
 	 Volume glacier correction: 
 	 Volume should be 	2.950319e+13 m^3
 	 Volume corrected to 	1.398374e+10 m^3
 	 The rest is carried over to next year 

 	 HydroSnow Warning: There is Snow remaining on August 31 
 	 Snowremains 	 = 2.383620e+11 (m^3) 
 	 in year: 1985 
HydroGlacial WARNING: year = 1985, ep =0 
 	 Insufficient precipitation to grow glacier. 
 	 Volume glacier correction: 
 	 Volume should be 	2.950319e+13 m^3
 	 Volume corrected to 	1.398374e+10 m^3
 	 The rest is carried over to next year 

 	 HydroSnow Warning: There is Snow remaining on August 31 
 	 Snowremains 	 = 2.383620e+11 (m^3) 
 	 in year: 1985 
   FLOOD WARNING: the maximum predicted flood size has been exceeded. 
      Epoch 1, year 1985 
      Maximum predicted flood 56740.8 (m^3/s) 
      Modeled flood peak 65306.7 (m^3/s) 
HydroGlacial WARNING: year = 1986, ep =0 
 	 Insufficient precipitation to grow glacier. 
 	 Volume glacier correction: 
 	 Volume should be 	2.950319e+13 m^3
 	 Volume corrected to 	2.290769e+10 m^3
 	 The rest is carried over to next year 

 	 HydroSnow Warning: There is Snow remaining on August 31 
 	 Snowremains 	 = 2.528343e+11 (m^3) 
 	 in year: 1986 
HydroGlacial WARNING: year = 1987, ep =0 
 	 Insufficient precipitation to grow glacier. 
 	 Volume glacier correction: 
 	 Volume should be 	2.950319e+13 m^3
 	 Volume corrected to 	3.629788e+10 m^3
 	 The rest is carried over to next year 

 	 HydroSnow Warning: There is Snow remaining on August 31 
 	 Snowremains 	 = 2.749156e+11 (m^3) 
 	 in year: 1987 
HydroGlacial WARNING: year = 1987, ep =0 
 	 Insufficient precipitation to grow glacier. 
 	 Volume glacier correction: 
 	 Volume should be 	2.950319e+13 m^3
 	 Volume corrected to 	1.339019e+10 m^3
 	 The rest is carried over to next year 

 	 HydroSnow Warning: There is Snow remaining on August 31 
 	 Snowremains 	 = 2.749156e+11 (m^3) 
 	 in year: 1987 
HydroGlacial WARNING: year = 1987, ep =0 
 	 Insufficient precipitation to grow glacier. 
 	 Volume glacier correction: 
 	 Volume should be 	2.950319e+13 m^3
 	 Volume corrected to 	1.339019e+10 m^3
 	 The rest is carried over to next year 

 	 HydroSnow Warning: There is Snow remaining on August 31 
 	 Snowremains 	 = 2.749156e+11 (m^3) 
 	 in year: 1987 
HydroGlacial WARNING: year = 1987, ep =0 
 	 Insufficient precipitation to grow glacier. 
 	 Volume glacier correction: 
 	 Volume should be 	2.950319e+13 m^3
 	 Volume corrected to 	1.339019e+10 m^3
 	 The rest is carried over to next year 

 	 HydroSnow Warning: There is Snow remaining on August 31 
 	 Snowremains 	 = 2.749156e+11 (m^3) 
 	 in year: 1987 
HydroGlacial WARNING: year = 1987, ep =0 
 	 Insufficient precipitation to grow glacier. 
 	 Volume glacier correction: 
 	 Volume should be 	2.950319e+13 m^3
 	 Volume corrected to 	1.339019e+10 m^3
 	 The rest is carried over to next year 

 	 HydroSnow Warning: There is Snow remaining on August 31 
 	 Snowremains 	 = 2.749156e+11 (m^3) 
 	 in year: 1987 
HydroGlacial WARNING: year = 1987, ep =0 
 	 Insufficient precipitation to grow glacier. 
 	 Volume glacier correction: 
 	 Volume should be 	2.950319e+13 m^3
 	 Volume corrected to 	1.339019e+10 m^3
 	 The rest is carried over to next year 

 	 HydroSnow Warning: There is Snow remaining on August 31 
 	 Snowremains 	 = 2.749156e+11 (m^3) 
 	 in year: 1987 
HydroGlacial WARNING: year = 1987, ep =0 
 	 Insufficient precipitation to grow glacier. 
 	 Volume glacier correction: 
 	 Volume should be 	2.950319e+13 m^3
 	 Volume corrected to 	1.339019e+10 m^3
 	 The rest is carried over to next year 

 	 HydroSnow Warning: There is Snow remaining on August 31 
 	 Snowremains 	 = 2.749156e+11 (m^3) 
 	 in year: 1987 
HydroGlacial WARNING: year = 1987, ep =0 
 	 Insufficient precipitation to grow glacier. 
 	 Volume glacier correction: 
 	 Volume should be 	2.950319e+13 m^3
 	 Volume corrected to 	1.339019e+10 m^3
 	 The rest is carried over to next year 

 	 HydroSnow Warning: There is Snow remaining on August 31 
 	 Snowremains 	 = 2.749156e+11 (m^3) 
 	 in year: 1987 
HydroGlacial WARNING: year = 1987, ep =0 
 	 Insufficient precipitation to grow glacier. 
 	 Volume glacier correction: 
 	 Volume should be 	2.950319e+13 m^3
 	 Volume corrected to 	1.339019e+10 m^3
 	 The rest is carried over to next year 

 	 HydroSnow Warning: There is Snow remaining on August 31 
 	 Snowremains 	 = 2.749156e+11 (m^3) 
 	 in year: 1987 
HydroGlacial WARNING: year = 1987, ep =0 
 	 Insufficient precipitation to grow glacier. 
 	 Volume glacier correction: 
 	 Volume should be 	2.950319e+13 m^3
 	 Volume corrected to 	1.339019e+10 m^3
 	 The rest is carried over to next year 

 	 HydroSnow Warning: There is Snow remaining on August 31 
 	 Snowremains 	 = 2.749156e+11 (m^3) 
 	 in year: 1987 
   FLOOD WARNING: the maximum predicted flood size has been exceeded. 
      Epoch 1, year 1987 
      Maximum predicted flood 56740.8 (m^3/s) 
      Modeled flood peak 124659 (m^3/s) 
HydroGlacial WARNING: year = 1988, ep =0 
 	 Insufficient precipitation to grow glacier. 
 	 Volume glacier correction: 
 	 Volume should be 	2.950319e+13 m^3
 	 Volume corrected to 	2.526416e+10 m^3
 	 The rest is carried over to next year 

 	 HydroSnow Warning: There is Snow remaining on August 31 
 	 Snowremains 	 = 3.014103e+11 (m^3) 
 	 in year: 1988 
HydroGlacial WARNING: year = 1989, ep =0 
 	 Insufficient precipitation to grow glacier. 
 	 Volume glacier correction: 
 	 Volume should be 	2.950319e+13 m^3
 	 Volume corrected to 	3.864423e+10 m^3
 	 The rest is carried over to next year 

 	 HydroSnow Warning: There is Snow remaining on August 31 
 	 Snowremains 	 = 3.326298e+11 (m^3) 
 	 in year: 1989 
HydroGlacial WARNING: year = 1989, ep =0 
 	 Insufficient precipitation to grow glacier. 
 	 Volume glacier correction: 
 	 Volume should be 	2.950319e+13 m^3
 	 Volume corrected to 	1.338007e+10 m^3
 	 The rest is carried over to next year 

 	 HydroSnow Warning: There is Snow remaining on August 31 
 	 Snowremains 	 = 3.326298e+11 (m^3) 
 	 in year: 1989 
HydroGlacial WARNING: year = 1989, ep =0 
 	 Insufficient precipitation to grow glacier. 
 	 Volume glacier correction: 
 	 Volume should be 	2.950319e+13 m^3
 	 Volume corrected to 	1.338007e+10 m^3
 	 The rest is carried over to next year 

 	 HydroSnow Warning: There is Snow remaining on August 31 
 	 Snowremains 	 = 3.326298e+11 (m^3) 
 	 in year: 1989 
HydroGlacial WARNING: year = 1989, ep =0 
 	 Insufficient precipitation to grow glacier. 
 	 Volume glacier correction: 
 	 Volume should be 	2.950319e+13 m^3
 	 Volume corrected to 	1.338007e+10 m^3
 	 The rest is carried over to next year 

 	 HydroSnow Warning: There is Snow remaining on August 31 
 	 Snowremains 	 = 3.326298e+11 (m^3) 
 	 in year: 1989 
HydroGlacial WARNING: year = 1989, ep =0 
 	 Insufficient precipitation to grow glacier. 
 	 Volume glacier correction: 
 	 Volume should be 	2.950319e+13 m^3
 	 Volume corrected to 	1.338007e+10 m^3
 	 The rest is carried over to next year 

 	 HydroSnow Warning: There is Snow remaining on August 31 
 	 Snowremains 	 = 3.326298e+11 (m^3) 
 	 in year: 1989 
HydroGlacial WARNING: year = 1989, ep =0 
 	 Insufficient precipitation to grow glacier. 
 	 Volume glacier correction: 
 	 Volume should be 	2.950319e+13 m^3
 	 Volume corrected to 	1.338007e+10 m^3
 	 The rest is carried over to next year 

 	 HydroSnow Warning: There is Snow remaining on August 31 
 	 Snowremains 	 = 3.326298e+11 (m^3) 
 	 in year: 1989 
HydroGlacial WARNING: year = 1989, ep =0 
 	 Insufficient precipitation to grow glacier. 
 	 Volume glacier correction: 
 	 Volume should be 	2.950319e+13 m^3
 	 Volume corrected to 	1.338007e+10 m^3
 	 The rest is carried over to next year 

 	 HydroSnow Warning: There is Snow remaining on August 31 
 	 Snowremains 	 = 3.326298e+11 (m^3) 
 	 in year: 1989 
HydroGlacial WARNING: year = 1989, ep =0 
 	 Insufficient precipitation to grow glacier. 
 	 Volume glacier correction: 
 	 Volume should be 	2.950319e+13 m^3
 	 Volume corrected to 	1.338007e+10 m^3
 	 The rest is carried over to next year 

 	 HydroSnow Warning: There is Snow remaining on August 31 
 	 Snowremains 	 = 3.326298e+11 (m^3) 
 	 in year: 1989 
HydroGlacial WARNING: year = 1989, ep =0 
 	 Insufficient precipitation to grow glacier. 
 	 Volume glacier correction: 
 	 Volume should be 	2.950319e+13 m^3
 	 Volume corrected to 	1.338007e+10 m^3
 	 The rest is carried over to next year 

 	 HydroSnow Warning: There is Snow remaining on August 31 
 	 Snowremains 	 = 3.326298e+11 (m^3) 
 	 in year: 1989 
HydroGlacial WARNING: year = 1989, ep =0 
 	 Insufficient precipitation to grow glacier. 
 	 Volume glacier correction: 
 	 Volume should be 	2.950319e+13 m^3
 	 Volume corrected to 	1.338007e+10 m^3
 	 The rest is carried over to next year 

 	 HydroSnow Warning: There is Snow remaining on August 31 
 	 Snowremains 	 = 3.326298e+11 (m^3) 
 	 in year: 1989 
   FLOOD WARNING: the maximum predicted flood size has been exceeded. 
      Epoch 1, year 1989 
      Maximum predicted flood 56740.8 (m^3/s) 
      Modeled flood peak 137662 (m^3/s) 
HydroGlacial WARNING: year = 1990, ep =0 
 	 Insufficient precipitation to grow glacier. 
 	 Volume glacier correction: 
 	 Volume should be 	2.950319e+13 m^3
 	 Volume corrected to 	2.211764e+10 m^3
 	 The rest is carried over to next year 

 	 HydroSnow Warning: There is Snow remaining on August 31 
 	 Snowremains 	 = 3.420745e+11 (m^3) 
 	 in year: 1990 
HydroGlacial WARNING: year = 1991, ep =0 
 	 Insufficient precipitation to grow glacier. 
 	 Volume glacier correction: 
 	 Volume should be 	2.950319e+13 m^3
 	 Volume corrected to 	3.939433e+10 m^3
 	 The rest is carried over to next year 

 	 HydroSnow Warning: There is Snow remaining on August 31 
 	 Snowremains 	 = 3.595530e+11 (m^3) 
 	 in year: 1991 
HydroGlacial WARNING: year = 1991, ep =0 
 	 Insufficient precipitation to grow glacier. 
 	 Volume glacier correction: 
 	 Volume should be 	2.950319e+13 m^3
 	 Volume corrected to 	1.727669e+10 m^3
 	 The rest is carried over to next year 

 	 HydroSnow Warning: There is Snow remaining on August 31 
 	 Snowremains 	 = 3.595530e+11 (m^3) 
 	 in year: 1991 
HydroGlacial WARNING: year = 1991, ep =0 
 	 Insufficient precipitation to grow glacier. 
 	 Volume glacier correction: 
 	 Volume should be 	2.950319e+13 m^3
 	 Volume corrected to 	1.727669e+10 m^3
 	 The rest is carried over to next year 

 	 HydroSnow Warning: There is Snow remaining on August 31 
 	 Snowremains 	 = 3.595530e+11 (m^3) 
 	 in year: 1991 
HydroGlacial WARNING: year = 1991, ep =0 
 	 Insufficient precipitation to grow glacier. 
 	 Volume glacier correction: 
 	 Volume should be 	2.950319e+13 m^3
 	 Volume corrected to 	1.727669e+10 m^3
 	 The rest is carried over to next year 

 	 HydroSnow Warning: There is Snow remaining on August 31 
 	 Snowremains 	 = 3.595530e+11 (m^3) 
 	 in year: 1991 
HydroGlacial WARNING: year = 1991, ep =0 
 	 Insufficient precipitation to grow glacier. 
 	 Volume glacier correction: 
 	 Volume should be 	2.950319e+13 m^3
 	 Volume corrected to 	1.727669e+10 m^3
 	 The rest is carried over to next year 

 	 HydroSnow Warning: There is Snow remaining on August 31 
 	 Snowremains 	 = 3.595530e+11 (m^3) 
 	 in year: 1991 
HydroGlacial WARNING: year = 1991, ep =0 
 	 Insufficient precipitation to grow glacier. 
 	 Volume glacier correction: 
 	 Volume should be 	2.950319e+13 m^3
 	 Volume corrected to 	1.727669e+10 m^3
 	 The rest is carried over to next year 

 	 HydroSnow Warning: There is Snow remaining on August 31 
 	 Snowremains 	 = 3.595530e+11 (m^3) 
 	 in year: 1991 
HydroGlacial WARNING: year = 1991, ep =0 
 	 Insufficient precipitation to grow glacier. 
 	 Volume glacier correction: 
 	 Volume should be 	2.950319e+13 m^3
 	 Volume corrected to 	1.727669e+10 m^3
 	 The rest is carried over to next year 

 	 HydroSnow Warning: There is Snow remaining on August 31 
 	 Snowremains 	 = 3.595530e+11 (m^3) 
 	 in year: 1991 
HydroGlacial WARNING: year = 1991, ep =0 
 	 Insufficient precipitation to grow glacier. 
 	 Volume glacier correction: 
 	 Volume should be 	2.950319e+13 m^3
 	 Volume corrected to 	1.727669e+10 m^3
 	 The rest is carried over to next year 

 	 HydroSnow Warning: There is Snow remaining on August 31 
 	 Snowremains 	 = 3.595530e+11 (m^3) 
 	 in year: 1991 
HydroGlacial WARNING: year = 1991, ep =0 
 	 Insufficient precipitation to grow glacier. 
 	 Volume glacier correction: 
 	 Volume should be 	2.950319e+13 m^3
 	 Volume corrected to 	1.727669e+10 m^3
 	 The rest is carried over to next year 

 	 HydroSnow Warning: There is Snow remaining on August 31 
 	 Snowremains 	 = 3.595530e+11 (m^3) 
 	 in year: 1991 
HydroGlacial WARNING: year = 1991, ep =0 
 	 Insufficient precipitation to grow glacier. 
 	 Volume glacier correction: 
 	 Volume should be 	2.950319e+13 m^3
 	 Volume corrected to 	1.727669e+10 m^3
 	 The rest is carried over to next year 

 	 HydroSnow Warning: There is Snow remaining on August 31 
 	 Snowremains 	 = 3.595530e+11 (m^3) 
 	 in year: 1991 
   FLOOD WARNING: the maximum predicted flood size has been exceeded. 
      Epoch 1, year 1991 
      Maximum predicted flood 56740.8 (m^3/s) 
      Modeled flood peak 176842 (m^3/s) 
HydroGlacial WARNING: year = 1992, ep =0 
 	 Insufficient precipitation to grow glacier. 
 	 Volume glacier correction: 
 	 Volume should be 	2.950319e+13 m^3
 	 Volume corrected to 	3.065622e+10 m^3
 	 The rest is carried over to next year 

 	 HydroSnow Warning: There is Snow remaining on August 31 
 	 Snowremains 	 = 4.062865e+11 (m^3) 
 	 in year: 1992 
HydroGlacial WARNING: year = 1992, ep =0 
 	 Insufficient precipitation to grow glacier. 
 	 Volume glacier correction: 
 	 Volume should be 	2.950319e+13 m^3
 	 Volume corrected to 	1.337953e+10 m^3
 	 The rest is carried over to next year 

 	 HydroSnow Warning: There is Snow remaining on August 31 
 	 Snowremains 	 = 4.062865e+11 (m^3) 
 	 in year: 1992 
HydroGlacial WARNING: year = 1992, ep =0 
 	 Insufficient precipitation to grow glacier. 
 	 Volume glacier correction: 
 	 Volume should be 	2.950319e+13 m^3
 	 Volume corrected to 	1.337953e+10 m^3
 	 The rest is carried over to next year 

 	 HydroSnow Warning: There is Snow remaining on August 31 
 	 Snowremains 	 = 4.062865e+11 (m^3) 
 	 in year: 1992 
HydroGlacial WARNING: year = 1992, ep =0 
 	 Insufficient precipitation to grow glacier. 
 	 Volume glacier correction: 
 	 Volume should be 	2.950319e+13 m^3
 	 Volume corrected to 	1.337953e+10 m^3
 	 The rest is carried over to next year 

 	 HydroSnow Warning: There is Snow remaining on August 31 
 	 Snowremains 	 = 4.062865e+11 (m^3) 
 	 in year: 1992 
HydroGlacial WARNING: year = 1992, ep =0 
 	 Insufficient precipitation to grow glacier. 
 	 Volume glacier correction: 
 	 Volume should be 	2.950319e+13 m^3
 	 Volume corrected to 	1.337953e+10 m^3
 	 The rest is carried over to next year 

 	 HydroSnow Warning: There is Snow remaining on August 31 
 	 Snowremains 	 = 4.062865e+11 (m^3) 
 	 in year: 1992 
HydroGlacial WARNING: year = 1992, ep =0 
 	 Insufficient precipitation to grow glacier. 
 	 Volume glacier correction: 
 	 Volume should be 	2.950319e+13 m^3
 	 Volume corrected to 	1.337953e+10 m^3
 	 The rest is carried over to next year 

 	 HydroSnow Warning: There is Snow remaining on August 31 
 	 Snowremains 	 = 4.062865e+11 (m^3) 
 	 in year: 1992 
HydroGlacial WARNING: year = 1992, ep =0 
 	 Insufficient precipitation to grow glacier. 
 	 Volume glacier correction: 
 	 Volume should be 	2.950319e+13 m^3
 	 Volume corrected to 	1.337953e+10 m^3
 	 The rest is carried over to next year 

 	 HydroSnow Warning: There is Snow remaining on August 31 
 	 Snowremains 	 = 4.062865e+11 (m^3) 
 	 in year: 1992 
HydroGlacial WARNING: year = 1992, ep =0 
 	 Insufficient precipitation to grow glacier. 
 	 Volume glacier correction: 
 	 Volume should be 	2.950319e+13 m^3
 	 Volume corrected to 	1.337953e+10 m^3
 	 The rest is carried over to next year 

 	 HydroSnow Warning: There is Snow remaining on August 31 
 	 Snowremains 	 = 4.062865e+11 (m^3) 
 	 in year: 1992 
HydroGlacial WARNING: year = 1992, ep =0 
 	 Insufficient precipitation to grow glacier. 
 	 Volume glacier correction: 
 	 Volume should be 	2.950319e+13 m^3
 	 Volume corrected to 	1.337953e+10 m^3
 	 The rest is carried over to next year 

 	 HydroSnow Warning: There is Snow remaining on August 31 
 	 Snowremains 	 = 4.062865e+11 (m^3) 
 	 in year: 1992 
HydroGlacial WARNING: year = 1992, ep =0 
 	 Insufficient precipitation to grow glacier. 
 	 Volume glacier correction: 
 	 Volume should be 	2.950319e+13 m^3
 	 Volume corrected to 	1.337953e+10 m^3
 	 The rest is carried over to next year 

 	 HydroSnow Warning: There is Snow remaining on August 31 
 	 Snowremains 	 = 4.062865e+11 (m^3) 
 	 in year: 1992 
   FLOOD WARNING: the maximum predicted flood size has been exceeded. 
      Epoch 1, year 1992 
      Maximum predicted flood 56740.8 (m^3/s) 
      Modeled flood peak 74527.6 (m^3/s) 
HydroGlacial WARNING: year = 1993, ep =0 
 	 Insufficient precipitation to grow glacier. 
 	 Volume glacier correction: 
 	 Volume should be 	2.950319e+13 m^3
 	 Volume corrected to 	2.459405e+10 m^3
 	 The rest is carried over to next year 

 	 HydroSnow Warning: There is Snow remaining on August 31 
 	 Snowremains 	 = 4.314059e+11 (m^3) 
 	 in year: 1993 
HydroGlacial WARNING: year = 1993, ep =0 
 	 Insufficient precipitation to grow glacier. 
 	 Volume glacier correction: 
 	 Volume should be 	2.950319e+13 m^3
 	 Volume corrected to 	1.121452e+10 m^3
 	 The rest is carried over to next year 

 	 HydroSnow Warning: There is Snow remaining on August 31 
 	 Snowremains 	 = 4.314059e+11 (m^3) 
 	 in year: 1993 
HydroGlacial WARNING: year = 1993, ep =0 
 	 Insufficient precipitation to grow glacier. 
 	 Volume glacier correction: 
 	 Volume should be 	2.950319e+13 m^3
 	 Volume corrected to 	1.121452e+10 m^3
 	 The rest is carried over to next year 

 	 HydroSnow Warning: There is Snow remaining on August 31 
 	 Snowremains 	 = 4.314059e+11 (m^3) 
 	 in year: 1993 
HydroGlacial WARNING: year = 1993, ep =0 
 	 Insufficient precipitation to grow glacier. 
 	 Volume glacier correction: 
 	 Volume should be 	2.950319e+13 m^3
 	 Volume corrected to 	1.121452e+10 m^3
 	 The rest is carried over to next year 

 	 HydroSnow Warning: There is Snow remaining on August 31 
 	 Snowremains 	 = 4.314059e+11 (m^3) 
 	 in year: 1993 
HydroGlacial WARNING: year = 1993, ep =0 
 	 Insufficient precipitation to grow glacier. 
 	 Volume glacier correction: 
 	 Volume should be 	2.950319e+13 m^3
 	 Volume corrected to 	1.121452e+10 m^3
 	 The rest is carried over to next year 

 	 HydroSnow Warning: There is Snow remaining on August 31 
 	 Snowremains 	 = 4.314059e+11 (m^3) 
 	 in year: 1993 
HydroGlacial WARNING: year = 1993, ep =0 
 	 Insufficient precipitation to grow glacier. 
 	 Volume glacier correction: 
 	 Volume should be 	2.950319e+13 m^3
 	 Volume corrected to 	1.121452e+10 m^3
 	 The rest is carried over to next year 

 	 HydroSnow Warning: There is Snow remaining on August 31 
 	 Snowremains 	 = 4.314059e+11 (m^3) 
 	 in year: 1993 
HydroGlacial WARNING: year = 1993, ep =0 
 	 Insufficient precipitation to grow glacier. 
 	 Volume glacier correction: 
 	 Volume should be 	2.950319e+13 m^3
 	 Volume corrected to 	1.121452e+10 m^3
 	 The rest is carried over to next year 

 	 HydroSnow Warning: There is Snow remaining on August 31 
 	 Snowremains 	 = 4.314059e+11 (m^3) 
 	 in year: 1993 
HydroGlacial WARNING: year = 1993, ep =0 
 	 Insufficient precipitation to grow glacier. 
 	 Volume glacier correction: 
 	 Volume should be 	2.950319e+13 m^3
 	 Volume corrected to 	1.121452e+10 m^3
 	 The rest is carried over to next year 

 	 HydroSnow Warning: There is Snow remaining on August 31 
 	 Snowremains 	 = 4.314059e+11 (m^3) 
 	 in year: 1993 
HydroGlacial WARNING: year = 1993, ep =0 
 	 Insufficient precipitation to grow glacier. 
 	 Volume glacier correction: 
 	 Volume should be 	2.950319e+13 m^3
 	 Volume corrected to 	1.121452e+10 m^3
 	 The rest is carried over to next year 

 	 HydroSnow Warning: There is Snow remaining on August 31 
 	 Snowremains 	 = 4.314059e+11 (m^3) 
 	 in year: 1993 
HydroGlacial WARNING: year = 1993, ep =0 
 	 Insufficient precipitation to grow glacier. 
 	 Volume glacier correction: 
 	 Volume should be 	2.950319e+13 m^3
 	 Volume corrected to 	1.121452e+10 m^3
 	 The rest is carried over to next year 

 	 HydroSnow Warning: There is Snow remaining on August 31 
 	 Snowremains 	 = 4.314059e+11 (m^3) 
 	 in year: 1993 
   FLOOD WARNING: the maximum predicted flood size has been exceeded. 
      Epoch 1, year 1993 
      Maximum predicted flood 56740.8 (m^3/s) 
      Modeled flood peak 88879.5 (m^3/s) 
HydroGlacial WARNING: year = 1994, ep =0 
 	 Insufficient precipitation to grow glacier. 
 	 Volume glacier correction: 
 	 Volume should be 	2.950319e+13 m^3
 	 Volume corrected to 	3.219487e+10 m^3
 	 The rest is carried over to next year 

 	 HydroSnow Warning: There is Snow remaining on August 31 
 	 Snowremains 	 = 4.689610e+11 (m^3) 
 	 in year: 1994 
HydroGlacial WARNING: year = 1994, ep =0 
 	 Insufficient precipitation to grow glacier. 
 	 Volume glacier correction: 
 	 Volume should be 	2.950319e+13 m^3
 	 Volume corrected to 	2.098035e+10 m^3
 	 The rest is carried over to next year 

 	 HydroSnow Warning: There is Snow remaining on August 31 
 	 Snowremains 	 = 4.689610e+11 (m^3) 
 	 in year: 1994 
HydroGlacial WARNING: year = 1994, ep =0 
 	 Insufficient precipitation to grow glacier. 
 	 Volume glacier correction: 
 	 Volume should be 	2.950319e+13 m^3
 	 Volume corrected to 	2.098035e+10 m^3
 	 The rest is carried over to next year 

 	 HydroSnow Warning: There is Snow remaining on August 31 
 	 Snowremains 	 = 4.689610e+11 (m^3) 
 	 in year: 1994 
HydroGlacial WARNING: year = 1994, ep =0 
 	 Insufficient precipitation to grow glacier. 
 	 Volume glacier correction: 
 	 Volume should be 	2.950319e+13 m^3
 	 Volume corrected to 	2.098035e+10 m^3
 	 The rest is carried over to next year 

 	 HydroSnow Warning: There is Snow remaining on August 31 
 	 Snowremains 	 = 4.689610e+11 (m^3) 
 	 in year: 1994 
HydroGlacial WARNING: year = 1994, ep =0 
 	 Insufficient precipitation to grow glacier. 
 	 Volume glacier correction: 
 	 Volume should be 	2.950319e+13 m^3
 	 Volume corrected to 	2.098035e+10 m^3
 	 The rest is carried over to next year 

 	 HydroSnow Warning: There is Snow remaining on August 31 
 	 Snowremains 	 = 4.689610e+11 (m^3) 
 	 in year: 1994 
HydroGlacial WARNING: year = 1994, ep =0 
 	 Insufficient precipitation to grow glacier. 
 	 Volume glacier correction: 
 	 Volume should be 	2.950319e+13 m^3
 	 Volume corrected to 	2.098035e+10 m^3
 	 The rest is carried over to next year 

 	 HydroSnow Warning: There is Snow remaining on August 31 
 	 Snowremains 	 = 4.689610e+11 (m^3) 
 	 in year: 1994 
HydroGlacial WARNING: year = 1994, ep =0 
 	 Insufficient precipitation to grow glacier. 
 	 Volume glacier correction: 
 	 Volume should be 	2.950319e+13 m^3
 	 Volume corrected to 	2.098035e+10 m^3
 	 The rest is carried over to next year 

 	 HydroSnow Warning: There is Snow remaining on August 31 
 	 Snowremains 	 = 4.689610e+11 (m^3) 
 	 in year: 1994 
HydroGlacial WARNING: year = 1994, ep =0 
 	 Insufficient precipitation to grow glacier. 
 	 Volume glacier correction: 
 	 Volume should be 	2.950319e+13 m^3
 	 Volume corrected to 	2.098035e+10 m^3
 	 The rest is carried over to next year 

 	 HydroSnow Warning: There is Snow remaining on August 31 
 	 Snowremains 	 = 4.689610e+11 (m^3) 
 	 in year: 1994 
HydroGlacial WARNING: year = 1994, ep =0 
 	 Insufficient precipitation to grow glacier. 
 	 Volume glacier correction: 
 	 Volume should be 	2.950319e+13 m^3
 	 Volume corrected to 	2.098035e+10 m^3
 	 The rest is carried over to next year 

 	 HydroSnow Warning: There is Snow remaining on August 31 
 	 Snowremains 	 = 4.689610e+11 (m^3) 
 	 in year: 1994 
HydroGlacial WARNING: year = 1994, ep =0 
 	 Insufficient precipitation to grow glacier. 
 	 Volume glacier correction: 
 	 Volume should be 	2.950319e+13 m^3
 	 Volume corrected to 	2.098035e+10 m^3
 	 The rest is carried over to next year 

 	 HydroSnow Warning: There is Snow remaining on August 31 
 	 Snowremains 	 = 4.689610e+11 (m^3) 
 	 in year: 1994 
   FLOOD WARNING: the maximum predicted flood size has been exceeded. 
      Epoch 1, year 1994 
      Maximum predicted flood 56740.8 (m^3/s) 
      Modeled flood peak 234681 (m^3/s) 
HydroGlacial WARNING: year = 1995, ep =0 
 	 Insufficient precipitation to grow glacier. 
 	 Volume glacier correction: 
 	 Volume should be 	2.950319e+13 m^3
 	 Volume corrected to 	3.535315e+10 m^3
 	 The rest is carried over to next year 

 	 HydroSnow Warning: There is Snow remaining on August 31 
 	 Snowremains 	 = 5.309025e+11 (m^3) 
 	 in year: 1995 
HydroGlacial WARNING: year = 1995, ep =0 
 	 Insufficient precipitation to grow glacier. 
 	 Volume glacier correction: 
 	 Volume should be 	2.950319e+13 m^3
 	 Volume corrected to 	1.437279e+10 m^3
 	 The rest is carried over to next year 

 	 HydroSnow Warning: There is Snow remaining on August 31 
 	 Snowremains 	 = 5.309025e+11 (m^3) 
 	 in year: 1995 
HydroGlacial WARNING: year = 1995, ep =0 
 	 Insufficient precipitation to grow glacier. 
 	 Volume glacier correction: 
 	 Volume should be 	2.950319e+13 m^3
 	 Volume corrected to 	1.437279e+10 m^3
 	 The rest is carried over to next year 

 	 HydroSnow Warning: There is Snow remaining on August 31 
 	 Snowremains 	 = 5.309025e+11 (m^3) 
 	 in year: 1995 
HydroGlacial WARNING: year = 1995, ep =0 
 	 Insufficient precipitation to grow glacier. 
 	 Volume glacier correction: 
 	 Volume should be 	2.950319e+13 m^3
 	 Volume corrected to 	1.437279e+10 m^3
 	 The rest is carried over to next year 

 	 HydroSnow Warning: There is Snow remaining on August 31 
 	 Snowremains 	 = 5.309025e+11 (m^3) 
 	 in year: 1995 
HydroGlacial WARNING: year = 1995, ep =0 
 	 Insufficient precipitation to grow glacier. 
 	 Volume glacier correction: 
 	 Volume should be 	2.950319e+13 m^3
 	 Volume corrected to 	1.437279e+10 m^3
 	 The rest is carried over to next year 

 	 HydroSnow Warning: There is Snow remaining on August 31 
 	 Snowremains 	 = 5.309025e+11 (m^3) 
 	 in year: 1995 
HydroGlacial WARNING: year = 1995, ep =0 
 	 Insufficient precipitation to grow glacier. 
 	 Volume glacier correction: 
 	 Volume should be 	2.950319e+13 m^3
 	 Volume corrected to 	1.437279e+10 m^3
 	 The rest is carried over to next year 

 	 HydroSnow Warning: There is Snow remaining on August 31 
 	 Snowremains 	 = 5.309025e+11 (m^3) 
 	 in year: 1995 
HydroGlacial WARNING: year = 1995, ep =0 
 	 Insufficient precipitation to grow glacier. 
 	 Volume glacier correction: 
 	 Volume should be 	2.950319e+13 m^3
 	 Volume corrected to 	1.437279e+10 m^3
 	 The rest is carried over to next year 

 	 HydroSnow Warning: There is Snow remaining on August 31 
 	 Snowremains 	 = 5.309025e+11 (m^3) 
 	 in year: 1995 
HydroGlacial WARNING: year = 1995, ep =0 
 	 Insufficient precipitation to grow glacier. 
 	 Volume glacier correction: 
 	 Volume should be 	2.950319e+13 m^3
 	 Volume corrected to 	1.437279e+10 m^3
 	 The rest is carried over to next year 

 	 HydroSnow Warning: There is Snow remaining on August 31 
 	 Snowremains 	 = 5.309025e+11 (m^3) 
 	 in year: 1995 
HydroGlacial WARNING: year = 1995, ep =0 
 	 Insufficient precipitation to grow glacier. 
 	 Volume glacier correction: 
 	 Volume should be 	2.950319e+13 m^3
 	 Volume corrected to 	1.437279e+10 m^3
 	 The rest is carried over to next year 

 	 HydroSnow Warning: There is Snow remaining on August 31 
 	 Snowremains 	 = 5.309025e+11 (m^3) 
 	 in year: 1995 
HydroGlacial WARNING: year = 1995, ep =0 
 	 Insufficient precipitation to grow glacier. 
 	 Volume glacier correction: 
 	 Volume should be 	2.950319e+13 m^3
 	 Volume corrected to 	1.437279e+10 m^3
 	 The rest is carried over to next year 

 	 HydroSnow Warning: There is Snow remaining on August 31 
 	 Snowremains 	 = 5.309025e+11 (m^3) 
 	 in year: 1995 
   FLOOD WARNING: the maximum predicted flood size has been exceeded. 
      Epoch 1, year 1995 
      Maximum predicted flood 56740.8 (m^3/s) 
      Modeled flood peak 96927.3 (m^3/s) 
HydroGlacial WARNING: year = 1996, ep =0 
 	 Insufficient precipitation to grow glacier. 
 	 Volume glacier correction: 
 	 Volume should be 	2.950319e+13 m^3
 	 Volume corrected to 	2.624157e+10 m^3
 	 The rest is carried over to next year 

 	 HydroSnow Warning: There is Snow remaining on August 31 
 	 Snowremains 	 = 5.533037e+11 (m^3) 
 	 in year: 1996 
HydroGlacial WARNING: year = 1996, ep =0 
 	 Insufficient precipitation to grow glacier. 
 	 Volume glacier correction: 
 	 Volume should be 	2.950319e+13 m^3
 	 Volume corrected to 	1.186878e+10 m^3
 	 The rest is carried over to next year 

 	 HydroSnow Warning: There is Snow remaining on August 31 
 	 Snowremains 	 = 5.533037e+11 (m^3) 
 	 in year: 1996 
HydroGlacial WARNING: year = 1996, ep =0 
 	 Insufficient precipitation to grow glacier. 
 	 Volume glacier correction: 
 	 Volume should be 	2.950319e+13 m^3
 	 Volume corrected to 	1.186878e+10 m^3
 	 The rest is carried over to next year 

 	 HydroSnow Warning: There is Snow remaining on August 31 
 	 Snowremains 	 = 5.533037e+11 (m^3) 
 	 in year: 1996 
HydroGlacial WARNING: year = 1996, ep =0 
 	 Insufficient precipitation to grow glacier. 
 	 Volume glacier correction: 
 	 Volume should be 	2.950319e+13 m^3
 	 Volume corrected to 	1.186878e+10 m^3
 	 The rest is carried over to next year 

 	 HydroSnow Warning: There is Snow remaining on August 31 
 	 Snowremains 	 = 5.533037e+11 (m^3) 
 	 in year: 1996 
HydroGlacial WARNING: year = 1996, ep =0 
 	 Insufficient precipitation to grow glacier. 
 	 Volume glacier correction: 
 	 Volume should be 	2.950319e+13 m^3
 	 Volume corrected to 	1.186878e+10 m^3
 	 The rest is carried over to next year 

 	 HydroSnow Warning: There is Snow remaining on August 31 
 	 Snowremains 	 = 5.533037e+11 (m^3) 
 	 in year: 1996 
HydroGlacial WARNING: year = 1996, ep =0 
 	 Insufficient precipitation to grow glacier. 
 	 Volume glacier correction: 
 	 Volume should be 	2.950319e+13 m^3
 	 Volume corrected to 	1.186878e+10 m^3
 	 The rest is carried over to next year 

 	 HydroSnow Warning: There is Snow remaining on August 31 
 	 Snowremains 	 = 5.533037e+11 (m^3) 
 	 in year: 1996 
HydroGlacial WARNING: year = 1996, ep =0 
 	 Insufficient precipitation to grow glacier. 
 	 Volume glacier correction: 
 	 Volume should be 	2.950319e+13 m^3
 	 Volume corrected to 	1.186878e+10 m^3
 	 The rest is carried over to next year 

 	 HydroSnow Warning: There is Snow remaining on August 31 
 	 Snowremains 	 = 5.533037e+11 (m^3) 
 	 in year: 1996 
HydroGlacial WARNING: year = 1996, ep =0 
 	 Insufficient precipitation to grow glacier. 
 	 Volume glacier correction: 
 	 Volume should be 	2.950319e+13 m^3
 	 Volume corrected to 	1.186878e+10 m^3
 	 The rest is carried over to next year 

 	 HydroSnow Warning: There is Snow remaining on August 31 
 	 Snowremains 	 = 5.533037e+11 (m^3) 
 	 in year: 1996 
HydroGlacial WARNING: year = 1996, ep =0 
 	 Insufficient precipitation to grow glacier. 
 	 Volume glacier correction: 
 	 Volume should be 	2.950319e+13 m^3
 	 Volume corrected to 	1.186878e+10 m^3
 	 The rest is carried over to next year 

 	 HydroSnow Warning: There is Snow remaining on August 31 
 	 Snowremains 	 = 5.533037e+11 (m^3) 
 	 in year: 1996 
HydroGlacial WARNING: year = 1996, ep =0 
 	 Insufficient precipitation to grow glacier. 
 	 Volume glacier correction: 
 	 Volume should be 	2.950319e+13 m^3
 	 Volume corrected to 	1.186878e+10 m^3
 	 The rest is carried over to next year 

 	 HydroSnow Warning: There is Snow remaining on August 31 
 	 Snowremains 	 = 5.533037e+11 (m^3) 
 	 in year: 1996 
   FLOOD WARNING: the maximum predicted flood size has been exceeded. 
      Epoch 1, year 1996 
      Maximum predicted flood 56740.8 (m^3/s) 
      Modeled flood peak 134718 (m^3/s) 
HydroGlacial WARNING: year = 1997, ep =0 
 	 Insufficient precipitation to grow glacier. 
 	 Volume glacier correction: 
 	 Volume should be 	2.950319e+13 m^3
 	 Volume corrected to 	2.576232e+10 m^3
 	 The rest is carried over to next year 

 	 HydroSnow Warning: There is Snow remaining on August 31 
 	 Snowremains 	 = 5.827640e+11 (m^3) 
 	 in year: 1997 
HydroGlacial WARNING: year = 1997, ep =0 
 	 Insufficient precipitation to grow glacier. 
 	 Volume glacier correction: 
 	 Volume should be 	2.950319e+13 m^3
 	 Volume corrected to 	1.389354e+10 m^3
 	 The rest is carried over to next year 

 	 HydroSnow Warning: There is Snow remaining on August 31 
 	 Snowremains 	 = 5.827640e+11 (m^3) 
 	 in year: 1997 
HydroGlacial WARNING: year = 1997, ep =0 
 	 Insufficient precipitation to grow glacier. 
 	 Volume glacier correction: 
 	 Volume should be 	2.950319e+13 m^3
 	 Volume corrected to 	1.389354e+10 m^3
 	 The rest is carried over to next year 

 	 HydroSnow Warning: There is Snow remaining on August 31 
 	 Snowremains 	 = 5.827640e+11 (m^3) 
 	 in year: 1997 
HydroGlacial WARNING: year = 1997, ep =0 
 	 Insufficient precipitation to grow glacier. 
 	 Volume glacier correction: 
 	 Volume should be 	2.950319e+13 m^3
 	 Volume corrected to 	1.389354e+10 m^3
 	 The rest is carried over to next year 

 	 HydroSnow Warning: There is Snow remaining on August 31 
 	 Snowremains 	 = 5.827640e+11 (m^3) 
 	 in year: 1997 
HydroGlacial WARNING: year = 1997, ep =0 
 	 Insufficient precipitation to grow glacier. 
 	 Volume glacier correction: 
 	 Volume should be 	2.950319e+13 m^3
 	 Volume corrected to 	1.389354e+10 m^3
 	 The rest is carried over to next year 

 	 HydroSnow Warning: There is Snow remaining on August 31 
 	 Snowremains 	 = 5.827640e+11 (m^3) 
 	 in year: 1997 
HydroGlacial WARNING: year = 1997, ep =0 
 	 Insufficient precipitation to grow glacier. 
 	 Volume glacier correction: 
 	 Volume should be 	2.950319e+13 m^3
 	 Volume corrected to 	1.389354e+10 m^3
 	 The rest is carried over to next year 

 	 HydroSnow Warning: There is Snow remaining on August 31 
 	 Snowremains 	 = 5.827640e+11 (m^3) 
 	 in year: 1997 
HydroGlacial WARNING: year = 1997, ep =0 
 	 Insufficient precipitation to grow glacier. 
 	 Volume glacier correction: 
 	 Volume should be 	2.950319e+13 m^3
 	 Volume corrected to 	1.389354e+10 m^3
 	 The rest is carried over to next year 

 	 HydroSnow Warning: There is Snow remaining on August 31 
 	 Snowremains 	 = 5.827640e+11 (m^3) 
 	 in year: 1997 
HydroGlacial WARNING: year = 1997, ep =0 
 	 Insufficient precipitation to grow glacier. 
 	 Volume glacier correction: 
 	 Volume should be 	2.950319e+13 m^3
 	 Volume corrected to 	1.389354e+10 m^3
 	 The rest is carried over to next year 

 	 HydroSnow Warning: There is Snow remaining on August 31 
 	 Snowremains 	 = 5.827640e+11 (m^3) 
 	 in year: 1997 
HydroGlacial WARNING: year = 1997, ep =0 
 	 Insufficient precipitation to grow glacier. 
 	 Volume glacier correction: 
 	 Volume should be 	2.950319e+13 m^3
 	 Volume corrected to 	1.389354e+10 m^3
 	 The rest is carried over to next year 

 	 HydroSnow Warning: There is Snow remaining on August 31 
 	 Snowremains 	 = 5.827640e+11 (m^3) 
 	 in year: 1997 
HydroGlacial WARNING: year = 1997, ep =0 
 	 Insufficient precipitation to grow glacier. 
 	 Volume glacier correction: 
 	 Volume should be 	2.950319e+13 m^3
 	 Volume corrected to 	1.389354e+10 m^3
 	 The rest is carried over to next year 

 	 HydroSnow Warning: There is Snow remaining on August 31 
 	 Snowremains 	 = 5.827640e+11 (m^3) 
 	 in year: 1997 
   FLOOD WARNING: the maximum predicted flood size has been exceeded. 
      Epoch 1, year 1997 
      Maximum predicted flood 56740.8 (m^3/s) 
      Modeled flood peak 135609 (m^3/s) 
HydroGlacial WARNING: year = 1998, ep =0 
 	 Insufficient precipitation to grow glacier. 
 	 Volume glacier correction: 
 	 Volume should be 	2.950319e+13 m^3
 	 Volume corrected to 	2.805659e+10 m^3
 	 The rest is carried over to next year 

 	 HydroSnow Warning: There is Snow remaining on August 31 
 	 Snowremains 	 = 5.989918e+11 (m^3) 
 	 in year: 1998 
HydroGlacial WARNING: year = 1998, ep =0 
 	 Insufficient precipitation to grow glacier. 
 	 Volume glacier correction: 
 	 Volume should be 	2.950319e+13 m^3
 	 Volume corrected to 	1.416305e+10 m^3
 	 The rest is carried over to next year 

 	 HydroSnow Warning: There is Snow remaining on August 31 
 	 Snowremains 	 = 5.989918e+11 (m^3) 
 	 in year: 1998 
HydroGlacial WARNING: year = 1998, ep =0 
 	 Insufficient precipitation to grow glacier. 
 	 Volume glacier correction: 
 	 Volume should be 	2.950319e+13 m^3
 	 Volume corrected to 	1.416305e+10 m^3
 	 The rest is carried over to next year 

 	 HydroSnow Warning: There is Snow remaining on August 31 
 	 Snowremains 	 = 5.989918e+11 (m^3) 
 	 in year: 1998 
HydroGlacial WARNING: year = 1998, ep =0 
 	 Insufficient precipitation to grow glacier. 
 	 Volume glacier correction: 
 	 Volume should be 	2.950319e+13 m^3
 	 Volume corrected to 	1.416305e+10 m^3
 	 The rest is carried over to next year 

 	 HydroSnow Warning: There is Snow remaining on August 31 
 	 Snowremains 	 = 5.989918e+11 (m^3) 
 	 in year: 1998 
HydroGlacial WARNING: year = 1998, ep =0 
 	 Insufficient precipitation to grow glacier. 
 	 Volume glacier correction: 
 	 Volume should be 	2.950319e+13 m^3
 	 Volume corrected to 	1.416305e+10 m^3
 	 The rest is carried over to next year 

 	 HydroSnow Warning: There is Snow remaining on August 31 
 	 Snowremains 	 = 5.989918e+11 (m^3) 
 	 in year: 1998 
HydroGlacial WARNING: year = 1998, ep =0 
 	 Insufficient precipitation to grow glacier. 
 	 Volume glacier correction: 
 	 Volume should be 	2.950319e+13 m^3
 	 Volume corrected to 	1.416305e+10 m^3
 	 The rest is carried over to next year 

 	 HydroSnow Warning: There is Snow remaining on August 31 
 	 Snowremains 	 = 5.989918e+11 (m^3) 
 	 in year: 1998 
HydroGlacial WARNING: year = 1998, ep =0 
 	 Insufficient precipitation to grow glacier. 
 	 Volume glacier correction: 
 	 Volume should be 	2.950319e+13 m^3
 	 Volume corrected to 	1.416305e+10 m^3
 	 The rest is carried over to next year 

 	 HydroSnow Warning: There is Snow remaining on August 31 
 	 Snowremains 	 = 5.989918e+11 (m^3) 
 	 in year: 1998 
HydroGlacial WARNING: year = 1998, ep =0 
 	 Insufficient precipitation to grow glacier. 
 	 Volume glacier correction: 
 	 Volume should be 	2.950319e+13 m^3
 	 Volume corrected to 	1.416305e+10 m^3
 	 The rest is carried over to next year 

 	 HydroSnow Warning: There is Snow remaining on August 31 
 	 Snowremains 	 = 5.989918e+11 (m^3) 
 	 in year: 1998 
HydroGlacial WARNING: year = 1998, ep =0 
 	 Insufficient precipitation to grow glacier. 
 	 Volume glacier correction: 
 	 Volume should be 	2.950319e+13 m^3
 	 Volume corrected to 	1.416305e+10 m^3
 	 The rest is carried over to next year 

 	 HydroSnow Warning: There is Snow remaining on August 31 
 	 Snowremains 	 = 5.989918e+11 (m^3) 
 	 in year: 1998 
HydroGlacial WARNING: year = 1998, ep =0 
 	 Insufficient precipitation to grow glacier. 
 	 Volume glacier correction: 
 	 Volume should be 	2.950319e+13 m^3
 	 Volume corrected to 	1.416305e+10 m^3
 	 The rest is carried over to next year 

 	 HydroSnow Warning: There is Snow remaining on August 31 
 	 Snowremains 	 = 5.989918e+11 (m^3) 
 	 in year: 1998 
   FLOOD WARNING: the maximum predicted flood size has been exceeded. 
      Epoch 1, year 1998 
      Maximum predicted flood 56740.8 (m^3/s) 
      Modeled flood peak 100436 (m^3/s) 
HydroGlacial WARNING: year = 1999, ep =0 
 	 Insufficient precipitation to grow glacier. 
 	 Volume glacier correction: 
 	 Volume should be 	2.950319e+13 m^3
 	 Volume corrected to 	2.698988e+10 m^3
 	 The rest is carried over to next year 

 	 HydroSnow Warning: There is Snow remaining on August 31 
 	 Snowremains 	 = 6.341721e+11 (m^3) 
 	 in year: 1999 
HydroGlacial WARNING: year = 1999, ep =0 
 	 Insufficient precipitation to grow glacier. 
 	 Volume glacier correction: 
 	 Volume should be 	2.950319e+13 m^3
 	 Volume corrected to 	1.282682e+10 m^3
 	 The rest is carried over to next year 

 	 HydroSnow Warning: There is Snow remaining on August 31 
 	 Snowremains 	 = 6.341721e+11 (m^3) 
 	 in year: 1999 
HydroGlacial WARNING: year = 1999, ep =0 
 	 Insufficient precipitation to grow glacier. 
 	 Volume glacier correction: 
 	 Volume should be 	2.950319e+13 m^3
 	 Volume corrected to 	1.282682e+10 m^3
 	 The rest is carried over to next year 

 	 HydroSnow Warning: There is Snow remaining on August 31 
 	 Snowremains 	 = 6.341721e+11 (m^3) 
 	 in year: 1999 
HydroGlacial WARNING: year = 1999, ep =0 
 	 Insufficient precipitation to grow glacier. 
 	 Volume glacier correction: 
 	 Volume should be 	2.950319e+13 m^3
 	 Volume corrected to 	1.282682e+10 m^3
 	 The rest is carried over to next year 

 	 HydroSnow Warning: There is Snow remaining on August 31 
 	 Snowremains 	 = 6.341721e+11 (m^3) 
 	 in year: 1999 
HydroGlacial WARNING: year = 1999, ep =0 
 	 Insufficient precipitation to grow glacier. 
 	 Volume glacier correction: 
 	 Volume should be 	2.950319e+13 m^3
 	 Volume corrected to 	1.282682e+10 m^3
 	 The rest is carried over to next year 

 	 HydroSnow Warning: There is Snow remaining on August 31 
 	 Snowremains 	 = 6.341721e+11 (m^3) 
 	 in year: 1999 
HydroGlacial WARNING: year = 1999, ep =0 
 	 Insufficient precipitation to grow glacier. 
 	 Volume glacier correction: 
 	 Volume should be 	2.950319e+13 m^3
 	 Volume corrected to 	1.282682e+10 m^3
 	 The rest is carried over to next year 
 HydroGlacial Warning: 
 	 The basin was too cold to melt enough glacial ice. 
 	 The daily temperatures used to melt ice were increased. 
 	 Tfix = 1.565591 (degC) 
 	 Tmean = -1.565591 (degC) 

 	 HydroSnow Warning: There is Snow remaining on August 31 
 	 Snowremains 	 = 6.341721e+11 (m^3) 
 	 in year: 1999 
HydroGlacial WARNING: year = 1999, ep =0 
 	 Insufficient precipitation to grow glacier. 
 	 Volume glacier correction: 
 	 Volume should be 	2.950319e+13 m^3
 	 Volume corrected to 	1.282682e+10 m^3
 	 The rest is carried over to next year 

 	 HydroSnow Warning: There is Snow remaining on August 31 
 	 Snowremains 	 = 6.341721e+11 (m^3) 
 	 in year: 1999 
HydroGlacial WARNING: year = 1999, ep =0 
 	 Insufficient precipitation to grow glacier. 
 	 Volume glacier correction: 
 	 Volume should be 	2.950319e+13 m^3
 	 Volume corrected to 	1.282682e+10 m^3
 	 The rest is carried over to next year 

 	 HydroSnow Warning: There is Snow remaining on August 31 
 	 Snowremains 	 = 6.341721e+11 (m^3) 
 	 in year: 1999 
HydroGlacial WARNING: year = 1999, ep =0 
 	 Insufficient precipitation to grow glacier. 
 	 Volume glacier correction: 
 	 Volume should be 	2.950319e+13 m^3
 	 Volume corrected to 	1.282682e+10 m^3
 	 The rest is carried over to next year 

 	 HydroSnow Warning: There is Snow remaining on August 31 
 	 Snowremains 	 = 6.341721e+11 (m^3) 
 	 in year: 1999 
HydroGlacial WARNING: year = 1999, ep =0 
 	 Insufficient precipitation to grow glacier. 
 	 Volume glacier correction: 
 	 Volume should be 	2.950319e+13 m^3
 	 Volume corrected to 	1.282682e+10 m^3
 	 The rest is carried over to next year 

 	 HydroSnow Warning: There is Snow remaining on August 31 
 	 Snowremains 	 = 6.341721e+11 (m^3) 
 	 in year: 1999 
   FLOOD WARNING: the maximum predicted flood size has been exceeded. 
      Epoch 1, year 1999 
      Maximum predicted flood 56740.8 (m^3/s) 
      Modeled flood peak 63696.2 (m^3/s) 
HydroGlacial WARNING: year = 2000, ep =0 
 	 Insufficient precipitation to grow glacier. 
 	 Volume glacier correction: 
 	 Volume should be 	2.950319e+13 m^3
 	 Volume corrected to 	2.497121e+10 m^3
 	 The rest is carried over to next year 

 	 HydroSnow Warning: There is Snow remaining on August 31 
 	 Snowremains 	 = 6.693343e+11 (m^3) 
 	 in year: 2000 
HydroGlacial WARNING: year = 2000, ep =0 
 	 Insufficient precipitation to grow glacier. 
 	 Volume glacier correction: 
 	 Volume should be 	2.950319e+13 m^3
 	 Volume corrected to 	1.214439e+10 m^3
 	 The rest is carried over to next year 

 	 HydroSnow Warning: There is Snow remaining on August 31 
 	 Snowremains 	 = 6.693343e+11 (m^3) 
 	 in year: 2000 
HydroGlacial WARNING: year = 2000, ep =0 
 	 Insufficient precipitation to grow glacier. 
 	 Volume glacier correction: 
 	 Volume should be 	2.950319e+13 m^3
 	 Volume corrected to 	1.214439e+10 m^3
 	 The rest is carried over to next year 

 	 HydroSnow Warning: There is Snow remaining on August 31 
 	 Snowremains 	 = 6.693343e+11 (m^3) 
 	 in year: 2000 
HydroGlacial WARNING: year = 2000, ep =0 
 	 Insufficient precipitation to grow glacier. 
 	 Volume glacier correction: 
 	 Volume should be 	2.950319e+13 m^3
 	 Volume corrected to 	1.214439e+10 m^3
 	 The rest is carried over to next year 

 	 HydroSnow Warning: There is Snow remaining on August 31 
 	 Snowremains 	 = 6.693343e+11 (m^3) 
 	 in year: 2000 
HydroGlacial WARNING: year = 2000, ep =0 
 	 Insufficient precipitation to grow glacier. 
 	 Volume glacier correction: 
 	 Volume should be 	2.950319e+13 m^3
 	 Volume corrected to 	1.214439e+10 m^3
 	 The rest is carried over to next year 

 	 HydroSnow Warning: There is Snow remaining on August 31 
 	 Snowremains 	 = 6.693343e+11 (m^3) 
 	 in year: 2000 
HydroGlacial WARNING: year = 2000, ep =0 
 	 Insufficient precipitation to grow glacier. 
 	 Volume glacier correction: 
 	 Volume should be 	2.950319e+13 m^3
 	 Volume corrected to 	1.214439e+10 m^3
 	 The rest is carried over to next year 

 	 HydroSnow Warning: There is Snow remaining on August 31 
 	 Snowremains 	 = 6.693343e+11 (m^3) 
 	 in year: 2000 
HydroGlacial WARNING: year = 2000, ep =0 
 	 Insufficient precipitation to grow glacier. 
 	 Volume glacier correction: 
 	 Volume should be 	2.950319e+13 m^3
 	 Volume corrected to 	1.214439e+10 m^3
 	 The rest is carried over to next year 

 	 HydroSnow Warning: There is Snow remaining on August 31 
 	 Snowremains 	 = 6.693343e+11 (m^3) 
 	 in year: 2000 
HydroGlacial WARNING: year = 2000, ep =0 
 	 Insufficient precipitation to grow glacier. 
 	 Volume glacier correction: 
 	 Volume should be 	2.950319e+13 m^3
 	 Volume corrected to 	1.214439e+10 m^3
 	 The rest is carried over to next year 

 	 HydroSnow Warning: There is Snow remaining on August 31 
 	 Snowremains 	 = 6.693343e+11 (m^3) 
 	 in year: 2000 
HydroGlacial WARNING: year = 2000, ep =0 
 	 Insufficient precipitation to grow glacier. 
 	 Volume glacier correction: 
 	 Volume should be 	2.950319e+13 m^3
 	 Volume corrected to 	1.214439e+10 m^3
 	 The rest is carried over to next year 

 	 HydroSnow Warning: There is Snow remaining on August 31 
 	 Snowremains 	 = 6.693343e+11 (m^3) 
 	 in year: 2000 
HydroGlacial WARNING: year = 2000, ep =0 
 	 Insufficient precipitation to grow glacier. 
 	 Volume glacier correction: 
 	 Volume should be 	2.950319e+13 m^3
 	 Volume corrected to 	1.214439e+10 m^3
 	 The rest is carried over to next year 

 	 HydroSnow Warning: There is Snow remaining on August 31 
 	 Snowremains 	 = 6.693343e+11 (m^3) 
 	 in year: 2000 
   FLOOD WARNING: the maximum predicted flood size has been exceeded. 
      Epoch 1, year 2000 
      Maximum predicted flood 56740.8 (m^3/s) 
      Modeled flood peak 137541 (m^3/s) 
HydroGlacial WARNING: year = 2001, ep =0 
 	 Insufficient precipitation to grow glacier. 
 	 Volume glacier correction: 
 	 Volume should be 	2.950319e+13 m^3
 	 Volume corrected to 	3.135474e+10 m^3
 	 The rest is carried over to next year 

 	 HydroSnow Warning: There is Snow remaining on August 31 
 	 Snowremains 	 = 7.066156e+11 (m^3) 
 	 in year: 2001 
HydroGlacial WARNING: year = 2001, ep =0 
 	 Insufficient precipitation to grow glacier. 
 	 Volume glacier correction: 
 	 Volume should be 	2.950319e+13 m^3
 	 Volume corrected to 	1.921035e+10 m^3
 	 The rest is carried over to next year 

 	 HydroSnow Warning: There is Snow remaining on August 31 
 	 Snowremains 	 = 7.066156e+11 (m^3) 
 	 in year: 2001 
HydroGlacial WARNING: year = 2001, ep =0 
 	 Insufficient precipitation to grow glacier. 
 	 Volume glacier correction: 
 	 Volume should be 	2.950319e+13 m^3
 	 Volume corrected to 	1.921035e+10 m^3
 	 The rest is carried over to next year 

 	 HydroSnow Warning: There is Snow remaining on August 31 
 	 Snowremains 	 = 7.066156e+11 (m^3) 
 	 in year: 2001 
HydroGlacial WARNING: year = 2001, ep =0 
 	 Insufficient precipitation to grow glacier. 
 	 Volume glacier correction: 
 	 Volume should be 	2.950319e+13 m^3
 	 Volume corrected to 	1.921035e+10 m^3
 	 The rest is carried over to next year 

 	 HydroSnow Warning: There is Snow remaining on August 31 
 	 Snowremains 	 = 7.066156e+11 (m^3) 
 	 in year: 2001 
HydroGlacial WARNING: year = 2001, ep =0 
 	 Insufficient precipitation to grow glacier. 
 	 Volume glacier correction: 
 	 Volume should be 	2.950319e+13 m^3
 	 Volume corrected to 	1.921035e+10 m^3
 	 The rest is carried over to next year 

 	 HydroSnow Warning: There is Snow remaining on August 31 
 	 Snowremains 	 = 7.066156e+11 (m^3) 
 	 in year: 2001 
HydroGlacial WARNING: year = 2001, ep =0 
 	 Insufficient precipitation to grow glacier. 
 	 Volume glacier correction: 
 	 Volume should be 	2.950319e+13 m^3
 	 Volume corrected to 	1.921035e+10 m^3
 	 The rest is carried over to next year 

 	 HydroSnow Warning: There is Snow remaining on August 31 
 	 Snowremains 	 = 7.066156e+11 (m^3) 
 	 in year: 2001 
HydroGlacial WARNING: year = 2001, ep =0 
 	 Insufficient precipitation to grow glacier. 
 	 Volume glacier correction: 
 	 Volume should be 	2.950319e+13 m^3
 	 Volume corrected to 	1.921035e+10 m^3
 	 The rest is carried over to next year 

 	 HydroSnow Warning: There is Snow remaining on August 31 
 	 Snowremains 	 = 7.066156e+11 (m^3) 
 	 in year: 2001 
HydroGlacial WARNING: year = 2001, ep =0 
 	 Insufficient precipitation to grow glacier. 
 	 Volume glacier correction: 
 	 Volume should be 	2.950319e+13 m^3
 	 Volume corrected to 	1.921035e+10 m^3
 	 The rest is carried over to next year 

 	 HydroSnow Warning: There is Snow remaining on August 31 
 	 Snowremains 	 = 7.066156e+11 (m^3) 
 	 in year: 2001 
HydroGlacial WARNING: year = 2001, ep =0 
 	 Insufficient precipitation to grow glacier. 
 	 Volume glacier correction: 
 	 Volume should be 	2.950319e+13 m^3
 	 Volume corrected to 	1.921035e+10 m^3
 	 The rest is carried over to next year 

 	 HydroSnow Warning: There is Snow remaining on August 31 
 	 Snowremains 	 = 7.066156e+11 (m^3) 
 	 in year: 2001 
HydroGlacial WARNING: year = 2001, ep =0 
 	 Insufficient precipitation to grow glacier. 
 	 Volume glacier correction: 
 	 Volume should be 	2.950319e+13 m^3
 	 Volume corrected to 	1.921035e+10 m^3
 	 The rest is carried over to next year 

 	 HydroSnow Warning: There is Snow remaining on August 31 
 	 Snowremains 	 = 7.066156e+11 (m^3) 
 	 in year: 2001 
   FLOOD WARNING: the maximum predicted flood size has been exceeded. 
      Epoch 1, year 2001 
      Maximum predicted flood 56740.8 (m^3/s) 
      Modeled flood peak 222201 (m^3/s) 
HydroGlacial WARNING: year = 2002, ep =0 
 	 Insufficient precipitation to grow glacier. 
 	 Volume glacier correction: 
 	 Volume should be 	2.950319e+13 m^3
 	 Volume corrected to 	3.234780e+10 m^3
 	 The rest is carried over to next year 

 	 HydroSnow Warning: There is Snow remaining on August 31 
 	 Snowremains 	 = 7.556971e+11 (m^3) 
 	 in year: 2002 
HydroGlacial WARNING: year = 2002, ep =0 
 	 Insufficient precipitation to grow glacier. 
 	 Volume glacier correction: 
 	 Volume should be 	2.950319e+13 m^3
 	 Volume corrected to 	1.313745e+10 m^3
 	 The rest is carried over to next year 

 	 HydroSnow Warning: There is Snow remaining on August 31 
 	 Snowremains 	 = 7.556971e+11 (m^3) 
 	 in year: 2002 
HydroGlacial WARNING: year = 2002, ep =0 
 	 Insufficient precipitation to grow glacier. 
 	 Volume glacier correction: 
 	 Volume should be 	2.950319e+13 m^3
 	 Volume corrected to 	1.313745e+10 m^3
 	 The rest is carried over to next year 

 	 HydroSnow Warning: There is Snow remaining on August 31 
 	 Snowremains 	 = 7.556971e+11 (m^3) 
 	 in year: 2002 
HydroGlacial WARNING: year = 2002, ep =0 
 	 Insufficient precipitation to grow glacier. 
 	 Volume glacier correction: 
 	 Volume should be 	2.950319e+13 m^3
 	 Volume corrected to 	1.313745e+10 m^3
 	 The rest is carried over to next year 

 	 HydroSnow Warning: There is Snow remaining on August 31 
 	 Snowremains 	 = 7.556971e+11 (m^3) 
 	 in year: 2002 
HydroGlacial WARNING: year = 2002, ep =0 
 	 Insufficient precipitation to grow glacier. 
 	 Volume glacier correction: 
 	 Volume should be 	2.950319e+13 m^3
 	 Volume corrected to 	1.313745e+10 m^3
 	 The rest is carried over to next year 

 	 HydroSnow Warning: There is Snow remaining on August 31 
 	 Snowremains 	 = 7.556971e+11 (m^3) 
 	 in year: 2002 
HydroGlacial WARNING: year = 2002, ep =0 
 	 Insufficient precipitation to grow glacier. 
 	 Volume glacier correction: 
 	 Volume should be 	2.950319e+13 m^3
 	 Volume corrected to 	1.313745e+10 m^3
 	 The rest is carried over to next year 

 	 HydroSnow Warning: There is Snow remaining on August 31 
 	 Snowremains 	 = 7.556971e+11 (m^3) 
 	 in year: 2002 
HydroGlacial WARNING: year = 2002, ep =0 
 	 Insufficient precipitation to grow glacier. 
 	 Volume glacier correction: 
 	 Volume should be 	2.950319e+13 m^3
 	 Volume corrected to 	1.313745e+10 m^3
 	 The rest is carried over to next year 

 	 HydroSnow Warning: There is Snow remaining on August 31 
 	 Snowremains 	 = 7.556971e+11 (m^3) 
 	 in year: 2002 
HydroGlacial WARNING: year = 2002, ep =0 
 	 Insufficient precipitation to grow glacier. 
 	 Volume glacier correction: 
 	 Volume should be 	2.950319e+13 m^3
 	 Volume corrected to 	1.313745e+10 m^3
 	 The rest is carried over to next year 

 	 HydroSnow Warning: There is Snow remaining on August 31 
 	 Snowremains 	 = 7.556971e+11 (m^3) 
 	 in year: 2002 
HydroGlacial WARNING: year = 2002, ep =0 
 	 Insufficient precipitation to grow glacier. 
 	 Volume glacier correction: 
 	 Volume should be 	2.950319e+13 m^3
 	 Volume corrected to 	1.313745e+10 m^3
 	 The rest is carried over to next year 

 	 HydroSnow Warning: There is Snow remaining on August 31 
 	 Snowremains 	 = 7.556971e+11 (m^3) 
 	 in year: 2002 
HydroGlacial WARNING: year = 2002, ep =0 
 	 Insufficient precipitation to grow glacier. 
 	 Volume glacier correction: 
 	 Volume should be 	2.950319e+13 m^3
 	 Volume corrected to 	1.313745e+10 m^3
 	 The rest is carried over to next year 

 	 HydroSnow Warning: There is Snow remaining on August 31 
 	 Snowremains 	 = 7.556971e+11 (m^3) 
 	 in year: 2002 
   FLOOD WARNING: the maximum predicted flood size has been exceeded. 
      Epoch 1, year 2002 
      Maximum predicted flood 56740.8 (m^3/s) 
      Modeled flood peak 88494 (m^3/s) 
HydroGlacial WARNING: year = 2003, ep =0 
 	 Insufficient precipitation to grow glacier. 
 	 Volume glacier correction: 
 	 Volume should be 	2.950319e+13 m^3
 	 Volume corrected to 	2.263248e+10 m^3
 	 The rest is carried over to next year 

 	 HydroSnow Warning: There is Snow remaining on August 31 
 	 Snowremains 	 = 7.511726e+11 (m^3) 
 	 in year: 2003 
HydroGlacial WARNING: year = 2004, ep =0 
 	 Insufficient precipitation to grow glacier. 
 	 Volume glacier correction: 
 	 Volume should be 	2.950319e+13 m^3
 	 Volume corrected to 	4.129208e+10 m^3
 	 The rest is carried over to next year 

 	 HydroSnow Warning: There is Snow remaining on August 31 
 	 Snowremains 	 = 7.776568e+11 (m^3) 
 	 in year: 2004 
HydroGlacial WARNING: year = 2004, ep =0 
 	 Insufficient precipitation to grow glacier. 
 	 Volume glacier correction: 
 	 Volume should be 	2.950319e+13 m^3
 	 Volume corrected to 	1.865961e+10 m^3
 	 The rest is carried over to next year 

 	 HydroSnow Warning: There is Snow remaining on August 31 
 	 Snowremains 	 = 7.776568e+11 (m^3) 
 	 in year: 2004 
HydroGlacial WARNING: year = 2004, ep =0 
 	 Insufficient precipitation to grow glacier. 
 	 Volume glacier correction: 
 	 Volume should be 	2.950319e+13 m^3
 	 Volume corrected to 	1.865961e+10 m^3
 	 The rest is carried over to next year 

 	 HydroSnow Warning: There is Snow remaining on August 31 
 	 Snowremains 	 = 7.776568e+11 (m^3) 
 	 in year: 2004 
HydroGlacial WARNING: year = 2004, ep =0 
 	 Insufficient precipitation to grow glacier. 
 	 Volume glacier correction: 
 	 Volume should be 	2.950319e+13 m^3
 	 Volume corrected to 	1.865961e+10 m^3
 	 The rest is carried over to next year 

 	 HydroSnow Warning: There is Snow remaining on August 31 
 	 Snowremains 	 = 7.776568e+11 (m^3) 
 	 in year: 2004 
HydroGlacial WARNING: year = 2004, ep =0 
 	 Insufficient precipitation to grow glacier. 
 	 Volume glacier correction: 
 	 Volume should be 	2.950319e+13 m^3
 	 Volume corrected to 	1.865961e+10 m^3
 	 The rest is carried over to next year 

 	 HydroSnow Warning: There is Snow remaining on August 31 
 	 Snowremains 	 = 7.776568e+11 (m^3) 
 	 in year: 2004 
HydroGlacial WARNING: year = 2004, ep =0 
 	 Insufficient precipitation to grow glacier. 
 	 Volume glacier correction: 
 	 Volume should be 	2.950319e+13 m^3
 	 Volume corrected to 	1.865961e+10 m^3
 	 The rest is carried over to next year 

 	 HydroSnow Warning: There is Snow remaining on August 31 
 	 Snowremains 	 = 7.776568e+11 (m^3) 
 	 in year: 2004 
HydroGlacial WARNING: year = 2004, ep =0 
 	 Insufficient precipitation to grow glacier. 
 	 Volume glacier correction: 
 	 Volume should be 	2.950319e+13 m^3
 	 Volume corrected to 	1.865961e+10 m^3
 	 The rest is carried over to next year 

 	 HydroSnow Warning: There is Snow remaining on August 31 
 	 Snowremains 	 = 7.776568e+11 (m^3) 
 	 in year: 2004 
HydroGlacial WARNING: year = 2004, ep =0 
 	 Insufficient precipitation to grow glacier. 
 	 Volume glacier correction: 
 	 Volume should be 	2.950319e+13 m^3
 	 Volume corrected to 	1.865961e+10 m^3
 	 The rest is carried over to next year 

 	 HydroSnow Warning: There is Snow remaining on August 31 
 	 Snowremains 	 = 7.776568e+11 (m^3) 
 	 in year: 2004 
HydroGlacial WARNING: year = 2004, ep =0 
 	 Insufficient precipitation to grow glacier. 
 	 Volume glacier correction: 
 	 Volume should be 	2.950319e+13 m^3
 	 Volume corrected to 	1.865961e+10 m^3
 	 The rest is carried over to next year 

 	 HydroSnow Warning: There is Snow remaining on August 31 
 	 Snowremains 	 = 7.776568e+11 (m^3) 
 	 in year: 2004 
HydroGlacial WARNING: year = 2004, ep =0 
 	 Insufficient precipitation to grow glacier. 
 	 Volume glacier correction: 
 	 Volume should be 	2.950319e+13 m^3
 	 Volume corrected to 	1.865961e+10 m^3
 	 The rest is carried over to next year 

 	 HydroSnow Warning: There is Snow remaining on August 31 
 	 Snowremains 	 = 7.776568e+11 (m^3) 
 	 in year: 2004 
   FLOOD WARNING: the maximum predicted flood size has been exceeded. 
      Epoch 1, year 2004 
      Maximum predicted flood 56740.8 (m^3/s) 
      Modeled flood peak 245589 (m^3/s) 
HydroGlacial WARNING: year = 2005, ep =0 
 	 Insufficient precipitation to grow glacier. 
 	 Volume glacier correction: 
 	 Volume should be 	2.950319e+13 m^3
 	 Volume corrected to 	3.728170e+10 m^3
 	 The rest is carried over to next year 

 	 HydroSnow Warning: There is Snow remaining on August 31 
 	 Snowremains 	 = 8.338357e+11 (m^3) 
 	 in year: 2005 
HydroGlacial WARNING: year = 2005, ep =0 
 	 Insufficient precipitation to grow glacier. 
 	 Volume glacier correction: 
 	 Volume should be 	2.950319e+13 m^3
 	 Volume corrected to 	1.862209e+10 m^3
 	 The rest is carried over to next year 

 	 HydroSnow Warning: There is Snow remaining on August 31 
 	 Snowremains 	 = 8.338357e+11 (m^3) 
 	 in year: 2005 
HydroGlacial WARNING: year = 2005, ep =0 
 	 Insufficient precipitation to grow glacier. 
 	 Volume glacier correction: 
 	 Volume should be 	2.950319e+13 m^3
 	 Volume corrected to 	1.862209e+10 m^3
 	 The rest is carried over to next year 

 	 HydroSnow Warning: There is Snow remaining on August 31 
 	 Snowremains 	 = 8.338357e+11 (m^3) 
 	 in year: 2005 
HydroGlacial WARNING: year = 2005, ep =0 
 	 Insufficient precipitation to grow glacier. 
 	 Volume glacier correction: 
 	 Volume should be 	2.950319e+13 m^3
 	 Volume corrected to 	1.862209e+10 m^3
 	 The rest is carried over to next year 

 	 HydroSnow Warning: There is Snow remaining on August 31 
 	 Snowremains 	 = 8.338357e+11 (m^3) 
 	 in year: 2005 
HydroGlacial WARNING: year = 2005, ep =0 
 	 Insufficient precipitation to grow glacier. 
 	 Volume glacier correction: 
 	 Volume should be 	2.950319e+13 m^3
 	 Volume corrected to 	1.862209e+10 m^3
 	 The rest is carried over to next year 

 	 HydroSnow Warning: There is Snow remaining on August 31 
 	 Snowremains 	 = 8.338357e+11 (m^3) 
 	 in year: 2005 
HydroGlacial WARNING: year = 2005, ep =0 
 	 Insufficient precipitation to grow glacier. 
 	 Volume glacier correction: 
 	 Volume should be 	2.950319e+13 m^3
 	 Volume corrected to 	1.862209e+10 m^3
 	 The rest is carried over to next year 

 	 HydroSnow Warning: There is Snow remaining on August 31 
 	 Snowremains 	 = 8.338357e+11 (m^3) 
 	 in year: 2005 
HydroGlacial WARNING: year = 2005, ep =0 
 	 Insufficient precipitation to grow glacier. 
 	 Volume glacier correction: 
 	 Volume should be 	2.950319e+13 m^3
 	 Volume corrected to 	1.862209e+10 m^3
 	 The rest is carried over to next year 

 	 HydroSnow Warning: There is Snow remaining on August 31 
 	 Snowremains 	 = 8.338357e+11 (m^3) 
 	 in year: 2005 
HydroGlacial WARNING: year = 2005, ep =0 
 	 Insufficient precipitation to grow glacier. 
 	 Volume glacier correction: 
 	 Volume should be 	2.950319e+13 m^3
 	 Volume corrected to 	1.862209e+10 m^3
 	 The rest is carried over to next year 

 	 HydroSnow Warning: There is Snow remaining on August 31 
 	 Snowremains 	 = 8.338357e+11 (m^3) 
 	 in year: 2005 
HydroGlacial WARNING: year = 2005, ep =0 
 	 Insufficient precipitation to grow glacier. 
 	 Volume glacier correction: 
 	 Volume should be 	2.950319e+13 m^3
 	 Volume corrected to 	1.862209e+10 m^3
 	 The rest is carried over to next year 

 	 HydroSnow Warning: There is Snow remaining on August 31 
 	 Snowremains 	 = 8.338357e+11 (m^3) 
 	 in year: 2005 
HydroGlacial WARNING: year = 2005, ep =0 
 	 Insufficient precipitation to grow glacier. 
 	 Volume glacier correction: 
 	 Volume should be 	2.950319e+13 m^3
 	 Volume corrected to 	1.862209e+10 m^3
 	 The rest is carried over to next year 

 	 HydroSnow Warning: There is Snow remaining on August 31 
 	 Snowremains 	 = 8.338357e+11 (m^3) 
 	 in year: 2005 
   FLOOD WARNING: the maximum predicted flood size has been exceeded. 
      Epoch 1, year 2005 
      Maximum predicted flood 56740.8 (m^3/s) 
      Modeled flood peak 151279 (m^3/s) 
