 Calculate mean discharge, epoch: 1
 Calculate daily discharge, epoch: 1
 Calculate mean suspended sediment load, epoch: 1
 Calculate daily suspended sediment load, epoch: 1

 	 HydroSnow Warning: There is Snow remaining on August 31 
 	 Snowremains 	 = 2.575092e+08 (m^3) 
 	 in year: 2026 

 	 HydroSnow Warning: There is Snow remaining on August 31 
 	 Snowremains 	 = 2.575092e+08 (m^3) 
 	 in year: 2026 

 	 HydroSnow Warning: There is Snow remaining on August 31 
 	 Snowremains 	 = 2.575092e+08 (m^3) 
 	 in year: 2026 

 	 HydroSnow Warning: There is Snow remaining on August 31 
 	 Snowremains 	 = 2.575092e+08 (m^3) 
 	 in year: 2026 

 	 HydroSnow Warning: There is Snow remaining on August 31 
 	 Snowremains 	 = 2.575092e+08 (m^3) 
 	 in year: 2026 

 	 HydroSnow Warning: There is Snow remaining on August 31 
 	 Snowremains 	 = 2.575092e+08 (m^3) 
 	 in year: 2026 

 	 HydroSnow Warning: There is Snow remaining on August 31 
 	 Snowremains 	 = 2.575092e+08 (m^3) 
 	 in year: 2026 

 	 HydroSnow Warning: There is Snow remaining on August 31 
 	 Snowremains 	 = 2.575092e+08 (m^3) 
 	 in year: 2026 

 	 HydroSnow Warning: There is Snow remaining on August 31 
 	 Snowremains 	 = 2.575092e+08 (m^3) 
 	 in year: 2026 

 	 HydroSnow Warning: There is Snow remaining on August 31 
 	 Snowremains 	 = 2.575092e+08 (m^3) 
 	 in year: 2026 
   FLOOD WARNING: the maximum predicted flood size has been exceeded. 
      Epoch 1, year 2026 
      Maximum predicted flood 55399.1 (m^3/s) 
      Modeled flood peak 74725.6 (m^3/s) 

 	 HydroSnow Warning: There is Snow remaining on August 31 
 	 Snowremains 	 = 1.918817e+09 (m^3) 
 	 in year: 2027 
HydroGlacial WARNING: year = 2027, ep =0 
 	 Insufficient precipitation to grow glacier. 
 	 Volume glacier correction: 
 	 Volume should be 	8.351904e+13 m^3
 	 Volume corrected to 	2.540695e+10 m^3
 	 The rest is carried over to next year 

 	 HydroSnow Warning: There is Snow remaining on August 31 
 	 Snowremains 	 = 1.918817e+09 (m^3) 
 	 in year: 2027 
HydroGlacial WARNING: year = 2027, ep =0 
 	 Insufficient precipitation to grow glacier. 
 	 Volume glacier correction: 
 	 Volume should be 	8.351904e+13 m^3
 	 Volume corrected to 	2.540695e+10 m^3
 	 The rest is carried over to next year 

 	 HydroSnow Warning: There is Snow remaining on August 31 
 	 Snowremains 	 = 1.918817e+09 (m^3) 
 	 in year: 2027 
HydroGlacial WARNING: year = 2027, ep =0 
 	 Insufficient precipitation to grow glacier. 
 	 Volume glacier correction: 
 	 Volume should be 	8.351904e+13 m^3
 	 Volume corrected to 	2.540695e+10 m^3
 	 The rest is carried over to next year 

 	 HydroSnow Warning: There is Snow remaining on August 31 
 	 Snowremains 	 = 1.918817e+09 (m^3) 
 	 in year: 2027 
HydroGlacial WARNING: year = 2027, ep =0 
 	 Insufficient precipitation to grow glacier. 
 	 Volume glacier correction: 
 	 Volume should be 	8.351904e+13 m^3
 	 Volume corrected to 	2.540695e+10 m^3
 	 The rest is carried over to next year 

 	 HydroSnow Warning: There is Snow remaining on August 31 
 	 Snowremains 	 = 1.918817e+09 (m^3) 
 	 in year: 2027 
HydroGlacial WARNING: year = 2027, ep =0 
 	 Insufficient precipitation to grow glacier. 
 	 Volume glacier correction: 
 	 Volume should be 	8.351904e+13 m^3
 	 Volume corrected to 	2.540695e+10 m^3
 	 The rest is carried over to next year 

 	 HydroSnow Warning: There is Snow remaining on August 31 
 	 Snowremains 	 = 1.918817e+09 (m^3) 
 	 in year: 2027 
HydroGlacial WARNING: year = 2027, ep =0 
 	 Insufficient precipitation to grow glacier. 
 	 Volume glacier correction: 
 	 Volume should be 	8.351904e+13 m^3
 	 Volume corrected to 	2.540695e+10 m^3
 	 The rest is carried over to next year 

 	 HydroSnow Warning: There is Snow remaining on August 31 
 	 Snowremains 	 = 1.918817e+09 (m^3) 
 	 in year: 2027 
HydroGlacial WARNING: year = 2027, ep =0 
 	 Insufficient precipitation to grow glacier. 
 	 Volume glacier correction: 
 	 Volume should be 	8.351904e+13 m^3
 	 Volume corrected to 	2.540695e+10 m^3
 	 The rest is carried over to next year 

 	 HydroSnow Warning: There is Snow remaining on August 31 
 	 Snowremains 	 = 1.918817e+09 (m^3) 
 	 in year: 2027 
HydroGlacial WARNING: year = 2027, ep =0 
 	 Insufficient precipitation to grow glacier. 
 	 Volume glacier correction: 
 	 Volume should be 	8.351904e+13 m^3
 	 Volume corrected to 	2.540695e+10 m^3
 	 The rest is carried over to next year 

 	 HydroSnow Warning: There is Snow remaining on August 31 
 	 Snowremains 	 = 1.918817e+09 (m^3) 
 	 in year: 2027 
HydroGlacial WARNING: year = 2027, ep =0 
 	 Insufficient precipitation to grow glacier. 
 	 Volume glacier correction: 
 	 Volume should be 	8.351904e+13 m^3
 	 Volume corrected to 	2.540695e+10 m^3
 	 The rest is carried over to next year 

 	 HydroSnow Warning: There is Snow remaining on August 31 
 	 Snowremains 	 = 1.918817e+09 (m^3) 
 	 in year: 2027 
   FLOOD WARNING: the maximum predicted flood size has been exceeded. 
      Epoch 1, year 2027 
      Maximum predicted flood 55399.1 (m^3/s) 
      Modeled flood peak 77667 (m^3/s) 
HydroGlacial WARNING: year = 2028, ep =0 
 	 Insufficient precipitation to grow glacier. 
 	 Volume glacier correction: 
 	 Volume should be 	8.351904e+13 m^3
 	 Volume corrected to 	4.779422e+10 m^3
 	 The rest is carried over to next year 

 	 HydroSnow Warning: There is Snow remaining on August 31 
 	 Snowremains 	 = 3.447250e+09 (m^3) 
 	 in year: 2028 
HydroGlacial WARNING: year = 2028, ep =0 
 	 Insufficient precipitation to grow glacier. 
 	 Volume glacier correction: 
 	 Volume should be 	8.351904e+13 m^3
 	 Volume corrected to 	2.238727e+10 m^3
 	 The rest is carried over to next year 

 	 HydroSnow Warning: There is Snow remaining on August 31 
 	 Snowremains 	 = 3.447250e+09 (m^3) 
 	 in year: 2028 
HydroGlacial WARNING: year = 2028, ep =0 
 	 Insufficient precipitation to grow glacier. 
 	 Volume glacier correction: 
 	 Volume should be 	8.351904e+13 m^3
 	 Volume corrected to 	2.238727e+10 m^3
 	 The rest is carried over to next year 

 	 HydroSnow Warning: There is Snow remaining on August 31 
 	 Snowremains 	 = 3.447250e+09 (m^3) 
 	 in year: 2028 
HydroGlacial WARNING: year = 2028, ep =0 
 	 Insufficient precipitation to grow glacier. 
 	 Volume glacier correction: 
 	 Volume should be 	8.351904e+13 m^3
 	 Volume corrected to 	2.238727e+10 m^3
 	 The rest is carried over to next year 

 	 HydroSnow Warning: There is Snow remaining on August 31 
 	 Snowremains 	 = 3.447250e+09 (m^3) 
 	 in year: 2028 
HydroGlacial WARNING: year = 2028, ep =0 
 	 Insufficient precipitation to grow glacier. 
 	 Volume glacier correction: 
 	 Volume should be 	8.351904e+13 m^3
 	 Volume corrected to 	2.238727e+10 m^3
 	 The rest is carried over to next year 

 	 HydroSnow Warning: There is Snow remaining on August 31 
 	 Snowremains 	 = 3.447250e+09 (m^3) 
 	 in year: 2028 
HydroGlacial WARNING: year = 2028, ep =0 
 	 Insufficient precipitation to grow glacier. 
 	 Volume glacier correction: 
 	 Volume should be 	8.351904e+13 m^3
 	 Volume corrected to 	2.238727e+10 m^3
 	 The rest is carried over to next year 

 	 HydroSnow Warning: There is Snow remaining on August 31 
 	 Snowremains 	 = 3.447250e+09 (m^3) 
 	 in year: 2028 
HydroGlacial WARNING: year = 2028, ep =0 
 	 Insufficient precipitation to grow glacier. 
 	 Volume glacier correction: 
 	 Volume should be 	8.351904e+13 m^3
 	 Volume corrected to 	2.238727e+10 m^3
 	 The rest is carried over to next year 

 	 HydroSnow Warning: There is Snow remaining on August 31 
 	 Snowremains 	 = 3.447250e+09 (m^3) 
 	 in year: 2028 
HydroGlacial WARNING: year = 2028, ep =0 
 	 Insufficient precipitation to grow glacier. 
 	 Volume glacier correction: 
 	 Volume should be 	8.351904e+13 m^3
 	 Volume corrected to 	2.238727e+10 m^3
 	 The rest is carried over to next year 

 	 HydroSnow Warning: There is Snow remaining on August 31 
 	 Snowremains 	 = 3.447250e+09 (m^3) 
 	 in year: 2028 
HydroGlacial WARNING: year = 2028, ep =0 
 	 Insufficient precipitation to grow glacier. 
 	 Volume glacier correction: 
 	 Volume should be 	8.351904e+13 m^3
 	 Volume corrected to 	2.238727e+10 m^3
 	 The rest is carried over to next year 

 	 HydroSnow Warning: There is Snow remaining on August 31 
 	 Snowremains 	 = 3.447250e+09 (m^3) 
 	 in year: 2028 
HydroGlacial WARNING: year = 2028, ep =0 
 	 Insufficient precipitation to grow glacier. 
 	 Volume glacier correction: 
 	 Volume should be 	8.351904e+13 m^3
 	 Volume corrected to 	2.238727e+10 m^3
 	 The rest is carried over to next year 

 	 HydroSnow Warning: There is Snow remaining on August 31 
 	 Snowremains 	 = 3.447250e+09 (m^3) 
 	 in year: 2028 
   FLOOD WARNING: the maximum predicted flood size has been exceeded. 
      Epoch 1, year 2028 
      Maximum predicted flood 55399.1 (m^3/s) 
      Modeled flood peak 64265.4 (m^3/s) 
HydroGlacial WARNING: year = 2029, ep =0 
 	 Insufficient precipitation to grow glacier. 
 	 Volume glacier correction: 
 	 Volume should be 	8.351904e+13 m^3
 	 Volume corrected to 	4.284172e+10 m^3
 	 The rest is carried over to next year 

 	 HydroSnow Warning: There is Snow remaining on August 31 
 	 Snowremains 	 = 3.404265e+09 (m^3) 
 	 in year: 2029 
HydroGlacial WARNING: year = 2029, ep =0 
 	 Insufficient precipitation to grow glacier. 
 	 Volume glacier correction: 
 	 Volume should be 	8.351904e+13 m^3
 	 Volume corrected to 	2.045445e+10 m^3
 	 The rest is carried over to next year 

 	 HydroSnow Warning: There is Snow remaining on August 31 
 	 Snowremains 	 = 3.404265e+09 (m^3) 
 	 in year: 2029 
HydroGlacial WARNING: year = 2029, ep =0 
 	 Insufficient precipitation to grow glacier. 
 	 Volume glacier correction: 
 	 Volume should be 	8.351904e+13 m^3
 	 Volume corrected to 	2.045445e+10 m^3
 	 The rest is carried over to next year 

 	 HydroSnow Warning: There is Snow remaining on August 31 
 	 Snowremains 	 = 3.404265e+09 (m^3) 
 	 in year: 2029 
HydroGlacial WARNING: year = 2029, ep =0 
 	 Insufficient precipitation to grow glacier. 
 	 Volume glacier correction: 
 	 Volume should be 	8.351904e+13 m^3
 	 Volume corrected to 	2.045445e+10 m^3
 	 The rest is carried over to next year 

 	 HydroSnow Warning: There is Snow remaining on August 31 
 	 Snowremains 	 = 3.404265e+09 (m^3) 
 	 in year: 2029 
HydroGlacial WARNING: year = 2029, ep =0 
 	 Insufficient precipitation to grow glacier. 
 	 Volume glacier correction: 
 	 Volume should be 	8.351904e+13 m^3
 	 Volume corrected to 	2.045445e+10 m^3
 	 The rest is carried over to next year 

 	 HydroSnow Warning: There is Snow remaining on August 31 
 	 Snowremains 	 = 3.404265e+09 (m^3) 
 	 in year: 2029 
HydroGlacial WARNING: year = 2029, ep =0 
 	 Insufficient precipitation to grow glacier. 
 	 Volume glacier correction: 
 	 Volume should be 	8.351904e+13 m^3
 	 Volume corrected to 	2.045445e+10 m^3
 	 The rest is carried over to next year 

 	 HydroSnow Warning: There is Snow remaining on August 31 
 	 Snowremains 	 = 3.404265e+09 (m^3) 
 	 in year: 2029 
HydroGlacial WARNING: year = 2029, ep =0 
 	 Insufficient precipitation to grow glacier. 
 	 Volume glacier correction: 
 	 Volume should be 	8.351904e+13 m^3
 	 Volume corrected to 	2.045445e+10 m^3
 	 The rest is carried over to next year 

 	 HydroSnow Warning: There is Snow remaining on August 31 
 	 Snowremains 	 = 3.404265e+09 (m^3) 
 	 in year: 2029 
HydroGlacial WARNING: year = 2029, ep =0 
 	 Insufficient precipitation to grow glacier. 
 	 Volume glacier correction: 
 	 Volume should be 	8.351904e+13 m^3
 	 Volume corrected to 	2.045445e+10 m^3
 	 The rest is carried over to next year 

 	 HydroSnow Warning: There is Snow remaining on August 31 
 	 Snowremains 	 = 3.404265e+09 (m^3) 
 	 in year: 2029 
HydroGlacial WARNING: year = 2029, ep =0 
 	 Insufficient precipitation to grow glacier. 
 	 Volume glacier correction: 
 	 Volume should be 	8.351904e+13 m^3
 	 Volume corrected to 	2.045445e+10 m^3
 	 The rest is carried over to next year 

 	 HydroSnow Warning: There is Snow remaining on August 31 
 	 Snowremains 	 = 3.404265e+09 (m^3) 
 	 in year: 2029 
HydroGlacial WARNING: year = 2029, ep =0 
 	 Insufficient precipitation to grow glacier. 
 	 Volume glacier correction: 
 	 Volume should be 	8.351904e+13 m^3
 	 Volume corrected to 	2.045445e+10 m^3
 	 The rest is carried over to next year 

 	 HydroSnow Warning: There is Snow remaining on August 31 
 	 Snowremains 	 = 3.404265e+09 (m^3) 
 	 in year: 2029 
   FLOOD WARNING: the maximum predicted flood size has been exceeded. 
      Epoch 1, year 2029 
      Maximum predicted flood 55399.1 (m^3/s) 
      Modeled flood peak 78111.6 (m^3/s) 
HydroGlacial WARNING: year = 2030, ep =0 
 	 Insufficient precipitation to grow glacier. 
 	 Volume glacier correction: 
 	 Volume should be 	8.351904e+13 m^3
 	 Volume corrected to 	3.939768e+10 m^3
 	 The rest is carried over to next year 

 	 HydroSnow Warning: There is Snow remaining on August 31 
 	 Snowremains 	 = 2.815763e+09 (m^3) 
 	 in year: 2030 
HydroGlacial WARNING: year = 2030, ep =0 
 	 Insufficient precipitation to grow glacier. 
 	 Volume glacier correction: 
 	 Volume should be 	8.351904e+13 m^3
 	 Volume corrected to 	1.894323e+10 m^3
 	 The rest is carried over to next year 

 	 HydroSnow Warning: There is Snow remaining on August 31 
 	 Snowremains 	 = 2.815763e+09 (m^3) 
 	 in year: 2030 
HydroGlacial WARNING: year = 2030, ep =0 
 	 Insufficient precipitation to grow glacier. 
 	 Volume glacier correction: 
 	 Volume should be 	8.351904e+13 m^3
 	 Volume corrected to 	1.894323e+10 m^3
 	 The rest is carried over to next year 

 	 HydroSnow Warning: There is Snow remaining on August 31 
 	 Snowremains 	 = 2.815763e+09 (m^3) 
 	 in year: 2030 
HydroGlacial WARNING: year = 2030, ep =0 
 	 Insufficient precipitation to grow glacier. 
 	 Volume glacier correction: 
 	 Volume should be 	8.351904e+13 m^3
 	 Volume corrected to 	1.894323e+10 m^3
 	 The rest is carried over to next year 

 	 HydroSnow Warning: There is Snow remaining on August 31 
 	 Snowremains 	 = 2.815763e+09 (m^3) 
 	 in year: 2030 
HydroGlacial WARNING: year = 2030, ep =0 
 	 Insufficient precipitation to grow glacier. 
 	 Volume glacier correction: 
 	 Volume should be 	8.351904e+13 m^3
 	 Volume corrected to 	1.894323e+10 m^3
 	 The rest is carried over to next year 

 	 HydroSnow Warning: There is Snow remaining on August 31 
 	 Snowremains 	 = 2.815763e+09 (m^3) 
 	 in year: 2030 
HydroGlacial WARNING: year = 2030, ep =0 
 	 Insufficient precipitation to grow glacier. 
 	 Volume glacier correction: 
 	 Volume should be 	8.351904e+13 m^3
 	 Volume corrected to 	1.894323e+10 m^3
 	 The rest is carried over to next year 

 	 HydroSnow Warning: There is Snow remaining on August 31 
 	 Snowremains 	 = 2.815763e+09 (m^3) 
 	 in year: 2030 
HydroGlacial WARNING: year = 2030, ep =0 
 	 Insufficient precipitation to grow glacier. 
 	 Volume glacier correction: 
 	 Volume should be 	8.351904e+13 m^3
 	 Volume corrected to 	1.894323e+10 m^3
 	 The rest is carried over to next year 

 	 HydroSnow Warning: There is Snow remaining on August 31 
 	 Snowremains 	 = 2.815763e+09 (m^3) 
 	 in year: 2030 
HydroGlacial WARNING: year = 2030, ep =0 
 	 Insufficient precipitation to grow glacier. 
 	 Volume glacier correction: 
 	 Volume should be 	8.351904e+13 m^3
 	 Volume corrected to 	1.894323e+10 m^3
 	 The rest is carried over to next year 

 	 HydroSnow Warning: There is Snow remaining on August 31 
 	 Snowremains 	 = 2.815763e+09 (m^3) 
 	 in year: 2030 
HydroGlacial WARNING: year = 2030, ep =0 
 	 Insufficient precipitation to grow glacier. 
 	 Volume glacier correction: 
 	 Volume should be 	8.351904e+13 m^3
 	 Volume corrected to 	1.894323e+10 m^3
 	 The rest is carried over to next year 

 	 HydroSnow Warning: There is Snow remaining on August 31 
 	 Snowremains 	 = 2.815763e+09 (m^3) 
 	 in year: 2030 
HydroGlacial WARNING: year = 2030, ep =0 
 	 Insufficient precipitation to grow glacier. 
 	 Volume glacier correction: 
 	 Volume should be 	8.351904e+13 m^3
 	 Volume corrected to 	1.894323e+10 m^3
 	 The rest is carried over to next year 

 	 HydroSnow Warning: There is Snow remaining on August 31 
 	 Snowremains 	 = 2.815763e+09 (m^3) 
 	 in year: 2030 
   FLOOD WARNING: the maximum predicted flood size has been exceeded. 
      Epoch 1, year 2030 
      Maximum predicted flood 55399.1 (m^3/s) 
      Modeled flood peak 127087 (m^3/s) 
HydroGlacial WARNING: year = 2031, ep =0 
 	 Insufficient precipitation to grow glacier. 
 	 Volume glacier correction: 
 	 Volume should be 	8.351904e+13 m^3
 	 Volume corrected to 	4.181537e+10 m^3
 	 The rest is carried over to next year 

 	 HydroSnow Warning: There is Snow remaining on August 31 
 	 Snowremains 	 = 5.286012e+09 (m^3) 
 	 in year: 2031 
HydroGlacial WARNING: year = 2031, ep =0 
 	 Insufficient precipitation to grow glacier. 
 	 Volume glacier correction: 
 	 Volume should be 	8.351904e+13 m^3
 	 Volume corrected to 	2.287214e+10 m^3
 	 The rest is carried over to next year 

 	 HydroSnow Warning: There is Snow remaining on August 31 
 	 Snowremains 	 = 5.286012e+09 (m^3) 
 	 in year: 2031 
HydroGlacial WARNING: year = 2031, ep =0 
 	 Insufficient precipitation to grow glacier. 
 	 Volume glacier correction: 
 	 Volume should be 	8.351904e+13 m^3
 	 Volume corrected to 	2.287214e+10 m^3
 	 The rest is carried over to next year 

 	 HydroSnow Warning: There is Snow remaining on August 31 
 	 Snowremains 	 = 5.286012e+09 (m^3) 
 	 in year: 2031 
HydroGlacial WARNING: year = 2031, ep =0 
 	 Insufficient precipitation to grow glacier. 
 	 Volume glacier correction: 
 	 Volume should be 	8.351904e+13 m^3
 	 Volume corrected to 	2.287214e+10 m^3
 	 The rest is carried over to next year 

 	 HydroSnow Warning: There is Snow remaining on August 31 
 	 Snowremains 	 = 5.286012e+09 (m^3) 
 	 in year: 2031 
HydroGlacial WARNING: year = 2031, ep =0 
 	 Insufficient precipitation to grow glacier. 
 	 Volume glacier correction: 
 	 Volume should be 	8.351904e+13 m^3
 	 Volume corrected to 	2.287214e+10 m^3
 	 The rest is carried over to next year 

 	 HydroSnow Warning: There is Snow remaining on August 31 
 	 Snowremains 	 = 5.286012e+09 (m^3) 
 	 in year: 2031 
HydroGlacial WARNING: year = 2031, ep =0 
 	 Insufficient precipitation to grow glacier. 
 	 Volume glacier correction: 
 	 Volume should be 	8.351904e+13 m^3
 	 Volume corrected to 	2.287214e+10 m^3
 	 The rest is carried over to next year 

 	 HydroSnow Warning: There is Snow remaining on August 31 
 	 Snowremains 	 = 5.286012e+09 (m^3) 
 	 in year: 2031 
HydroGlacial WARNING: year = 2031, ep =0 
 	 Insufficient precipitation to grow glacier. 
 	 Volume glacier correction: 
 	 Volume should be 	8.351904e+13 m^3
 	 Volume corrected to 	2.287214e+10 m^3
 	 The rest is carried over to next year 

 	 HydroSnow Warning: There is Snow remaining on August 31 
 	 Snowremains 	 = 5.286012e+09 (m^3) 
 	 in year: 2031 
HydroGlacial WARNING: year = 2031, ep =0 
 	 Insufficient precipitation to grow glacier. 
 	 Volume glacier correction: 
 	 Volume should be 	8.351904e+13 m^3
 	 Volume corrected to 	2.287214e+10 m^3
 	 The rest is carried over to next year 

 	 HydroSnow Warning: There is Snow remaining on August 31 
 	 Snowremains 	 = 5.286012e+09 (m^3) 
 	 in year: 2031 
HydroGlacial WARNING: year = 2031, ep =0 
 	 Insufficient precipitation to grow glacier. 
 	 Volume glacier correction: 
 	 Volume should be 	8.351904e+13 m^3
 	 Volume corrected to 	2.287214e+10 m^3
 	 The rest is carried over to next year 

 	 HydroSnow Warning: There is Snow remaining on August 31 
 	 Snowremains 	 = 5.286012e+09 (m^3) 
 	 in year: 2031 
HydroGlacial WARNING: year = 2031, ep =0 
 	 Insufficient precipitation to grow glacier. 
 	 Volume glacier correction: 
 	 Volume should be 	8.351904e+13 m^3
 	 Volume corrected to 	2.287214e+10 m^3
 	 The rest is carried over to next year 

 	 HydroSnow Warning: There is Snow remaining on August 31 
 	 Snowremains 	 = 5.286012e+09 (m^3) 
 	 in year: 2031 
   FLOOD WARNING: the maximum predicted flood size has been exceeded. 
      Epoch 1, year 2031 
      Maximum predicted flood 55399.1 (m^3/s) 
      Modeled flood peak 58011.2 (m^3/s) 
HydroGlacial WARNING: year = 2032, ep =0 
 	 Insufficient precipitation to grow glacier. 
 	 Volume glacier correction: 
 	 Volume should be 	8.351904e+13 m^3
 	 Volume corrected to 	4.346897e+10 m^3
 	 The rest is carried over to next year 

 	 HydroSnow Warning: There is Snow remaining on August 31 
 	 Snowremains 	 = 6.478217e+09 (m^3) 
 	 in year: 2032 
HydroGlacial WARNING: year = 2032, ep =0 
 	 Insufficient precipitation to grow glacier. 
 	 Volume glacier correction: 
 	 Volume should be 	8.351904e+13 m^3
 	 Volume corrected to 	2.059682e+10 m^3
 	 The rest is carried over to next year 

 	 HydroSnow Warning: There is Snow remaining on August 31 
 	 Snowremains 	 = 6.478217e+09 (m^3) 
 	 in year: 2032 
HydroGlacial WARNING: year = 2032, ep =0 
 	 Insufficient precipitation to grow glacier. 
 	 Volume glacier correction: 
 	 Volume should be 	8.351904e+13 m^3
 	 Volume corrected to 	2.059682e+10 m^3
 	 The rest is carried over to next year 

 	 HydroSnow Warning: There is Snow remaining on August 31 
 	 Snowremains 	 = 6.478217e+09 (m^3) 
 	 in year: 2032 
HydroGlacial WARNING: year = 2032, ep =0 
 	 Insufficient precipitation to grow glacier. 
 	 Volume glacier correction: 
 	 Volume should be 	8.351904e+13 m^3
 	 Volume corrected to 	2.059682e+10 m^3
 	 The rest is carried over to next year 

 	 HydroSnow Warning: There is Snow remaining on August 31 
 	 Snowremains 	 = 6.478217e+09 (m^3) 
 	 in year: 2032 
HydroGlacial WARNING: year = 2032, ep =0 
 	 Insufficient precipitation to grow glacier. 
 	 Volume glacier correction: 
 	 Volume should be 	8.351904e+13 m^3
 	 Volume corrected to 	2.059682e+10 m^3
 	 The rest is carried over to next year 

 	 HydroSnow Warning: There is Snow remaining on August 31 
 	 Snowremains 	 = 6.478217e+09 (m^3) 
 	 in year: 2032 
HydroGlacial WARNING: year = 2032, ep =0 
 	 Insufficient precipitation to grow glacier. 
 	 Volume glacier correction: 
 	 Volume should be 	8.351904e+13 m^3
 	 Volume corrected to 	2.059682e+10 m^3
 	 The rest is carried over to next year 

 	 HydroSnow Warning: There is Snow remaining on August 31 
 	 Snowremains 	 = 6.478217e+09 (m^3) 
 	 in year: 2032 
HydroGlacial WARNING: year = 2032, ep =0 
 	 Insufficient precipitation to grow glacier. 
 	 Volume glacier correction: 
 	 Volume should be 	8.351904e+13 m^3
 	 Volume corrected to 	2.059682e+10 m^3
 	 The rest is carried over to next year 

 	 HydroSnow Warning: There is Snow remaining on August 31 
 	 Snowremains 	 = 6.478217e+09 (m^3) 
 	 in year: 2032 
HydroGlacial WARNING: year = 2032, ep =0 
 	 Insufficient precipitation to grow glacier. 
 	 Volume glacier correction: 
 	 Volume should be 	8.351904e+13 m^3
 	 Volume corrected to 	2.059682e+10 m^3
 	 The rest is carried over to next year 

 	 HydroSnow Warning: There is Snow remaining on August 31 
 	 Snowremains 	 = 6.478217e+09 (m^3) 
 	 in year: 2032 
HydroGlacial WARNING: year = 2032, ep =0 
 	 Insufficient precipitation to grow glacier. 
 	 Volume glacier correction: 
 	 Volume should be 	8.351904e+13 m^3
 	 Volume corrected to 	2.059682e+10 m^3
 	 The rest is carried over to next year 

 	 HydroSnow Warning: There is Snow remaining on August 31 
 	 Snowremains 	 = 6.478217e+09 (m^3) 
 	 in year: 2032 
HydroGlacial WARNING: year = 2032, ep =0 
 	 Insufficient precipitation to grow glacier. 
 	 Volume glacier correction: 
 	 Volume should be 	8.351904e+13 m^3
 	 Volume corrected to 	2.059682e+10 m^3
 	 The rest is carried over to next year 

 	 HydroSnow Warning: There is Snow remaining on August 31 
 	 Snowremains 	 = 6.478217e+09 (m^3) 
 	 in year: 2032 
   FLOOD WARNING: the maximum predicted flood size has been exceeded. 
      Epoch 1, year 2032 
      Maximum predicted flood 55399.1 (m^3/s) 
      Modeled flood peak 69163.1 (m^3/s) 
HydroGlacial WARNING: year = 2033, ep =0 
 	 Insufficient precipitation to grow glacier. 
 	 Volume glacier correction: 
 	 Volume should be 	8.351904e+13 m^3
 	 Volume corrected to 	4.761250e+10 m^3
 	 The rest is carried over to next year 

 	 HydroSnow Warning: There is Snow remaining on August 31 
 	 Snowremains 	 = 8.283095e+09 (m^3) 
 	 in year: 2033 
HydroGlacial WARNING: year = 2033, ep =0 
 	 Insufficient precipitation to grow glacier. 
 	 Volume glacier correction: 
 	 Volume should be 	8.351904e+13 m^3
 	 Volume corrected to 	2.701568e+10 m^3
 	 The rest is carried over to next year 

 	 HydroSnow Warning: There is Snow remaining on August 31 
 	 Snowremains 	 = 8.283095e+09 (m^3) 
 	 in year: 2033 
HydroGlacial WARNING: year = 2033, ep =0 
 	 Insufficient precipitation to grow glacier. 
 	 Volume glacier correction: 
 	 Volume should be 	8.351904e+13 m^3
 	 Volume corrected to 	2.701568e+10 m^3
 	 The rest is carried over to next year 

 	 HydroSnow Warning: There is Snow remaining on August 31 
 	 Snowremains 	 = 8.283095e+09 (m^3) 
 	 in year: 2033 
HydroGlacial WARNING: year = 2033, ep =0 
 	 Insufficient precipitation to grow glacier. 
 	 Volume glacier correction: 
 	 Volume should be 	8.351904e+13 m^3
 	 Volume corrected to 	2.701568e+10 m^3
 	 The rest is carried over to next year 

 	 HydroSnow Warning: There is Snow remaining on August 31 
 	 Snowremains 	 = 8.283095e+09 (m^3) 
 	 in year: 2033 
HydroGlacial WARNING: year = 2033, ep =0 
 	 Insufficient precipitation to grow glacier. 
 	 Volume glacier correction: 
 	 Volume should be 	8.351904e+13 m^3
 	 Volume corrected to 	2.701568e+10 m^3
 	 The rest is carried over to next year 

 	 HydroSnow Warning: There is Snow remaining on August 31 
 	 Snowremains 	 = 8.283095e+09 (m^3) 
 	 in year: 2033 
HydroGlacial WARNING: year = 2033, ep =0 
 	 Insufficient precipitation to grow glacier. 
 	 Volume glacier correction: 
 	 Volume should be 	8.351904e+13 m^3
 	 Volume corrected to 	2.701568e+10 m^3
 	 The rest is carried over to next year 

 	 HydroSnow Warning: There is Snow remaining on August 31 
 	 Snowremains 	 = 8.283095e+09 (m^3) 
 	 in year: 2033 
HydroGlacial WARNING: year = 2033, ep =0 
 	 Insufficient precipitation to grow glacier. 
 	 Volume glacier correction: 
 	 Volume should be 	8.351904e+13 m^3
 	 Volume corrected to 	2.701568e+10 m^3
 	 The rest is carried over to next year 

 	 HydroSnow Warning: There is Snow remaining on August 31 
 	 Snowremains 	 = 8.283095e+09 (m^3) 
 	 in year: 2033 
HydroGlacial WARNING: year = 2033, ep =0 
 	 Insufficient precipitation to grow glacier. 
 	 Volume glacier correction: 
 	 Volume should be 	8.351904e+13 m^3
 	 Volume corrected to 	2.701568e+10 m^3
 	 The rest is carried over to next year 

 	 HydroSnow Warning: There is Snow remaining on August 31 
 	 Snowremains 	 = 8.283095e+09 (m^3) 
 	 in year: 2033 
HydroGlacial WARNING: year = 2033, ep =0 
 	 Insufficient precipitation to grow glacier. 
 	 Volume glacier correction: 
 	 Volume should be 	8.351904e+13 m^3
 	 Volume corrected to 	2.701568e+10 m^3
 	 The rest is carried over to next year 

 	 HydroSnow Warning: There is Snow remaining on August 31 
 	 Snowremains 	 = 8.283095e+09 (m^3) 
 	 in year: 2033 
HydroGlacial WARNING: year = 2033, ep =0 
 	 Insufficient precipitation to grow glacier. 
 	 Volume glacier correction: 
 	 Volume should be 	8.351904e+13 m^3
 	 Volume corrected to 	2.701568e+10 m^3
 	 The rest is carried over to next year 

 	 HydroSnow Warning: There is Snow remaining on August 31 
 	 Snowremains 	 = 8.283095e+09 (m^3) 
 	 in year: 2033 
   FLOOD WARNING: the maximum predicted flood size has been exceeded. 
      Epoch 1, year 2033 
      Maximum predicted flood 55399.1 (m^3/s) 
      Modeled flood peak 103044 (m^3/s) 
HydroGlacial WARNING: year = 2034, ep =0 
 	 Insufficient precipitation to grow glacier. 
 	 Volume glacier correction: 
 	 Volume should be 	8.351904e+13 m^3
 	 Volume corrected to 	4.808872e+10 m^3
 	 The rest is carried over to next year 

 	 HydroSnow Warning: There is Snow remaining on August 31 
 	 Snowremains 	 = 9.385281e+09 (m^3) 
 	 in year: 2034 
HydroGlacial WARNING: year = 2034, ep =0 
 	 Insufficient precipitation to grow glacier. 
 	 Volume glacier correction: 
 	 Volume should be 	8.351904e+13 m^3
 	 Volume corrected to 	2.107304e+10 m^3
 	 The rest is carried over to next year 

 	 HydroSnow Warning: There is Snow remaining on August 31 
 	 Snowremains 	 = 9.385281e+09 (m^3) 
 	 in year: 2034 
HydroGlacial WARNING: year = 2034, ep =0 
 	 Insufficient precipitation to grow glacier. 
 	 Volume glacier correction: 
 	 Volume should be 	8.351904e+13 m^3
 	 Volume corrected to 	2.107304e+10 m^3
 	 The rest is carried over to next year 

 	 HydroSnow Warning: There is Snow remaining on August 31 
 	 Snowremains 	 = 9.385281e+09 (m^3) 
 	 in year: 2034 
HydroGlacial WARNING: year = 2034, ep =0 
 	 Insufficient precipitation to grow glacier. 
 	 Volume glacier correction: 
 	 Volume should be 	8.351904e+13 m^3
 	 Volume corrected to 	2.107304e+10 m^3
 	 The rest is carried over to next year 

 	 HydroSnow Warning: There is Snow remaining on August 31 
 	 Snowremains 	 = 9.385281e+09 (m^3) 
 	 in year: 2034 
HydroGlacial WARNING: year = 2034, ep =0 
 	 Insufficient precipitation to grow glacier. 
 	 Volume glacier correction: 
 	 Volume should be 	8.351904e+13 m^3
 	 Volume corrected to 	2.107304e+10 m^3
 	 The rest is carried over to next year 

 	 HydroSnow Warning: There is Snow remaining on August 31 
 	 Snowremains 	 = 9.385281e+09 (m^3) 
 	 in year: 2034 
HydroGlacial WARNING: year = 2034, ep =0 
 	 Insufficient precipitation to grow glacier. 
 	 Volume glacier correction: 
 	 Volume should be 	8.351904e+13 m^3
 	 Volume corrected to 	2.107304e+10 m^3
 	 The rest is carried over to next year 

 	 HydroSnow Warning: There is Snow remaining on August 31 
 	 Snowremains 	 = 9.385281e+09 (m^3) 
 	 in year: 2034 
HydroGlacial WARNING: year = 2034, ep =0 
 	 Insufficient precipitation to grow glacier. 
 	 Volume glacier correction: 
 	 Volume should be 	8.351904e+13 m^3
 	 Volume corrected to 	2.107304e+10 m^3
 	 The rest is carried over to next year 

 	 HydroSnow Warning: There is Snow remaining on August 31 
 	 Snowremains 	 = 9.385281e+09 (m^3) 
 	 in year: 2034 
HydroGlacial WARNING: year = 2034, ep =0 
 	 Insufficient precipitation to grow glacier. 
 	 Volume glacier correction: 
 	 Volume should be 	8.351904e+13 m^3
 	 Volume corrected to 	2.107304e+10 m^3
 	 The rest is carried over to next year 

 	 HydroSnow Warning: There is Snow remaining on August 31 
 	 Snowremains 	 = 9.385281e+09 (m^3) 
 	 in year: 2034 
HydroGlacial WARNING: year = 2034, ep =0 
 	 Insufficient precipitation to grow glacier. 
 	 Volume glacier correction: 
 	 Volume should be 	8.351904e+13 m^3
 	 Volume corrected to 	2.107304e+10 m^3
 	 The rest is carried over to next year 

 	 HydroSnow Warning: There is Snow remaining on August 31 
 	 Snowremains 	 = 9.385281e+09 (m^3) 
 	 in year: 2034 
HydroGlacial WARNING: year = 2034, ep =0 
 	 Insufficient precipitation to grow glacier. 
 	 Volume glacier correction: 
 	 Volume should be 	8.351904e+13 m^3
 	 Volume corrected to 	2.107304e+10 m^3
 	 The rest is carried over to next year 

 	 HydroSnow Warning: There is Snow remaining on August 31 
 	 Snowremains 	 = 9.385281e+09 (m^3) 
 	 in year: 2034 
   FLOOD WARNING: the maximum predicted flood size has been exceeded. 
      Epoch 1, year 2034 
      Maximum predicted flood 55399.1 (m^3/s) 
      Modeled flood peak 70462.4 (m^3/s) 
HydroGlacial WARNING: year = 2035, ep =0 
 	 Insufficient precipitation to grow glacier. 
 	 Volume glacier correction: 
 	 Volume should be 	8.351904e+13 m^3
 	 Volume corrected to 	4.055191e+10 m^3
 	 The rest is carried over to next year 

 	 HydroSnow Warning: There is Snow remaining on August 31 
 	 Snowremains 	 = 1.069455e+10 (m^3) 
 	 in year: 2035 
HydroGlacial WARNING: year = 2036, ep =0 
 	 Insufficient precipitation to grow glacier. 
 	 Volume glacier correction: 
 	 Volume should be 	8.351904e+13 m^3
 	 Volume corrected to 	5.731101e+10 m^3
 	 The rest is carried over to next year 

 	 HydroSnow Warning: There is Snow remaining on August 31 
 	 Snowremains 	 = 1.020201e+10 (m^3) 
 	 in year: 2036 
HydroGlacial WARNING: year = 2036, ep =0 
 	 Insufficient precipitation to grow glacier. 
 	 Volume glacier correction: 
 	 Volume should be 	8.351904e+13 m^3
 	 Volume corrected to 	1.675910e+10 m^3
 	 The rest is carried over to next year 

 	 HydroSnow Warning: There is Snow remaining on August 31 
 	 Snowremains 	 = 1.020201e+10 (m^3) 
 	 in year: 2036 
HydroGlacial WARNING: year = 2036, ep =0 
 	 Insufficient precipitation to grow glacier. 
 	 Volume glacier correction: 
 	 Volume should be 	8.351904e+13 m^3
 	 Volume corrected to 	1.675910e+10 m^3
 	 The rest is carried over to next year 

 	 HydroSnow Warning: There is Snow remaining on August 31 
 	 Snowremains 	 = 1.020201e+10 (m^3) 
 	 in year: 2036 
HydroGlacial WARNING: year = 2036, ep =0 
 	 Insufficient precipitation to grow glacier. 
 	 Volume glacier correction: 
 	 Volume should be 	8.351904e+13 m^3
 	 Volume corrected to 	1.675910e+10 m^3
 	 The rest is carried over to next year 

 	 HydroSnow Warning: There is Snow remaining on August 31 
 	 Snowremains 	 = 1.020201e+10 (m^3) 
 	 in year: 2036 
HydroGlacial WARNING: year = 2036, ep =0 
 	 Insufficient precipitation to grow glacier. 
 	 Volume glacier correction: 
 	 Volume should be 	8.351904e+13 m^3
 	 Volume corrected to 	1.675910e+10 m^3
 	 The rest is carried over to next year 

 	 HydroSnow Warning: There is Snow remaining on August 31 
 	 Snowremains 	 = 1.020201e+10 (m^3) 
 	 in year: 2036 
HydroGlacial WARNING: year = 2036, ep =0 
 	 Insufficient precipitation to grow glacier. 
 	 Volume glacier correction: 
 	 Volume should be 	8.351904e+13 m^3
 	 Volume corrected to 	1.675910e+10 m^3
 	 The rest is carried over to next year 

 	 HydroSnow Warning: There is Snow remaining on August 31 
 	 Snowremains 	 = 1.020201e+10 (m^3) 
 	 in year: 2036 
HydroGlacial WARNING: year = 2036, ep =0 
 	 Insufficient precipitation to grow glacier. 
 	 Volume glacier correction: 
 	 Volume should be 	8.351904e+13 m^3
 	 Volume corrected to 	1.675910e+10 m^3
 	 The rest is carried over to next year 

 	 HydroSnow Warning: There is Snow remaining on August 31 
 	 Snowremains 	 = 1.020201e+10 (m^3) 
 	 in year: 2036 
HydroGlacial WARNING: year = 2036, ep =0 
 	 Insufficient precipitation to grow glacier. 
 	 Volume glacier correction: 
 	 Volume should be 	8.351904e+13 m^3
 	 Volume corrected to 	1.675910e+10 m^3
 	 The rest is carried over to next year 

 	 HydroSnow Warning: There is Snow remaining on August 31 
 	 Snowremains 	 = 1.020201e+10 (m^3) 
 	 in year: 2036 
HydroGlacial WARNING: year = 2036, ep =0 
 	 Insufficient precipitation to grow glacier. 
 	 Volume glacier correction: 
 	 Volume should be 	8.351904e+13 m^3
 	 Volume corrected to 	1.675910e+10 m^3
 	 The rest is carried over to next year 

 	 HydroSnow Warning: There is Snow remaining on August 31 
 	 Snowremains 	 = 1.020201e+10 (m^3) 
 	 in year: 2036 
HydroGlacial WARNING: year = 2036, ep =0 
 	 Insufficient precipitation to grow glacier. 
 	 Volume glacier correction: 
 	 Volume should be 	8.351904e+13 m^3
 	 Volume corrected to 	1.675910e+10 m^3
 	 The rest is carried over to next year 

 	 HydroSnow Warning: There is Snow remaining on August 31 
 	 Snowremains 	 = 1.020201e+10 (m^3) 
 	 in year: 2036 
   FLOOD WARNING: the maximum predicted flood size has been exceeded. 
      Epoch 1, year 2036 
      Maximum predicted flood 55399.1 (m^3/s) 
      Modeled flood peak 56354.7 (m^3/s) 
HydroGlacial WARNING: year = 2037, ep =0 
 	 Insufficient precipitation to grow glacier. 
 	 Volume glacier correction: 
 	 Volume should be 	8.351904e+13 m^3
 	 Volume corrected to 	3.509956e+10 m^3
 	 The rest is carried over to next year 

 	 HydroSnow Warning: There is Snow remaining on August 31 
 	 Snowremains 	 = 9.203677e+09 (m^3) 
 	 in year: 2037 
HydroGlacial WARNING: year = 2038, ep =0 
 	 Insufficient precipitation to grow glacier. 
 	 Volume glacier correction: 
 	 Volume should be 	8.351904e+13 m^3
 	 Volume corrected to 	5.817831e+10 m^3
 	 The rest is carried over to next year 

 	 HydroSnow Warning: There is Snow remaining on August 31 
 	 Snowremains 	 = 1.279746e+10 (m^3) 
 	 in year: 2038 
HydroGlacial WARNING: year = 2038, ep =0 
 	 Insufficient precipitation to grow glacier. 
 	 Volume glacier correction: 
 	 Volume should be 	8.351904e+13 m^3
 	 Volume corrected to 	2.307875e+10 m^3
 	 The rest is carried over to next year 

 	 HydroSnow Warning: There is Snow remaining on August 31 
 	 Snowremains 	 = 1.279746e+10 (m^3) 
 	 in year: 2038 
HydroGlacial WARNING: year = 2038, ep =0 
 	 Insufficient precipitation to grow glacier. 
 	 Volume glacier correction: 
 	 Volume should be 	8.351904e+13 m^3
 	 Volume corrected to 	2.307875e+10 m^3
 	 The rest is carried over to next year 

 	 HydroSnow Warning: There is Snow remaining on August 31 
 	 Snowremains 	 = 1.279746e+10 (m^3) 
 	 in year: 2038 
HydroGlacial WARNING: year = 2038, ep =0 
 	 Insufficient precipitation to grow glacier. 
 	 Volume glacier correction: 
 	 Volume should be 	8.351904e+13 m^3
 	 Volume corrected to 	2.307875e+10 m^3
 	 The rest is carried over to next year 

 	 HydroSnow Warning: There is Snow remaining on August 31 
 	 Snowremains 	 = 1.279746e+10 (m^3) 
 	 in year: 2038 
HydroGlacial WARNING: year = 2038, ep =0 
 	 Insufficient precipitation to grow glacier. 
 	 Volume glacier correction: 
 	 Volume should be 	8.351904e+13 m^3
 	 Volume corrected to 	2.307875e+10 m^3
 	 The rest is carried over to next year 

 	 HydroSnow Warning: There is Snow remaining on August 31 
 	 Snowremains 	 = 1.279746e+10 (m^3) 
 	 in year: 2038 
HydroGlacial WARNING: year = 2038, ep =0 
 	 Insufficient precipitation to grow glacier. 
 	 Volume glacier correction: 
 	 Volume should be 	8.351904e+13 m^3
 	 Volume corrected to 	2.307875e+10 m^3
 	 The rest is carried over to next year 

 	 HydroSnow Warning: There is Snow remaining on August 31 
 	 Snowremains 	 = 1.279746e+10 (m^3) 
 	 in year: 2038 
HydroGlacial WARNING: year = 2038, ep =0 
 	 Insufficient precipitation to grow glacier. 
 	 Volume glacier correction: 
 	 Volume should be 	8.351904e+13 m^3
 	 Volume corrected to 	2.307875e+10 m^3
 	 The rest is carried over to next year 

 	 HydroSnow Warning: There is Snow remaining on August 31 
 	 Snowremains 	 = 1.279746e+10 (m^3) 
 	 in year: 2038 
HydroGlacial WARNING: year = 2038, ep =0 
 	 Insufficient precipitation to grow glacier. 
 	 Volume glacier correction: 
 	 Volume should be 	8.351904e+13 m^3
 	 Volume corrected to 	2.307875e+10 m^3
 	 The rest is carried over to next year 

 	 HydroSnow Warning: There is Snow remaining on August 31 
 	 Snowremains 	 = 1.279746e+10 (m^3) 
 	 in year: 2038 
HydroGlacial WARNING: year = 2038, ep =0 
 	 Insufficient precipitation to grow glacier. 
 	 Volume glacier correction: 
 	 Volume should be 	8.351904e+13 m^3
 	 Volume corrected to 	2.307875e+10 m^3
 	 The rest is carried over to next year 

 	 HydroSnow Warning: There is Snow remaining on August 31 
 	 Snowremains 	 = 1.279746e+10 (m^3) 
 	 in year: 2038 
HydroGlacial WARNING: year = 2038, ep =0 
 	 Insufficient precipitation to grow glacier. 
 	 Volume glacier correction: 
 	 Volume should be 	8.351904e+13 m^3
 	 Volume corrected to 	2.307875e+10 m^3
 	 The rest is carried over to next year 

 	 HydroSnow Warning: There is Snow remaining on August 31 
 	 Snowremains 	 = 1.279746e+10 (m^3) 
 	 in year: 2038 
   FLOOD WARNING: the maximum predicted flood size has been exceeded. 
      Epoch 1, year 2038 
      Maximum predicted flood 55399.1 (m^3/s) 
      Modeled flood peak 61219.4 (m^3/s) 
HydroGlacial WARNING: year = 2039, ep =0 
 	 Insufficient precipitation to grow glacier. 
 	 Volume glacier correction: 
 	 Volume should be 	8.351904e+13 m^3
 	 Volume corrected to 	4.292969e+10 m^3
 	 The rest is carried over to next year 

 	 HydroSnow Warning: There is Snow remaining on August 31 
 	 Snowremains 	 = 1.325740e+10 (m^3) 
 	 in year: 2039 
HydroGlacial WARNING: year = 2040, ep =0 
 	 Insufficient precipitation to grow glacier. 
 	 Volume glacier correction: 
 	 Volume should be 	8.351904e+13 m^3
 	 Volume corrected to 	6.109166e+10 m^3
 	 The rest is carried over to next year 

 	 HydroSnow Warning: There is Snow remaining on August 31 
 	 Snowremains 	 = 1.208550e+10 (m^3) 
 	 in year: 2040 
HydroGlacial WARNING: year = 2041, ep =0 
 	 Insufficient precipitation to grow glacier. 
 	 Volume glacier correction: 
 	 Volume should be 	8.351904e+13 m^3
 	 Volume corrected to 	8.588672e+10 m^3
 	 The rest is carried over to next year 

 	 HydroSnow Warning: There is Snow remaining on August 31 
 	 Snowremains 	 = 1.284784e+10 (m^3) 
 	 in year: 2041 
HydroGlacial WARNING: year = 2041, ep =0 
 	 Insufficient precipitation to grow glacier. 
 	 Volume glacier correction: 
 	 Volume should be 	8.351904e+13 m^3
 	 Volume corrected to 	2.479506e+10 m^3
 	 The rest is carried over to next year 

 	 HydroSnow Warning: There is Snow remaining on August 31 
 	 Snowremains 	 = 1.284784e+10 (m^3) 
 	 in year: 2041 
HydroGlacial WARNING: year = 2041, ep =0 
 	 Insufficient precipitation to grow glacier. 
 	 Volume glacier correction: 
 	 Volume should be 	8.351904e+13 m^3
 	 Volume corrected to 	2.479506e+10 m^3
 	 The rest is carried over to next year 

 	 HydroSnow Warning: There is Snow remaining on August 31 
 	 Snowremains 	 = 1.284784e+10 (m^3) 
 	 in year: 2041 
HydroGlacial WARNING: year = 2041, ep =0 
 	 Insufficient precipitation to grow glacier. 
 	 Volume glacier correction: 
 	 Volume should be 	8.351904e+13 m^3
 	 Volume corrected to 	2.479506e+10 m^3
 	 The rest is carried over to next year 

 	 HydroSnow Warning: There is Snow remaining on August 31 
 	 Snowremains 	 = 1.284784e+10 (m^3) 
 	 in year: 2041 
HydroGlacial WARNING: year = 2041, ep =0 
 	 Insufficient precipitation to grow glacier. 
 	 Volume glacier correction: 
 	 Volume should be 	8.351904e+13 m^3
 	 Volume corrected to 	2.479506e+10 m^3
 	 The rest is carried over to next year 

 	 HydroSnow Warning: There is Snow remaining on August 31 
 	 Snowremains 	 = 1.284784e+10 (m^3) 
 	 in year: 2041 
HydroGlacial WARNING: year = 2041, ep =0 
 	 Insufficient precipitation to grow glacier. 
 	 Volume glacier correction: 
 	 Volume should be 	8.351904e+13 m^3
 	 Volume corrected to 	2.479506e+10 m^3
 	 The rest is carried over to next year 

 	 HydroSnow Warning: There is Snow remaining on August 31 
 	 Snowremains 	 = 1.284784e+10 (m^3) 
 	 in year: 2041 
HydroGlacial WARNING: year = 2041, ep =0 
 	 Insufficient precipitation to grow glacier. 
 	 Volume glacier correction: 
 	 Volume should be 	8.351904e+13 m^3
 	 Volume corrected to 	2.479506e+10 m^3
 	 The rest is carried over to next year 

 	 HydroSnow Warning: There is Snow remaining on August 31 
 	 Snowremains 	 = 1.284784e+10 (m^3) 
 	 in year: 2041 
HydroGlacial WARNING: year = 2041, ep =0 
 	 Insufficient precipitation to grow glacier. 
 	 Volume glacier correction: 
 	 Volume should be 	8.351904e+13 m^3
 	 Volume corrected to 	2.479506e+10 m^3
 	 The rest is carried over to next year 

 	 HydroSnow Warning: There is Snow remaining on August 31 
 	 Snowremains 	 = 1.284784e+10 (m^3) 
 	 in year: 2041 
HydroGlacial WARNING: year = 2041, ep =0 
 	 Insufficient precipitation to grow glacier. 
 	 Volume glacier correction: 
 	 Volume should be 	8.351904e+13 m^3
 	 Volume corrected to 	2.479506e+10 m^3
 	 The rest is carried over to next year 

 	 HydroSnow Warning: There is Snow remaining on August 31 
 	 Snowremains 	 = 1.284784e+10 (m^3) 
 	 in year: 2041 
HydroGlacial WARNING: year = 2041, ep =0 
 	 Insufficient precipitation to grow glacier. 
 	 Volume glacier correction: 
 	 Volume should be 	8.351904e+13 m^3
 	 Volume corrected to 	2.479506e+10 m^3
 	 The rest is carried over to next year 

 	 HydroSnow Warning: There is Snow remaining on August 31 
 	 Snowremains 	 = 1.284784e+10 (m^3) 
 	 in year: 2041 
   FLOOD WARNING: the maximum predicted flood size has been exceeded. 
      Epoch 1, year 2041 
      Maximum predicted flood 55399.1 (m^3/s) 
      Modeled flood peak 71748.8 (m^3/s) 
HydroGlacial WARNING: year = 2042, ep =0 
 	 Insufficient precipitation to grow glacier. 
 	 Volume glacier correction: 
 	 Volume should be 	8.351904e+13 m^3
 	 Volume corrected to 	5.375318e+10 m^3
 	 The rest is carried over to next year 

 	 HydroSnow Warning: There is Snow remaining on August 31 
 	 Snowremains 	 = 2.784387e+10 (m^3) 
 	 in year: 2042 
HydroGlacial WARNING: year = 2042, ep =0 
 	 Insufficient precipitation to grow glacier. 
 	 Volume glacier correction: 
 	 Volume should be 	8.351904e+13 m^3
 	 Volume corrected to 	2.895812e+10 m^3
 	 The rest is carried over to next year 

 	 HydroSnow Warning: There is Snow remaining on August 31 
 	 Snowremains 	 = 2.784387e+10 (m^3) 
 	 in year: 2042 
HydroGlacial WARNING: year = 2042, ep =0 
 	 Insufficient precipitation to grow glacier. 
 	 Volume glacier correction: 
 	 Volume should be 	8.351904e+13 m^3
 	 Volume corrected to 	2.895812e+10 m^3
 	 The rest is carried over to next year 

 	 HydroSnow Warning: There is Snow remaining on August 31 
 	 Snowremains 	 = 2.784387e+10 (m^3) 
 	 in year: 2042 
HydroGlacial WARNING: year = 2042, ep =0 
 	 Insufficient precipitation to grow glacier. 
 	 Volume glacier correction: 
 	 Volume should be 	8.351904e+13 m^3
 	 Volume corrected to 	2.895812e+10 m^3
 	 The rest is carried over to next year 

 	 HydroSnow Warning: There is Snow remaining on August 31 
 	 Snowremains 	 = 2.784387e+10 (m^3) 
 	 in year: 2042 
HydroGlacial WARNING: year = 2042, ep =0 
 	 Insufficient precipitation to grow glacier. 
 	 Volume glacier correction: 
 	 Volume should be 	8.351904e+13 m^3
 	 Volume corrected to 	2.895812e+10 m^3
 	 The rest is carried over to next year 

 	 HydroSnow Warning: There is Snow remaining on August 31 
 	 Snowremains 	 = 2.784387e+10 (m^3) 
 	 in year: 2042 
HydroGlacial WARNING: year = 2042, ep =0 
 	 Insufficient precipitation to grow glacier. 
 	 Volume glacier correction: 
 	 Volume should be 	8.351904e+13 m^3
 	 Volume corrected to 	2.895812e+10 m^3
 	 The rest is carried over to next year 

 	 HydroSnow Warning: There is Snow remaining on August 31 
 	 Snowremains 	 = 2.784387e+10 (m^3) 
 	 in year: 2042 
HydroGlacial WARNING: year = 2042, ep =0 
 	 Insufficient precipitation to grow glacier. 
 	 Volume glacier correction: 
 	 Volume should be 	8.351904e+13 m^3
 	 Volume corrected to 	2.895812e+10 m^3
 	 The rest is carried over to next year 

 	 HydroSnow Warning: There is Snow remaining on August 31 
 	 Snowremains 	 = 2.784387e+10 (m^3) 
 	 in year: 2042 
HydroGlacial WARNING: year = 2042, ep =0 
 	 Insufficient precipitation to grow glacier. 
 	 Volume glacier correction: 
 	 Volume should be 	8.351904e+13 m^3
 	 Volume corrected to 	2.895812e+10 m^3
 	 The rest is carried over to next year 

 	 HydroSnow Warning: There is Snow remaining on August 31 
 	 Snowremains 	 = 2.784387e+10 (m^3) 
 	 in year: 2042 
HydroGlacial WARNING: year = 2042, ep =0 
 	 Insufficient precipitation to grow glacier. 
 	 Volume glacier correction: 
 	 Volume should be 	8.351904e+13 m^3
 	 Volume corrected to 	2.895812e+10 m^3
 	 The rest is carried over to next year 

 	 HydroSnow Warning: There is Snow remaining on August 31 
 	 Snowremains 	 = 2.784387e+10 (m^3) 
 	 in year: 2042 
HydroGlacial WARNING: year = 2042, ep =0 
 	 Insufficient precipitation to grow glacier. 
 	 Volume glacier correction: 
 	 Volume should be 	8.351904e+13 m^3
 	 Volume corrected to 	2.895812e+10 m^3
 	 The rest is carried over to next year 

 	 HydroSnow Warning: There is Snow remaining on August 31 
 	 Snowremains 	 = 2.784387e+10 (m^3) 
 	 in year: 2042 
   FLOOD WARNING: the maximum predicted flood size has been exceeded. 
      Epoch 1, year 2042 
      Maximum predicted flood 55399.1 (m^3/s) 
      Modeled flood peak 87113.6 (m^3/s) 
HydroGlacial WARNING: year = 2043, ep =0 
 	 Insufficient precipitation to grow glacier. 
 	 Volume glacier correction: 
 	 Volume should be 	8.351904e+13 m^3
 	 Volume corrected to 	5.067786e+10 m^3
 	 The rest is carried over to next year 

 	 HydroSnow Warning: There is Snow remaining on August 31 
 	 Snowremains 	 = 2.203914e+10 (m^3) 
 	 in year: 2043 
HydroGlacial WARNING: year = 2043, ep =0 
 	 Insufficient precipitation to grow glacier. 
 	 Volume glacier correction: 
 	 Volume should be 	8.351904e+13 m^3
 	 Volume corrected to 	2.171974e+10 m^3
 	 The rest is carried over to next year 

 	 HydroSnow Warning: There is Snow remaining on August 31 
 	 Snowremains 	 = 2.203914e+10 (m^3) 
 	 in year: 2043 
HydroGlacial WARNING: year = 2043, ep =0 
 	 Insufficient precipitation to grow glacier. 
 	 Volume glacier correction: 
 	 Volume should be 	8.351904e+13 m^3
 	 Volume corrected to 	2.171974e+10 m^3
 	 The rest is carried over to next year 

 	 HydroSnow Warning: There is Snow remaining on August 31 
 	 Snowremains 	 = 2.203914e+10 (m^3) 
 	 in year: 2043 
HydroGlacial WARNING: year = 2043, ep =0 
 	 Insufficient precipitation to grow glacier. 
 	 Volume glacier correction: 
 	 Volume should be 	8.351904e+13 m^3
 	 Volume corrected to 	2.171974e+10 m^3
 	 The rest is carried over to next year 

 	 HydroSnow Warning: There is Snow remaining on August 31 
 	 Snowremains 	 = 2.203914e+10 (m^3) 
 	 in year: 2043 
HydroGlacial WARNING: year = 2043, ep =0 
 	 Insufficient precipitation to grow glacier. 
 	 Volume glacier correction: 
 	 Volume should be 	8.351904e+13 m^3
 	 Volume corrected to 	2.171974e+10 m^3
 	 The rest is carried over to next year 

 	 HydroSnow Warning: There is Snow remaining on August 31 
 	 Snowremains 	 = 2.203914e+10 (m^3) 
 	 in year: 2043 
HydroGlacial WARNING: year = 2043, ep =0 
 	 Insufficient precipitation to grow glacier. 
 	 Volume glacier correction: 
 	 Volume should be 	8.351904e+13 m^3
 	 Volume corrected to 	2.171974e+10 m^3
 	 The rest is carried over to next year 

 	 HydroSnow Warning: There is Snow remaining on August 31 
 	 Snowremains 	 = 2.203914e+10 (m^3) 
 	 in year: 2043 
HydroGlacial WARNING: year = 2043, ep =0 
 	 Insufficient precipitation to grow glacier. 
 	 Volume glacier correction: 
 	 Volume should be 	8.351904e+13 m^3
 	 Volume corrected to 	2.171974e+10 m^3
 	 The rest is carried over to next year 

 	 HydroSnow Warning: There is Snow remaining on August 31 
 	 Snowremains 	 = 2.203914e+10 (m^3) 
 	 in year: 2043 
HydroGlacial WARNING: year = 2043, ep =0 
 	 Insufficient precipitation to grow glacier. 
 	 Volume glacier correction: 
 	 Volume should be 	8.351904e+13 m^3
 	 Volume corrected to 	2.171974e+10 m^3
 	 The rest is carried over to next year 

 	 HydroSnow Warning: There is Snow remaining on August 31 
 	 Snowremains 	 = 2.203914e+10 (m^3) 
 	 in year: 2043 
HydroGlacial WARNING: year = 2043, ep =0 
 	 Insufficient precipitation to grow glacier. 
 	 Volume glacier correction: 
 	 Volume should be 	8.351904e+13 m^3
 	 Volume corrected to 	2.171974e+10 m^3
 	 The rest is carried over to next year 

 	 HydroSnow Warning: There is Snow remaining on August 31 
 	 Snowremains 	 = 2.203914e+10 (m^3) 
 	 in year: 2043 
HydroGlacial WARNING: year = 2043, ep =0 
 	 Insufficient precipitation to grow glacier. 
 	 Volume glacier correction: 
 	 Volume should be 	8.351904e+13 m^3
 	 Volume corrected to 	2.171974e+10 m^3
 	 The rest is carried over to next year 

 	 HydroSnow Warning: There is Snow remaining on August 31 
 	 Snowremains 	 = 2.203914e+10 (m^3) 
 	 in year: 2043 
   FLOOD WARNING: the maximum predicted flood size has been exceeded. 
      Epoch 1, year 2043 
      Maximum predicted flood 55399.1 (m^3/s) 
      Modeled flood peak 67058.9 (m^3/s) 
HydroGlacial WARNING: year = 2044, ep =0 
 	 Insufficient precipitation to grow glacier. 
 	 Volume glacier correction: 
 	 Volume should be 	8.351904e+13 m^3
 	 Volume corrected to 	4.477817e+10 m^3
 	 The rest is carried over to next year 

 	 HydroSnow Warning: There is Snow remaining on August 31 
 	 Snowremains 	 = 2.450583e+10 (m^3) 
 	 in year: 2044 
HydroGlacial WARNING: year = 2044, ep =0 
 	 Insufficient precipitation to grow glacier. 
 	 Volume glacier correction: 
 	 Volume should be 	8.351904e+13 m^3
 	 Volume corrected to 	2.305843e+10 m^3
 	 The rest is carried over to next year 

 	 HydroSnow Warning: There is Snow remaining on August 31 
 	 Snowremains 	 = 2.450583e+10 (m^3) 
 	 in year: 2044 
HydroGlacial WARNING: year = 2044, ep =0 
 	 Insufficient precipitation to grow glacier. 
 	 Volume glacier correction: 
 	 Volume should be 	8.351904e+13 m^3
 	 Volume corrected to 	2.305843e+10 m^3
 	 The rest is carried over to next year 

 	 HydroSnow Warning: There is Snow remaining on August 31 
 	 Snowremains 	 = 2.450583e+10 (m^3) 
 	 in year: 2044 
HydroGlacial WARNING: year = 2044, ep =0 
 	 Insufficient precipitation to grow glacier. 
 	 Volume glacier correction: 
 	 Volume should be 	8.351904e+13 m^3
 	 Volume corrected to 	2.305843e+10 m^3
 	 The rest is carried over to next year 

 	 HydroSnow Warning: There is Snow remaining on August 31 
 	 Snowremains 	 = 2.450583e+10 (m^3) 
 	 in year: 2044 
HydroGlacial WARNING: year = 2044, ep =0 
 	 Insufficient precipitation to grow glacier. 
 	 Volume glacier correction: 
 	 Volume should be 	8.351904e+13 m^3
 	 Volume corrected to 	2.305843e+10 m^3
 	 The rest is carried over to next year 

 	 HydroSnow Warning: There is Snow remaining on August 31 
 	 Snowremains 	 = 2.450583e+10 (m^3) 
 	 in year: 2044 
HydroGlacial WARNING: year = 2044, ep =0 
 	 Insufficient precipitation to grow glacier. 
 	 Volume glacier correction: 
 	 Volume should be 	8.351904e+13 m^3
 	 Volume corrected to 	2.305843e+10 m^3
 	 The rest is carried over to next year 

 	 HydroSnow Warning: There is Snow remaining on August 31 
 	 Snowremains 	 = 2.450583e+10 (m^3) 
 	 in year: 2044 
HydroGlacial WARNING: year = 2044, ep =0 
 	 Insufficient precipitation to grow glacier. 
 	 Volume glacier correction: 
 	 Volume should be 	8.351904e+13 m^3
 	 Volume corrected to 	2.305843e+10 m^3
 	 The rest is carried over to next year 

 	 HydroSnow Warning: There is Snow remaining on August 31 
 	 Snowremains 	 = 2.450583e+10 (m^3) 
 	 in year: 2044 
HydroGlacial WARNING: year = 2044, ep =0 
 	 Insufficient precipitation to grow glacier. 
 	 Volume glacier correction: 
 	 Volume should be 	8.351904e+13 m^3
 	 Volume corrected to 	2.305843e+10 m^3
 	 The rest is carried over to next year 

 	 HydroSnow Warning: There is Snow remaining on August 31 
 	 Snowremains 	 = 2.450583e+10 (m^3) 
 	 in year: 2044 
HydroGlacial WARNING: year = 2044, ep =0 
 	 Insufficient precipitation to grow glacier. 
 	 Volume glacier correction: 
 	 Volume should be 	8.351904e+13 m^3
 	 Volume corrected to 	2.305843e+10 m^3
 	 The rest is carried over to next year 

 	 HydroSnow Warning: There is Snow remaining on August 31 
 	 Snowremains 	 = 2.450583e+10 (m^3) 
 	 in year: 2044 
HydroGlacial WARNING: year = 2044, ep =0 
 	 Insufficient precipitation to grow glacier. 
 	 Volume glacier correction: 
 	 Volume should be 	8.351904e+13 m^3
 	 Volume corrected to 	2.305843e+10 m^3
 	 The rest is carried over to next year 

 	 HydroSnow Warning: There is Snow remaining on August 31 
 	 Snowremains 	 = 2.450583e+10 (m^3) 
 	 in year: 2044 
   FLOOD WARNING: the maximum predicted flood size has been exceeded. 
      Epoch 1, year 2044 
      Maximum predicted flood 55399.1 (m^3/s) 
      Modeled flood peak 58740.3 (m^3/s) 
HydroGlacial WARNING: year = 2045, ep =0 
 	 Insufficient precipitation to grow glacier. 
 	 Volume glacier correction: 
 	 Volume should be 	8.351904e+13 m^3
 	 Volume corrected to 	3.941352e+10 m^3
 	 The rest is carried over to next year 

 	 HydroSnow Warning: There is Snow remaining on August 31 
 	 Snowremains 	 = 1.981803e+10 (m^3) 
 	 in year: 2045 
HydroGlacial WARNING: year = 2045, ep =0 
 	 Insufficient precipitation to grow glacier. 
 	 Volume glacier correction: 
 	 Volume should be 	8.351904e+13 m^3
 	 Volume corrected to 	1.635509e+10 m^3
 	 The rest is carried over to next year 

 	 HydroSnow Warning: There is Snow remaining on August 31 
 	 Snowremains 	 = 1.981803e+10 (m^3) 
 	 in year: 2045 
HydroGlacial WARNING: year = 2045, ep =0 
 	 Insufficient precipitation to grow glacier. 
 	 Volume glacier correction: 
 	 Volume should be 	8.351904e+13 m^3
 	 Volume corrected to 	1.635509e+10 m^3
 	 The rest is carried over to next year 

 	 HydroSnow Warning: There is Snow remaining on August 31 
 	 Snowremains 	 = 1.981803e+10 (m^3) 
 	 in year: 2045 
HydroGlacial WARNING: year = 2045, ep =0 
 	 Insufficient precipitation to grow glacier. 
 	 Volume glacier correction: 
 	 Volume should be 	8.351904e+13 m^3
 	 Volume corrected to 	1.635509e+10 m^3
 	 The rest is carried over to next year 

 	 HydroSnow Warning: There is Snow remaining on August 31 
 	 Snowremains 	 = 1.981803e+10 (m^3) 
 	 in year: 2045 
HydroGlacial WARNING: year = 2045, ep =0 
 	 Insufficient precipitation to grow glacier. 
 	 Volume glacier correction: 
 	 Volume should be 	8.351904e+13 m^3
 	 Volume corrected to 	1.635509e+10 m^3
 	 The rest is carried over to next year 

 	 HydroSnow Warning: There is Snow remaining on August 31 
 	 Snowremains 	 = 1.981803e+10 (m^3) 
 	 in year: 2045 
HydroGlacial WARNING: year = 2045, ep =0 
 	 Insufficient precipitation to grow glacier. 
 	 Volume glacier correction: 
 	 Volume should be 	8.351904e+13 m^3
 	 Volume corrected to 	1.635509e+10 m^3
 	 The rest is carried over to next year 

 	 HydroSnow Warning: There is Snow remaining on August 31 
 	 Snowremains 	 = 1.981803e+10 (m^3) 
 	 in year: 2045 
HydroGlacial WARNING: year = 2045, ep =0 
 	 Insufficient precipitation to grow glacier. 
 	 Volume glacier correction: 
 	 Volume should be 	8.351904e+13 m^3
 	 Volume corrected to 	1.635509e+10 m^3
 	 The rest is carried over to next year 

 	 HydroSnow Warning: There is Snow remaining on August 31 
 	 Snowremains 	 = 1.981803e+10 (m^3) 
 	 in year: 2045 
HydroGlacial WARNING: year = 2045, ep =0 
 	 Insufficient precipitation to grow glacier. 
 	 Volume glacier correction: 
 	 Volume should be 	8.351904e+13 m^3
 	 Volume corrected to 	1.635509e+10 m^3
 	 The rest is carried over to next year 

 	 HydroSnow Warning: There is Snow remaining on August 31 
 	 Snowremains 	 = 1.981803e+10 (m^3) 
 	 in year: 2045 
HydroGlacial WARNING: year = 2045, ep =0 
 	 Insufficient precipitation to grow glacier. 
 	 Volume glacier correction: 
 	 Volume should be 	8.351904e+13 m^3
 	 Volume corrected to 	1.635509e+10 m^3
 	 The rest is carried over to next year 

 	 HydroSnow Warning: There is Snow remaining on August 31 
 	 Snowremains 	 = 1.981803e+10 (m^3) 
 	 in year: 2045 
HydroGlacial WARNING: year = 2045, ep =0 
 	 Insufficient precipitation to grow glacier. 
 	 Volume glacier correction: 
 	 Volume should be 	8.351904e+13 m^3
 	 Volume corrected to 	1.635509e+10 m^3
 	 The rest is carried over to next year 

 	 HydroSnow Warning: There is Snow remaining on August 31 
 	 Snowremains 	 = 1.981803e+10 (m^3) 
 	 in year: 2045 
   FLOOD WARNING: the maximum predicted flood size has been exceeded. 
      Epoch 1, year 2045 
      Maximum predicted flood 55399.1 (m^3/s) 
      Modeled flood peak 60859.6 (m^3/s) 
HydroGlacial WARNING: year = 2046, ep =0 
 	 Insufficient precipitation to grow glacier. 
 	 Volume glacier correction: 
 	 Volume should be 	8.351904e+13 m^3
 	 Volume corrected to 	4.616529e+10 m^3
 	 The rest is carried over to next year 

 	 HydroSnow Warning: There is Snow remaining on August 31 
 	 Snowremains 	 = 2.502126e+10 (m^3) 
 	 in year: 2046 
HydroGlacial WARNING: year = 2046, ep =0 
 	 Insufficient precipitation to grow glacier. 
 	 Volume glacier correction: 
 	 Volume should be 	8.351904e+13 m^3
 	 Volume corrected to 	2.981019e+10 m^3
 	 The rest is carried over to next year 

 	 HydroSnow Warning: There is Snow remaining on August 31 
 	 Snowremains 	 = 2.502126e+10 (m^3) 
 	 in year: 2046 
HydroGlacial WARNING: year = 2046, ep =0 
 	 Insufficient precipitation to grow glacier. 
 	 Volume glacier correction: 
 	 Volume should be 	8.351904e+13 m^3
 	 Volume corrected to 	2.981019e+10 m^3
 	 The rest is carried over to next year 

 	 HydroSnow Warning: There is Snow remaining on August 31 
 	 Snowremains 	 = 2.502126e+10 (m^3) 
 	 in year: 2046 
HydroGlacial WARNING: year = 2046, ep =0 
 	 Insufficient precipitation to grow glacier. 
 	 Volume glacier correction: 
 	 Volume should be 	8.351904e+13 m^3
 	 Volume corrected to 	2.981019e+10 m^3
 	 The rest is carried over to next year 

 	 HydroSnow Warning: There is Snow remaining on August 31 
 	 Snowremains 	 = 2.502126e+10 (m^3) 
 	 in year: 2046 
HydroGlacial WARNING: year = 2046, ep =0 
 	 Insufficient precipitation to grow glacier. 
 	 Volume glacier correction: 
 	 Volume should be 	8.351904e+13 m^3
 	 Volume corrected to 	2.981019e+10 m^3
 	 The rest is carried over to next year 

 	 HydroSnow Warning: There is Snow remaining on August 31 
 	 Snowremains 	 = 2.502126e+10 (m^3) 
 	 in year: 2046 
HydroGlacial WARNING: year = 2046, ep =0 
 	 Insufficient precipitation to grow glacier. 
 	 Volume glacier correction: 
 	 Volume should be 	8.351904e+13 m^3
 	 Volume corrected to 	2.981019e+10 m^3
 	 The rest is carried over to next year 

 	 HydroSnow Warning: There is Snow remaining on August 31 
 	 Snowremains 	 = 2.502126e+10 (m^3) 
 	 in year: 2046 
HydroGlacial WARNING: year = 2046, ep =0 
 	 Insufficient precipitation to grow glacier. 
 	 Volume glacier correction: 
 	 Volume should be 	8.351904e+13 m^3
 	 Volume corrected to 	2.981019e+10 m^3
 	 The rest is carried over to next year 

 	 HydroSnow Warning: There is Snow remaining on August 31 
 	 Snowremains 	 = 2.502126e+10 (m^3) 
 	 in year: 2046 
HydroGlacial WARNING: year = 2046, ep =0 
 	 Insufficient precipitation to grow glacier. 
 	 Volume glacier correction: 
 	 Volume should be 	8.351904e+13 m^3
 	 Volume corrected to 	2.981019e+10 m^3
 	 The rest is carried over to next year 

 	 HydroSnow Warning: There is Snow remaining on August 31 
 	 Snowremains 	 = 2.502126e+10 (m^3) 
 	 in year: 2046 
HydroGlacial WARNING: year = 2046, ep =0 
 	 Insufficient precipitation to grow glacier. 
 	 Volume glacier correction: 
 	 Volume should be 	8.351904e+13 m^3
 	 Volume corrected to 	2.981019e+10 m^3
 	 The rest is carried over to next year 

 	 HydroSnow Warning: There is Snow remaining on August 31 
 	 Snowremains 	 = 2.502126e+10 (m^3) 
 	 in year: 2046 
HydroGlacial WARNING: year = 2046, ep =0 
 	 Insufficient precipitation to grow glacier. 
 	 Volume glacier correction: 
 	 Volume should be 	8.351904e+13 m^3
 	 Volume corrected to 	2.981019e+10 m^3
 	 The rest is carried over to next year 

 	 HydroSnow Warning: There is Snow remaining on August 31 
 	 Snowremains 	 = 2.502126e+10 (m^3) 
 	 in year: 2046 
   FLOOD WARNING: the maximum predicted flood size has been exceeded. 
      Epoch 1, year 2046 
      Maximum predicted flood 55399.1 (m^3/s) 
      Modeled flood peak 59354.8 (m^3/s) 
HydroGlacial WARNING: year = 2047, ep =0 
 	 Insufficient precipitation to grow glacier. 
 	 Volume glacier correction: 
 	 Volume should be 	8.351904e+13 m^3
 	 Volume corrected to 	5.362271e+10 m^3
 	 The rest is carried over to next year 

 	 HydroSnow Warning: There is Snow remaining on August 31 
 	 Snowremains 	 = 2.851663e+10 (m^3) 
 	 in year: 2047 
HydroGlacial WARNING: year = 2047, ep =0 
 	 Insufficient precipitation to grow glacier. 
 	 Volume glacier correction: 
 	 Volume should be 	8.351904e+13 m^3
 	 Volume corrected to 	2.381251e+10 m^3
 	 The rest is carried over to next year 

 	 HydroSnow Warning: There is Snow remaining on August 31 
 	 Snowremains 	 = 2.851663e+10 (m^3) 
 	 in year: 2047 
HydroGlacial WARNING: year = 2047, ep =0 
 	 Insufficient precipitation to grow glacier. 
 	 Volume glacier correction: 
 	 Volume should be 	8.351904e+13 m^3
 	 Volume corrected to 	2.381251e+10 m^3
 	 The rest is carried over to next year 

 	 HydroSnow Warning: There is Snow remaining on August 31 
 	 Snowremains 	 = 2.851663e+10 (m^3) 
 	 in year: 2047 
HydroGlacial WARNING: year = 2047, ep =0 
 	 Insufficient precipitation to grow glacier. 
 	 Volume glacier correction: 
 	 Volume should be 	8.351904e+13 m^3
 	 Volume corrected to 	2.381251e+10 m^3
 	 The rest is carried over to next year 

 	 HydroSnow Warning: There is Snow remaining on August 31 
 	 Snowremains 	 = 2.851663e+10 (m^3) 
 	 in year: 2047 
HydroGlacial WARNING: year = 2047, ep =0 
 	 Insufficient precipitation to grow glacier. 
 	 Volume glacier correction: 
 	 Volume should be 	8.351904e+13 m^3
 	 Volume corrected to 	2.381251e+10 m^3
 	 The rest is carried over to next year 

 	 HydroSnow Warning: There is Snow remaining on August 31 
 	 Snowremains 	 = 2.851663e+10 (m^3) 
 	 in year: 2047 
HydroGlacial WARNING: year = 2047, ep =0 
 	 Insufficient precipitation to grow glacier. 
 	 Volume glacier correction: 
 	 Volume should be 	8.351904e+13 m^3
 	 Volume corrected to 	2.381251e+10 m^3
 	 The rest is carried over to next year 

 	 HydroSnow Warning: There is Snow remaining on August 31 
 	 Snowremains 	 = 2.851663e+10 (m^3) 
 	 in year: 2047 
HydroGlacial WARNING: year = 2047, ep =0 
 	 Insufficient precipitation to grow glacier. 
 	 Volume glacier correction: 
 	 Volume should be 	8.351904e+13 m^3
 	 Volume corrected to 	2.381251e+10 m^3
 	 The rest is carried over to next year 

 	 HydroSnow Warning: There is Snow remaining on August 31 
 	 Snowremains 	 = 2.851663e+10 (m^3) 
 	 in year: 2047 
HydroGlacial WARNING: year = 2047, ep =0 
 	 Insufficient precipitation to grow glacier. 
 	 Volume glacier correction: 
 	 Volume should be 	8.351904e+13 m^3
 	 Volume corrected to 	2.381251e+10 m^3
 	 The rest is carried over to next year 

 	 HydroSnow Warning: There is Snow remaining on August 31 
 	 Snowremains 	 = 2.851663e+10 (m^3) 
 	 in year: 2047 
HydroGlacial WARNING: year = 2047, ep =0 
 	 Insufficient precipitation to grow glacier. 
 	 Volume glacier correction: 
 	 Volume should be 	8.351904e+13 m^3
 	 Volume corrected to 	2.381251e+10 m^3
 	 The rest is carried over to next year 

 	 HydroSnow Warning: There is Snow remaining on August 31 
 	 Snowremains 	 = 2.851663e+10 (m^3) 
 	 in year: 2047 
HydroGlacial WARNING: year = 2047, ep =0 
 	 Insufficient precipitation to grow glacier. 
 	 Volume glacier correction: 
 	 Volume should be 	8.351904e+13 m^3
 	 Volume corrected to 	2.381251e+10 m^3
 	 The rest is carried over to next year 

 	 HydroSnow Warning: There is Snow remaining on August 31 
 	 Snowremains 	 = 2.851663e+10 (m^3) 
 	 in year: 2047 
   FLOOD WARNING: the maximum predicted flood size has been exceeded. 
      Epoch 1, year 2047 
      Maximum predicted flood 55399.1 (m^3/s) 
      Modeled flood peak 57529.4 (m^3/s) 
HydroGlacial WARNING: year = 2048, ep =0 
 	 Insufficient precipitation to grow glacier. 
 	 Volume glacier correction: 
 	 Volume should be 	8.351904e+13 m^3
 	 Volume corrected to 	5.007988e+10 m^3
 	 The rest is carried over to next year 

 	 HydroSnow Warning: There is Snow remaining on August 31 
 	 Snowremains 	 = 3.264209e+10 (m^3) 
 	 in year: 2048 
HydroGlacial WARNING: year = 2048, ep =0 
 	 Insufficient precipitation to grow glacier. 
 	 Volume glacier correction: 
 	 Volume should be 	8.351904e+13 m^3
 	 Volume corrected to 	2.626737e+10 m^3
 	 The rest is carried over to next year 

 	 HydroSnow Warning: There is Snow remaining on August 31 
 	 Snowremains 	 = 3.264209e+10 (m^3) 
 	 in year: 2048 
HydroGlacial WARNING: year = 2048, ep =0 
 	 Insufficient precipitation to grow glacier. 
 	 Volume glacier correction: 
 	 Volume should be 	8.351904e+13 m^3
 	 Volume corrected to 	2.626737e+10 m^3
 	 The rest is carried over to next year 

 	 HydroSnow Warning: There is Snow remaining on August 31 
 	 Snowremains 	 = 3.264209e+10 (m^3) 
 	 in year: 2048 
HydroGlacial WARNING: year = 2048, ep =0 
 	 Insufficient precipitation to grow glacier. 
 	 Volume glacier correction: 
 	 Volume should be 	8.351904e+13 m^3
 	 Volume corrected to 	2.626737e+10 m^3
 	 The rest is carried over to next year 

 	 HydroSnow Warning: There is Snow remaining on August 31 
 	 Snowremains 	 = 3.264209e+10 (m^3) 
 	 in year: 2048 
HydroGlacial WARNING: year = 2048, ep =0 
 	 Insufficient precipitation to grow glacier. 
 	 Volume glacier correction: 
 	 Volume should be 	8.351904e+13 m^3
 	 Volume corrected to 	2.626737e+10 m^3
 	 The rest is carried over to next year 

 	 HydroSnow Warning: There is Snow remaining on August 31 
 	 Snowremains 	 = 3.264209e+10 (m^3) 
 	 in year: 2048 
HydroGlacial WARNING: year = 2048, ep =0 
 	 Insufficient precipitation to grow glacier. 
 	 Volume glacier correction: 
 	 Volume should be 	8.351904e+13 m^3
 	 Volume corrected to 	2.626737e+10 m^3
 	 The rest is carried over to next year 

 	 HydroSnow Warning: There is Snow remaining on August 31 
 	 Snowremains 	 = 3.264209e+10 (m^3) 
 	 in year: 2048 
HydroGlacial WARNING: year = 2048, ep =0 
 	 Insufficient precipitation to grow glacier. 
 	 Volume glacier correction: 
 	 Volume should be 	8.351904e+13 m^3
 	 Volume corrected to 	2.626737e+10 m^3
 	 The rest is carried over to next year 

 	 HydroSnow Warning: There is Snow remaining on August 31 
 	 Snowremains 	 = 3.264209e+10 (m^3) 
 	 in year: 2048 
HydroGlacial WARNING: year = 2048, ep =0 
 	 Insufficient precipitation to grow glacier. 
 	 Volume glacier correction: 
 	 Volume should be 	8.351904e+13 m^3
 	 Volume corrected to 	2.626737e+10 m^3
 	 The rest is carried over to next year 

 	 HydroSnow Warning: There is Snow remaining on August 31 
 	 Snowremains 	 = 3.264209e+10 (m^3) 
 	 in year: 2048 
HydroGlacial WARNING: year = 2048, ep =0 
 	 Insufficient precipitation to grow glacier. 
 	 Volume glacier correction: 
 	 Volume should be 	8.351904e+13 m^3
 	 Volume corrected to 	2.626737e+10 m^3
 	 The rest is carried over to next year 

 	 HydroSnow Warning: There is Snow remaining on August 31 
 	 Snowremains 	 = 3.264209e+10 (m^3) 
 	 in year: 2048 
HydroGlacial WARNING: year = 2048, ep =0 
 	 Insufficient precipitation to grow glacier. 
 	 Volume glacier correction: 
 	 Volume should be 	8.351904e+13 m^3
 	 Volume corrected to 	2.626737e+10 m^3
 	 The rest is carried over to next year 

 	 HydroSnow Warning: There is Snow remaining on August 31 
 	 Snowremains 	 = 3.264209e+10 (m^3) 
 	 in year: 2048 
   FLOOD WARNING: the maximum predicted flood size has been exceeded. 
      Epoch 1, year 2048 
      Maximum predicted flood 55399.1 (m^3/s) 
      Modeled flood peak 76217.2 (m^3/s) 
HydroGlacial WARNING: year = 2049, ep =0 
 	 Insufficient precipitation to grow glacier. 
 	 Volume glacier correction: 
 	 Volume should be 	8.351904e+13 m^3
 	 Volume corrected to 	4.516565e+10 m^3
 	 The rest is carried over to next year 

 	 HydroSnow Warning: There is Snow remaining on August 31 
 	 Snowremains 	 = 2.747180e+10 (m^3) 
 	 in year: 2049 
HydroGlacial WARNING: year = 2049, ep =0 
 	 Insufficient precipitation to grow glacier. 
 	 Volume glacier correction: 
 	 Volume should be 	8.351904e+13 m^3
 	 Volume corrected to 	1.889828e+10 m^3
 	 The rest is carried over to next year 

 	 HydroSnow Warning: There is Snow remaining on August 31 
 	 Snowremains 	 = 2.747180e+10 (m^3) 
 	 in year: 2049 
HydroGlacial WARNING: year = 2049, ep =0 
 	 Insufficient precipitation to grow glacier. 
 	 Volume glacier correction: 
 	 Volume should be 	8.351904e+13 m^3
 	 Volume corrected to 	1.889828e+10 m^3
 	 The rest is carried over to next year 

 	 HydroSnow Warning: There is Snow remaining on August 31 
 	 Snowremains 	 = 2.747180e+10 (m^3) 
 	 in year: 2049 
HydroGlacial WARNING: year = 2049, ep =0 
 	 Insufficient precipitation to grow glacier. 
 	 Volume glacier correction: 
 	 Volume should be 	8.351904e+13 m^3
 	 Volume corrected to 	1.889828e+10 m^3
 	 The rest is carried over to next year 

 	 HydroSnow Warning: There is Snow remaining on August 31 
 	 Snowremains 	 = 2.747180e+10 (m^3) 
 	 in year: 2049 
HydroGlacial WARNING: year = 2049, ep =0 
 	 Insufficient precipitation to grow glacier. 
 	 Volume glacier correction: 
 	 Volume should be 	8.351904e+13 m^3
 	 Volume corrected to 	1.889828e+10 m^3
 	 The rest is carried over to next year 

 	 HydroSnow Warning: There is Snow remaining on August 31 
 	 Snowremains 	 = 2.747180e+10 (m^3) 
 	 in year: 2049 
HydroGlacial WARNING: year = 2049, ep =0 
 	 Insufficient precipitation to grow glacier. 
 	 Volume glacier correction: 
 	 Volume should be 	8.351904e+13 m^3
 	 Volume corrected to 	1.889828e+10 m^3
 	 The rest is carried over to next year 

 	 HydroSnow Warning: There is Snow remaining on August 31 
 	 Snowremains 	 = 2.747180e+10 (m^3) 
 	 in year: 2049 
HydroGlacial WARNING: year = 2049, ep =0 
 	 Insufficient precipitation to grow glacier. 
 	 Volume glacier correction: 
 	 Volume should be 	8.351904e+13 m^3
 	 Volume corrected to 	1.889828e+10 m^3
 	 The rest is carried over to next year 

 	 HydroSnow Warning: There is Snow remaining on August 31 
 	 Snowremains 	 = 2.747180e+10 (m^3) 
 	 in year: 2049 
HydroGlacial WARNING: year = 2049, ep =0 
 	 Insufficient precipitation to grow glacier. 
 	 Volume glacier correction: 
 	 Volume should be 	8.351904e+13 m^3
 	 Volume corrected to 	1.889828e+10 m^3
 	 The rest is carried over to next year 

 	 HydroSnow Warning: There is Snow remaining on August 31 
 	 Snowremains 	 = 2.747180e+10 (m^3) 
 	 in year: 2049 
HydroGlacial WARNING: year = 2049, ep =0 
 	 Insufficient precipitation to grow glacier. 
 	 Volume glacier correction: 
 	 Volume should be 	8.351904e+13 m^3
 	 Volume corrected to 	1.889828e+10 m^3
 	 The rest is carried over to next year 

 	 HydroSnow Warning: There is Snow remaining on August 31 
 	 Snowremains 	 = 2.747180e+10 (m^3) 
 	 in year: 2049 
HydroGlacial WARNING: year = 2049, ep =0 
 	 Insufficient precipitation to grow glacier. 
 	 Volume glacier correction: 
 	 Volume should be 	8.351904e+13 m^3
 	 Volume corrected to 	1.889828e+10 m^3
 	 The rest is carried over to next year 

 	 HydroSnow Warning: There is Snow remaining on August 31 
 	 Snowremains 	 = 2.747180e+10 (m^3) 
 	 in year: 2049 
   FLOOD WARNING: the maximum predicted flood size has been exceeded. 
      Epoch 1, year 2049 
      Maximum predicted flood 55399.1 (m^3/s) 
      Modeled flood peak 76107 (m^3/s) 
HydroGlacial WARNING: year = 2050, ep =0 
 	 Insufficient precipitation to grow glacier. 
 	 Volume glacier correction: 
 	 Volume should be 	8.351904e+13 m^3
 	 Volume corrected to 	3.795832e+10 m^3
 	 The rest is carried over to next year 

 	 HydroSnow Warning: There is Snow remaining on August 31 
 	 Snowremains 	 = 2.410135e+10 (m^3) 
 	 in year: 2050 
HydroGlacial WARNING: year = 2050, ep =0 
 	 Insufficient precipitation to grow glacier. 
 	 Volume glacier correction: 
 	 Volume should be 	8.351904e+13 m^3
 	 Volume corrected to 	1.906003e+10 m^3
 	 The rest is carried over to next year 

 	 HydroSnow Warning: There is Snow remaining on August 31 
 	 Snowremains 	 = 2.410135e+10 (m^3) 
 	 in year: 2050 
HydroGlacial WARNING: year = 2050, ep =0 
 	 Insufficient precipitation to grow glacier. 
 	 Volume glacier correction: 
 	 Volume should be 	8.351904e+13 m^3
 	 Volume corrected to 	1.906003e+10 m^3
 	 The rest is carried over to next year 

 	 HydroSnow Warning: There is Snow remaining on August 31 
 	 Snowremains 	 = 2.410135e+10 (m^3) 
 	 in year: 2050 
HydroGlacial WARNING: year = 2050, ep =0 
 	 Insufficient precipitation to grow glacier. 
 	 Volume glacier correction: 
 	 Volume should be 	8.351904e+13 m^3
 	 Volume corrected to 	1.906003e+10 m^3
 	 The rest is carried over to next year 

 	 HydroSnow Warning: There is Snow remaining on August 31 
 	 Snowremains 	 = 2.410135e+10 (m^3) 
 	 in year: 2050 
HydroGlacial WARNING: year = 2050, ep =0 
 	 Insufficient precipitation to grow glacier. 
 	 Volume glacier correction: 
 	 Volume should be 	8.351904e+13 m^3
 	 Volume corrected to 	1.906003e+10 m^3
 	 The rest is carried over to next year 

 	 HydroSnow Warning: There is Snow remaining on August 31 
 	 Snowremains 	 = 2.410135e+10 (m^3) 
 	 in year: 2050 
HydroGlacial WARNING: year = 2050, ep =0 
 	 Insufficient precipitation to grow glacier. 
 	 Volume glacier correction: 
 	 Volume should be 	8.351904e+13 m^3
 	 Volume corrected to 	1.906003e+10 m^3
 	 The rest is carried over to next year 

 	 HydroSnow Warning: There is Snow remaining on August 31 
 	 Snowremains 	 = 2.410135e+10 (m^3) 
 	 in year: 2050 
HydroGlacial WARNING: year = 2050, ep =0 
 	 Insufficient precipitation to grow glacier. 
 	 Volume glacier correction: 
 	 Volume should be 	8.351904e+13 m^3
 	 Volume corrected to 	1.906003e+10 m^3
 	 The rest is carried over to next year 

 	 HydroSnow Warning: There is Snow remaining on August 31 
 	 Snowremains 	 = 2.410135e+10 (m^3) 
 	 in year: 2050 
HydroGlacial WARNING: year = 2050, ep =0 
 	 Insufficient precipitation to grow glacier. 
 	 Volume glacier correction: 
 	 Volume should be 	8.351904e+13 m^3
 	 Volume corrected to 	1.906003e+10 m^3
 	 The rest is carried over to next year 

 	 HydroSnow Warning: There is Snow remaining on August 31 
 	 Snowremains 	 = 2.410135e+10 (m^3) 
 	 in year: 2050 
HydroGlacial WARNING: year = 2050, ep =0 
 	 Insufficient precipitation to grow glacier. 
 	 Volume glacier correction: 
 	 Volume should be 	8.351904e+13 m^3
 	 Volume corrected to 	1.906003e+10 m^3
 	 The rest is carried over to next year 

 	 HydroSnow Warning: There is Snow remaining on August 31 
 	 Snowremains 	 = 2.410135e+10 (m^3) 
 	 in year: 2050 
HydroGlacial WARNING: year = 2050, ep =0 
 	 Insufficient precipitation to grow glacier. 
 	 Volume glacier correction: 
 	 Volume should be 	8.351904e+13 m^3
 	 Volume corrected to 	1.906003e+10 m^3
 	 The rest is carried over to next year 

 	 HydroSnow Warning: There is Snow remaining on August 31 
 	 Snowremains 	 = 2.410135e+10 (m^3) 
 	 in year: 2050 
   FLOOD WARNING: the maximum predicted flood size has been exceeded. 
      Epoch 1, year 2050 
      Maximum predicted flood 55399.1 (m^3/s) 
      Modeled flood peak 56574.3 (m^3/s) 
HydroGlacial WARNING: year = 2051, ep =0 
 	 Insufficient precipitation to grow glacier. 
 	 Volume glacier correction: 
 	 Volume should be 	8.351904e+13 m^3
 	 Volume corrected to 	3.420910e+10 m^3
 	 The rest is carried over to next year 

 	 HydroSnow Warning: There is Snow remaining on August 31 
 	 Snowremains 	 = 2.236347e+10 (m^3) 
 	 in year: 2051 
HydroGlacial WARNING: year = 2051, ep =0 
 	 Insufficient precipitation to grow glacier. 
 	 Volume glacier correction: 
 	 Volume should be 	8.351904e+13 m^3
 	 Volume corrected to 	1.514906e+10 m^3
 	 The rest is carried over to next year 

 	 HydroSnow Warning: There is Snow remaining on August 31 
 	 Snowremains 	 = 2.236347e+10 (m^3) 
 	 in year: 2051 
HydroGlacial WARNING: year = 2051, ep =0 
 	 Insufficient precipitation to grow glacier. 
 	 Volume glacier correction: 
 	 Volume should be 	8.351904e+13 m^3
 	 Volume corrected to 	1.514906e+10 m^3
 	 The rest is carried over to next year 

 	 HydroSnow Warning: There is Snow remaining on August 31 
 	 Snowremains 	 = 2.236347e+10 (m^3) 
 	 in year: 2051 
HydroGlacial WARNING: year = 2051, ep =0 
 	 Insufficient precipitation to grow glacier. 
 	 Volume glacier correction: 
 	 Volume should be 	8.351904e+13 m^3
 	 Volume corrected to 	1.514906e+10 m^3
 	 The rest is carried over to next year 

 	 HydroSnow Warning: There is Snow remaining on August 31 
 	 Snowremains 	 = 2.236347e+10 (m^3) 
 	 in year: 2051 
HydroGlacial WARNING: year = 2051, ep =0 
 	 Insufficient precipitation to grow glacier. 
 	 Volume glacier correction: 
 	 Volume should be 	8.351904e+13 m^3
 	 Volume corrected to 	1.514906e+10 m^3
 	 The rest is carried over to next year 

 	 HydroSnow Warning: There is Snow remaining on August 31 
 	 Snowremains 	 = 2.236347e+10 (m^3) 
 	 in year: 2051 
HydroGlacial WARNING: year = 2051, ep =0 
 	 Insufficient precipitation to grow glacier. 
 	 Volume glacier correction: 
 	 Volume should be 	8.351904e+13 m^3
 	 Volume corrected to 	1.514906e+10 m^3
 	 The rest is carried over to next year 

 	 HydroSnow Warning: There is Snow remaining on August 31 
 	 Snowremains 	 = 2.236347e+10 (m^3) 
 	 in year: 2051 
HydroGlacial WARNING: year = 2051, ep =0 
 	 Insufficient precipitation to grow glacier. 
 	 Volume glacier correction: 
 	 Volume should be 	8.351904e+13 m^3
 	 Volume corrected to 	1.514906e+10 m^3
 	 The rest is carried over to next year 

 	 HydroSnow Warning: There is Snow remaining on August 31 
 	 Snowremains 	 = 2.236347e+10 (m^3) 
 	 in year: 2051 
HydroGlacial WARNING: year = 2051, ep =0 
 	 Insufficient precipitation to grow glacier. 
 	 Volume glacier correction: 
 	 Volume should be 	8.351904e+13 m^3
 	 Volume corrected to 	1.514906e+10 m^3
 	 The rest is carried over to next year 

 	 HydroSnow Warning: There is Snow remaining on August 31 
 	 Snowremains 	 = 2.236347e+10 (m^3) 
 	 in year: 2051 
HydroGlacial WARNING: year = 2051, ep =0 
 	 Insufficient precipitation to grow glacier. 
 	 Volume glacier correction: 
 	 Volume should be 	8.351904e+13 m^3
 	 Volume corrected to 	1.514906e+10 m^3
 	 The rest is carried over to next year 

 	 HydroSnow Warning: There is Snow remaining on August 31 
 	 Snowremains 	 = 2.236347e+10 (m^3) 
 	 in year: 2051 
HydroGlacial WARNING: year = 2051, ep =0 
 	 Insufficient precipitation to grow glacier. 
 	 Volume glacier correction: 
 	 Volume should be 	8.351904e+13 m^3
 	 Volume corrected to 	1.514906e+10 m^3
 	 The rest is carried over to next year 

 	 HydroSnow Warning: There is Snow remaining on August 31 
 	 Snowremains 	 = 2.236347e+10 (m^3) 
 	 in year: 2051 
   FLOOD WARNING: the maximum predicted flood size has been exceeded. 
      Epoch 1, year 2051 
      Maximum predicted flood 55399.1 (m^3/s) 
      Modeled flood peak 68534.2 (m^3/s) 
HydroGlacial WARNING: year = 2052, ep =0 
 	 Insufficient precipitation to grow glacier. 
 	 Volume glacier correction: 
 	 Volume should be 	8.351904e+13 m^3
 	 Volume corrected to 	4.124081e+10 m^3
 	 The rest is carried over to next year 

 	 HydroSnow Warning: There is Snow remaining on August 31 
 	 Snowremains 	 = 2.455473e+10 (m^3) 
 	 in year: 2052 
HydroGlacial WARNING: year = 2052, ep =0 
 	 Insufficient precipitation to grow glacier. 
 	 Volume glacier correction: 
 	 Volume should be 	8.351904e+13 m^3
 	 Volume corrected to 	2.609175e+10 m^3
 	 The rest is carried over to next year 

 	 HydroSnow Warning: There is Snow remaining on August 31 
 	 Snowremains 	 = 2.455473e+10 (m^3) 
 	 in year: 2052 
HydroGlacial WARNING: year = 2052, ep =0 
 	 Insufficient precipitation to grow glacier. 
 	 Volume glacier correction: 
 	 Volume should be 	8.351904e+13 m^3
 	 Volume corrected to 	2.609175e+10 m^3
 	 The rest is carried over to next year 

 	 HydroSnow Warning: There is Snow remaining on August 31 
 	 Snowremains 	 = 2.455473e+10 (m^3) 
 	 in year: 2052 
HydroGlacial WARNING: year = 2052, ep =0 
 	 Insufficient precipitation to grow glacier. 
 	 Volume glacier correction: 
 	 Volume should be 	8.351904e+13 m^3
 	 Volume corrected to 	2.609175e+10 m^3
 	 The rest is carried over to next year 

 	 HydroSnow Warning: There is Snow remaining on August 31 
 	 Snowremains 	 = 2.455473e+10 (m^3) 
 	 in year: 2052 
HydroGlacial WARNING: year = 2052, ep =0 
 	 Insufficient precipitation to grow glacier. 
 	 Volume glacier correction: 
 	 Volume should be 	8.351904e+13 m^3
 	 Volume corrected to 	2.609175e+10 m^3
 	 The rest is carried over to next year 

 	 HydroSnow Warning: There is Snow remaining on August 31 
 	 Snowremains 	 = 2.455473e+10 (m^3) 
 	 in year: 2052 
HydroGlacial WARNING: year = 2052, ep =0 
 	 Insufficient precipitation to grow glacier. 
 	 Volume glacier correction: 
 	 Volume should be 	8.351904e+13 m^3
 	 Volume corrected to 	2.609175e+10 m^3
 	 The rest is carried over to next year 

 	 HydroSnow Warning: There is Snow remaining on August 31 
 	 Snowremains 	 = 2.455473e+10 (m^3) 
 	 in year: 2052 
HydroGlacial WARNING: year = 2052, ep =0 
 	 Insufficient precipitation to grow glacier. 
 	 Volume glacier correction: 
 	 Volume should be 	8.351904e+13 m^3
 	 Volume corrected to 	2.609175e+10 m^3
 	 The rest is carried over to next year 

 	 HydroSnow Warning: There is Snow remaining on August 31 
 	 Snowremains 	 = 2.455473e+10 (m^3) 
 	 in year: 2052 
HydroGlacial WARNING: year = 2052, ep =0 
 	 Insufficient precipitation to grow glacier. 
 	 Volume glacier correction: 
 	 Volume should be 	8.351904e+13 m^3
 	 Volume corrected to 	2.609175e+10 m^3
 	 The rest is carried over to next year 

 	 HydroSnow Warning: There is Snow remaining on August 31 
 	 Snowremains 	 = 2.455473e+10 (m^3) 
 	 in year: 2052 
HydroGlacial WARNING: year = 2052, ep =0 
 	 Insufficient precipitation to grow glacier. 
 	 Volume glacier correction: 
 	 Volume should be 	8.351904e+13 m^3
 	 Volume corrected to 	2.609175e+10 m^3
 	 The rest is carried over to next year 

 	 HydroSnow Warning: There is Snow remaining on August 31 
 	 Snowremains 	 = 2.455473e+10 (m^3) 
 	 in year: 2052 
HydroGlacial WARNING: year = 2052, ep =0 
 	 Insufficient precipitation to grow glacier. 
 	 Volume glacier correction: 
 	 Volume should be 	8.351904e+13 m^3
 	 Volume corrected to 	2.609175e+10 m^3
 	 The rest is carried over to next year 

 	 HydroSnow Warning: There is Snow remaining on August 31 
 	 Snowremains 	 = 2.455473e+10 (m^3) 
 	 in year: 2052 
   FLOOD WARNING: the maximum predicted flood size has been exceeded. 
      Epoch 1, year 2052 
      Maximum predicted flood 55399.1 (m^3/s) 
      Modeled flood peak 71265.1 (m^3/s) 
HydroGlacial WARNING: year = 2053, ep =0 
 	 Insufficient precipitation to grow glacier. 
 	 Volume glacier correction: 
 	 Volume should be 	8.351904e+13 m^3
 	 Volume corrected to 	5.425672e+10 m^3
 	 The rest is carried over to next year 

 	 HydroSnow Warning: There is Snow remaining on August 31 
 	 Snowremains 	 = 2.325034e+10 (m^3) 
 	 in year: 2053 
HydroGlacial WARNING: year = 2053, ep =0 
 	 Insufficient precipitation to grow glacier. 
 	 Volume glacier correction: 
 	 Volume should be 	8.351904e+13 m^3
 	 Volume corrected to 	2.816497e+10 m^3
 	 The rest is carried over to next year 

 	 HydroSnow Warning: There is Snow remaining on August 31 
 	 Snowremains 	 = 2.325034e+10 (m^3) 
 	 in year: 2053 
HydroGlacial WARNING: year = 2053, ep =0 
 	 Insufficient precipitation to grow glacier. 
 	 Volume glacier correction: 
 	 Volume should be 	8.351904e+13 m^3
 	 Volume corrected to 	2.816497e+10 m^3
 	 The rest is carried over to next year 

 	 HydroSnow Warning: There is Snow remaining on August 31 
 	 Snowremains 	 = 2.325034e+10 (m^3) 
 	 in year: 2053 
HydroGlacial WARNING: year = 2053, ep =0 
 	 Insufficient precipitation to grow glacier. 
 	 Volume glacier correction: 
 	 Volume should be 	8.351904e+13 m^3
 	 Volume corrected to 	2.816497e+10 m^3
 	 The rest is carried over to next year 

 	 HydroSnow Warning: There is Snow remaining on August 31 
 	 Snowremains 	 = 2.325034e+10 (m^3) 
 	 in year: 2053 
HydroGlacial WARNING: year = 2053, ep =0 
 	 Insufficient precipitation to grow glacier. 
 	 Volume glacier correction: 
 	 Volume should be 	8.351904e+13 m^3
 	 Volume corrected to 	2.816497e+10 m^3
 	 The rest is carried over to next year 

 	 HydroSnow Warning: There is Snow remaining on August 31 
 	 Snowremains 	 = 2.325034e+10 (m^3) 
 	 in year: 2053 
HydroGlacial WARNING: year = 2053, ep =0 
 	 Insufficient precipitation to grow glacier. 
 	 Volume glacier correction: 
 	 Volume should be 	8.351904e+13 m^3
 	 Volume corrected to 	2.816497e+10 m^3
 	 The rest is carried over to next year 

 	 HydroSnow Warning: There is Snow remaining on August 31 
 	 Snowremains 	 = 2.325034e+10 (m^3) 
 	 in year: 2053 
HydroGlacial WARNING: year = 2053, ep =0 
 	 Insufficient precipitation to grow glacier. 
 	 Volume glacier correction: 
 	 Volume should be 	8.351904e+13 m^3
 	 Volume corrected to 	2.816497e+10 m^3
 	 The rest is carried over to next year 

 	 HydroSnow Warning: There is Snow remaining on August 31 
 	 Snowremains 	 = 2.325034e+10 (m^3) 
 	 in year: 2053 
HydroGlacial WARNING: year = 2053, ep =0 
 	 Insufficient precipitation to grow glacier. 
 	 Volume glacier correction: 
 	 Volume should be 	8.351904e+13 m^3
 	 Volume corrected to 	2.816497e+10 m^3
 	 The rest is carried over to next year 

 	 HydroSnow Warning: There is Snow remaining on August 31 
 	 Snowremains 	 = 2.325034e+10 (m^3) 
 	 in year: 2053 
HydroGlacial WARNING: year = 2053, ep =0 
 	 Insufficient precipitation to grow glacier. 
 	 Volume glacier correction: 
 	 Volume should be 	8.351904e+13 m^3
 	 Volume corrected to 	2.816497e+10 m^3
 	 The rest is carried over to next year 

 	 HydroSnow Warning: There is Snow remaining on August 31 
 	 Snowremains 	 = 2.325034e+10 (m^3) 
 	 in year: 2053 
HydroGlacial WARNING: year = 2053, ep =0 
 	 Insufficient precipitation to grow glacier. 
 	 Volume glacier correction: 
 	 Volume should be 	8.351904e+13 m^3
 	 Volume corrected to 	2.816497e+10 m^3
 	 The rest is carried over to next year 

 	 HydroSnow Warning: There is Snow remaining on August 31 
 	 Snowremains 	 = 2.325034e+10 (m^3) 
 	 in year: 2053 
   FLOOD WARNING: the maximum predicted flood size has been exceeded. 
      Epoch 1, year 2053 
      Maximum predicted flood 55399.1 (m^3/s) 
      Modeled flood peak 128220 (m^3/s) 
HydroGlacial WARNING: year = 2054, ep =0 
 	 Insufficient precipitation to grow glacier. 
 	 Volume glacier correction: 
 	 Volume should be 	8.351904e+13 m^3
 	 Volume corrected to 	5.382002e+10 m^3
 	 The rest is carried over to next year 

 	 HydroSnow Warning: There is Snow remaining on August 31 
 	 Snowremains 	 = 2.322326e+10 (m^3) 
 	 in year: 2054 
HydroGlacial WARNING: year = 2054, ep =0 
 	 Insufficient precipitation to grow glacier. 
 	 Volume glacier correction: 
 	 Volume should be 	8.351904e+13 m^3
 	 Volume corrected to 	2.565505e+10 m^3
 	 The rest is carried over to next year 

 	 HydroSnow Warning: There is Snow remaining on August 31 
 	 Snowremains 	 = 2.322326e+10 (m^3) 
 	 in year: 2054 
HydroGlacial WARNING: year = 2054, ep =0 
 	 Insufficient precipitation to grow glacier. 
 	 Volume glacier correction: 
 	 Volume should be 	8.351904e+13 m^3
 	 Volume corrected to 	2.565505e+10 m^3
 	 The rest is carried over to next year 

 	 HydroSnow Warning: There is Snow remaining on August 31 
 	 Snowremains 	 = 2.322326e+10 (m^3) 
 	 in year: 2054 
HydroGlacial WARNING: year = 2054, ep =0 
 	 Insufficient precipitation to grow glacier. 
 	 Volume glacier correction: 
 	 Volume should be 	8.351904e+13 m^3
 	 Volume corrected to 	2.565505e+10 m^3
 	 The rest is carried over to next year 

 	 HydroSnow Warning: There is Snow remaining on August 31 
 	 Snowremains 	 = 2.322326e+10 (m^3) 
 	 in year: 2054 
HydroGlacial WARNING: year = 2054, ep =0 
 	 Insufficient precipitation to grow glacier. 
 	 Volume glacier correction: 
 	 Volume should be 	8.351904e+13 m^3
 	 Volume corrected to 	2.565505e+10 m^3
 	 The rest is carried over to next year 

 	 HydroSnow Warning: There is Snow remaining on August 31 
 	 Snowremains 	 = 2.322326e+10 (m^3) 
 	 in year: 2054 
HydroGlacial WARNING: year = 2054, ep =0 
 	 Insufficient precipitation to grow glacier. 
 	 Volume glacier correction: 
 	 Volume should be 	8.351904e+13 m^3
 	 Volume corrected to 	2.565505e+10 m^3
 	 The rest is carried over to next year 

 	 HydroSnow Warning: There is Snow remaining on August 31 
 	 Snowremains 	 = 2.322326e+10 (m^3) 
 	 in year: 2054 
HydroGlacial WARNING: year = 2054, ep =0 
 	 Insufficient precipitation to grow glacier. 
 	 Volume glacier correction: 
 	 Volume should be 	8.351904e+13 m^3
 	 Volume corrected to 	2.565505e+10 m^3
 	 The rest is carried over to next year 

 	 HydroSnow Warning: There is Snow remaining on August 31 
 	 Snowremains 	 = 2.322326e+10 (m^3) 
 	 in year: 2054 
HydroGlacial WARNING: year = 2054, ep =0 
 	 Insufficient precipitation to grow glacier. 
 	 Volume glacier correction: 
 	 Volume should be 	8.351904e+13 m^3
 	 Volume corrected to 	2.565505e+10 m^3
 	 The rest is carried over to next year 

 	 HydroSnow Warning: There is Snow remaining on August 31 
 	 Snowremains 	 = 2.322326e+10 (m^3) 
 	 in year: 2054 
HydroGlacial WARNING: year = 2054, ep =0 
 	 Insufficient precipitation to grow glacier. 
 	 Volume glacier correction: 
 	 Volume should be 	8.351904e+13 m^3
 	 Volume corrected to 	2.565505e+10 m^3
 	 The rest is carried over to next year 

 	 HydroSnow Warning: There is Snow remaining on August 31 
 	 Snowremains 	 = 2.322326e+10 (m^3) 
 	 in year: 2054 
HydroGlacial WARNING: year = 2054, ep =0 
 	 Insufficient precipitation to grow glacier. 
 	 Volume glacier correction: 
 	 Volume should be 	8.351904e+13 m^3
 	 Volume corrected to 	2.565505e+10 m^3
 	 The rest is carried over to next year 

 	 HydroSnow Warning: There is Snow remaining on August 31 
 	 Snowremains 	 = 2.322326e+10 (m^3) 
 	 in year: 2054 
   FLOOD WARNING: the maximum predicted flood size has been exceeded. 
      Epoch 1, year 2054 
      Maximum predicted flood 55399.1 (m^3/s) 
      Modeled flood peak 116076 (m^3/s) 
HydroGlacial WARNING: year = 2055, ep =0 
 	 Insufficient precipitation to grow glacier. 
 	 Volume glacier correction: 
 	 Volume should be 	8.351904e+13 m^3
 	 Volume corrected to 	4.199162e+10 m^3
 	 The rest is carried over to next year 

 	 HydroSnow Warning: There is Snow remaining on August 31 
 	 Snowremains 	 = 2.129631e+10 (m^3) 
 	 in year: 2055 
HydroGlacial WARNING: year = 2055, ep =0 
 	 Insufficient precipitation to grow glacier. 
 	 Volume glacier correction: 
 	 Volume should be 	8.351904e+13 m^3
 	 Volume corrected to 	1.633657e+10 m^3
 	 The rest is carried over to next year 

 	 HydroSnow Warning: There is Snow remaining on August 31 
 	 Snowremains 	 = 2.129631e+10 (m^3) 
 	 in year: 2055 
HydroGlacial WARNING: year = 2055, ep =0 
 	 Insufficient precipitation to grow glacier. 
 	 Volume glacier correction: 
 	 Volume should be 	8.351904e+13 m^3
 	 Volume corrected to 	1.633657e+10 m^3
 	 The rest is carried over to next year 

 	 HydroSnow Warning: There is Snow remaining on August 31 
 	 Snowremains 	 = 2.129631e+10 (m^3) 
 	 in year: 2055 
HydroGlacial WARNING: year = 2055, ep =0 
 	 Insufficient precipitation to grow glacier. 
 	 Volume glacier correction: 
 	 Volume should be 	8.351904e+13 m^3
 	 Volume corrected to 	1.633657e+10 m^3
 	 The rest is carried over to next year 

 	 HydroSnow Warning: There is Snow remaining on August 31 
 	 Snowremains 	 = 2.129631e+10 (m^3) 
 	 in year: 2055 
HydroGlacial WARNING: year = 2055, ep =0 
 	 Insufficient precipitation to grow glacier. 
 	 Volume glacier correction: 
 	 Volume should be 	8.351904e+13 m^3
 	 Volume corrected to 	1.633657e+10 m^3
 	 The rest is carried over to next year 

 	 HydroSnow Warning: There is Snow remaining on August 31 
 	 Snowremains 	 = 2.129631e+10 (m^3) 
 	 in year: 2055 
HydroGlacial WARNING: year = 2055, ep =0 
 	 Insufficient precipitation to grow glacier. 
 	 Volume glacier correction: 
 	 Volume should be 	8.351904e+13 m^3
 	 Volume corrected to 	1.633657e+10 m^3
 	 The rest is carried over to next year 

 	 HydroSnow Warning: There is Snow remaining on August 31 
 	 Snowremains 	 = 2.129631e+10 (m^3) 
 	 in year: 2055 
HydroGlacial WARNING: year = 2055, ep =0 
 	 Insufficient precipitation to grow glacier. 
 	 Volume glacier correction: 
 	 Volume should be 	8.351904e+13 m^3
 	 Volume corrected to 	1.633657e+10 m^3
 	 The rest is carried over to next year 

 	 HydroSnow Warning: There is Snow remaining on August 31 
 	 Snowremains 	 = 2.129631e+10 (m^3) 
 	 in year: 2055 
HydroGlacial WARNING: year = 2055, ep =0 
 	 Insufficient precipitation to grow glacier. 
 	 Volume glacier correction: 
 	 Volume should be 	8.351904e+13 m^3
 	 Volume corrected to 	1.633657e+10 m^3
 	 The rest is carried over to next year 

 	 HydroSnow Warning: There is Snow remaining on August 31 
 	 Snowremains 	 = 2.129631e+10 (m^3) 
 	 in year: 2055 
HydroGlacial WARNING: year = 2055, ep =0 
 	 Insufficient precipitation to grow glacier. 
 	 Volume glacier correction: 
 	 Volume should be 	8.351904e+13 m^3
 	 Volume corrected to 	1.633657e+10 m^3
 	 The rest is carried over to next year 

 	 HydroSnow Warning: There is Snow remaining on August 31 
 	 Snowremains 	 = 2.129631e+10 (m^3) 
 	 in year: 2055 
HydroGlacial WARNING: year = 2055, ep =0 
 	 Insufficient precipitation to grow glacier. 
 	 Volume glacier correction: 
 	 Volume should be 	8.351904e+13 m^3
 	 Volume corrected to 	1.633657e+10 m^3
 	 The rest is carried over to next year 

 	 HydroSnow Warning: There is Snow remaining on August 31 
 	 Snowremains 	 = 2.129631e+10 (m^3) 
 	 in year: 2055 
   FLOOD WARNING: the maximum predicted flood size has been exceeded. 
      Epoch 1, year 2055 
      Maximum predicted flood 55399.1 (m^3/s) 
      Modeled flood peak 82144.3 (m^3/s) 
