 Calculate mean discharge, epoch: 1
 Calculate daily discharge, epoch: 1
 Calculate mean suspended sediment load, epoch: 1
 Calculate daily suspended sediment load, epoch: 1
   FLOOD WARNING: the maximum predicted flood size has been exceeded. 
      Epoch 1, year 2066 
      Maximum predicted flood 55399.1 (m^3/s) 
      Modeled flood peak 98883.1 (m^3/s) 
HydroGlacial WARNING: year = 2067, ep =0 
 	 Insufficient precipitation to grow glacier. 
 	 Volume glacier correction: 
 	 Volume should be 	8.351904e+13 m^3
 	 Volume corrected to 	2.211029e+10 m^3
 	 The rest is carried over to next year 
HydroGlacial WARNING: year = 2067, ep =0 
 	 Insufficient precipitation to grow glacier. 
 	 Volume glacier correction: 
 	 Volume should be 	8.351904e+13 m^3
 	 Volume corrected to 	2.211029e+10 m^3
 	 The rest is carried over to next year 
HydroGlacial WARNING: year = 2067, ep =0 
 	 Insufficient precipitation to grow glacier. 
 	 Volume glacier correction: 
 	 Volume should be 	8.351904e+13 m^3
 	 Volume corrected to 	2.211029e+10 m^3
 	 The rest is carried over to next year 
HydroGlacial WARNING: year = 2067, ep =0 
 	 Insufficient precipitation to grow glacier. 
 	 Volume glacier correction: 
 	 Volume should be 	8.351904e+13 m^3
 	 Volume corrected to 	2.211029e+10 m^3
 	 The rest is carried over to next year 
HydroGlacial WARNING: year = 2067, ep =0 
 	 Insufficient precipitation to grow glacier. 
 	 Volume glacier correction: 
 	 Volume should be 	8.351904e+13 m^3
 	 Volume corrected to 	2.211029e+10 m^3
 	 The rest is carried over to next year 
HydroGlacial WARNING: year = 2067, ep =0 
 	 Insufficient precipitation to grow glacier. 
 	 Volume glacier correction: 
 	 Volume should be 	8.351904e+13 m^3
 	 Volume corrected to 	2.211029e+10 m^3
 	 The rest is carried over to next year 
HydroGlacial WARNING: year = 2067, ep =0 
 	 Insufficient precipitation to grow glacier. 
 	 Volume glacier correction: 
 	 Volume should be 	8.351904e+13 m^3
 	 Volume corrected to 	2.211029e+10 m^3
 	 The rest is carried over to next year 
HydroGlacial WARNING: year = 2067, ep =0 
 	 Insufficient precipitation to grow glacier. 
 	 Volume glacier correction: 
 	 Volume should be 	8.351904e+13 m^3
 	 Volume corrected to 	2.211029e+10 m^3
 	 The rest is carried over to next year 
HydroGlacial WARNING: year = 2067, ep =0 
 	 Insufficient precipitation to grow glacier. 
 	 Volume glacier correction: 
 	 Volume should be 	8.351904e+13 m^3
 	 Volume corrected to 	2.211029e+10 m^3
 	 The rest is carried over to next year 
   FLOOD WARNING: the maximum predicted flood size has been exceeded. 
      Epoch 1, year 2067 
      Maximum predicted flood 55399.1 (m^3/s) 
      Modeled flood peak 174239 (m^3/s) 
HydroGlacial WARNING: year = 2068, ep =0 
 	 Insufficient precipitation to grow glacier. 
 	 Volume glacier correction: 
 	 Volume should be 	8.351904e+13 m^3
 	 Volume corrected to 	3.271056e+10 m^3
 	 The rest is carried over to next year 
HydroGlacial WARNING: year = 2068, ep =0 
 	 Insufficient precipitation to grow glacier. 
 	 Volume glacier correction: 
 	 Volume should be 	8.351904e+13 m^3
 	 Volume corrected to 	1.060027e+10 m^3
 	 The rest is carried over to next year 
HydroGlacial WARNING: year = 2068, ep =0 
 	 Insufficient precipitation to grow glacier. 
 	 Volume glacier correction: 
 	 Volume should be 	8.351904e+13 m^3
 	 Volume corrected to 	1.060027e+10 m^3
 	 The rest is carried over to next year 
HydroGlacial WARNING: year = 2068, ep =0 
 	 Insufficient precipitation to grow glacier. 
 	 Volume glacier correction: 
 	 Volume should be 	8.351904e+13 m^3
 	 Volume corrected to 	1.060027e+10 m^3
 	 The rest is carried over to next year 
HydroGlacial WARNING: year = 2068, ep =0 
 	 Insufficient precipitation to grow glacier. 
 	 Volume glacier correction: 
 	 Volume should be 	8.351904e+13 m^3
 	 Volume corrected to 	1.060027e+10 m^3
 	 The rest is carried over to next year 
HydroGlacial WARNING: year = 2068, ep =0 
 	 Insufficient precipitation to grow glacier. 
 	 Volume glacier correction: 
 	 Volume should be 	8.351904e+13 m^3
 	 Volume corrected to 	1.060027e+10 m^3
 	 The rest is carried over to next year 
HydroGlacial WARNING: year = 2068, ep =0 
 	 Insufficient precipitation to grow glacier. 
 	 Volume glacier correction: 
 	 Volume should be 	8.351904e+13 m^3
 	 Volume corrected to 	1.060027e+10 m^3
 	 The rest is carried over to next year 
HydroGlacial WARNING: year = 2068, ep =0 
 	 Insufficient precipitation to grow glacier. 
 	 Volume glacier correction: 
 	 Volume should be 	8.351904e+13 m^3
 	 Volume corrected to 	1.060027e+10 m^3
 	 The rest is carried over to next year 
HydroGlacial WARNING: year = 2068, ep =0 
 	 Insufficient precipitation to grow glacier. 
 	 Volume glacier correction: 
 	 Volume should be 	8.351904e+13 m^3
 	 Volume corrected to 	1.060027e+10 m^3
 	 The rest is carried over to next year 
HydroGlacial WARNING: year = 2068, ep =0 
 	 Insufficient precipitation to grow glacier. 
 	 Volume glacier correction: 
 	 Volume should be 	8.351904e+13 m^3
 	 Volume corrected to 	1.060027e+10 m^3
 	 The rest is carried over to next year 
   FLOOD WARNING: the maximum predicted flood size has been exceeded. 
      Epoch 1, year 2068 
      Maximum predicted flood 55399.1 (m^3/s) 
      Modeled flood peak 76289.5 (m^3/s) 
HydroGlacial WARNING: year = 2069, ep =0 
 	 Insufficient precipitation to grow glacier. 
 	 Volume glacier correction: 
 	 Volume should be 	8.351904e+13 m^3
 	 Volume corrected to 	2.998065e+10 m^3
 	 The rest is carried over to next year 
HydroGlacial WARNING: year = 2069, ep =0 
 	 Insufficient precipitation to grow glacier. 
 	 Volume glacier correction: 
 	 Volume should be 	8.351904e+13 m^3
 	 Volume corrected to 	1.938038e+10 m^3
 	 The rest is carried over to next year 
HydroGlacial WARNING: year = 2069, ep =0 
 	 Insufficient precipitation to grow glacier. 
 	 Volume glacier correction: 
 	 Volume should be 	8.351904e+13 m^3
 	 Volume corrected to 	1.938038e+10 m^3
 	 The rest is carried over to next year 
HydroGlacial WARNING: year = 2069, ep =0 
 	 Insufficient precipitation to grow glacier. 
 	 Volume glacier correction: 
 	 Volume should be 	8.351904e+13 m^3
 	 Volume corrected to 	1.938038e+10 m^3
 	 The rest is carried over to next year 
HydroGlacial WARNING: year = 2069, ep =0 
 	 Insufficient precipitation to grow glacier. 
 	 Volume glacier correction: 
 	 Volume should be 	8.351904e+13 m^3
 	 Volume corrected to 	1.938038e+10 m^3
 	 The rest is carried over to next year 
HydroGlacial WARNING: year = 2069, ep =0 
 	 Insufficient precipitation to grow glacier. 
 	 Volume glacier correction: 
 	 Volume should be 	8.351904e+13 m^3
 	 Volume corrected to 	1.938038e+10 m^3
 	 The rest is carried over to next year 
HydroGlacial WARNING: year = 2069, ep =0 
 	 Insufficient precipitation to grow glacier. 
 	 Volume glacier correction: 
 	 Volume should be 	8.351904e+13 m^3
 	 Volume corrected to 	1.938038e+10 m^3
 	 The rest is carried over to next year 
HydroGlacial WARNING: year = 2069, ep =0 
 	 Insufficient precipitation to grow glacier. 
 	 Volume glacier correction: 
 	 Volume should be 	8.351904e+13 m^3
 	 Volume corrected to 	1.938038e+10 m^3
 	 The rest is carried over to next year 
HydroGlacial WARNING: year = 2069, ep =0 
 	 Insufficient precipitation to grow glacier. 
 	 Volume glacier correction: 
 	 Volume should be 	8.351904e+13 m^3
 	 Volume corrected to 	1.938038e+10 m^3
 	 The rest is carried over to next year 
HydroGlacial WARNING: year = 2069, ep =0 
 	 Insufficient precipitation to grow glacier. 
 	 Volume glacier correction: 
 	 Volume should be 	8.351904e+13 m^3
 	 Volume corrected to 	1.938038e+10 m^3
 	 The rest is carried over to next year 
   FLOOD WARNING: the maximum predicted flood size has been exceeded. 
      Epoch 1, year 2069 
      Maximum predicted flood 55399.1 (m^3/s) 
      Modeled flood peak 158083 (m^3/s) 
HydroGlacial WARNING: year = 2070, ep =0 
 	 Insufficient precipitation to grow glacier. 
 	 Volume glacier correction: 
 	 Volume should be 	8.351904e+13 m^3
 	 Volume corrected to 	2.906883e+10 m^3
 	 The rest is carried over to next year 
HydroGlacial WARNING: year = 2070, ep =0 
 	 Insufficient precipitation to grow glacier. 
 	 Volume glacier correction: 
 	 Volume should be 	8.351904e+13 m^3
 	 Volume corrected to 	9.688455e+09 m^3
 	 The rest is carried over to next year 
HydroGlacial WARNING: year = 2070, ep =0 
 	 Insufficient precipitation to grow glacier. 
 	 Volume glacier correction: 
 	 Volume should be 	8.351904e+13 m^3
 	 Volume corrected to 	9.688455e+09 m^3
 	 The rest is carried over to next year 
HydroGlacial WARNING: year = 2070, ep =0 
 	 Insufficient precipitation to grow glacier. 
 	 Volume glacier correction: 
 	 Volume should be 	8.351904e+13 m^3
 	 Volume corrected to 	9.688455e+09 m^3
 	 The rest is carried over to next year 
HydroGlacial WARNING: year = 2070, ep =0 
 	 Insufficient precipitation to grow glacier. 
 	 Volume glacier correction: 
 	 Volume should be 	8.351904e+13 m^3
 	 Volume corrected to 	9.688455e+09 m^3
 	 The rest is carried over to next year 
HydroGlacial WARNING: year = 2070, ep =0 
 	 Insufficient precipitation to grow glacier. 
 	 Volume glacier correction: 
 	 Volume should be 	8.351904e+13 m^3
 	 Volume corrected to 	9.688455e+09 m^3
 	 The rest is carried over to next year 
HydroGlacial WARNING: year = 2070, ep =0 
 	 Insufficient precipitation to grow glacier. 
 	 Volume glacier correction: 
 	 Volume should be 	8.351904e+13 m^3
 	 Volume corrected to 	9.688455e+09 m^3
 	 The rest is carried over to next year 
HydroGlacial WARNING: year = 2070, ep =0 
 	 Insufficient precipitation to grow glacier. 
 	 Volume glacier correction: 
 	 Volume should be 	8.351904e+13 m^3
 	 Volume corrected to 	9.688455e+09 m^3
 	 The rest is carried over to next year 
HydroGlacial WARNING: year = 2070, ep =0 
 	 Insufficient precipitation to grow glacier. 
 	 Volume glacier correction: 
 	 Volume should be 	8.351904e+13 m^3
 	 Volume corrected to 	9.688455e+09 m^3
 	 The rest is carried over to next year 
HydroGlacial WARNING: year = 2070, ep =0 
 	 Insufficient precipitation to grow glacier. 
 	 Volume glacier correction: 
 	 Volume should be 	8.351904e+13 m^3
 	 Volume corrected to 	9.688455e+09 m^3
 	 The rest is carried over to next year 
   FLOOD WARNING: the maximum predicted flood size has been exceeded. 
      Epoch 1, year 2070 
      Maximum predicted flood 55399.1 (m^3/s) 
      Modeled flood peak 97390.9 (m^3/s) 
HydroGlacial WARNING: year = 2071, ep =0 
 	 Insufficient precipitation to grow glacier. 
 	 Volume glacier correction: 
 	 Volume should be 	8.351904e+13 m^3
 	 Volume corrected to 	1.730637e+10 m^3
 	 The rest is carried over to next year 
HydroGlacial WARNING: year = 2071, ep =0 
 	 Insufficient precipitation to grow glacier. 
 	 Volume glacier correction: 
 	 Volume should be 	8.351904e+13 m^3
 	 Volume corrected to 	7.617919e+09 m^3
 	 The rest is carried over to next year 
HydroGlacial WARNING: year = 2071, ep =0 
 	 Insufficient precipitation to grow glacier. 
 	 Volume glacier correction: 
 	 Volume should be 	8.351904e+13 m^3
 	 Volume corrected to 	7.617919e+09 m^3
 	 The rest is carried over to next year 
HydroGlacial WARNING: year = 2071, ep =0 
 	 Insufficient precipitation to grow glacier. 
 	 Volume glacier correction: 
 	 Volume should be 	8.351904e+13 m^3
 	 Volume corrected to 	7.617919e+09 m^3
 	 The rest is carried over to next year 
HydroGlacial WARNING: year = 2071, ep =0 
 	 Insufficient precipitation to grow glacier. 
 	 Volume glacier correction: 
 	 Volume should be 	8.351904e+13 m^3
 	 Volume corrected to 	7.617919e+09 m^3
 	 The rest is carried over to next year 
HydroGlacial WARNING: year = 2071, ep =0 
 	 Insufficient precipitation to grow glacier. 
 	 Volume glacier correction: 
 	 Volume should be 	8.351904e+13 m^3
 	 Volume corrected to 	7.617919e+09 m^3
 	 The rest is carried over to next year 
HydroGlacial WARNING: year = 2071, ep =0 
 	 Insufficient precipitation to grow glacier. 
 	 Volume glacier correction: 
 	 Volume should be 	8.351904e+13 m^3
 	 Volume corrected to 	7.617919e+09 m^3
 	 The rest is carried over to next year 
HydroGlacial WARNING: year = 2071, ep =0 
 	 Insufficient precipitation to grow glacier. 
 	 Volume glacier correction: 
 	 Volume should be 	8.351904e+13 m^3
 	 Volume corrected to 	7.617919e+09 m^3
 	 The rest is carried over to next year 
HydroGlacial WARNING: year = 2071, ep =0 
 	 Insufficient precipitation to grow glacier. 
 	 Volume glacier correction: 
 	 Volume should be 	8.351904e+13 m^3
 	 Volume corrected to 	7.617919e+09 m^3
 	 The rest is carried over to next year 
HydroGlacial WARNING: year = 2071, ep =0 
 	 Insufficient precipitation to grow glacier. 
 	 Volume glacier correction: 
 	 Volume should be 	8.351904e+13 m^3
 	 Volume corrected to 	7.617919e+09 m^3
 	 The rest is carried over to next year 
   FLOOD WARNING: the maximum predicted flood size has been exceeded. 
      Epoch 1, year 2071 
      Maximum predicted flood 55399.1 (m^3/s) 
      Modeled flood peak 89375.2 (m^3/s) 
HydroGlacial WARNING: year = 2072, ep =0 
 	 Insufficient precipitation to grow glacier. 
 	 Volume glacier correction: 
 	 Volume should be 	8.351904e+13 m^3
 	 Volume corrected to 	1.635119e+10 m^3
 	 The rest is carried over to next year 
HydroGlacial WARNING: year = 2072, ep =0 
 	 Insufficient precipitation to grow glacier. 
 	 Volume glacier correction: 
 	 Volume should be 	8.351904e+13 m^3
 	 Volume corrected to 	8.733269e+09 m^3
 	 The rest is carried over to next year 
HydroGlacial WARNING: year = 2072, ep =0 
 	 Insufficient precipitation to grow glacier. 
 	 Volume glacier correction: 
 	 Volume should be 	8.351904e+13 m^3
 	 Volume corrected to 	8.733269e+09 m^3
 	 The rest is carried over to next year 
HydroGlacial WARNING: year = 2072, ep =0 
 	 Insufficient precipitation to grow glacier. 
 	 Volume glacier correction: 
 	 Volume should be 	8.351904e+13 m^3
 	 Volume corrected to 	8.733269e+09 m^3
 	 The rest is carried over to next year 
HydroGlacial WARNING: year = 2072, ep =0 
 	 Insufficient precipitation to grow glacier. 
 	 Volume glacier correction: 
 	 Volume should be 	8.351904e+13 m^3
 	 Volume corrected to 	8.733269e+09 m^3
 	 The rest is carried over to next year 
HydroGlacial WARNING: year = 2072, ep =0 
 	 Insufficient precipitation to grow glacier. 
 	 Volume glacier correction: 
 	 Volume should be 	8.351904e+13 m^3
 	 Volume corrected to 	8.733269e+09 m^3
 	 The rest is carried over to next year 
HydroGlacial WARNING: year = 2072, ep =0 
 	 Insufficient precipitation to grow glacier. 
 	 Volume glacier correction: 
 	 Volume should be 	8.351904e+13 m^3
 	 Volume corrected to 	8.733269e+09 m^3
 	 The rest is carried over to next year 
HydroGlacial WARNING: year = 2072, ep =0 
 	 Insufficient precipitation to grow glacier. 
 	 Volume glacier correction: 
 	 Volume should be 	8.351904e+13 m^3
 	 Volume corrected to 	8.733269e+09 m^3
 	 The rest is carried over to next year 
HydroGlacial WARNING: year = 2072, ep =0 
 	 Insufficient precipitation to grow glacier. 
 	 Volume glacier correction: 
 	 Volume should be 	8.351904e+13 m^3
 	 Volume corrected to 	8.733269e+09 m^3
 	 The rest is carried over to next year 
HydroGlacial WARNING: year = 2072, ep =0 
 	 Insufficient precipitation to grow glacier. 
 	 Volume glacier correction: 
 	 Volume should be 	8.351904e+13 m^3
 	 Volume corrected to 	8.733269e+09 m^3
 	 The rest is carried over to next year 
   FLOOD WARNING: the maximum predicted flood size has been exceeded. 
      Epoch 1, year 2072 
      Maximum predicted flood 55399.1 (m^3/s) 
      Modeled flood peak 67609.6 (m^3/s) 
HydroGlacial WARNING: year = 2073, ep =0 
 	 Insufficient precipitation to grow glacier. 
 	 Volume glacier correction: 
 	 Volume should be 	8.351904e+13 m^3
 	 Volume corrected to 	2.507674e+10 m^3
 	 The rest is carried over to next year 
HydroGlacial WARNING: year = 2073, ep =0 
 	 Insufficient precipitation to grow glacier. 
 	 Volume glacier correction: 
 	 Volume should be 	8.351904e+13 m^3
 	 Volume corrected to 	1.634347e+10 m^3
 	 The rest is carried over to next year 
HydroGlacial WARNING: year = 2073, ep =0 
 	 Insufficient precipitation to grow glacier. 
 	 Volume glacier correction: 
 	 Volume should be 	8.351904e+13 m^3
 	 Volume corrected to 	1.634347e+10 m^3
 	 The rest is carried over to next year 
HydroGlacial WARNING: year = 2073, ep =0 
 	 Insufficient precipitation to grow glacier. 
 	 Volume glacier correction: 
 	 Volume should be 	8.351904e+13 m^3
 	 Volume corrected to 	1.634347e+10 m^3
 	 The rest is carried over to next year 
HydroGlacial WARNING: year = 2073, ep =0 
 	 Insufficient precipitation to grow glacier. 
 	 Volume glacier correction: 
 	 Volume should be 	8.351904e+13 m^3
 	 Volume corrected to 	1.634347e+10 m^3
 	 The rest is carried over to next year 
HydroGlacial WARNING: year = 2073, ep =0 
 	 Insufficient precipitation to grow glacier. 
 	 Volume glacier correction: 
 	 Volume should be 	8.351904e+13 m^3
 	 Volume corrected to 	1.634347e+10 m^3
 	 The rest is carried over to next year 
HydroGlacial WARNING: year = 2073, ep =0 
 	 Insufficient precipitation to grow glacier. 
 	 Volume glacier correction: 
 	 Volume should be 	8.351904e+13 m^3
 	 Volume corrected to 	1.634347e+10 m^3
 	 The rest is carried over to next year 
HydroGlacial WARNING: year = 2073, ep =0 
 	 Insufficient precipitation to grow glacier. 
 	 Volume glacier correction: 
 	 Volume should be 	8.351904e+13 m^3
 	 Volume corrected to 	1.634347e+10 m^3
 	 The rest is carried over to next year 
HydroGlacial WARNING: year = 2073, ep =0 
 	 Insufficient precipitation to grow glacier. 
 	 Volume glacier correction: 
 	 Volume should be 	8.351904e+13 m^3
 	 Volume corrected to 	1.634347e+10 m^3
 	 The rest is carried over to next year 
HydroGlacial WARNING: year = 2073, ep =0 
 	 Insufficient precipitation to grow glacier. 
 	 Volume glacier correction: 
 	 Volume should be 	8.351904e+13 m^3
 	 Volume corrected to 	1.634347e+10 m^3
 	 The rest is carried over to next year 
   FLOOD WARNING: the maximum predicted flood size has been exceeded. 
      Epoch 1, year 2073 
      Maximum predicted flood 55399.1 (m^3/s) 
      Modeled flood peak 287078 (m^3/s) 
HydroGlacial WARNING: year = 2074, ep =0 
 	 Insufficient precipitation to grow glacier. 
 	 Volume glacier correction: 
 	 Volume should be 	8.351904e+13 m^3
 	 Volume corrected to 	2.532508e+10 m^3
 	 The rest is carried over to next year 
HydroGlacial WARNING: year = 2074, ep =0 
 	 Insufficient precipitation to grow glacier. 
 	 Volume glacier correction: 
 	 Volume should be 	8.351904e+13 m^3
 	 Volume corrected to 	8.981608e+09 m^3
 	 The rest is carried over to next year 
HydroGlacial WARNING: year = 2074, ep =0 
 	 Insufficient precipitation to grow glacier. 
 	 Volume glacier correction: 
 	 Volume should be 	8.351904e+13 m^3
 	 Volume corrected to 	8.981608e+09 m^3
 	 The rest is carried over to next year 
HydroGlacial WARNING: year = 2074, ep =0 
 	 Insufficient precipitation to grow glacier. 
 	 Volume glacier correction: 
 	 Volume should be 	8.351904e+13 m^3
 	 Volume corrected to 	8.981608e+09 m^3
 	 The rest is carried over to next year 
HydroGlacial WARNING: year = 2074, ep =0 
 	 Insufficient precipitation to grow glacier. 
 	 Volume glacier correction: 
 	 Volume should be 	8.351904e+13 m^3
 	 Volume corrected to 	8.981608e+09 m^3
 	 The rest is carried over to next year 
HydroGlacial WARNING: year = 2074, ep =0 
 	 Insufficient precipitation to grow glacier. 
 	 Volume glacier correction: 
 	 Volume should be 	8.351904e+13 m^3
 	 Volume corrected to 	8.981608e+09 m^3
 	 The rest is carried over to next year 
HydroGlacial WARNING: year = 2074, ep =0 
 	 Insufficient precipitation to grow glacier. 
 	 Volume glacier correction: 
 	 Volume should be 	8.351904e+13 m^3
 	 Volume corrected to 	8.981608e+09 m^3
 	 The rest is carried over to next year 
HydroGlacial WARNING: year = 2074, ep =0 
 	 Insufficient precipitation to grow glacier. 
 	 Volume glacier correction: 
 	 Volume should be 	8.351904e+13 m^3
 	 Volume corrected to 	8.981608e+09 m^3
 	 The rest is carried over to next year 
HydroGlacial WARNING: year = 2074, ep =0 
 	 Insufficient precipitation to grow glacier. 
 	 Volume glacier correction: 
 	 Volume should be 	8.351904e+13 m^3
 	 Volume corrected to 	8.981608e+09 m^3
 	 The rest is carried over to next year 
HydroGlacial WARNING: year = 2074, ep =0 
 	 Insufficient precipitation to grow glacier. 
 	 Volume glacier correction: 
 	 Volume should be 	8.351904e+13 m^3
 	 Volume corrected to 	8.981608e+09 m^3
 	 The rest is carried over to next year 
   FLOOD WARNING: the maximum predicted flood size has been exceeded. 
      Epoch 1, year 2074 
      Maximum predicted flood 55399.1 (m^3/s) 
      Modeled flood peak 121665 (m^3/s) 
HydroGlacial WARNING: year = 2075, ep =0 
 	 Insufficient precipitation to grow glacier. 
 	 Volume glacier correction: 
 	 Volume should be 	8.351904e+13 m^3
 	 Volume corrected to 	1.266883e+10 m^3
 	 The rest is carried over to next year 
HydroGlacial WARNING: year = 2075, ep =0 
 	 Insufficient precipitation to grow glacier. 
 	 Volume glacier correction: 
 	 Volume should be 	8.351904e+13 m^3
 	 Volume corrected to 	3.687227e+09 m^3
 	 The rest is carried over to next year 
HydroGlacial WARNING: year = 2075, ep =0 
 	 Insufficient precipitation to grow glacier. 
 	 Volume glacier correction: 
 	 Volume should be 	8.351904e+13 m^3
 	 Volume corrected to 	3.687227e+09 m^3
 	 The rest is carried over to next year 
HydroGlacial WARNING: year = 2075, ep =0 
 	 Insufficient precipitation to grow glacier. 
 	 Volume glacier correction: 
 	 Volume should be 	8.351904e+13 m^3
 	 Volume corrected to 	3.687227e+09 m^3
 	 The rest is carried over to next year 
HydroGlacial WARNING: year = 2075, ep =0 
 	 Insufficient precipitation to grow glacier. 
 	 Volume glacier correction: 
 	 Volume should be 	8.351904e+13 m^3
 	 Volume corrected to 	3.687227e+09 m^3
 	 The rest is carried over to next year 
HydroGlacial WARNING: year = 2075, ep =0 
 	 Insufficient precipitation to grow glacier. 
 	 Volume glacier correction: 
 	 Volume should be 	8.351904e+13 m^3
 	 Volume corrected to 	3.687227e+09 m^3
 	 The rest is carried over to next year 
HydroGlacial WARNING: year = 2075, ep =0 
 	 Insufficient precipitation to grow glacier. 
 	 Volume glacier correction: 
 	 Volume should be 	8.351904e+13 m^3
 	 Volume corrected to 	3.687227e+09 m^3
 	 The rest is carried over to next year 
HydroGlacial WARNING: year = 2075, ep =0 
 	 Insufficient precipitation to grow glacier. 
 	 Volume glacier correction: 
 	 Volume should be 	8.351904e+13 m^3
 	 Volume corrected to 	3.687227e+09 m^3
 	 The rest is carried over to next year 
HydroGlacial WARNING: year = 2075, ep =0 
 	 Insufficient precipitation to grow glacier. 
 	 Volume glacier correction: 
 	 Volume should be 	8.351904e+13 m^3
 	 Volume corrected to 	3.687227e+09 m^3
 	 The rest is carried over to next year 
HydroGlacial WARNING: year = 2075, ep =0 
 	 Insufficient precipitation to grow glacier. 
 	 Volume glacier correction: 
 	 Volume should be 	8.351904e+13 m^3
 	 Volume corrected to 	3.687227e+09 m^3
 	 The rest is carried over to next year 
   FLOOD WARNING: the maximum predicted flood size has been exceeded. 
      Epoch 1, year 2075 
      Maximum predicted flood 55399.1 (m^3/s) 
      Modeled flood peak 88181.3 (m^3/s) 
HydroGlacial WARNING: year = 2076, ep =0 
 	 Insufficient precipitation to grow glacier. 
 	 Volume glacier correction: 
 	 Volume should be 	8.351904e+13 m^3
 	 Volume corrected to 	1.160422e+10 m^3
 	 The rest is carried over to next year 
HydroGlacial WARNING: year = 2076, ep =0 
 	 Insufficient precipitation to grow glacier. 
 	 Volume glacier correction: 
 	 Volume should be 	8.351904e+13 m^3
 	 Volume corrected to 	7.916991e+09 m^3
 	 The rest is carried over to next year 
HydroGlacial WARNING: year = 2076, ep =0 
 	 Insufficient precipitation to grow glacier. 
 	 Volume glacier correction: 
 	 Volume should be 	8.351904e+13 m^3
 	 Volume corrected to 	7.916991e+09 m^3
 	 The rest is carried over to next year 
HydroGlacial WARNING: year = 2076, ep =0 
 	 Insufficient precipitation to grow glacier. 
 	 Volume glacier correction: 
 	 Volume should be 	8.351904e+13 m^3
 	 Volume corrected to 	7.916991e+09 m^3
 	 The rest is carried over to next year 
HydroGlacial WARNING: year = 2076, ep =0 
 	 Insufficient precipitation to grow glacier. 
 	 Volume glacier correction: 
 	 Volume should be 	8.351904e+13 m^3
 	 Volume corrected to 	7.916991e+09 m^3
 	 The rest is carried over to next year 
HydroGlacial WARNING: year = 2076, ep =0 
 	 Insufficient precipitation to grow glacier. 
 	 Volume glacier correction: 
 	 Volume should be 	8.351904e+13 m^3
 	 Volume corrected to 	7.916991e+09 m^3
 	 The rest is carried over to next year 
HydroGlacial WARNING: year = 2076, ep =0 
 	 Insufficient precipitation to grow glacier. 
 	 Volume glacier correction: 
 	 Volume should be 	8.351904e+13 m^3
 	 Volume corrected to 	7.916991e+09 m^3
 	 The rest is carried over to next year 
HydroGlacial WARNING: year = 2076, ep =0 
 	 Insufficient precipitation to grow glacier. 
 	 Volume glacier correction: 
 	 Volume should be 	8.351904e+13 m^3
 	 Volume corrected to 	7.916991e+09 m^3
 	 The rest is carried over to next year 
HydroGlacial WARNING: year = 2076, ep =0 
 	 Insufficient precipitation to grow glacier. 
 	 Volume glacier correction: 
 	 Volume should be 	8.351904e+13 m^3
 	 Volume corrected to 	7.916991e+09 m^3
 	 The rest is carried over to next year 
HydroGlacial WARNING: year = 2076, ep =0 
 	 Insufficient precipitation to grow glacier. 
 	 Volume glacier correction: 
 	 Volume should be 	8.351904e+13 m^3
 	 Volume corrected to 	7.916991e+09 m^3
 	 The rest is carried over to next year 
   FLOOD WARNING: the maximum predicted flood size has been exceeded. 
      Epoch 1, year 2076 
      Maximum predicted flood 55399.1 (m^3/s) 
      Modeled flood peak 121682 (m^3/s) 
HydroGlacial WARNING: year = 2077, ep =0 
 	 Insufficient precipitation to grow glacier. 
 	 Volume glacier correction: 
 	 Volume should be 	8.351904e+13 m^3
 	 Volume corrected to 	2.299004e+10 m^3
 	 The rest is carried over to next year 
HydroGlacial WARNING: year = 2077, ep =0 
 	 Insufficient precipitation to grow glacier. 
 	 Volume glacier correction: 
 	 Volume should be 	8.351904e+13 m^3
 	 Volume corrected to 	1.507305e+10 m^3
 	 The rest is carried over to next year 
HydroGlacial WARNING: year = 2077, ep =0 
 	 Insufficient precipitation to grow glacier. 
 	 Volume glacier correction: 
 	 Volume should be 	8.351904e+13 m^3
 	 Volume corrected to 	1.507305e+10 m^3
 	 The rest is carried over to next year 
HydroGlacial WARNING: year = 2077, ep =0 
 	 Insufficient precipitation to grow glacier. 
 	 Volume glacier correction: 
 	 Volume should be 	8.351904e+13 m^3
 	 Volume corrected to 	1.507305e+10 m^3
 	 The rest is carried over to next year 
HydroGlacial WARNING: year = 2077, ep =0 
 	 Insufficient precipitation to grow glacier. 
 	 Volume glacier correction: 
 	 Volume should be 	8.351904e+13 m^3
 	 Volume corrected to 	1.507305e+10 m^3
 	 The rest is carried over to next year 
HydroGlacial WARNING: year = 2077, ep =0 
 	 Insufficient precipitation to grow glacier. 
 	 Volume glacier correction: 
 	 Volume should be 	8.351904e+13 m^3
 	 Volume corrected to 	1.507305e+10 m^3
 	 The rest is carried over to next year 
HydroGlacial WARNING: year = 2077, ep =0 
 	 Insufficient precipitation to grow glacier. 
 	 Volume glacier correction: 
 	 Volume should be 	8.351904e+13 m^3
 	 Volume corrected to 	1.507305e+10 m^3
 	 The rest is carried over to next year 
HydroGlacial WARNING: year = 2077, ep =0 
 	 Insufficient precipitation to grow glacier. 
 	 Volume glacier correction: 
 	 Volume should be 	8.351904e+13 m^3
 	 Volume corrected to 	1.507305e+10 m^3
 	 The rest is carried over to next year 
HydroGlacial WARNING: year = 2077, ep =0 
 	 Insufficient precipitation to grow glacier. 
 	 Volume glacier correction: 
 	 Volume should be 	8.351904e+13 m^3
 	 Volume corrected to 	1.507305e+10 m^3
 	 The rest is carried over to next year 
HydroGlacial WARNING: year = 2077, ep =0 
 	 Insufficient precipitation to grow glacier. 
 	 Volume glacier correction: 
 	 Volume should be 	8.351904e+13 m^3
 	 Volume corrected to 	1.507305e+10 m^3
 	 The rest is carried over to next year 
   FLOOD WARNING: the maximum predicted flood size has been exceeded. 
      Epoch 1, year 2077 
      Maximum predicted flood 55399.1 (m^3/s) 
      Modeled flood peak 156447 (m^3/s) 
HydroGlacial WARNING: year = 2078, ep =0 
 	 Insufficient precipitation to grow glacier. 
 	 Volume glacier correction: 
 	 Volume should be 	8.351904e+13 m^3
 	 Volume corrected to 	4.262522e+10 m^3
 	 The rest is carried over to next year 
HydroGlacial WARNING: year = 2078, ep =0 
 	 Insufficient precipitation to grow glacier. 
 	 Volume glacier correction: 
 	 Volume should be 	8.351904e+13 m^3
 	 Volume corrected to 	2.755216e+10 m^3
 	 The rest is carried over to next year 
HydroGlacial WARNING: year = 2078, ep =0 
 	 Insufficient precipitation to grow glacier. 
 	 Volume glacier correction: 
 	 Volume should be 	8.351904e+13 m^3
 	 Volume corrected to 	2.755216e+10 m^3
 	 The rest is carried over to next year 
HydroGlacial WARNING: year = 2078, ep =0 
 	 Insufficient precipitation to grow glacier. 
 	 Volume glacier correction: 
 	 Volume should be 	8.351904e+13 m^3
 	 Volume corrected to 	2.755216e+10 m^3
 	 The rest is carried over to next year 
HydroGlacial WARNING: year = 2078, ep =0 
 	 Insufficient precipitation to grow glacier. 
 	 Volume glacier correction: 
 	 Volume should be 	8.351904e+13 m^3
 	 Volume corrected to 	2.755216e+10 m^3
 	 The rest is carried over to next year 
HydroGlacial WARNING: year = 2078, ep =0 
 	 Insufficient precipitation to grow glacier. 
 	 Volume glacier correction: 
 	 Volume should be 	8.351904e+13 m^3
 	 Volume corrected to 	2.755216e+10 m^3
 	 The rest is carried over to next year 
HydroGlacial WARNING: year = 2078, ep =0 
 	 Insufficient precipitation to grow glacier. 
 	 Volume glacier correction: 
 	 Volume should be 	8.351904e+13 m^3
 	 Volume corrected to 	2.755216e+10 m^3
 	 The rest is carried over to next year 
HydroGlacial WARNING: year = 2078, ep =0 
 	 Insufficient precipitation to grow glacier. 
 	 Volume glacier correction: 
 	 Volume should be 	8.351904e+13 m^3
 	 Volume corrected to 	2.755216e+10 m^3
 	 The rest is carried over to next year 
HydroGlacial WARNING: year = 2078, ep =0 
 	 Insufficient precipitation to grow glacier. 
 	 Volume glacier correction: 
 	 Volume should be 	8.351904e+13 m^3
 	 Volume corrected to 	2.755216e+10 m^3
 	 The rest is carried over to next year 
HydroGlacial WARNING: year = 2078, ep =0 
 	 Insufficient precipitation to grow glacier. 
 	 Volume glacier correction: 
 	 Volume should be 	8.351904e+13 m^3
 	 Volume corrected to 	2.755216e+10 m^3
 	 The rest is carried over to next year 
   FLOOD WARNING: the maximum predicted flood size has been exceeded. 
      Epoch 1, year 2078 
      Maximum predicted flood 55399.1 (m^3/s) 
      Modeled flood peak 258502 (m^3/s) 
HydroGlacial WARNING: year = 2079, ep =0 
 	 Insufficient precipitation to grow glacier. 
 	 Volume glacier correction: 
 	 Volume should be 	8.351904e+13 m^3
 	 Volume corrected to 	3.635073e+10 m^3
 	 The rest is carried over to next year 
HydroGlacial WARNING: year = 2079, ep =0 
 	 Insufficient precipitation to grow glacier. 
 	 Volume glacier correction: 
 	 Volume should be 	8.351904e+13 m^3
 	 Volume corrected to 	8.798571e+09 m^3
 	 The rest is carried over to next year 
HydroGlacial WARNING: year = 2079, ep =0 
 	 Insufficient precipitation to grow glacier. 
 	 Volume glacier correction: 
 	 Volume should be 	8.351904e+13 m^3
 	 Volume corrected to 	8.798571e+09 m^3
 	 The rest is carried over to next year 
HydroGlacial WARNING: year = 2079, ep =0 
 	 Insufficient precipitation to grow glacier. 
 	 Volume glacier correction: 
 	 Volume should be 	8.351904e+13 m^3
 	 Volume corrected to 	8.798571e+09 m^3
 	 The rest is carried over to next year 
HydroGlacial WARNING: year = 2079, ep =0 
 	 Insufficient precipitation to grow glacier. 
 	 Volume glacier correction: 
 	 Volume should be 	8.351904e+13 m^3
 	 Volume corrected to 	8.798571e+09 m^3
 	 The rest is carried over to next year 
HydroGlacial WARNING: year = 2079, ep =0 
 	 Insufficient precipitation to grow glacier. 
 	 Volume glacier correction: 
 	 Volume should be 	8.351904e+13 m^3
 	 Volume corrected to 	8.798571e+09 m^3
 	 The rest is carried over to next year 
HydroGlacial WARNING: year = 2079, ep =0 
 	 Insufficient precipitation to grow glacier. 
 	 Volume glacier correction: 
 	 Volume should be 	8.351904e+13 m^3
 	 Volume corrected to 	8.798571e+09 m^3
 	 The rest is carried over to next year 
HydroGlacial WARNING: year = 2079, ep =0 
 	 Insufficient precipitation to grow glacier. 
 	 Volume glacier correction: 
 	 Volume should be 	8.351904e+13 m^3
 	 Volume corrected to 	8.798571e+09 m^3
 	 The rest is carried over to next year 
HydroGlacial WARNING: year = 2079, ep =0 
 	 Insufficient precipitation to grow glacier. 
 	 Volume glacier correction: 
 	 Volume should be 	8.351904e+13 m^3
 	 Volume corrected to 	8.798571e+09 m^3
 	 The rest is carried over to next year 
HydroGlacial WARNING: year = 2079, ep =0 
 	 Insufficient precipitation to grow glacier. 
 	 Volume glacier correction: 
 	 Volume should be 	8.351904e+13 m^3
 	 Volume corrected to 	8.798571e+09 m^3
 	 The rest is carried over to next year 
   FLOOD WARNING: the maximum predicted flood size has been exceeded. 
      Epoch 1, year 2079 
      Maximum predicted flood 55399.1 (m^3/s) 
      Modeled flood peak 93346.6 (m^3/s) 
HydroGlacial WARNING: year = 2080, ep =0 
 	 Insufficient precipitation to grow glacier. 
 	 Volume glacier correction: 
 	 Volume should be 	8.351904e+13 m^3
 	 Volume corrected to 	1.188144e+10 m^3
 	 The rest is carried over to next year 
HydroGlacial WARNING: year = 2080, ep =0 
 	 Insufficient precipitation to grow glacier. 
 	 Volume glacier correction: 
 	 Volume should be 	8.351904e+13 m^3
 	 Volume corrected to 	3.082871e+09 m^3
 	 The rest is carried over to next year 
HydroGlacial WARNING: year = 2080, ep =0 
 	 Insufficient precipitation to grow glacier. 
 	 Volume glacier correction: 
 	 Volume should be 	8.351904e+13 m^3
 	 Volume corrected to 	3.082871e+09 m^3
 	 The rest is carried over to next year 
HydroGlacial WARNING: year = 2080, ep =0 
 	 Insufficient precipitation to grow glacier. 
 	 Volume glacier correction: 
 	 Volume should be 	8.351904e+13 m^3
 	 Volume corrected to 	3.082871e+09 m^3
 	 The rest is carried over to next year 
HydroGlacial WARNING: year = 2080, ep =0 
 	 Insufficient precipitation to grow glacier. 
 	 Volume glacier correction: 
 	 Volume should be 	8.351904e+13 m^3
 	 Volume corrected to 	3.082871e+09 m^3
 	 The rest is carried over to next year 
HydroGlacial WARNING: year = 2080, ep =0 
 	 Insufficient precipitation to grow glacier. 
 	 Volume glacier correction: 
 	 Volume should be 	8.351904e+13 m^3
 	 Volume corrected to 	3.082871e+09 m^3
 	 The rest is carried over to next year 
HydroGlacial WARNING: year = 2080, ep =0 
 	 Insufficient precipitation to grow glacier. 
 	 Volume glacier correction: 
 	 Volume should be 	8.351904e+13 m^3
 	 Volume corrected to 	3.082871e+09 m^3
 	 The rest is carried over to next year 
HydroGlacial WARNING: year = 2080, ep =0 
 	 Insufficient precipitation to grow glacier. 
 	 Volume glacier correction: 
 	 Volume should be 	8.351904e+13 m^3
 	 Volume corrected to 	3.082871e+09 m^3
 	 The rest is carried over to next year 
HydroGlacial WARNING: year = 2080, ep =0 
 	 Insufficient precipitation to grow glacier. 
 	 Volume glacier correction: 
 	 Volume should be 	8.351904e+13 m^3
 	 Volume corrected to 	3.082871e+09 m^3
 	 The rest is carried over to next year 
HydroGlacial WARNING: year = 2080, ep =0 
 	 Insufficient precipitation to grow glacier. 
 	 Volume glacier correction: 
 	 Volume should be 	8.351904e+13 m^3
 	 Volume corrected to 	3.082871e+09 m^3
 	 The rest is carried over to next year 
   FLOOD WARNING: the maximum predicted flood size has been exceeded. 
      Epoch 1, year 2080 
      Maximum predicted flood 55399.1 (m^3/s) 
      Modeled flood peak 101873 (m^3/s) 
HydroGlacial WARNING: year = 2081, ep =0 
 	 Insufficient precipitation to grow glacier. 
 	 Volume glacier correction: 
 	 Volume should be 	8.351904e+13 m^3
 	 Volume corrected to 	1.630605e+10 m^3
 	 The rest is carried over to next year 
HydroGlacial WARNING: year = 2081, ep =0 
 	 Insufficient precipitation to grow glacier. 
 	 Volume glacier correction: 
 	 Volume should be 	8.351904e+13 m^3
 	 Volume corrected to 	1.322318e+10 m^3
 	 The rest is carried over to next year 
HydroGlacial WARNING: year = 2081, ep =0 
 	 Insufficient precipitation to grow glacier. 
 	 Volume glacier correction: 
 	 Volume should be 	8.351904e+13 m^3
 	 Volume corrected to 	1.322318e+10 m^3
 	 The rest is carried over to next year 
HydroGlacial WARNING: year = 2081, ep =0 
 	 Insufficient precipitation to grow glacier. 
 	 Volume glacier correction: 
 	 Volume should be 	8.351904e+13 m^3
 	 Volume corrected to 	1.322318e+10 m^3
 	 The rest is carried over to next year 
HydroGlacial WARNING: year = 2081, ep =0 
 	 Insufficient precipitation to grow glacier. 
 	 Volume glacier correction: 
 	 Volume should be 	8.351904e+13 m^3
 	 Volume corrected to 	1.322318e+10 m^3
 	 The rest is carried over to next year 
HydroGlacial WARNING: year = 2081, ep =0 
 	 Insufficient precipitation to grow glacier. 
 	 Volume glacier correction: 
 	 Volume should be 	8.351904e+13 m^3
 	 Volume corrected to 	1.322318e+10 m^3
 	 The rest is carried over to next year 
HydroGlacial WARNING: year = 2081, ep =0 
 	 Insufficient precipitation to grow glacier. 
 	 Volume glacier correction: 
 	 Volume should be 	8.351904e+13 m^3
 	 Volume corrected to 	1.322318e+10 m^3
 	 The rest is carried over to next year 
HydroGlacial WARNING: year = 2081, ep =0 
 	 Insufficient precipitation to grow glacier. 
 	 Volume glacier correction: 
 	 Volume should be 	8.351904e+13 m^3
 	 Volume corrected to 	1.322318e+10 m^3
 	 The rest is carried over to next year 
HydroGlacial WARNING: year = 2081, ep =0 
 	 Insufficient precipitation to grow glacier. 
 	 Volume glacier correction: 
 	 Volume should be 	8.351904e+13 m^3
 	 Volume corrected to 	1.322318e+10 m^3
 	 The rest is carried over to next year 
HydroGlacial WARNING: year = 2081, ep =0 
 	 Insufficient precipitation to grow glacier. 
 	 Volume glacier correction: 
 	 Volume should be 	8.351904e+13 m^3
 	 Volume corrected to 	1.322318e+10 m^3
 	 The rest is carried over to next year 
   FLOOD WARNING: the maximum predicted flood size has been exceeded. 
      Epoch 1, year 2081 
      Maximum predicted flood 55399.1 (m^3/s) 
      Modeled flood peak 172211 (m^3/s) 
HydroGlacial WARNING: year = 2082, ep =0 
 	 Insufficient precipitation to grow glacier. 
 	 Volume glacier correction: 
 	 Volume should be 	8.351904e+13 m^3
 	 Volume corrected to 	1.953210e+10 m^3
 	 The rest is carried over to next year 
HydroGlacial WARNING: year = 2082, ep =0 
 	 Insufficient precipitation to grow glacier. 
 	 Volume glacier correction: 
 	 Volume should be 	8.351904e+13 m^3
 	 Volume corrected to 	6.308925e+09 m^3
 	 The rest is carried over to next year 
HydroGlacial WARNING: year = 2082, ep =0 
 	 Insufficient precipitation to grow glacier. 
 	 Volume glacier correction: 
 	 Volume should be 	8.351904e+13 m^3
 	 Volume corrected to 	6.308925e+09 m^3
 	 The rest is carried over to next year 
HydroGlacial WARNING: year = 2082, ep =0 
 	 Insufficient precipitation to grow glacier. 
 	 Volume glacier correction: 
 	 Volume should be 	8.351904e+13 m^3
 	 Volume corrected to 	6.308925e+09 m^3
 	 The rest is carried over to next year 
HydroGlacial WARNING: year = 2082, ep =0 
 	 Insufficient precipitation to grow glacier. 
 	 Volume glacier correction: 
 	 Volume should be 	8.351904e+13 m^3
 	 Volume corrected to 	6.308925e+09 m^3
 	 The rest is carried over to next year 
HydroGlacial WARNING: year = 2082, ep =0 
 	 Insufficient precipitation to grow glacier. 
 	 Volume glacier correction: 
 	 Volume should be 	8.351904e+13 m^3
 	 Volume corrected to 	6.308925e+09 m^3
 	 The rest is carried over to next year 
HydroGlacial WARNING: year = 2082, ep =0 
 	 Insufficient precipitation to grow glacier. 
 	 Volume glacier correction: 
 	 Volume should be 	8.351904e+13 m^3
 	 Volume corrected to 	6.308925e+09 m^3
 	 The rest is carried over to next year 
HydroGlacial WARNING: year = 2082, ep =0 
 	 Insufficient precipitation to grow glacier. 
 	 Volume glacier correction: 
 	 Volume should be 	8.351904e+13 m^3
 	 Volume corrected to 	6.308925e+09 m^3
 	 The rest is carried over to next year 
HydroGlacial WARNING: year = 2082, ep =0 
 	 Insufficient precipitation to grow glacier. 
 	 Volume glacier correction: 
 	 Volume should be 	8.351904e+13 m^3
 	 Volume corrected to 	6.308925e+09 m^3
 	 The rest is carried over to next year 
HydroGlacial WARNING: year = 2082, ep =0 
 	 Insufficient precipitation to grow glacier. 
 	 Volume glacier correction: 
 	 Volume should be 	8.351904e+13 m^3
 	 Volume corrected to 	6.308925e+09 m^3
 	 The rest is carried over to next year 
   FLOOD WARNING: the maximum predicted flood size has been exceeded. 
      Epoch 1, year 2082 
      Maximum predicted flood 55399.1 (m^3/s) 
      Modeled flood peak 102299 (m^3/s) 
HydroGlacial WARNING: year = 2083, ep =0 
 	 Insufficient precipitation to grow glacier. 
 	 Volume glacier correction: 
 	 Volume should be 	8.351904e+13 m^3
 	 Volume corrected to 	2.568640e+10 m^3
 	 The rest is carried over to next year 
HydroGlacial WARNING: year = 2083, ep =0 
 	 Insufficient precipitation to grow glacier. 
 	 Volume glacier correction: 
 	 Volume should be 	8.351904e+13 m^3
 	 Volume corrected to 	1.937747e+10 m^3
 	 The rest is carried over to next year 
HydroGlacial WARNING: year = 2083, ep =0 
 	 Insufficient precipitation to grow glacier. 
 	 Volume glacier correction: 
 	 Volume should be 	8.351904e+13 m^3
 	 Volume corrected to 	1.937747e+10 m^3
 	 The rest is carried over to next year 
HydroGlacial WARNING: year = 2083, ep =0 
 	 Insufficient precipitation to grow glacier. 
 	 Volume glacier correction: 
 	 Volume should be 	8.351904e+13 m^3
 	 Volume corrected to 	1.937747e+10 m^3
 	 The rest is carried over to next year 
HydroGlacial WARNING: year = 2083, ep =0 
 	 Insufficient precipitation to grow glacier. 
 	 Volume glacier correction: 
 	 Volume should be 	8.351904e+13 m^3
 	 Volume corrected to 	1.937747e+10 m^3
 	 The rest is carried over to next year 
HydroGlacial WARNING: year = 2083, ep =0 
 	 Insufficient precipitation to grow glacier. 
 	 Volume glacier correction: 
 	 Volume should be 	8.351904e+13 m^3
 	 Volume corrected to 	1.937747e+10 m^3
 	 The rest is carried over to next year 
HydroGlacial WARNING: year = 2083, ep =0 
 	 Insufficient precipitation to grow glacier. 
 	 Volume glacier correction: 
 	 Volume should be 	8.351904e+13 m^3
 	 Volume corrected to 	1.937747e+10 m^3
 	 The rest is carried over to next year 
HydroGlacial WARNING: year = 2083, ep =0 
 	 Insufficient precipitation to grow glacier. 
 	 Volume glacier correction: 
 	 Volume should be 	8.351904e+13 m^3
 	 Volume corrected to 	1.937747e+10 m^3
 	 The rest is carried over to next year 
HydroGlacial WARNING: year = 2083, ep =0 
 	 Insufficient precipitation to grow glacier. 
 	 Volume glacier correction: 
 	 Volume should be 	8.351904e+13 m^3
 	 Volume corrected to 	1.937747e+10 m^3
 	 The rest is carried over to next year 
HydroGlacial WARNING: year = 2083, ep =0 
 	 Insufficient precipitation to grow glacier. 
 	 Volume glacier correction: 
 	 Volume should be 	8.351904e+13 m^3
 	 Volume corrected to 	1.937747e+10 m^3
 	 The rest is carried over to next year 
   FLOOD WARNING: the maximum predicted flood size has been exceeded. 
      Epoch 1, year 2083 
      Maximum predicted flood 55399.1 (m^3/s) 
      Modeled flood peak 199297 (m^3/s) 
HydroGlacial WARNING: year = 2084, ep =0 
 	 Insufficient precipitation to grow glacier. 
 	 Volume glacier correction: 
 	 Volume should be 	8.351904e+13 m^3
 	 Volume corrected to 	3.029722e+10 m^3
 	 The rest is carried over to next year 
HydroGlacial WARNING: year = 2084, ep =0 
 	 Insufficient precipitation to grow glacier. 
 	 Volume glacier correction: 
 	 Volume should be 	8.351904e+13 m^3
 	 Volume corrected to 	1.091974e+10 m^3
 	 The rest is carried over to next year 
HydroGlacial WARNING: year = 2084, ep =0 
 	 Insufficient precipitation to grow glacier. 
 	 Volume glacier correction: 
 	 Volume should be 	8.351904e+13 m^3
 	 Volume corrected to 	1.091974e+10 m^3
 	 The rest is carried over to next year 
HydroGlacial WARNING: year = 2084, ep =0 
 	 Insufficient precipitation to grow glacier. 
 	 Volume glacier correction: 
 	 Volume should be 	8.351904e+13 m^3
 	 Volume corrected to 	1.091974e+10 m^3
 	 The rest is carried over to next year 
HydroGlacial WARNING: year = 2084, ep =0 
 	 Insufficient precipitation to grow glacier. 
 	 Volume glacier correction: 
 	 Volume should be 	8.351904e+13 m^3
 	 Volume corrected to 	1.091974e+10 m^3
 	 The rest is carried over to next year 
HydroGlacial WARNING: year = 2084, ep =0 
 	 Insufficient precipitation to grow glacier. 
 	 Volume glacier correction: 
 	 Volume should be 	8.351904e+13 m^3
 	 Volume corrected to 	1.091974e+10 m^3
 	 The rest is carried over to next year 
HydroGlacial WARNING: year = 2084, ep =0 
 	 Insufficient precipitation to grow glacier. 
 	 Volume glacier correction: 
 	 Volume should be 	8.351904e+13 m^3
 	 Volume corrected to 	1.091974e+10 m^3
 	 The rest is carried over to next year 
HydroGlacial WARNING: year = 2084, ep =0 
 	 Insufficient precipitation to grow glacier. 
 	 Volume glacier correction: 
 	 Volume should be 	8.351904e+13 m^3
 	 Volume corrected to 	1.091974e+10 m^3
 	 The rest is carried over to next year 
HydroGlacial WARNING: year = 2084, ep =0 
 	 Insufficient precipitation to grow glacier. 
 	 Volume glacier correction: 
 	 Volume should be 	8.351904e+13 m^3
 	 Volume corrected to 	1.091974e+10 m^3
 	 The rest is carried over to next year 
HydroGlacial WARNING: year = 2084, ep =0 
 	 Insufficient precipitation to grow glacier. 
 	 Volume glacier correction: 
 	 Volume should be 	8.351904e+13 m^3
 	 Volume corrected to 	1.091974e+10 m^3
 	 The rest is carried over to next year 
   FLOOD WARNING: the maximum predicted flood size has been exceeded. 
      Epoch 1, year 2084 
      Maximum predicted flood 55399.1 (m^3/s) 
      Modeled flood peak 106024 (m^3/s) 
HydroGlacial WARNING: year = 2085, ep =0 
 	 Insufficient precipitation to grow glacier. 
 	 Volume glacier correction: 
 	 Volume should be 	8.351904e+13 m^3
 	 Volume corrected to 	1.509986e+10 m^3
 	 The rest is carried over to next year 
HydroGlacial WARNING: year = 2085, ep =0 
 	 Insufficient precipitation to grow glacier. 
 	 Volume glacier correction: 
 	 Volume should be 	8.351904e+13 m^3
 	 Volume corrected to 	4.180115e+09 m^3
 	 The rest is carried over to next year 
HydroGlacial WARNING: year = 2085, ep =0 
 	 Insufficient precipitation to grow glacier. 
 	 Volume glacier correction: 
 	 Volume should be 	8.351904e+13 m^3
 	 Volume corrected to 	4.180115e+09 m^3
 	 The rest is carried over to next year 
HydroGlacial WARNING: year = 2085, ep =0 
 	 Insufficient precipitation to grow glacier. 
 	 Volume glacier correction: 
 	 Volume should be 	8.351904e+13 m^3
 	 Volume corrected to 	4.180115e+09 m^3
 	 The rest is carried over to next year 
HydroGlacial WARNING: year = 2085, ep =0 
 	 Insufficient precipitation to grow glacier. 
 	 Volume glacier correction: 
 	 Volume should be 	8.351904e+13 m^3
 	 Volume corrected to 	4.180115e+09 m^3
 	 The rest is carried over to next year 
HydroGlacial WARNING: year = 2085, ep =0 
 	 Insufficient precipitation to grow glacier. 
 	 Volume glacier correction: 
 	 Volume should be 	8.351904e+13 m^3
 	 Volume corrected to 	4.180115e+09 m^3
 	 The rest is carried over to next year 
HydroGlacial WARNING: year = 2085, ep =0 
 	 Insufficient precipitation to grow glacier. 
 	 Volume glacier correction: 
 	 Volume should be 	8.351904e+13 m^3
 	 Volume corrected to 	4.180115e+09 m^3
 	 The rest is carried over to next year 
HydroGlacial WARNING: year = 2085, ep =0 
 	 Insufficient precipitation to grow glacier. 
 	 Volume glacier correction: 
 	 Volume should be 	8.351904e+13 m^3
 	 Volume corrected to 	4.180115e+09 m^3
 	 The rest is carried over to next year 
HydroGlacial WARNING: year = 2085, ep =0 
 	 Insufficient precipitation to grow glacier. 
 	 Volume glacier correction: 
 	 Volume should be 	8.351904e+13 m^3
 	 Volume corrected to 	4.180115e+09 m^3
 	 The rest is carried over to next year 
HydroGlacial WARNING: year = 2085, ep =0 
 	 Insufficient precipitation to grow glacier. 
 	 Volume glacier correction: 
 	 Volume should be 	8.351904e+13 m^3
 	 Volume corrected to 	4.180115e+09 m^3
 	 The rest is carried over to next year 
   FLOOD WARNING: the maximum predicted flood size has been exceeded. 
      Epoch 1, year 2085 
      Maximum predicted flood 55399.1 (m^3/s) 
      Modeled flood peak 92429.5 (m^3/s) 
HydroGlacial WARNING: year = 2086, ep =0 
 	 Insufficient precipitation to grow glacier. 
 	 Volume glacier correction: 
 	 Volume should be 	8.351904e+13 m^3
 	 Volume corrected to 	1.422167e+10 m^3
 	 The rest is carried over to next year 
HydroGlacial WARNING: year = 2086, ep =0 
 	 Insufficient precipitation to grow glacier. 
 	 Volume glacier correction: 
 	 Volume should be 	8.351904e+13 m^3
 	 Volume corrected to 	1.004156e+10 m^3
 	 The rest is carried over to next year 
HydroGlacial WARNING: year = 2086, ep =0 
 	 Insufficient precipitation to grow glacier. 
 	 Volume glacier correction: 
 	 Volume should be 	8.351904e+13 m^3
 	 Volume corrected to 	1.004156e+10 m^3
 	 The rest is carried over to next year 
HydroGlacial WARNING: year = 2086, ep =0 
 	 Insufficient precipitation to grow glacier. 
 	 Volume glacier correction: 
 	 Volume should be 	8.351904e+13 m^3
 	 Volume corrected to 	1.004156e+10 m^3
 	 The rest is carried over to next year 
HydroGlacial WARNING: year = 2086, ep =0 
 	 Insufficient precipitation to grow glacier. 
 	 Volume glacier correction: 
 	 Volume should be 	8.351904e+13 m^3
 	 Volume corrected to 	1.004156e+10 m^3
 	 The rest is carried over to next year 
HydroGlacial WARNING: year = 2086, ep =0 
 	 Insufficient precipitation to grow glacier. 
 	 Volume glacier correction: 
 	 Volume should be 	8.351904e+13 m^3
 	 Volume corrected to 	1.004156e+10 m^3
 	 The rest is carried over to next year 
HydroGlacial WARNING: year = 2086, ep =0 
 	 Insufficient precipitation to grow glacier. 
 	 Volume glacier correction: 
 	 Volume should be 	8.351904e+13 m^3
 	 Volume corrected to 	1.004156e+10 m^3
 	 The rest is carried over to next year 
HydroGlacial WARNING: year = 2086, ep =0 
 	 Insufficient precipitation to grow glacier. 
 	 Volume glacier correction: 
 	 Volume should be 	8.351904e+13 m^3
 	 Volume corrected to 	1.004156e+10 m^3
 	 The rest is carried over to next year 
HydroGlacial WARNING: year = 2086, ep =0 
 	 Insufficient precipitation to grow glacier. 
 	 Volume glacier correction: 
 	 Volume should be 	8.351904e+13 m^3
 	 Volume corrected to 	1.004156e+10 m^3
 	 The rest is carried over to next year 
HydroGlacial WARNING: year = 2086, ep =0 
 	 Insufficient precipitation to grow glacier. 
 	 Volume glacier correction: 
 	 Volume should be 	8.351904e+13 m^3
 	 Volume corrected to 	1.004156e+10 m^3
 	 The rest is carried over to next year 
   FLOOD WARNING: the maximum predicted flood size has been exceeded. 
      Epoch 1, year 2086 
      Maximum predicted flood 55399.1 (m^3/s) 
      Modeled flood peak 218031 (m^3/s) 
HydroGlacial WARNING: year = 2087, ep =0 
 	 Insufficient precipitation to grow glacier. 
 	 Volume glacier correction: 
 	 Volume should be 	8.351904e+13 m^3
 	 Volume corrected to 	1.318145e+10 m^3
 	 The rest is carried over to next year 
HydroGlacial WARNING: year = 2087, ep =0 
 	 Insufficient precipitation to grow glacier. 
 	 Volume glacier correction: 
 	 Volume should be 	8.351904e+13 m^3
 	 Volume corrected to 	3.139892e+09 m^3
 	 The rest is carried over to next year 
HydroGlacial WARNING: year = 2087, ep =0 
 	 Insufficient precipitation to grow glacier. 
 	 Volume glacier correction: 
 	 Volume should be 	8.351904e+13 m^3
 	 Volume corrected to 	3.139892e+09 m^3
 	 The rest is carried over to next year 
HydroGlacial WARNING: year = 2087, ep =0 
 	 Insufficient precipitation to grow glacier. 
 	 Volume glacier correction: 
 	 Volume should be 	8.351904e+13 m^3
 	 Volume corrected to 	3.139892e+09 m^3
 	 The rest is carried over to next year 
HydroGlacial WARNING: year = 2087, ep =0 
 	 Insufficient precipitation to grow glacier. 
 	 Volume glacier correction: 
 	 Volume should be 	8.351904e+13 m^3
 	 Volume corrected to 	3.139892e+09 m^3
 	 The rest is carried over to next year 
HydroGlacial WARNING: year = 2087, ep =0 
 	 Insufficient precipitation to grow glacier. 
 	 Volume glacier correction: 
 	 Volume should be 	8.351904e+13 m^3
 	 Volume corrected to 	3.139892e+09 m^3
 	 The rest is carried over to next year 
HydroGlacial WARNING: year = 2087, ep =0 
 	 Insufficient precipitation to grow glacier. 
 	 Volume glacier correction: 
 	 Volume should be 	8.351904e+13 m^3
 	 Volume corrected to 	3.139892e+09 m^3
 	 The rest is carried over to next year 
HydroGlacial WARNING: year = 2087, ep =0 
 	 Insufficient precipitation to grow glacier. 
 	 Volume glacier correction: 
 	 Volume should be 	8.351904e+13 m^3
 	 Volume corrected to 	3.139892e+09 m^3
 	 The rest is carried over to next year 
HydroGlacial WARNING: year = 2087, ep =0 
 	 Insufficient precipitation to grow glacier. 
 	 Volume glacier correction: 
 	 Volume should be 	8.351904e+13 m^3
 	 Volume corrected to 	3.139892e+09 m^3
 	 The rest is carried over to next year 
HydroGlacial WARNING: year = 2087, ep =0 
 	 Insufficient precipitation to grow glacier. 
 	 Volume glacier correction: 
 	 Volume should be 	8.351904e+13 m^3
 	 Volume corrected to 	3.139892e+09 m^3
 	 The rest is carried over to next year 
   FLOOD WARNING: the maximum predicted flood size has been exceeded. 
      Epoch 1, year 2087 
      Maximum predicted flood 55399.1 (m^3/s) 
      Modeled flood peak 90656.1 (m^3/s) 
HydroGlacial WARNING: year = 2088, ep =0 
 	 Insufficient precipitation to grow glacier. 
 	 Volume glacier correction: 
 	 Volume should be 	8.351904e+13 m^3
 	 Volume corrected to 	1.657729e+10 m^3
 	 The rest is carried over to next year 
HydroGlacial WARNING: year = 2088, ep =0 
 	 Insufficient precipitation to grow glacier. 
 	 Volume glacier correction: 
 	 Volume should be 	8.351904e+13 m^3
 	 Volume corrected to 	1.343740e+10 m^3
 	 The rest is carried over to next year 
HydroGlacial WARNING: year = 2088, ep =0 
 	 Insufficient precipitation to grow glacier. 
 	 Volume glacier correction: 
 	 Volume should be 	8.351904e+13 m^3
 	 Volume corrected to 	1.343740e+10 m^3
 	 The rest is carried over to next year 
HydroGlacial WARNING: year = 2088, ep =0 
 	 Insufficient precipitation to grow glacier. 
 	 Volume glacier correction: 
 	 Volume should be 	8.351904e+13 m^3
 	 Volume corrected to 	1.343740e+10 m^3
 	 The rest is carried over to next year 
HydroGlacial WARNING: year = 2088, ep =0 
 	 Insufficient precipitation to grow glacier. 
 	 Volume glacier correction: 
 	 Volume should be 	8.351904e+13 m^3
 	 Volume corrected to 	1.343740e+10 m^3
 	 The rest is carried over to next year 
HydroGlacial WARNING: year = 2088, ep =0 
 	 Insufficient precipitation to grow glacier. 
 	 Volume glacier correction: 
 	 Volume should be 	8.351904e+13 m^3
 	 Volume corrected to 	1.343740e+10 m^3
 	 The rest is carried over to next year 
HydroGlacial WARNING: year = 2088, ep =0 
 	 Insufficient precipitation to grow glacier. 
 	 Volume glacier correction: 
 	 Volume should be 	8.351904e+13 m^3
 	 Volume corrected to 	1.343740e+10 m^3
 	 The rest is carried over to next year 
HydroGlacial WARNING: year = 2088, ep =0 
 	 Insufficient precipitation to grow glacier. 
 	 Volume glacier correction: 
 	 Volume should be 	8.351904e+13 m^3
 	 Volume corrected to 	1.343740e+10 m^3
 	 The rest is carried over to next year 
HydroGlacial WARNING: year = 2088, ep =0 
 	 Insufficient precipitation to grow glacier. 
 	 Volume glacier correction: 
 	 Volume should be 	8.351904e+13 m^3
 	 Volume corrected to 	1.343740e+10 m^3
 	 The rest is carried over to next year 
HydroGlacial WARNING: year = 2088, ep =0 
 	 Insufficient precipitation to grow glacier. 
 	 Volume glacier correction: 
 	 Volume should be 	8.351904e+13 m^3
 	 Volume corrected to 	1.343740e+10 m^3
 	 The rest is carried over to next year 
   FLOOD WARNING: the maximum predicted flood size has been exceeded. 
      Epoch 1, year 2088 
      Maximum predicted flood 55399.1 (m^3/s) 
      Modeled flood peak 108505 (m^3/s) 
HydroGlacial WARNING: year = 2089, ep =0 
 	 Insufficient precipitation to grow glacier. 
 	 Volume glacier correction: 
 	 Volume should be 	8.351904e+13 m^3
 	 Volume corrected to 	2.197033e+10 m^3
 	 The rest is carried over to next year 
HydroGlacial WARNING: year = 2089, ep =0 
 	 Insufficient precipitation to grow glacier. 
 	 Volume glacier correction: 
 	 Volume should be 	8.351904e+13 m^3
 	 Volume corrected to 	8.532928e+09 m^3
 	 The rest is carried over to next year 
HydroGlacial WARNING: year = 2089, ep =0 
 	 Insufficient precipitation to grow glacier. 
 	 Volume glacier correction: 
 	 Volume should be 	8.351904e+13 m^3
 	 Volume corrected to 	8.532928e+09 m^3
 	 The rest is carried over to next year 
HydroGlacial WARNING: year = 2089, ep =0 
 	 Insufficient precipitation to grow glacier. 
 	 Volume glacier correction: 
 	 Volume should be 	8.351904e+13 m^3
 	 Volume corrected to 	8.532928e+09 m^3
 	 The rest is carried over to next year 
HydroGlacial WARNING: year = 2089, ep =0 
 	 Insufficient precipitation to grow glacier. 
 	 Volume glacier correction: 
 	 Volume should be 	8.351904e+13 m^3
 	 Volume corrected to 	8.532928e+09 m^3
 	 The rest is carried over to next year 
HydroGlacial WARNING: year = 2089, ep =0 
 	 Insufficient precipitation to grow glacier. 
 	 Volume glacier correction: 
 	 Volume should be 	8.351904e+13 m^3
 	 Volume corrected to 	8.532928e+09 m^3
 	 The rest is carried over to next year 
HydroGlacial WARNING: year = 2089, ep =0 
 	 Insufficient precipitation to grow glacier. 
 	 Volume glacier correction: 
 	 Volume should be 	8.351904e+13 m^3
 	 Volume corrected to 	8.532928e+09 m^3
 	 The rest is carried over to next year 
HydroGlacial WARNING: year = 2089, ep =0 
 	 Insufficient precipitation to grow glacier. 
 	 Volume glacier correction: 
 	 Volume should be 	8.351904e+13 m^3
 	 Volume corrected to 	8.532928e+09 m^3
 	 The rest is carried over to next year 
HydroGlacial WARNING: year = 2089, ep =0 
 	 Insufficient precipitation to grow glacier. 
 	 Volume glacier correction: 
 	 Volume should be 	8.351904e+13 m^3
 	 Volume corrected to 	8.532928e+09 m^3
 	 The rest is carried over to next year 
HydroGlacial WARNING: year = 2089, ep =0 
 	 Insufficient precipitation to grow glacier. 
 	 Volume glacier correction: 
 	 Volume should be 	8.351904e+13 m^3
 	 Volume corrected to 	8.532928e+09 m^3
 	 The rest is carried over to next year 
   FLOOD WARNING: the maximum predicted flood size has been exceeded. 
      Epoch 1, year 2089 
      Maximum predicted flood 55399.1 (m^3/s) 
      Modeled flood peak 86904.5 (m^3/s) 
HydroGlacial WARNING: year = 2090, ep =0 
 	 Insufficient precipitation to grow glacier. 
 	 Volume glacier correction: 
 	 Volume should be 	8.351904e+13 m^3
 	 Volume corrected to 	1.291084e+10 m^3
 	 The rest is carried over to next year 
HydroGlacial WARNING: year = 2090, ep =0 
 	 Insufficient precipitation to grow glacier. 
 	 Volume glacier correction: 
 	 Volume should be 	8.351904e+13 m^3
 	 Volume corrected to 	4.377914e+09 m^3
 	 The rest is carried over to next year 
HydroGlacial WARNING: year = 2090, ep =0 
 	 Insufficient precipitation to grow glacier. 
 	 Volume glacier correction: 
 	 Volume should be 	8.351904e+13 m^3
 	 Volume corrected to 	4.377914e+09 m^3
 	 The rest is carried over to next year 
HydroGlacial WARNING: year = 2090, ep =0 
 	 Insufficient precipitation to grow glacier. 
 	 Volume glacier correction: 
 	 Volume should be 	8.351904e+13 m^3
 	 Volume corrected to 	4.377914e+09 m^3
 	 The rest is carried over to next year 
HydroGlacial WARNING: year = 2090, ep =0 
 	 Insufficient precipitation to grow glacier. 
 	 Volume glacier correction: 
 	 Volume should be 	8.351904e+13 m^3
 	 Volume corrected to 	4.377914e+09 m^3
 	 The rest is carried over to next year 
HydroGlacial WARNING: year = 2090, ep =0 
 	 Insufficient precipitation to grow glacier. 
 	 Volume glacier correction: 
 	 Volume should be 	8.351904e+13 m^3
 	 Volume corrected to 	4.377914e+09 m^3
 	 The rest is carried over to next year 
HydroGlacial WARNING: year = 2090, ep =0 
 	 Insufficient precipitation to grow glacier. 
 	 Volume glacier correction: 
 	 Volume should be 	8.351904e+13 m^3
 	 Volume corrected to 	4.377914e+09 m^3
 	 The rest is carried over to next year 
HydroGlacial WARNING: year = 2090, ep =0 
 	 Insufficient precipitation to grow glacier. 
 	 Volume glacier correction: 
 	 Volume should be 	8.351904e+13 m^3
 	 Volume corrected to 	4.377914e+09 m^3
 	 The rest is carried over to next year 
HydroGlacial WARNING: year = 2090, ep =0 
 	 Insufficient precipitation to grow glacier. 
 	 Volume glacier correction: 
 	 Volume should be 	8.351904e+13 m^3
 	 Volume corrected to 	4.377914e+09 m^3
 	 The rest is carried over to next year 
HydroGlacial WARNING: year = 2090, ep =0 
 	 Insufficient precipitation to grow glacier. 
 	 Volume glacier correction: 
 	 Volume should be 	8.351904e+13 m^3
 	 Volume corrected to 	4.377914e+09 m^3
 	 The rest is carried over to next year 
   FLOOD WARNING: the maximum predicted flood size has been exceeded. 
      Epoch 1, year 2090 
      Maximum predicted flood 55399.1 (m^3/s) 
      Modeled flood peak 168327 (m^3/s) 
HydroGlacial WARNING: year = 2091, ep =0 
 	 Insufficient precipitation to grow glacier. 
 	 Volume glacier correction: 
 	 Volume should be 	8.351904e+13 m^3
 	 Volume corrected to 	1.018983e+10 m^3
 	 The rest is carried over to next year 
HydroGlacial WARNING: year = 2091, ep =0 
 	 Insufficient precipitation to grow glacier. 
 	 Volume glacier correction: 
 	 Volume should be 	8.351904e+13 m^3
 	 Volume corrected to 	5.811916e+09 m^3
 	 The rest is carried over to next year 
HydroGlacial WARNING: year = 2091, ep =0 
 	 Insufficient precipitation to grow glacier. 
 	 Volume glacier correction: 
 	 Volume should be 	8.351904e+13 m^3
 	 Volume corrected to 	5.811916e+09 m^3
 	 The rest is carried over to next year 
HydroGlacial WARNING: year = 2091, ep =0 
 	 Insufficient precipitation to grow glacier. 
 	 Volume glacier correction: 
 	 Volume should be 	8.351904e+13 m^3
 	 Volume corrected to 	5.811916e+09 m^3
 	 The rest is carried over to next year 
HydroGlacial WARNING: year = 2091, ep =0 
 	 Insufficient precipitation to grow glacier. 
 	 Volume glacier correction: 
 	 Volume should be 	8.351904e+13 m^3
 	 Volume corrected to 	5.811916e+09 m^3
 	 The rest is carried over to next year 
HydroGlacial WARNING: year = 2091, ep =0 
 	 Insufficient precipitation to grow glacier. 
 	 Volume glacier correction: 
 	 Volume should be 	8.351904e+13 m^3
 	 Volume corrected to 	5.811916e+09 m^3
 	 The rest is carried over to next year 
HydroGlacial WARNING: year = 2091, ep =0 
 	 Insufficient precipitation to grow glacier. 
 	 Volume glacier correction: 
 	 Volume should be 	8.351904e+13 m^3
 	 Volume corrected to 	5.811916e+09 m^3
 	 The rest is carried over to next year 
HydroGlacial WARNING: year = 2091, ep =0 
 	 Insufficient precipitation to grow glacier. 
 	 Volume glacier correction: 
 	 Volume should be 	8.351904e+13 m^3
 	 Volume corrected to 	5.811916e+09 m^3
 	 The rest is carried over to next year 
HydroGlacial WARNING: year = 2091, ep =0 
 	 Insufficient precipitation to grow glacier. 
 	 Volume glacier correction: 
 	 Volume should be 	8.351904e+13 m^3
 	 Volume corrected to 	5.811916e+09 m^3
 	 The rest is carried over to next year 
HydroGlacial WARNING: year = 2091, ep =0 
 	 Insufficient precipitation to grow glacier. 
 	 Volume glacier correction: 
 	 Volume should be 	8.351904e+13 m^3
 	 Volume corrected to 	5.811916e+09 m^3
 	 The rest is carried over to next year 
   FLOOD WARNING: the maximum predicted flood size has been exceeded. 
      Epoch 1, year 2091 
      Maximum predicted flood 55399.1 (m^3/s) 
      Modeled flood peak 99449.3 (m^3/s) 
HydroGlacial WARNING: year = 2092, ep =0 
 	 Insufficient precipitation to grow glacier. 
 	 Volume glacier correction: 
 	 Volume should be 	8.351904e+13 m^3
 	 Volume corrected to 	9.028929e+09 m^3
 	 The rest is carried over to next year 
HydroGlacial WARNING: year = 2092, ep =0 
 	 Insufficient precipitation to grow glacier. 
 	 Volume glacier correction: 
 	 Volume should be 	8.351904e+13 m^3
 	 Volume corrected to 	3.217013e+09 m^3
 	 The rest is carried over to next year 
HydroGlacial WARNING: year = 2092, ep =0 
 	 Insufficient precipitation to grow glacier. 
 	 Volume glacier correction: 
 	 Volume should be 	8.351904e+13 m^3
 	 Volume corrected to 	3.217013e+09 m^3
 	 The rest is carried over to next year 
HydroGlacial WARNING: year = 2092, ep =0 
 	 Insufficient precipitation to grow glacier. 
 	 Volume glacier correction: 
 	 Volume should be 	8.351904e+13 m^3
 	 Volume corrected to 	3.217013e+09 m^3
 	 The rest is carried over to next year 
HydroGlacial WARNING: year = 2092, ep =0 
 	 Insufficient precipitation to grow glacier. 
 	 Volume glacier correction: 
 	 Volume should be 	8.351904e+13 m^3
 	 Volume corrected to 	3.217013e+09 m^3
 	 The rest is carried over to next year 
HydroGlacial WARNING: year = 2092, ep =0 
 	 Insufficient precipitation to grow glacier. 
 	 Volume glacier correction: 
 	 Volume should be 	8.351904e+13 m^3
 	 Volume corrected to 	3.217013e+09 m^3
 	 The rest is carried over to next year 
HydroGlacial WARNING: year = 2092, ep =0 
 	 Insufficient precipitation to grow glacier. 
 	 Volume glacier correction: 
 	 Volume should be 	8.351904e+13 m^3
 	 Volume corrected to 	3.217013e+09 m^3
 	 The rest is carried over to next year 
HydroGlacial WARNING: year = 2092, ep =0 
 	 Insufficient precipitation to grow glacier. 
 	 Volume glacier correction: 
 	 Volume should be 	8.351904e+13 m^3
 	 Volume corrected to 	3.217013e+09 m^3
 	 The rest is carried over to next year 
HydroGlacial WARNING: year = 2092, ep =0 
 	 Insufficient precipitation to grow glacier. 
 	 Volume glacier correction: 
 	 Volume should be 	8.351904e+13 m^3
 	 Volume corrected to 	3.217013e+09 m^3
 	 The rest is carried over to next year 
HydroGlacial WARNING: year = 2092, ep =0 
 	 Insufficient precipitation to grow glacier. 
 	 Volume glacier correction: 
 	 Volume should be 	8.351904e+13 m^3
 	 Volume corrected to 	3.217013e+09 m^3
 	 The rest is carried over to next year 
   FLOOD WARNING: the maximum predicted flood size has been exceeded. 
      Epoch 1, year 2092 
      Maximum predicted flood 55399.1 (m^3/s) 
      Modeled flood peak 104960 (m^3/s) 
HydroGlacial WARNING: year = 2093, ep =0 
 	 Insufficient precipitation to grow glacier. 
 	 Volume glacier correction: 
 	 Volume should be 	8.351904e+13 m^3
 	 Volume corrected to 	8.706175e+09 m^3
 	 The rest is carried over to next year 
HydroGlacial WARNING: year = 2093, ep =0 
 	 Insufficient precipitation to grow glacier. 
 	 Volume glacier correction: 
 	 Volume should be 	8.351904e+13 m^3
 	 Volume corrected to 	5.489162e+09 m^3
 	 The rest is carried over to next year 
HydroGlacial WARNING: year = 2093, ep =0 
 	 Insufficient precipitation to grow glacier. 
 	 Volume glacier correction: 
 	 Volume should be 	8.351904e+13 m^3
 	 Volume corrected to 	5.489162e+09 m^3
 	 The rest is carried over to next year 
HydroGlacial WARNING: year = 2093, ep =0 
 	 Insufficient precipitation to grow glacier. 
 	 Volume glacier correction: 
 	 Volume should be 	8.351904e+13 m^3
 	 Volume corrected to 	5.489162e+09 m^3
 	 The rest is carried over to next year 
HydroGlacial WARNING: year = 2093, ep =0 
 	 Insufficient precipitation to grow glacier. 
 	 Volume glacier correction: 
 	 Volume should be 	8.351904e+13 m^3
 	 Volume corrected to 	5.489162e+09 m^3
 	 The rest is carried over to next year 
HydroGlacial WARNING: year = 2093, ep =0 
 	 Insufficient precipitation to grow glacier. 
 	 Volume glacier correction: 
 	 Volume should be 	8.351904e+13 m^3
 	 Volume corrected to 	5.489162e+09 m^3
 	 The rest is carried over to next year 
HydroGlacial WARNING: year = 2093, ep =0 
 	 Insufficient precipitation to grow glacier. 
 	 Volume glacier correction: 
 	 Volume should be 	8.351904e+13 m^3
 	 Volume corrected to 	5.489162e+09 m^3
 	 The rest is carried over to next year 
HydroGlacial WARNING: year = 2093, ep =0 
 	 Insufficient precipitation to grow glacier. 
 	 Volume glacier correction: 
 	 Volume should be 	8.351904e+13 m^3
 	 Volume corrected to 	5.489162e+09 m^3
 	 The rest is carried over to next year 
HydroGlacial WARNING: year = 2093, ep =0 
 	 Insufficient precipitation to grow glacier. 
 	 Volume glacier correction: 
 	 Volume should be 	8.351904e+13 m^3
 	 Volume corrected to 	5.489162e+09 m^3
 	 The rest is carried over to next year 
HydroGlacial WARNING: year = 2093, ep =0 
 	 Insufficient precipitation to grow glacier. 
 	 Volume glacier correction: 
 	 Volume should be 	8.351904e+13 m^3
 	 Volume corrected to 	5.489162e+09 m^3
 	 The rest is carried over to next year 
   FLOOD WARNING: the maximum predicted flood size has been exceeded. 
      Epoch 1, year 2093 
      Maximum predicted flood 55399.1 (m^3/s) 
      Modeled flood peak 110972 (m^3/s) 
HydroGlacial WARNING: year = 2094, ep =0 
 	 Insufficient precipitation to grow glacier. 
 	 Volume glacier correction: 
 	 Volume should be 	8.351904e+13 m^3
 	 Volume corrected to 	1.293329e+10 m^3
 	 The rest is carried over to next year 
HydroGlacial WARNING: year = 2094, ep =0 
 	 Insufficient precipitation to grow glacier. 
 	 Volume glacier correction: 
 	 Volume should be 	8.351904e+13 m^3
 	 Volume corrected to 	7.444129e+09 m^3
 	 The rest is carried over to next year 
HydroGlacial WARNING: year = 2094, ep =0 
 	 Insufficient precipitation to grow glacier. 
 	 Volume glacier correction: 
 	 Volume should be 	8.351904e+13 m^3
 	 Volume corrected to 	7.444129e+09 m^3
 	 The rest is carried over to next year 
HydroGlacial WARNING: year = 2094, ep =0 
 	 Insufficient precipitation to grow glacier. 
 	 Volume glacier correction: 
 	 Volume should be 	8.351904e+13 m^3
 	 Volume corrected to 	7.444129e+09 m^3
 	 The rest is carried over to next year 
HydroGlacial WARNING: year = 2094, ep =0 
 	 Insufficient precipitation to grow glacier. 
 	 Volume glacier correction: 
 	 Volume should be 	8.351904e+13 m^3
 	 Volume corrected to 	7.444129e+09 m^3
 	 The rest is carried over to next year 
HydroGlacial WARNING: year = 2094, ep =0 
 	 Insufficient precipitation to grow glacier. 
 	 Volume glacier correction: 
 	 Volume should be 	8.351904e+13 m^3
 	 Volume corrected to 	7.444129e+09 m^3
 	 The rest is carried over to next year 
HydroGlacial WARNING: year = 2094, ep =0 
 	 Insufficient precipitation to grow glacier. 
 	 Volume glacier correction: 
 	 Volume should be 	8.351904e+13 m^3
 	 Volume corrected to 	7.444129e+09 m^3
 	 The rest is carried over to next year 
HydroGlacial WARNING: year = 2094, ep =0 
 	 Insufficient precipitation to grow glacier. 
 	 Volume glacier correction: 
 	 Volume should be 	8.351904e+13 m^3
 	 Volume corrected to 	7.444129e+09 m^3
 	 The rest is carried over to next year 
HydroGlacial WARNING: year = 2094, ep =0 
 	 Insufficient precipitation to grow glacier. 
 	 Volume glacier correction: 
 	 Volume should be 	8.351904e+13 m^3
 	 Volume corrected to 	7.444129e+09 m^3
 	 The rest is carried over to next year 
HydroGlacial WARNING: year = 2094, ep =0 
 	 Insufficient precipitation to grow glacier. 
 	 Volume glacier correction: 
 	 Volume should be 	8.351904e+13 m^3
 	 Volume corrected to 	7.444129e+09 m^3
 	 The rest is carried over to next year 
   FLOOD WARNING: the maximum predicted flood size has been exceeded. 
      Epoch 1, year 2094 
      Maximum predicted flood 55399.1 (m^3/s) 
      Modeled flood peak 254757 (m^3/s) 
HydroGlacial WARNING: year = 2095, ep =0 
 	 Insufficient precipitation to grow glacier. 
 	 Volume glacier correction: 
 	 Volume should be 	8.351904e+13 m^3
 	 Volume corrected to 	1.085954e+10 m^3
 	 The rest is carried over to next year 
HydroGlacial WARNING: year = 2095, ep =0 
 	 Insufficient precipitation to grow glacier. 
 	 Volume glacier correction: 
 	 Volume should be 	8.351904e+13 m^3
 	 Volume corrected to 	3.415406e+09 m^3
 	 The rest is carried over to next year 
HydroGlacial WARNING: year = 2095, ep =0 
 	 Insufficient precipitation to grow glacier. 
 	 Volume glacier correction: 
 	 Volume should be 	8.351904e+13 m^3
 	 Volume corrected to 	3.415406e+09 m^3
 	 The rest is carried over to next year 
HydroGlacial WARNING: year = 2095, ep =0 
 	 Insufficient precipitation to grow glacier. 
 	 Volume glacier correction: 
 	 Volume should be 	8.351904e+13 m^3
 	 Volume corrected to 	3.415406e+09 m^3
 	 The rest is carried over to next year 
HydroGlacial WARNING: year = 2095, ep =0 
 	 Insufficient precipitation to grow glacier. 
 	 Volume glacier correction: 
 	 Volume should be 	8.351904e+13 m^3
 	 Volume corrected to 	3.415406e+09 m^3
 	 The rest is carried over to next year 
HydroGlacial WARNING: year = 2095, ep =0 
 	 Insufficient precipitation to grow glacier. 
 	 Volume glacier correction: 
 	 Volume should be 	8.351904e+13 m^3
 	 Volume corrected to 	3.415406e+09 m^3
 	 The rest is carried over to next year 
HydroGlacial WARNING: year = 2095, ep =0 
 	 Insufficient precipitation to grow glacier. 
 	 Volume glacier correction: 
 	 Volume should be 	8.351904e+13 m^3
 	 Volume corrected to 	3.415406e+09 m^3
 	 The rest is carried over to next year 
HydroGlacial WARNING: year = 2095, ep =0 
 	 Insufficient precipitation to grow glacier. 
 	 Volume glacier correction: 
 	 Volume should be 	8.351904e+13 m^3
 	 Volume corrected to 	3.415406e+09 m^3
 	 The rest is carried over to next year 
HydroGlacial WARNING: year = 2095, ep =0 
 	 Insufficient precipitation to grow glacier. 
 	 Volume glacier correction: 
 	 Volume should be 	8.351904e+13 m^3
 	 Volume corrected to 	3.415406e+09 m^3
 	 The rest is carried over to next year 
HydroGlacial WARNING: year = 2095, ep =0 
 	 Insufficient precipitation to grow glacier. 
 	 Volume glacier correction: 
 	 Volume should be 	8.351904e+13 m^3
 	 Volume corrected to 	3.415406e+09 m^3
 	 The rest is carried over to next year 
   FLOOD WARNING: the maximum predicted flood size has been exceeded. 
      Epoch 1, year 2095 
      Maximum predicted flood 55399.1 (m^3/s) 
      Modeled flood peak 68424.2 (m^3/s) 
