 Calculate mean discharge, epoch: 1
 Calculate daily discharge, epoch: 1
 Calculate mean suspended sediment load, epoch: 1
 Calculate daily suspended sediment load, epoch: 1

 	 HydroSnow Warning: There is Snow remaining on August 31 
 	 Snowremains 	 = 3.207994e+10 (m^3) 
 	 in year: 1976 

 	 HydroSnow Warning: There is Snow remaining on August 31 
 	 Snowremains 	 = 3.207994e+10 (m^3) 
 	 in year: 1976 

 	 HydroSnow Warning: There is Snow remaining on August 31 
 	 Snowremains 	 = 3.207994e+10 (m^3) 
 	 in year: 1976 

 	 HydroSnow Warning: There is Snow remaining on August 31 
 	 Snowremains 	 = 3.207994e+10 (m^3) 
 	 in year: 1976 

 	 HydroSnow Warning: There is Snow remaining on August 31 
 	 Snowremains 	 = 3.207994e+10 (m^3) 
 	 in year: 1976 

 	 HydroSnow Warning: There is Snow remaining on August 31 
 	 Snowremains 	 = 3.207994e+10 (m^3) 
 	 in year: 1976 

 	 HydroSnow Warning: There is Snow remaining on August 31 
 	 Snowremains 	 = 3.207994e+10 (m^3) 
 	 in year: 1976 

 	 HydroSnow Warning: There is Snow remaining on August 31 
 	 Snowremains 	 = 3.207994e+10 (m^3) 
 	 in year: 1976 

 	 HydroSnow Warning: There is Snow remaining on August 31 
 	 Snowremains 	 = 3.207994e+10 (m^3) 
 	 in year: 1976 

 	 HydroSnow Warning: There is Snow remaining on August 31 
 	 Snowremains 	 = 3.207994e+10 (m^3) 
 	 in year: 1976 
   FLOOD WARNING: the maximum predicted flood size has been exceeded. 
      Epoch 1, year 1976 
      Maximum predicted flood 56740.8 (m^3/s) 
      Modeled flood peak 182566 (m^3/s) 

 	 HydroSnow Warning: There is Snow remaining on August 31 
 	 Snowremains 	 = 4.940145e+10 (m^3) 
 	 in year: 1977 
HydroGlacial WARNING: year = 1977, ep =0 
 	 Insufficient precipitation to grow glacier. 
 	 Volume glacier correction: 
 	 Volume should be 	2.950319e+13 m^3
 	 Volume corrected to 	9.929244e+09 m^3
 	 The rest is carried over to next year 

 	 HydroSnow Warning: There is Snow remaining on August 31 
 	 Snowremains 	 = 4.940145e+10 (m^3) 
 	 in year: 1977 
HydroGlacial WARNING: year = 1977, ep =0 
 	 Insufficient precipitation to grow glacier. 
 	 Volume glacier correction: 
 	 Volume should be 	2.950319e+13 m^3
 	 Volume corrected to 	9.929244e+09 m^3
 	 The rest is carried over to next year 

 	 HydroSnow Warning: There is Snow remaining on August 31 
 	 Snowremains 	 = 4.940145e+10 (m^3) 
 	 in year: 1977 
HydroGlacial WARNING: year = 1977, ep =0 
 	 Insufficient precipitation to grow glacier. 
 	 Volume glacier correction: 
 	 Volume should be 	2.950319e+13 m^3
 	 Volume corrected to 	9.929244e+09 m^3
 	 The rest is carried over to next year 

 	 HydroSnow Warning: There is Snow remaining on August 31 
 	 Snowremains 	 = 4.940145e+10 (m^3) 
 	 in year: 1977 
HydroGlacial WARNING: year = 1977, ep =0 
 	 Insufficient precipitation to grow glacier. 
 	 Volume glacier correction: 
 	 Volume should be 	2.950319e+13 m^3
 	 Volume corrected to 	9.929244e+09 m^3
 	 The rest is carried over to next year 

 	 HydroSnow Warning: There is Snow remaining on August 31 
 	 Snowremains 	 = 4.940145e+10 (m^3) 
 	 in year: 1977 
HydroGlacial WARNING: year = 1977, ep =0 
 	 Insufficient precipitation to grow glacier. 
 	 Volume glacier correction: 
 	 Volume should be 	2.950319e+13 m^3
 	 Volume corrected to 	9.929244e+09 m^3
 	 The rest is carried over to next year 

 	 HydroSnow Warning: There is Snow remaining on August 31 
 	 Snowremains 	 = 4.940145e+10 (m^3) 
 	 in year: 1977 
HydroGlacial WARNING: year = 1977, ep =0 
 	 Insufficient precipitation to grow glacier. 
 	 Volume glacier correction: 
 	 Volume should be 	2.950319e+13 m^3
 	 Volume corrected to 	9.929244e+09 m^3
 	 The rest is carried over to next year 

 	 HydroSnow Warning: There is Snow remaining on August 31 
 	 Snowremains 	 = 4.940145e+10 (m^3) 
 	 in year: 1977 
HydroGlacial WARNING: year = 1977, ep =0 
 	 Insufficient precipitation to grow glacier. 
 	 Volume glacier correction: 
 	 Volume should be 	2.950319e+13 m^3
 	 Volume corrected to 	9.929244e+09 m^3
 	 The rest is carried over to next year 

 	 HydroSnow Warning: There is Snow remaining on August 31 
 	 Snowremains 	 = 4.940145e+10 (m^3) 
 	 in year: 1977 
HydroGlacial WARNING: year = 1977, ep =0 
 	 Insufficient precipitation to grow glacier. 
 	 Volume glacier correction: 
 	 Volume should be 	2.950319e+13 m^3
 	 Volume corrected to 	9.929244e+09 m^3
 	 The rest is carried over to next year 

 	 HydroSnow Warning: There is Snow remaining on August 31 
 	 Snowremains 	 = 4.940145e+10 (m^3) 
 	 in year: 1977 
HydroGlacial WARNING: year = 1977, ep =0 
 	 Insufficient precipitation to grow glacier. 
 	 Volume glacier correction: 
 	 Volume should be 	2.950319e+13 m^3
 	 Volume corrected to 	9.929244e+09 m^3
 	 The rest is carried over to next year 

 	 HydroSnow Warning: There is Snow remaining on August 31 
 	 Snowremains 	 = 4.940145e+10 (m^3) 
 	 in year: 1977 
   FLOOD WARNING: the maximum predicted flood size has been exceeded. 
      Epoch 1, year 1977 
      Maximum predicted flood 56740.8 (m^3/s) 
      Modeled flood peak 89475.7 (m^3/s) 
HydroGlacial WARNING: year = 1978, ep =0 
 	 Insufficient precipitation to grow glacier. 
 	 Volume glacier correction: 
 	 Volume should be 	2.950319e+13 m^3
 	 Volume corrected to 	2.549792e+10 m^3
 	 The rest is carried over to next year 

 	 HydroSnow Warning: There is Snow remaining on August 31 
 	 Snowremains 	 = 8.880785e+10 (m^3) 
 	 in year: 1978 
HydroGlacial WARNING: year = 1978, ep =0 
 	 Insufficient precipitation to grow glacier. 
 	 Volume glacier correction: 
 	 Volume should be 	2.950319e+13 m^3
 	 Volume corrected to 	1.556868e+10 m^3
 	 The rest is carried over to next year 

 	 HydroSnow Warning: There is Snow remaining on August 31 
 	 Snowremains 	 = 8.880785e+10 (m^3) 
 	 in year: 1978 
HydroGlacial WARNING: year = 1978, ep =0 
 	 Insufficient precipitation to grow glacier. 
 	 Volume glacier correction: 
 	 Volume should be 	2.950319e+13 m^3
 	 Volume corrected to 	1.556868e+10 m^3
 	 The rest is carried over to next year 

 	 HydroSnow Warning: There is Snow remaining on August 31 
 	 Snowremains 	 = 8.880785e+10 (m^3) 
 	 in year: 1978 
HydroGlacial WARNING: year = 1978, ep =0 
 	 Insufficient precipitation to grow glacier. 
 	 Volume glacier correction: 
 	 Volume should be 	2.950319e+13 m^3
 	 Volume corrected to 	1.556868e+10 m^3
 	 The rest is carried over to next year 

 	 HydroSnow Warning: There is Snow remaining on August 31 
 	 Snowremains 	 = 8.880785e+10 (m^3) 
 	 in year: 1978 
HydroGlacial WARNING: year = 1978, ep =0 
 	 Insufficient precipitation to grow glacier. 
 	 Volume glacier correction: 
 	 Volume should be 	2.950319e+13 m^3
 	 Volume corrected to 	1.556868e+10 m^3
 	 The rest is carried over to next year 

 	 HydroSnow Warning: There is Snow remaining on August 31 
 	 Snowremains 	 = 8.880785e+10 (m^3) 
 	 in year: 1978 
HydroGlacial WARNING: year = 1978, ep =0 
 	 Insufficient precipitation to grow glacier. 
 	 Volume glacier correction: 
 	 Volume should be 	2.950319e+13 m^3
 	 Volume corrected to 	1.556868e+10 m^3
 	 The rest is carried over to next year 

 	 HydroSnow Warning: There is Snow remaining on August 31 
 	 Snowremains 	 = 8.880785e+10 (m^3) 
 	 in year: 1978 
HydroGlacial WARNING: year = 1978, ep =0 
 	 Insufficient precipitation to grow glacier. 
 	 Volume glacier correction: 
 	 Volume should be 	2.950319e+13 m^3
 	 Volume corrected to 	1.556868e+10 m^3
 	 The rest is carried over to next year 

 	 HydroSnow Warning: There is Snow remaining on August 31 
 	 Snowremains 	 = 8.880785e+10 (m^3) 
 	 in year: 1978 
HydroGlacial WARNING: year = 1978, ep =0 
 	 Insufficient precipitation to grow glacier. 
 	 Volume glacier correction: 
 	 Volume should be 	2.950319e+13 m^3
 	 Volume corrected to 	1.556868e+10 m^3
 	 The rest is carried over to next year 

 	 HydroSnow Warning: There is Snow remaining on August 31 
 	 Snowremains 	 = 8.880785e+10 (m^3) 
 	 in year: 1978 
HydroGlacial WARNING: year = 1978, ep =0 
 	 Insufficient precipitation to grow glacier. 
 	 Volume glacier correction: 
 	 Volume should be 	2.950319e+13 m^3
 	 Volume corrected to 	1.556868e+10 m^3
 	 The rest is carried over to next year 

 	 HydroSnow Warning: There is Snow remaining on August 31 
 	 Snowremains 	 = 8.880785e+10 (m^3) 
 	 in year: 1978 
HydroGlacial WARNING: year = 1978, ep =0 
 	 Insufficient precipitation to grow glacier. 
 	 Volume glacier correction: 
 	 Volume should be 	2.950319e+13 m^3
 	 Volume corrected to 	1.556868e+10 m^3
 	 The rest is carried over to next year 

 	 HydroSnow Warning: There is Snow remaining on August 31 
 	 Snowremains 	 = 8.880785e+10 (m^3) 
 	 in year: 1978 
   FLOOD WARNING: the maximum predicted flood size has been exceeded. 
      Epoch 1, year 1978 
      Maximum predicted flood 56740.8 (m^3/s) 
      Modeled flood peak 202991 (m^3/s) 
HydroGlacial WARNING: year = 1979, ep =0 
 	 Insufficient precipitation to grow glacier. 
 	 Volume glacier correction: 
 	 Volume should be 	2.950319e+13 m^3
 	 Volume corrected to 	3.418620e+10 m^3
 	 The rest is carried over to next year 

 	 HydroSnow Warning: There is Snow remaining on August 31 
 	 Snowremains 	 = 1.555399e+11 (m^3) 
 	 in year: 1979 
HydroGlacial WARNING: year = 1979, ep =0 
 	 Insufficient precipitation to grow glacier. 
 	 Volume glacier correction: 
 	 Volume should be 	2.950319e+13 m^3
 	 Volume corrected to 	1.861752e+10 m^3
 	 The rest is carried over to next year 

 	 HydroSnow Warning: There is Snow remaining on August 31 
 	 Snowremains 	 = 1.555399e+11 (m^3) 
 	 in year: 1979 
HydroGlacial WARNING: year = 1979, ep =0 
 	 Insufficient precipitation to grow glacier. 
 	 Volume glacier correction: 
 	 Volume should be 	2.950319e+13 m^3
 	 Volume corrected to 	1.861752e+10 m^3
 	 The rest is carried over to next year 

 	 HydroSnow Warning: There is Snow remaining on August 31 
 	 Snowremains 	 = 1.555399e+11 (m^3) 
 	 in year: 1979 
HydroGlacial WARNING: year = 1979, ep =0 
 	 Insufficient precipitation to grow glacier. 
 	 Volume glacier correction: 
 	 Volume should be 	2.950319e+13 m^3
 	 Volume corrected to 	1.861752e+10 m^3
 	 The rest is carried over to next year 

 	 HydroSnow Warning: There is Snow remaining on August 31 
 	 Snowremains 	 = 1.555399e+11 (m^3) 
 	 in year: 1979 
HydroGlacial WARNING: year = 1979, ep =0 
 	 Insufficient precipitation to grow glacier. 
 	 Volume glacier correction: 
 	 Volume should be 	2.950319e+13 m^3
 	 Volume corrected to 	1.861752e+10 m^3
 	 The rest is carried over to next year 

 	 HydroSnow Warning: There is Snow remaining on August 31 
 	 Snowremains 	 = 1.555399e+11 (m^3) 
 	 in year: 1979 
HydroGlacial WARNING: year = 1979, ep =0 
 	 Insufficient precipitation to grow glacier. 
 	 Volume glacier correction: 
 	 Volume should be 	2.950319e+13 m^3
 	 Volume corrected to 	1.861752e+10 m^3
 	 The rest is carried over to next year 

 	 HydroSnow Warning: There is Snow remaining on August 31 
 	 Snowremains 	 = 1.555399e+11 (m^3) 
 	 in year: 1979 
HydroGlacial WARNING: year = 1979, ep =0 
 	 Insufficient precipitation to grow glacier. 
 	 Volume glacier correction: 
 	 Volume should be 	2.950319e+13 m^3
 	 Volume corrected to 	1.861752e+10 m^3
 	 The rest is carried over to next year 

 	 HydroSnow Warning: There is Snow remaining on August 31 
 	 Snowremains 	 = 1.555399e+11 (m^3) 
 	 in year: 1979 
HydroGlacial WARNING: year = 1979, ep =0 
 	 Insufficient precipitation to grow glacier. 
 	 Volume glacier correction: 
 	 Volume should be 	2.950319e+13 m^3
 	 Volume corrected to 	1.861752e+10 m^3
 	 The rest is carried over to next year 

 	 HydroSnow Warning: There is Snow remaining on August 31 
 	 Snowremains 	 = 1.555399e+11 (m^3) 
 	 in year: 1979 
HydroGlacial WARNING: year = 1979, ep =0 
 	 Insufficient precipitation to grow glacier. 
 	 Volume glacier correction: 
 	 Volume should be 	2.950319e+13 m^3
 	 Volume corrected to 	1.861752e+10 m^3
 	 The rest is carried over to next year 

 	 HydroSnow Warning: There is Snow remaining on August 31 
 	 Snowremains 	 = 1.555399e+11 (m^3) 
 	 in year: 1979 
HydroGlacial WARNING: year = 1979, ep =0 
 	 Insufficient precipitation to grow glacier. 
 	 Volume glacier correction: 
 	 Volume should be 	2.950319e+13 m^3
 	 Volume corrected to 	1.861752e+10 m^3
 	 The rest is carried over to next year 

 	 HydroSnow Warning: There is Snow remaining on August 31 
 	 Snowremains 	 = 1.555399e+11 (m^3) 
 	 in year: 1979 
   FLOOD WARNING: the maximum predicted flood size has been exceeded. 
      Epoch 1, year 1979 
      Maximum predicted flood 56740.8 (m^3/s) 
      Modeled flood peak 381861 (m^3/s) 
HydroGlacial WARNING: year = 1980, ep =0 
 	 Insufficient precipitation to grow glacier. 
 	 Volume glacier correction: 
 	 Volume should be 	2.950319e+13 m^3
 	 Volume corrected to 	4.094509e+10 m^3
 	 The rest is carried over to next year 

 	 HydroSnow Warning: There is Snow remaining on August 31 
 	 Snowremains 	 = 2.307793e+11 (m^3) 
 	 in year: 1980 
HydroGlacial WARNING: year = 1980, ep =0 
 	 Insufficient precipitation to grow glacier. 
 	 Volume glacier correction: 
 	 Volume should be 	2.950319e+13 m^3
 	 Volume corrected to 	2.232757e+10 m^3
 	 The rest is carried over to next year 

 	 HydroSnow Warning: There is Snow remaining on August 31 
 	 Snowremains 	 = 2.307793e+11 (m^3) 
 	 in year: 1980 
HydroGlacial WARNING: year = 1980, ep =0 
 	 Insufficient precipitation to grow glacier. 
 	 Volume glacier correction: 
 	 Volume should be 	2.950319e+13 m^3
 	 Volume corrected to 	2.232757e+10 m^3
 	 The rest is carried over to next year 

 	 HydroSnow Warning: There is Snow remaining on August 31 
 	 Snowremains 	 = 2.307793e+11 (m^3) 
 	 in year: 1980 
HydroGlacial WARNING: year = 1980, ep =0 
 	 Insufficient precipitation to grow glacier. 
 	 Volume glacier correction: 
 	 Volume should be 	2.950319e+13 m^3
 	 Volume corrected to 	2.232757e+10 m^3
 	 The rest is carried over to next year 

 	 HydroSnow Warning: There is Snow remaining on August 31 
 	 Snowremains 	 = 2.307793e+11 (m^3) 
 	 in year: 1980 
HydroGlacial WARNING: year = 1980, ep =0 
 	 Insufficient precipitation to grow glacier. 
 	 Volume glacier correction: 
 	 Volume should be 	2.950319e+13 m^3
 	 Volume corrected to 	2.232757e+10 m^3
 	 The rest is carried over to next year 

 	 HydroSnow Warning: There is Snow remaining on August 31 
 	 Snowremains 	 = 2.307793e+11 (m^3) 
 	 in year: 1980 
HydroGlacial WARNING: year = 1980, ep =0 
 	 Insufficient precipitation to grow glacier. 
 	 Volume glacier correction: 
 	 Volume should be 	2.950319e+13 m^3
 	 Volume corrected to 	2.232757e+10 m^3
 	 The rest is carried over to next year 

 	 HydroSnow Warning: There is Snow remaining on August 31 
 	 Snowremains 	 = 2.307793e+11 (m^3) 
 	 in year: 1980 
HydroGlacial WARNING: year = 1980, ep =0 
 	 Insufficient precipitation to grow glacier. 
 	 Volume glacier correction: 
 	 Volume should be 	2.950319e+13 m^3
 	 Volume corrected to 	2.232757e+10 m^3
 	 The rest is carried over to next year 

 	 HydroSnow Warning: There is Snow remaining on August 31 
 	 Snowremains 	 = 2.307793e+11 (m^3) 
 	 in year: 1980 
HydroGlacial WARNING: year = 1980, ep =0 
 	 Insufficient precipitation to grow glacier. 
 	 Volume glacier correction: 
 	 Volume should be 	2.950319e+13 m^3
 	 Volume corrected to 	2.232757e+10 m^3
 	 The rest is carried over to next year 

 	 HydroSnow Warning: There is Snow remaining on August 31 
 	 Snowremains 	 = 2.307793e+11 (m^3) 
 	 in year: 1980 
HydroGlacial WARNING: year = 1980, ep =0 
 	 Insufficient precipitation to grow glacier. 
 	 Volume glacier correction: 
 	 Volume should be 	2.950319e+13 m^3
 	 Volume corrected to 	2.232757e+10 m^3
 	 The rest is carried over to next year 

 	 HydroSnow Warning: There is Snow remaining on August 31 
 	 Snowremains 	 = 2.307793e+11 (m^3) 
 	 in year: 1980 
HydroGlacial WARNING: year = 1980, ep =0 
 	 Insufficient precipitation to grow glacier. 
 	 Volume glacier correction: 
 	 Volume should be 	2.950319e+13 m^3
 	 Volume corrected to 	2.232757e+10 m^3
 	 The rest is carried over to next year 

 	 HydroSnow Warning: There is Snow remaining on August 31 
 	 Snowremains 	 = 2.307793e+11 (m^3) 
 	 in year: 1980 
   FLOOD WARNING: the maximum predicted flood size has been exceeded. 
      Epoch 1, year 1980 
      Maximum predicted flood 56740.8 (m^3/s) 
      Modeled flood peak 391013 (m^3/s) 
HydroGlacial WARNING: year = 1981, ep =0 
 	 Insufficient precipitation to grow glacier. 
 	 Volume glacier correction: 
 	 Volume should be 	2.950319e+13 m^3
 	 Volume corrected to 	3.309890e+10 m^3
 	 The rest is carried over to next year 

 	 HydroSnow Warning: There is Snow remaining on August 31 
 	 Snowremains 	 = 2.564089e+11 (m^3) 
 	 in year: 1981 
HydroGlacial WARNING: year = 1981, ep =0 
 	 Insufficient precipitation to grow glacier. 
 	 Volume glacier correction: 
 	 Volume should be 	2.950319e+13 m^3
 	 Volume corrected to 	1.077132e+10 m^3
 	 The rest is carried over to next year 

 	 HydroSnow Warning: There is Snow remaining on August 31 
 	 Snowremains 	 = 2.564089e+11 (m^3) 
 	 in year: 1981 
HydroGlacial WARNING: year = 1981, ep =0 
 	 Insufficient precipitation to grow glacier. 
 	 Volume glacier correction: 
 	 Volume should be 	2.950319e+13 m^3
 	 Volume corrected to 	1.077132e+10 m^3
 	 The rest is carried over to next year 

 	 HydroSnow Warning: There is Snow remaining on August 31 
 	 Snowremains 	 = 2.564089e+11 (m^3) 
 	 in year: 1981 
HydroGlacial WARNING: year = 1981, ep =0 
 	 Insufficient precipitation to grow glacier. 
 	 Volume glacier correction: 
 	 Volume should be 	2.950319e+13 m^3
 	 Volume corrected to 	1.077132e+10 m^3
 	 The rest is carried over to next year 

 	 HydroSnow Warning: There is Snow remaining on August 31 
 	 Snowremains 	 = 2.564089e+11 (m^3) 
 	 in year: 1981 
HydroGlacial WARNING: year = 1981, ep =0 
 	 Insufficient precipitation to grow glacier. 
 	 Volume glacier correction: 
 	 Volume should be 	2.950319e+13 m^3
 	 Volume corrected to 	1.077132e+10 m^3
 	 The rest is carried over to next year 

 	 HydroSnow Warning: There is Snow remaining on August 31 
 	 Snowremains 	 = 2.564089e+11 (m^3) 
 	 in year: 1981 
HydroGlacial WARNING: year = 1981, ep =0 
 	 Insufficient precipitation to grow glacier. 
 	 Volume glacier correction: 
 	 Volume should be 	2.950319e+13 m^3
 	 Volume corrected to 	1.077132e+10 m^3
 	 The rest is carried over to next year 

 	 HydroSnow Warning: There is Snow remaining on August 31 
 	 Snowremains 	 = 2.564089e+11 (m^3) 
 	 in year: 1981 
HydroGlacial WARNING: year = 1981, ep =0 
 	 Insufficient precipitation to grow glacier. 
 	 Volume glacier correction: 
 	 Volume should be 	2.950319e+13 m^3
 	 Volume corrected to 	1.077132e+10 m^3
 	 The rest is carried over to next year 

 	 HydroSnow Warning: There is Snow remaining on August 31 
 	 Snowremains 	 = 2.564089e+11 (m^3) 
 	 in year: 1981 
HydroGlacial WARNING: year = 1981, ep =0 
 	 Insufficient precipitation to grow glacier. 
 	 Volume glacier correction: 
 	 Volume should be 	2.950319e+13 m^3
 	 Volume corrected to 	1.077132e+10 m^3
 	 The rest is carried over to next year 

 	 HydroSnow Warning: There is Snow remaining on August 31 
 	 Snowremains 	 = 2.564089e+11 (m^3) 
 	 in year: 1981 
HydroGlacial WARNING: year = 1981, ep =0 
 	 Insufficient precipitation to grow glacier. 
 	 Volume glacier correction: 
 	 Volume should be 	2.950319e+13 m^3
 	 Volume corrected to 	1.077132e+10 m^3
 	 The rest is carried over to next year 

 	 HydroSnow Warning: There is Snow remaining on August 31 
 	 Snowremains 	 = 2.564089e+11 (m^3) 
 	 in year: 1981 
HydroGlacial WARNING: year = 1981, ep =0 
 	 Insufficient precipitation to grow glacier. 
 	 Volume glacier correction: 
 	 Volume should be 	2.950319e+13 m^3
 	 Volume corrected to 	1.077132e+10 m^3
 	 The rest is carried over to next year 

 	 HydroSnow Warning: There is Snow remaining on August 31 
 	 Snowremains 	 = 2.564089e+11 (m^3) 
 	 in year: 1981 
   FLOOD WARNING: the maximum predicted flood size has been exceeded. 
      Epoch 1, year 1981 
      Maximum predicted flood 56740.8 (m^3/s) 
      Modeled flood peak 120792 (m^3/s) 
HydroGlacial WARNING: year = 1982, ep =0 
 	 Insufficient precipitation to grow glacier. 
 	 Volume glacier correction: 
 	 Volume should be 	2.950319e+13 m^3
 	 Volume corrected to 	1.562769e+10 m^3
 	 The rest is carried over to next year 

 	 HydroSnow Warning: There is Snow remaining on August 31 
 	 Snowremains 	 = 2.502306e+11 (m^3) 
 	 in year: 1982 
HydroGlacial WARNING: year = 1983, ep =0 
 	 Insufficient precipitation to grow glacier. 
 	 Volume glacier correction: 
 	 Volume should be 	2.950319e+13 m^3
 	 Volume corrected to 	2.120687e+10 m^3
 	 The rest is carried over to next year 

 	 HydroSnow Warning: There is Snow remaining on August 31 
 	 Snowremains 	 = 2.556027e+11 (m^3) 
 	 in year: 1983 
HydroGlacial WARNING: year = 1984, ep =0 
 	 Insufficient precipitation to grow glacier. 
 	 Volume glacier correction: 
 	 Volume should be 	2.950319e+13 m^3
 	 Volume corrected to 	2.875013e+10 m^3
 	 The rest is carried over to next year 

 	 HydroSnow Warning: There is Snow remaining on August 31 
 	 Snowremains 	 = 2.552003e+11 (m^3) 
 	 in year: 1984 
HydroGlacial WARNING: year = 1985, ep =0 
 	 Insufficient precipitation to grow glacier. 
 	 Volume glacier correction: 
 	 Volume should be 	2.950319e+13 m^3
 	 Volume corrected to 	4.617110e+10 m^3
 	 The rest is carried over to next year 

 	 HydroSnow Warning: There is Snow remaining on August 31 
 	 Snowremains 	 = 3.205665e+11 (m^3) 
 	 in year: 1985 
HydroGlacial WARNING: year = 1985, ep =0 
 	 Insufficient precipitation to grow glacier. 
 	 Volume glacier correction: 
 	 Volume should be 	2.950319e+13 m^3
 	 Volume corrected to 	1.742097e+10 m^3
 	 The rest is carried over to next year 

 	 HydroSnow Warning: There is Snow remaining on August 31 
 	 Snowremains 	 = 3.205665e+11 (m^3) 
 	 in year: 1985 
HydroGlacial WARNING: year = 1985, ep =0 
 	 Insufficient precipitation to grow glacier. 
 	 Volume glacier correction: 
 	 Volume should be 	2.950319e+13 m^3
 	 Volume corrected to 	1.742097e+10 m^3
 	 The rest is carried over to next year 

 	 HydroSnow Warning: There is Snow remaining on August 31 
 	 Snowremains 	 = 3.205665e+11 (m^3) 
 	 in year: 1985 
HydroGlacial WARNING: year = 1985, ep =0 
 	 Insufficient precipitation to grow glacier. 
 	 Volume glacier correction: 
 	 Volume should be 	2.950319e+13 m^3
 	 Volume corrected to 	1.742097e+10 m^3
 	 The rest is carried over to next year 

 	 HydroSnow Warning: There is Snow remaining on August 31 
 	 Snowremains 	 = 3.205665e+11 (m^3) 
 	 in year: 1985 
HydroGlacial WARNING: year = 1985, ep =0 
 	 Insufficient precipitation to grow glacier. 
 	 Volume glacier correction: 
 	 Volume should be 	2.950319e+13 m^3
 	 Volume corrected to 	1.742097e+10 m^3
 	 The rest is carried over to next year 

 	 HydroSnow Warning: There is Snow remaining on August 31 
 	 Snowremains 	 = 3.205665e+11 (m^3) 
 	 in year: 1985 
HydroGlacial WARNING: year = 1985, ep =0 
 	 Insufficient precipitation to grow glacier. 
 	 Volume glacier correction: 
 	 Volume should be 	2.950319e+13 m^3
 	 Volume corrected to 	1.742097e+10 m^3
 	 The rest is carried over to next year 

 	 HydroSnow Warning: There is Snow remaining on August 31 
 	 Snowremains 	 = 3.205665e+11 (m^3) 
 	 in year: 1985 
HydroGlacial WARNING: year = 1985, ep =0 
 	 Insufficient precipitation to grow glacier. 
 	 Volume glacier correction: 
 	 Volume should be 	2.950319e+13 m^3
 	 Volume corrected to 	1.742097e+10 m^3
 	 The rest is carried over to next year 

 	 HydroSnow Warning: There is Snow remaining on August 31 
 	 Snowremains 	 = 3.205665e+11 (m^3) 
 	 in year: 1985 
HydroGlacial WARNING: year = 1985, ep =0 
 	 Insufficient precipitation to grow glacier. 
 	 Volume glacier correction: 
 	 Volume should be 	2.950319e+13 m^3
 	 Volume corrected to 	1.742097e+10 m^3
 	 The rest is carried over to next year 

 	 HydroSnow Warning: There is Snow remaining on August 31 
 	 Snowremains 	 = 3.205665e+11 (m^3) 
 	 in year: 1985 
HydroGlacial WARNING: year = 1985, ep =0 
 	 Insufficient precipitation to grow glacier. 
 	 Volume glacier correction: 
 	 Volume should be 	2.950319e+13 m^3
 	 Volume corrected to 	1.742097e+10 m^3
 	 The rest is carried over to next year 

 	 HydroSnow Warning: There is Snow remaining on August 31 
 	 Snowremains 	 = 3.205665e+11 (m^3) 
 	 in year: 1985 
HydroGlacial WARNING: year = 1985, ep =0 
 	 Insufficient precipitation to grow glacier. 
 	 Volume glacier correction: 
 	 Volume should be 	2.950319e+13 m^3
 	 Volume corrected to 	1.742097e+10 m^3
 	 The rest is carried over to next year 

 	 HydroSnow Warning: There is Snow remaining on August 31 
 	 Snowremains 	 = 3.205665e+11 (m^3) 
 	 in year: 1985 
   FLOOD WARNING: the maximum predicted flood size has been exceeded. 
      Epoch 1, year 1985 
      Maximum predicted flood 56740.8 (m^3/s) 
      Modeled flood peak 294174 (m^3/s) 
HydroGlacial WARNING: year = 1986, ep =0 
 	 Insufficient precipitation to grow glacier. 
 	 Volume glacier correction: 
 	 Volume should be 	2.950319e+13 m^3
 	 Volume corrected to 	3.742804e+10 m^3
 	 The rest is carried over to next year 

 	 HydroSnow Warning: There is Snow remaining on August 31 
 	 Snowremains 	 = 3.774887e+11 (m^3) 
 	 in year: 1986 
HydroGlacial WARNING: year = 1986, ep =0 
 	 Insufficient precipitation to grow glacier. 
 	 Volume glacier correction: 
 	 Volume should be 	2.950319e+13 m^3
 	 Volume corrected to 	2.000707e+10 m^3
 	 The rest is carried over to next year 

 	 HydroSnow Warning: There is Snow remaining on August 31 
 	 Snowremains 	 = 3.774887e+11 (m^3) 
 	 in year: 1986 
HydroGlacial WARNING: year = 1986, ep =0 
 	 Insufficient precipitation to grow glacier. 
 	 Volume glacier correction: 
 	 Volume should be 	2.950319e+13 m^3
 	 Volume corrected to 	2.000707e+10 m^3
 	 The rest is carried over to next year 

 	 HydroSnow Warning: There is Snow remaining on August 31 
 	 Snowremains 	 = 3.774887e+11 (m^3) 
 	 in year: 1986 
HydroGlacial WARNING: year = 1986, ep =0 
 	 Insufficient precipitation to grow glacier. 
 	 Volume glacier correction: 
 	 Volume should be 	2.950319e+13 m^3
 	 Volume corrected to 	2.000707e+10 m^3
 	 The rest is carried over to next year 

 	 HydroSnow Warning: There is Snow remaining on August 31 
 	 Snowremains 	 = 3.774887e+11 (m^3) 
 	 in year: 1986 
HydroGlacial WARNING: year = 1986, ep =0 
 	 Insufficient precipitation to grow glacier. 
 	 Volume glacier correction: 
 	 Volume should be 	2.950319e+13 m^3
 	 Volume corrected to 	2.000707e+10 m^3
 	 The rest is carried over to next year 

 	 HydroSnow Warning: There is Snow remaining on August 31 
 	 Snowremains 	 = 3.774887e+11 (m^3) 
 	 in year: 1986 
HydroGlacial WARNING: year = 1986, ep =0 
 	 Insufficient precipitation to grow glacier. 
 	 Volume glacier correction: 
 	 Volume should be 	2.950319e+13 m^3
 	 Volume corrected to 	2.000707e+10 m^3
 	 The rest is carried over to next year 

 	 HydroSnow Warning: There is Snow remaining on August 31 
 	 Snowremains 	 = 3.774887e+11 (m^3) 
 	 in year: 1986 
HydroGlacial WARNING: year = 1986, ep =0 
 	 Insufficient precipitation to grow glacier. 
 	 Volume glacier correction: 
 	 Volume should be 	2.950319e+13 m^3
 	 Volume corrected to 	2.000707e+10 m^3
 	 The rest is carried over to next year 

 	 HydroSnow Warning: There is Snow remaining on August 31 
 	 Snowremains 	 = 3.774887e+11 (m^3) 
 	 in year: 1986 
HydroGlacial WARNING: year = 1986, ep =0 
 	 Insufficient precipitation to grow glacier. 
 	 Volume glacier correction: 
 	 Volume should be 	2.950319e+13 m^3
 	 Volume corrected to 	2.000707e+10 m^3
 	 The rest is carried over to next year 

 	 HydroSnow Warning: There is Snow remaining on August 31 
 	 Snowremains 	 = 3.774887e+11 (m^3) 
 	 in year: 1986 
HydroGlacial WARNING: year = 1986, ep =0 
 	 Insufficient precipitation to grow glacier. 
 	 Volume glacier correction: 
 	 Volume should be 	2.950319e+13 m^3
 	 Volume corrected to 	2.000707e+10 m^3
 	 The rest is carried over to next year 

 	 HydroSnow Warning: There is Snow remaining on August 31 
 	 Snowremains 	 = 3.774887e+11 (m^3) 
 	 in year: 1986 
HydroGlacial WARNING: year = 1986, ep =0 
 	 Insufficient precipitation to grow glacier. 
 	 Volume glacier correction: 
 	 Volume should be 	2.950319e+13 m^3
 	 Volume corrected to 	2.000707e+10 m^3
 	 The rest is carried over to next year 

 	 HydroSnow Warning: There is Snow remaining on August 31 
 	 Snowremains 	 = 3.774887e+11 (m^3) 
 	 in year: 1986 
   FLOOD WARNING: the maximum predicted flood size has been exceeded. 
      Epoch 1, year 1986 
      Maximum predicted flood 56740.8 (m^3/s) 
      Modeled flood peak 267789 (m^3/s) 
HydroGlacial WARNING: year = 1987, ep =0 
 	 Insufficient precipitation to grow glacier. 
 	 Volume glacier correction: 
 	 Volume should be 	2.950319e+13 m^3
 	 Volume corrected to 	3.173936e+10 m^3
 	 The rest is carried over to next year 

 	 HydroSnow Warning: There is Snow remaining on August 31 
 	 Snowremains 	 = 3.896390e+11 (m^3) 
 	 in year: 1987 
HydroGlacial WARNING: year = 1987, ep =0 
 	 Insufficient precipitation to grow glacier. 
 	 Volume glacier correction: 
 	 Volume should be 	2.950319e+13 m^3
 	 Volume corrected to 	1.173229e+10 m^3
 	 The rest is carried over to next year 

 	 HydroSnow Warning: There is Snow remaining on August 31 
 	 Snowremains 	 = 3.896390e+11 (m^3) 
 	 in year: 1987 
HydroGlacial WARNING: year = 1987, ep =0 
 	 Insufficient precipitation to grow glacier. 
 	 Volume glacier correction: 
 	 Volume should be 	2.950319e+13 m^3
 	 Volume corrected to 	1.173229e+10 m^3
 	 The rest is carried over to next year 

 	 HydroSnow Warning: There is Snow remaining on August 31 
 	 Snowremains 	 = 3.896390e+11 (m^3) 
 	 in year: 1987 
HydroGlacial WARNING: year = 1987, ep =0 
 	 Insufficient precipitation to grow glacier. 
 	 Volume glacier correction: 
 	 Volume should be 	2.950319e+13 m^3
 	 Volume corrected to 	1.173229e+10 m^3
 	 The rest is carried over to next year 

 	 HydroSnow Warning: There is Snow remaining on August 31 
 	 Snowremains 	 = 3.896390e+11 (m^3) 
 	 in year: 1987 
HydroGlacial WARNING: year = 1987, ep =0 
 	 Insufficient precipitation to grow glacier. 
 	 Volume glacier correction: 
 	 Volume should be 	2.950319e+13 m^3
 	 Volume corrected to 	1.173229e+10 m^3
 	 The rest is carried over to next year 

 	 HydroSnow Warning: There is Snow remaining on August 31 
 	 Snowremains 	 = 3.896390e+11 (m^3) 
 	 in year: 1987 
HydroGlacial WARNING: year = 1987, ep =0 
 	 Insufficient precipitation to grow glacier. 
 	 Volume glacier correction: 
 	 Volume should be 	2.950319e+13 m^3
 	 Volume corrected to 	1.173229e+10 m^3
 	 The rest is carried over to next year 

 	 HydroSnow Warning: There is Snow remaining on August 31 
 	 Snowremains 	 = 3.896390e+11 (m^3) 
 	 in year: 1987 
HydroGlacial WARNING: year = 1987, ep =0 
 	 Insufficient precipitation to grow glacier. 
 	 Volume glacier correction: 
 	 Volume should be 	2.950319e+13 m^3
 	 Volume corrected to 	1.173229e+10 m^3
 	 The rest is carried over to next year 

 	 HydroSnow Warning: There is Snow remaining on August 31 
 	 Snowremains 	 = 3.896390e+11 (m^3) 
 	 in year: 1987 
HydroGlacial WARNING: year = 1987, ep =0 
 	 Insufficient precipitation to grow glacier. 
 	 Volume glacier correction: 
 	 Volume should be 	2.950319e+13 m^3
 	 Volume corrected to 	1.173229e+10 m^3
 	 The rest is carried over to next year 

 	 HydroSnow Warning: There is Snow remaining on August 31 
 	 Snowremains 	 = 3.896390e+11 (m^3) 
 	 in year: 1987 
HydroGlacial WARNING: year = 1987, ep =0 
 	 Insufficient precipitation to grow glacier. 
 	 Volume glacier correction: 
 	 Volume should be 	2.950319e+13 m^3
 	 Volume corrected to 	1.173229e+10 m^3
 	 The rest is carried over to next year 

 	 HydroSnow Warning: There is Snow remaining on August 31 
 	 Snowremains 	 = 3.896390e+11 (m^3) 
 	 in year: 1987 
HydroGlacial WARNING: year = 1987, ep =0 
 	 Insufficient precipitation to grow glacier. 
 	 Volume glacier correction: 
 	 Volume should be 	2.950319e+13 m^3
 	 Volume corrected to 	1.173229e+10 m^3
 	 The rest is carried over to next year 

 	 HydroSnow Warning: There is Snow remaining on August 31 
 	 Snowremains 	 = 3.896390e+11 (m^3) 
 	 in year: 1987 
   FLOOD WARNING: the maximum predicted flood size has been exceeded. 
      Epoch 1, year 1987 
      Maximum predicted flood 56740.8 (m^3/s) 
      Modeled flood peak 95314.2 (m^3/s) 
HydroGlacial WARNING: year = 1988, ep =0 
 	 Insufficient precipitation to grow glacier. 
 	 Volume glacier correction: 
 	 Volume should be 	2.950319e+13 m^3
 	 Volume corrected to 	2.553176e+10 m^3
 	 The rest is carried over to next year 

 	 HydroSnow Warning: There is Snow remaining on August 31 
 	 Snowremains 	 = 4.443773e+11 (m^3) 
 	 in year: 1988 
HydroGlacial WARNING: year = 1988, ep =0 
 	 Insufficient precipitation to grow glacier. 
 	 Volume glacier correction: 
 	 Volume should be 	2.950319e+13 m^3
 	 Volume corrected to 	1.379947e+10 m^3
 	 The rest is carried over to next year 

 	 HydroSnow Warning: There is Snow remaining on August 31 
 	 Snowremains 	 = 4.443773e+11 (m^3) 
 	 in year: 1988 
HydroGlacial WARNING: year = 1988, ep =0 
 	 Insufficient precipitation to grow glacier. 
 	 Volume glacier correction: 
 	 Volume should be 	2.950319e+13 m^3
 	 Volume corrected to 	1.379947e+10 m^3
 	 The rest is carried over to next year 

 	 HydroSnow Warning: There is Snow remaining on August 31 
 	 Snowremains 	 = 4.443773e+11 (m^3) 
 	 in year: 1988 
HydroGlacial WARNING: year = 1988, ep =0 
 	 Insufficient precipitation to grow glacier. 
 	 Volume glacier correction: 
 	 Volume should be 	2.950319e+13 m^3
 	 Volume corrected to 	1.379947e+10 m^3
 	 The rest is carried over to next year 

 	 HydroSnow Warning: There is Snow remaining on August 31 
 	 Snowremains 	 = 4.443773e+11 (m^3) 
 	 in year: 1988 
HydroGlacial WARNING: year = 1988, ep =0 
 	 Insufficient precipitation to grow glacier. 
 	 Volume glacier correction: 
 	 Volume should be 	2.950319e+13 m^3
 	 Volume corrected to 	1.379947e+10 m^3
 	 The rest is carried over to next year 

 	 HydroSnow Warning: There is Snow remaining on August 31 
 	 Snowremains 	 = 4.443773e+11 (m^3) 
 	 in year: 1988 
HydroGlacial WARNING: year = 1988, ep =0 
 	 Insufficient precipitation to grow glacier. 
 	 Volume glacier correction: 
 	 Volume should be 	2.950319e+13 m^3
 	 Volume corrected to 	1.379947e+10 m^3
 	 The rest is carried over to next year 

 	 HydroSnow Warning: There is Snow remaining on August 31 
 	 Snowremains 	 = 4.443773e+11 (m^3) 
 	 in year: 1988 
HydroGlacial WARNING: year = 1988, ep =0 
 	 Insufficient precipitation to grow glacier. 
 	 Volume glacier correction: 
 	 Volume should be 	2.950319e+13 m^3
 	 Volume corrected to 	1.379947e+10 m^3
 	 The rest is carried over to next year 

 	 HydroSnow Warning: There is Snow remaining on August 31 
 	 Snowremains 	 = 4.443773e+11 (m^3) 
 	 in year: 1988 
HydroGlacial WARNING: year = 1988, ep =0 
 	 Insufficient precipitation to grow glacier. 
 	 Volume glacier correction: 
 	 Volume should be 	2.950319e+13 m^3
 	 Volume corrected to 	1.379947e+10 m^3
 	 The rest is carried over to next year 

 	 HydroSnow Warning: There is Snow remaining on August 31 
 	 Snowremains 	 = 4.443773e+11 (m^3) 
 	 in year: 1988 
HydroGlacial WARNING: year = 1988, ep =0 
 	 Insufficient precipitation to grow glacier. 
 	 Volume glacier correction: 
 	 Volume should be 	2.950319e+13 m^3
 	 Volume corrected to 	1.379947e+10 m^3
 	 The rest is carried over to next year 

 	 HydroSnow Warning: There is Snow remaining on August 31 
 	 Snowremains 	 = 4.443773e+11 (m^3) 
 	 in year: 1988 
HydroGlacial WARNING: year = 1988, ep =0 
 	 Insufficient precipitation to grow glacier. 
 	 Volume glacier correction: 
 	 Volume should be 	2.950319e+13 m^3
 	 Volume corrected to 	1.379947e+10 m^3
 	 The rest is carried over to next year 

 	 HydroSnow Warning: There is Snow remaining on August 31 
 	 Snowremains 	 = 4.443773e+11 (m^3) 
 	 in year: 1988 
   FLOOD WARNING: the maximum predicted flood size has been exceeded. 
      Epoch 1, year 1988 
      Maximum predicted flood 56740.8 (m^3/s) 
      Modeled flood peak 126516 (m^3/s) 
HydroGlacial WARNING: year = 1989, ep =0 
 	 Insufficient precipitation to grow glacier. 
 	 Volume glacier correction: 
 	 Volume should be 	2.950319e+13 m^3
 	 Volume corrected to 	2.165413e+10 m^3
 	 The rest is carried over to next year 

 	 HydroSnow Warning: There is Snow remaining on August 31 
 	 Snowremains 	 = 4.407916e+11 (m^3) 
 	 in year: 1989 
HydroGlacial WARNING: year = 1989, ep =0 
 	 Insufficient precipitation to grow glacier. 
 	 Volume glacier correction: 
 	 Volume should be 	2.950319e+13 m^3
 	 Volume corrected to 	7.854660e+09 m^3
 	 The rest is carried over to next year 

 	 HydroSnow Warning: There is Snow remaining on August 31 
 	 Snowremains 	 = 4.407916e+11 (m^3) 
 	 in year: 1989 
HydroGlacial WARNING: year = 1989, ep =0 
 	 Insufficient precipitation to grow glacier. 
 	 Volume glacier correction: 
 	 Volume should be 	2.950319e+13 m^3
 	 Volume corrected to 	7.854660e+09 m^3
 	 The rest is carried over to next year 

 	 HydroSnow Warning: There is Snow remaining on August 31 
 	 Snowremains 	 = 4.407916e+11 (m^3) 
 	 in year: 1989 
HydroGlacial WARNING: year = 1989, ep =0 
 	 Insufficient precipitation to grow glacier. 
 	 Volume glacier correction: 
 	 Volume should be 	2.950319e+13 m^3
 	 Volume corrected to 	7.854660e+09 m^3
 	 The rest is carried over to next year 

 	 HydroSnow Warning: There is Snow remaining on August 31 
 	 Snowremains 	 = 4.407916e+11 (m^3) 
 	 in year: 1989 
HydroGlacial WARNING: year = 1989, ep =0 
 	 Insufficient precipitation to grow glacier. 
 	 Volume glacier correction: 
 	 Volume should be 	2.950319e+13 m^3
 	 Volume corrected to 	7.854660e+09 m^3
 	 The rest is carried over to next year 

 	 HydroSnow Warning: There is Snow remaining on August 31 
 	 Snowremains 	 = 4.407916e+11 (m^3) 
 	 in year: 1989 
HydroGlacial WARNING: year = 1989, ep =0 
 	 Insufficient precipitation to grow glacier. 
 	 Volume glacier correction: 
 	 Volume should be 	2.950319e+13 m^3
 	 Volume corrected to 	7.854660e+09 m^3
 	 The rest is carried over to next year 

 	 HydroSnow Warning: There is Snow remaining on August 31 
 	 Snowremains 	 = 4.407916e+11 (m^3) 
 	 in year: 1989 
HydroGlacial WARNING: year = 1989, ep =0 
 	 Insufficient precipitation to grow glacier. 
 	 Volume glacier correction: 
 	 Volume should be 	2.950319e+13 m^3
 	 Volume corrected to 	7.854660e+09 m^3
 	 The rest is carried over to next year 

 	 HydroSnow Warning: There is Snow remaining on August 31 
 	 Snowremains 	 = 4.407916e+11 (m^3) 
 	 in year: 1989 
HydroGlacial WARNING: year = 1989, ep =0 
 	 Insufficient precipitation to grow glacier. 
 	 Volume glacier correction: 
 	 Volume should be 	2.950319e+13 m^3
 	 Volume corrected to 	7.854660e+09 m^3
 	 The rest is carried over to next year 

 	 HydroSnow Warning: There is Snow remaining on August 31 
 	 Snowremains 	 = 4.407916e+11 (m^3) 
 	 in year: 1989 
HydroGlacial WARNING: year = 1989, ep =0 
 	 Insufficient precipitation to grow glacier. 
 	 Volume glacier correction: 
 	 Volume should be 	2.950319e+13 m^3
 	 Volume corrected to 	7.854660e+09 m^3
 	 The rest is carried over to next year 

 	 HydroSnow Warning: There is Snow remaining on August 31 
 	 Snowremains 	 = 4.407916e+11 (m^3) 
 	 in year: 1989 
HydroGlacial WARNING: year = 1989, ep =0 
 	 Insufficient precipitation to grow glacier. 
 	 Volume glacier correction: 
 	 Volume should be 	2.950319e+13 m^3
 	 Volume corrected to 	7.854660e+09 m^3
 	 The rest is carried over to next year 

 	 HydroSnow Warning: There is Snow remaining on August 31 
 	 Snowremains 	 = 4.407916e+11 (m^3) 
 	 in year: 1989 
   FLOOD WARNING: the maximum predicted flood size has been exceeded. 
      Epoch 1, year 1989 
      Maximum predicted flood 56740.8 (m^3/s) 
      Modeled flood peak 76277.3 (m^3/s) 
HydroGlacial WARNING: year = 1990, ep =0 
 	 Insufficient precipitation to grow glacier. 
 	 Volume glacier correction: 
 	 Volume should be 	2.950319e+13 m^3
 	 Volume corrected to 	2.174271e+10 m^3
 	 The rest is carried over to next year 

 	 HydroSnow Warning: There is Snow remaining on August 31 
 	 Snowremains 	 = 4.682906e+11 (m^3) 
 	 in year: 1990 
HydroGlacial WARNING: year = 1990, ep =0 
 	 Insufficient precipitation to grow glacier. 
 	 Volume glacier correction: 
 	 Volume should be 	2.950319e+13 m^3
 	 Volume corrected to 	1.388805e+10 m^3
 	 The rest is carried over to next year 

 	 HydroSnow Warning: There is Snow remaining on August 31 
 	 Snowremains 	 = 4.682906e+11 (m^3) 
 	 in year: 1990 
HydroGlacial WARNING: year = 1990, ep =0 
 	 Insufficient precipitation to grow glacier. 
 	 Volume glacier correction: 
 	 Volume should be 	2.950319e+13 m^3
 	 Volume corrected to 	1.388805e+10 m^3
 	 The rest is carried over to next year 

 	 HydroSnow Warning: There is Snow remaining on August 31 
 	 Snowremains 	 = 4.682906e+11 (m^3) 
 	 in year: 1990 
HydroGlacial WARNING: year = 1990, ep =0 
 	 Insufficient precipitation to grow glacier. 
 	 Volume glacier correction: 
 	 Volume should be 	2.950319e+13 m^3
 	 Volume corrected to 	1.388805e+10 m^3
 	 The rest is carried over to next year 

 	 HydroSnow Warning: There is Snow remaining on August 31 
 	 Snowremains 	 = 4.682906e+11 (m^3) 
 	 in year: 1990 
HydroGlacial WARNING: year = 1990, ep =0 
 	 Insufficient precipitation to grow glacier. 
 	 Volume glacier correction: 
 	 Volume should be 	2.950319e+13 m^3
 	 Volume corrected to 	1.388805e+10 m^3
 	 The rest is carried over to next year 

 	 HydroSnow Warning: There is Snow remaining on August 31 
 	 Snowremains 	 = 4.682906e+11 (m^3) 
 	 in year: 1990 
HydroGlacial WARNING: year = 1990, ep =0 
 	 Insufficient precipitation to grow glacier. 
 	 Volume glacier correction: 
 	 Volume should be 	2.950319e+13 m^3
 	 Volume corrected to 	1.388805e+10 m^3
 	 The rest is carried over to next year 

 	 HydroSnow Warning: There is Snow remaining on August 31 
 	 Snowremains 	 = 4.682906e+11 (m^3) 
 	 in year: 1990 
HydroGlacial WARNING: year = 1990, ep =0 
 	 Insufficient precipitation to grow glacier. 
 	 Volume glacier correction: 
 	 Volume should be 	2.950319e+13 m^3
 	 Volume corrected to 	1.388805e+10 m^3
 	 The rest is carried over to next year 

 	 HydroSnow Warning: There is Snow remaining on August 31 
 	 Snowremains 	 = 4.682906e+11 (m^3) 
 	 in year: 1990 
HydroGlacial WARNING: year = 1990, ep =0 
 	 Insufficient precipitation to grow glacier. 
 	 Volume glacier correction: 
 	 Volume should be 	2.950319e+13 m^3
 	 Volume corrected to 	1.388805e+10 m^3
 	 The rest is carried over to next year 

 	 HydroSnow Warning: There is Snow remaining on August 31 
 	 Snowremains 	 = 4.682906e+11 (m^3) 
 	 in year: 1990 
HydroGlacial WARNING: year = 1990, ep =0 
 	 Insufficient precipitation to grow glacier. 
 	 Volume glacier correction: 
 	 Volume should be 	2.950319e+13 m^3
 	 Volume corrected to 	1.388805e+10 m^3
 	 The rest is carried over to next year 

 	 HydroSnow Warning: There is Snow remaining on August 31 
 	 Snowremains 	 = 4.682906e+11 (m^3) 
 	 in year: 1990 
HydroGlacial WARNING: year = 1990, ep =0 
 	 Insufficient precipitation to grow glacier. 
 	 Volume glacier correction: 
 	 Volume should be 	2.950319e+13 m^3
 	 Volume corrected to 	1.388805e+10 m^3
 	 The rest is carried over to next year 

 	 HydroSnow Warning: There is Snow remaining on August 31 
 	 Snowremains 	 = 4.682906e+11 (m^3) 
 	 in year: 1990 
   FLOOD WARNING: the maximum predicted flood size has been exceeded. 
      Epoch 1, year 1990 
      Maximum predicted flood 56740.8 (m^3/s) 
      Modeled flood peak 146630 (m^3/s) 
HydroGlacial WARNING: year = 1991, ep =0 
 	 Insufficient precipitation to grow glacier. 
 	 Volume glacier correction: 
 	 Volume should be 	2.950319e+13 m^3
 	 Volume corrected to 	2.288552e+10 m^3
 	 The rest is carried over to next year 

 	 HydroSnow Warning: There is Snow remaining on August 31 
 	 Snowremains 	 = 4.800832e+11 (m^3) 
 	 in year: 1991 
HydroGlacial WARNING: year = 1991, ep =0 
 	 Insufficient precipitation to grow glacier. 
 	 Volume glacier correction: 
 	 Volume should be 	2.950319e+13 m^3
 	 Volume corrected to 	8.997468e+09 m^3
 	 The rest is carried over to next year 

 	 HydroSnow Warning: There is Snow remaining on August 31 
 	 Snowremains 	 = 4.800832e+11 (m^3) 
 	 in year: 1991 
HydroGlacial WARNING: year = 1991, ep =0 
 	 Insufficient precipitation to grow glacier. 
 	 Volume glacier correction: 
 	 Volume should be 	2.950319e+13 m^3
 	 Volume corrected to 	8.997468e+09 m^3
 	 The rest is carried over to next year 

 	 HydroSnow Warning: There is Snow remaining on August 31 
 	 Snowremains 	 = 4.800832e+11 (m^3) 
 	 in year: 1991 
HydroGlacial WARNING: year = 1991, ep =0 
 	 Insufficient precipitation to grow glacier. 
 	 Volume glacier correction: 
 	 Volume should be 	2.950319e+13 m^3
 	 Volume corrected to 	8.997468e+09 m^3
 	 The rest is carried over to next year 

 	 HydroSnow Warning: There is Snow remaining on August 31 
 	 Snowremains 	 = 4.800832e+11 (m^3) 
 	 in year: 1991 
HydroGlacial WARNING: year = 1991, ep =0 
 	 Insufficient precipitation to grow glacier. 
 	 Volume glacier correction: 
 	 Volume should be 	2.950319e+13 m^3
 	 Volume corrected to 	8.997468e+09 m^3
 	 The rest is carried over to next year 

 	 HydroSnow Warning: There is Snow remaining on August 31 
 	 Snowremains 	 = 4.800832e+11 (m^3) 
 	 in year: 1991 
HydroGlacial WARNING: year = 1991, ep =0 
 	 Insufficient precipitation to grow glacier. 
 	 Volume glacier correction: 
 	 Volume should be 	2.950319e+13 m^3
 	 Volume corrected to 	8.997468e+09 m^3
 	 The rest is carried over to next year 

 	 HydroSnow Warning: There is Snow remaining on August 31 
 	 Snowremains 	 = 4.800832e+11 (m^3) 
 	 in year: 1991 
HydroGlacial WARNING: year = 1991, ep =0 
 	 Insufficient precipitation to grow glacier. 
 	 Volume glacier correction: 
 	 Volume should be 	2.950319e+13 m^3
 	 Volume corrected to 	8.997468e+09 m^3
 	 The rest is carried over to next year 

 	 HydroSnow Warning: There is Snow remaining on August 31 
 	 Snowremains 	 = 4.800832e+11 (m^3) 
 	 in year: 1991 
HydroGlacial WARNING: year = 1991, ep =0 
 	 Insufficient precipitation to grow glacier. 
 	 Volume glacier correction: 
 	 Volume should be 	2.950319e+13 m^3
 	 Volume corrected to 	8.997468e+09 m^3
 	 The rest is carried over to next year 

 	 HydroSnow Warning: There is Snow remaining on August 31 
 	 Snowremains 	 = 4.800832e+11 (m^3) 
 	 in year: 1991 
HydroGlacial WARNING: year = 1991, ep =0 
 	 Insufficient precipitation to grow glacier. 
 	 Volume glacier correction: 
 	 Volume should be 	2.950319e+13 m^3
 	 Volume corrected to 	8.997468e+09 m^3
 	 The rest is carried over to next year 

 	 HydroSnow Warning: There is Snow remaining on August 31 
 	 Snowremains 	 = 4.800832e+11 (m^3) 
 	 in year: 1991 
HydroGlacial WARNING: year = 1991, ep =0 
 	 Insufficient precipitation to grow glacier. 
 	 Volume glacier correction: 
 	 Volume should be 	2.950319e+13 m^3
 	 Volume corrected to 	8.997468e+09 m^3
 	 The rest is carried over to next year 

 	 HydroSnow Warning: There is Snow remaining on August 31 
 	 Snowremains 	 = 4.800832e+11 (m^3) 
 	 in year: 1991 
   FLOOD WARNING: the maximum predicted flood size has been exceeded. 
      Epoch 1, year 1991 
      Maximum predicted flood 56740.8 (m^3/s) 
      Modeled flood peak 97841.1 (m^3/s) 
HydroGlacial WARNING: year = 1992, ep =0 
 	 Insufficient precipitation to grow glacier. 
 	 Volume glacier correction: 
 	 Volume should be 	2.950319e+13 m^3
 	 Volume corrected to 	1.868075e+10 m^3
 	 The rest is carried over to next year 

 	 HydroSnow Warning: There is Snow remaining on August 31 
 	 Snowremains 	 = 4.979015e+11 (m^3) 
 	 in year: 1992 
HydroGlacial WARNING: year = 1992, ep =0 
 	 Insufficient precipitation to grow glacier. 
 	 Volume glacier correction: 
 	 Volume should be 	2.950319e+13 m^3
 	 Volume corrected to 	9.683286e+09 m^3
 	 The rest is carried over to next year 

 	 HydroSnow Warning: There is Snow remaining on August 31 
 	 Snowremains 	 = 4.979015e+11 (m^3) 
 	 in year: 1992 
HydroGlacial WARNING: year = 1992, ep =0 
 	 Insufficient precipitation to grow glacier. 
 	 Volume glacier correction: 
 	 Volume should be 	2.950319e+13 m^3
 	 Volume corrected to 	9.683286e+09 m^3
 	 The rest is carried over to next year 

 	 HydroSnow Warning: There is Snow remaining on August 31 
 	 Snowremains 	 = 4.979015e+11 (m^3) 
 	 in year: 1992 
HydroGlacial WARNING: year = 1992, ep =0 
 	 Insufficient precipitation to grow glacier. 
 	 Volume glacier correction: 
 	 Volume should be 	2.950319e+13 m^3
 	 Volume corrected to 	9.683286e+09 m^3
 	 The rest is carried over to next year 

 	 HydroSnow Warning: There is Snow remaining on August 31 
 	 Snowremains 	 = 4.979015e+11 (m^3) 
 	 in year: 1992 
HydroGlacial WARNING: year = 1992, ep =0 
 	 Insufficient precipitation to grow glacier. 
 	 Volume glacier correction: 
 	 Volume should be 	2.950319e+13 m^3
 	 Volume corrected to 	9.683286e+09 m^3
 	 The rest is carried over to next year 

 	 HydroSnow Warning: There is Snow remaining on August 31 
 	 Snowremains 	 = 4.979015e+11 (m^3) 
 	 in year: 1992 
HydroGlacial WARNING: year = 1992, ep =0 
 	 Insufficient precipitation to grow glacier. 
 	 Volume glacier correction: 
 	 Volume should be 	2.950319e+13 m^3
 	 Volume corrected to 	9.683286e+09 m^3
 	 The rest is carried over to next year 

 	 HydroSnow Warning: There is Snow remaining on August 31 
 	 Snowremains 	 = 4.979015e+11 (m^3) 
 	 in year: 1992 
HydroGlacial WARNING: year = 1992, ep =0 
 	 Insufficient precipitation to grow glacier. 
 	 Volume glacier correction: 
 	 Volume should be 	2.950319e+13 m^3
 	 Volume corrected to 	9.683286e+09 m^3
 	 The rest is carried over to next year 

 	 HydroSnow Warning: There is Snow remaining on August 31 
 	 Snowremains 	 = 4.979015e+11 (m^3) 
 	 in year: 1992 
HydroGlacial WARNING: year = 1992, ep =0 
 	 Insufficient precipitation to grow glacier. 
 	 Volume glacier correction: 
 	 Volume should be 	2.950319e+13 m^3
 	 Volume corrected to 	9.683286e+09 m^3
 	 The rest is carried over to next year 

 	 HydroSnow Warning: There is Snow remaining on August 31 
 	 Snowremains 	 = 4.979015e+11 (m^3) 
 	 in year: 1992 
HydroGlacial WARNING: year = 1992, ep =0 
 	 Insufficient precipitation to grow glacier. 
 	 Volume glacier correction: 
 	 Volume should be 	2.950319e+13 m^3
 	 Volume corrected to 	9.683286e+09 m^3
 	 The rest is carried over to next year 

 	 HydroSnow Warning: There is Snow remaining on August 31 
 	 Snowremains 	 = 4.979015e+11 (m^3) 
 	 in year: 1992 
HydroGlacial WARNING: year = 1992, ep =0 
 	 Insufficient precipitation to grow glacier. 
 	 Volume glacier correction: 
 	 Volume should be 	2.950319e+13 m^3
 	 Volume corrected to 	9.683286e+09 m^3
 	 The rest is carried over to next year 

 	 HydroSnow Warning: There is Snow remaining on August 31 
 	 Snowremains 	 = 4.979015e+11 (m^3) 
 	 in year: 1992 
   FLOOD WARNING: the maximum predicted flood size has been exceeded. 
      Epoch 1, year 1992 
      Maximum predicted flood 56740.8 (m^3/s) 
      Modeled flood peak 79525.3 (m^3/s) 
HydroGlacial WARNING: year = 1993, ep =0 
 	 Insufficient precipitation to grow glacier. 
 	 Volume glacier correction: 
 	 Volume should be 	2.950319e+13 m^3
 	 Volume corrected to 	2.044266e+10 m^3
 	 The rest is carried over to next year 

 	 HydroSnow Warning: There is Snow remaining on August 31 
 	 Snowremains 	 = 5.204232e+11 (m^3) 
 	 in year: 1993 
HydroGlacial WARNING: year = 1993, ep =0 
 	 Insufficient precipitation to grow glacier. 
 	 Volume glacier correction: 
 	 Volume should be 	2.950319e+13 m^3
 	 Volume corrected to 	1.075938e+10 m^3
 	 The rest is carried over to next year 

 	 HydroSnow Warning: There is Snow remaining on August 31 
 	 Snowremains 	 = 5.204232e+11 (m^3) 
 	 in year: 1993 
HydroGlacial WARNING: year = 1993, ep =0 
 	 Insufficient precipitation to grow glacier. 
 	 Volume glacier correction: 
 	 Volume should be 	2.950319e+13 m^3
 	 Volume corrected to 	1.075938e+10 m^3
 	 The rest is carried over to next year 

 	 HydroSnow Warning: There is Snow remaining on August 31 
 	 Snowremains 	 = 5.204232e+11 (m^3) 
 	 in year: 1993 
HydroGlacial WARNING: year = 1993, ep =0 
 	 Insufficient precipitation to grow glacier. 
 	 Volume glacier correction: 
 	 Volume should be 	2.950319e+13 m^3
 	 Volume corrected to 	1.075938e+10 m^3
 	 The rest is carried over to next year 

 	 HydroSnow Warning: There is Snow remaining on August 31 
 	 Snowremains 	 = 5.204232e+11 (m^3) 
 	 in year: 1993 
HydroGlacial WARNING: year = 1993, ep =0 
 	 Insufficient precipitation to grow glacier. 
 	 Volume glacier correction: 
 	 Volume should be 	2.950319e+13 m^3
 	 Volume corrected to 	1.075938e+10 m^3
 	 The rest is carried over to next year 

 	 HydroSnow Warning: There is Snow remaining on August 31 
 	 Snowremains 	 = 5.204232e+11 (m^3) 
 	 in year: 1993 
HydroGlacial WARNING: year = 1993, ep =0 
 	 Insufficient precipitation to grow glacier. 
 	 Volume glacier correction: 
 	 Volume should be 	2.950319e+13 m^3
 	 Volume corrected to 	1.075938e+10 m^3
 	 The rest is carried over to next year 

 	 HydroSnow Warning: There is Snow remaining on August 31 
 	 Snowremains 	 = 5.204232e+11 (m^3) 
 	 in year: 1993 
HydroGlacial WARNING: year = 1993, ep =0 
 	 Insufficient precipitation to grow glacier. 
 	 Volume glacier correction: 
 	 Volume should be 	2.950319e+13 m^3
 	 Volume corrected to 	1.075938e+10 m^3
 	 The rest is carried over to next year 

 	 HydroSnow Warning: There is Snow remaining on August 31 
 	 Snowremains 	 = 5.204232e+11 (m^3) 
 	 in year: 1993 
HydroGlacial WARNING: year = 1993, ep =0 
 	 Insufficient precipitation to grow glacier. 
 	 Volume glacier correction: 
 	 Volume should be 	2.950319e+13 m^3
 	 Volume corrected to 	1.075938e+10 m^3
 	 The rest is carried over to next year 

 	 HydroSnow Warning: There is Snow remaining on August 31 
 	 Snowremains 	 = 5.204232e+11 (m^3) 
 	 in year: 1993 
HydroGlacial WARNING: year = 1993, ep =0 
 	 Insufficient precipitation to grow glacier. 
 	 Volume glacier correction: 
 	 Volume should be 	2.950319e+13 m^3
 	 Volume corrected to 	1.075938e+10 m^3
 	 The rest is carried over to next year 

 	 HydroSnow Warning: There is Snow remaining on August 31 
 	 Snowremains 	 = 5.204232e+11 (m^3) 
 	 in year: 1993 
HydroGlacial WARNING: year = 1993, ep =0 
 	 Insufficient precipitation to grow glacier. 
 	 Volume glacier correction: 
 	 Volume should be 	2.950319e+13 m^3
 	 Volume corrected to 	1.075938e+10 m^3
 	 The rest is carried over to next year 

 	 HydroSnow Warning: There is Snow remaining on August 31 
 	 Snowremains 	 = 5.204232e+11 (m^3) 
 	 in year: 1993 
   FLOOD WARNING: the maximum predicted flood size has been exceeded. 
      Epoch 1, year 1993 
      Maximum predicted flood 56740.8 (m^3/s) 
      Modeled flood peak 71115.8 (m^3/s) 
HydroGlacial WARNING: year = 1994, ep =0 
 	 Insufficient precipitation to grow glacier. 
 	 Volume glacier correction: 
 	 Volume should be 	2.950319e+13 m^3
 	 Volume corrected to 	2.801456e+10 m^3
 	 The rest is carried over to next year 

 	 HydroSnow Warning: There is Snow remaining on August 31 
 	 Snowremains 	 = 5.623072e+11 (m^3) 
 	 in year: 1994 
HydroGlacial WARNING: year = 1994, ep =0 
 	 Insufficient precipitation to grow glacier. 
 	 Volume glacier correction: 
 	 Volume should be 	2.950319e+13 m^3
 	 Volume corrected to 	1.725519e+10 m^3
 	 The rest is carried over to next year 

 	 HydroSnow Warning: There is Snow remaining on August 31 
 	 Snowremains 	 = 5.623072e+11 (m^3) 
 	 in year: 1994 
HydroGlacial WARNING: year = 1994, ep =0 
 	 Insufficient precipitation to grow glacier. 
 	 Volume glacier correction: 
 	 Volume should be 	2.950319e+13 m^3
 	 Volume corrected to 	1.725519e+10 m^3
 	 The rest is carried over to next year 

 	 HydroSnow Warning: There is Snow remaining on August 31 
 	 Snowremains 	 = 5.623072e+11 (m^3) 
 	 in year: 1994 
HydroGlacial WARNING: year = 1994, ep =0 
 	 Insufficient precipitation to grow glacier. 
 	 Volume glacier correction: 
 	 Volume should be 	2.950319e+13 m^3
 	 Volume corrected to 	1.725519e+10 m^3
 	 The rest is carried over to next year 

 	 HydroSnow Warning: There is Snow remaining on August 31 
 	 Snowremains 	 = 5.623072e+11 (m^3) 
 	 in year: 1994 
HydroGlacial WARNING: year = 1994, ep =0 
 	 Insufficient precipitation to grow glacier. 
 	 Volume glacier correction: 
 	 Volume should be 	2.950319e+13 m^3
 	 Volume corrected to 	1.725519e+10 m^3
 	 The rest is carried over to next year 

 	 HydroSnow Warning: There is Snow remaining on August 31 
 	 Snowremains 	 = 5.623072e+11 (m^3) 
 	 in year: 1994 
HydroGlacial WARNING: year = 1994, ep =0 
 	 Insufficient precipitation to grow glacier. 
 	 Volume glacier correction: 
 	 Volume should be 	2.950319e+13 m^3
 	 Volume corrected to 	1.725519e+10 m^3
 	 The rest is carried over to next year 

 	 HydroSnow Warning: There is Snow remaining on August 31 
 	 Snowremains 	 = 5.623072e+11 (m^3) 
 	 in year: 1994 
HydroGlacial WARNING: year = 1994, ep =0 
 	 Insufficient precipitation to grow glacier. 
 	 Volume glacier correction: 
 	 Volume should be 	2.950319e+13 m^3
 	 Volume corrected to 	1.725519e+10 m^3
 	 The rest is carried over to next year 

 	 HydroSnow Warning: There is Snow remaining on August 31 
 	 Snowremains 	 = 5.623072e+11 (m^3) 
 	 in year: 1994 
HydroGlacial WARNING: year = 1994, ep =0 
 	 Insufficient precipitation to grow glacier. 
 	 Volume glacier correction: 
 	 Volume should be 	2.950319e+13 m^3
 	 Volume corrected to 	1.725519e+10 m^3
 	 The rest is carried over to next year 

 	 HydroSnow Warning: There is Snow remaining on August 31 
 	 Snowremains 	 = 5.623072e+11 (m^3) 
 	 in year: 1994 
HydroGlacial WARNING: year = 1994, ep =0 
 	 Insufficient precipitation to grow glacier. 
 	 Volume glacier correction: 
 	 Volume should be 	2.950319e+13 m^3
 	 Volume corrected to 	1.725519e+10 m^3
 	 The rest is carried over to next year 

 	 HydroSnow Warning: There is Snow remaining on August 31 
 	 Snowremains 	 = 5.623072e+11 (m^3) 
 	 in year: 1994 
HydroGlacial WARNING: year = 1994, ep =0 
 	 Insufficient precipitation to grow glacier. 
 	 Volume glacier correction: 
 	 Volume should be 	2.950319e+13 m^3
 	 Volume corrected to 	1.725519e+10 m^3
 	 The rest is carried over to next year 

 	 HydroSnow Warning: There is Snow remaining on August 31 
 	 Snowremains 	 = 5.623072e+11 (m^3) 
 	 in year: 1994 
   FLOOD WARNING: the maximum predicted flood size has been exceeded. 
      Epoch 1, year 1994 
      Maximum predicted flood 56740.8 (m^3/s) 
      Modeled flood peak 169410 (m^3/s) 
HydroGlacial WARNING: year = 1995, ep =0 
 	 Insufficient precipitation to grow glacier. 
 	 Volume glacier correction: 
 	 Volume should be 	2.950319e+13 m^3
 	 Volume corrected to 	2.602189e+10 m^3
 	 The rest is carried over to next year 

 	 HydroSnow Warning: There is Snow remaining on August 31 
 	 Snowremains 	 = 5.784316e+11 (m^3) 
 	 in year: 1995 
HydroGlacial WARNING: year = 1995, ep =0 
 	 Insufficient precipitation to grow glacier. 
 	 Volume glacier correction: 
 	 Volume should be 	2.950319e+13 m^3
 	 Volume corrected to 	8.766708e+09 m^3
 	 The rest is carried over to next year 

 	 HydroSnow Warning: There is Snow remaining on August 31 
 	 Snowremains 	 = 5.784316e+11 (m^3) 
 	 in year: 1995 
HydroGlacial WARNING: year = 1995, ep =0 
 	 Insufficient precipitation to grow glacier. 
 	 Volume glacier correction: 
 	 Volume should be 	2.950319e+13 m^3
 	 Volume corrected to 	8.766708e+09 m^3
 	 The rest is carried over to next year 

 	 HydroSnow Warning: There is Snow remaining on August 31 
 	 Snowremains 	 = 5.784316e+11 (m^3) 
 	 in year: 1995 
HydroGlacial WARNING: year = 1995, ep =0 
 	 Insufficient precipitation to grow glacier. 
 	 Volume glacier correction: 
 	 Volume should be 	2.950319e+13 m^3
 	 Volume corrected to 	8.766708e+09 m^3
 	 The rest is carried over to next year 

 	 HydroSnow Warning: There is Snow remaining on August 31 
 	 Snowremains 	 = 5.784316e+11 (m^3) 
 	 in year: 1995 
HydroGlacial WARNING: year = 1995, ep =0 
 	 Insufficient precipitation to grow glacier. 
 	 Volume glacier correction: 
 	 Volume should be 	2.950319e+13 m^3
 	 Volume corrected to 	8.766708e+09 m^3
 	 The rest is carried over to next year 

 	 HydroSnow Warning: There is Snow remaining on August 31 
 	 Snowremains 	 = 5.784316e+11 (m^3) 
 	 in year: 1995 
HydroGlacial WARNING: year = 1995, ep =0 
 	 Insufficient precipitation to grow glacier. 
 	 Volume glacier correction: 
 	 Volume should be 	2.950319e+13 m^3
 	 Volume corrected to 	8.766708e+09 m^3
 	 The rest is carried over to next year 

 	 HydroSnow Warning: There is Snow remaining on August 31 
 	 Snowremains 	 = 5.784316e+11 (m^3) 
 	 in year: 1995 
HydroGlacial WARNING: year = 1995, ep =0 
 	 Insufficient precipitation to grow glacier. 
 	 Volume glacier correction: 
 	 Volume should be 	2.950319e+13 m^3
 	 Volume corrected to 	8.766708e+09 m^3
 	 The rest is carried over to next year 

 	 HydroSnow Warning: There is Snow remaining on August 31 
 	 Snowremains 	 = 5.784316e+11 (m^3) 
 	 in year: 1995 
HydroGlacial WARNING: year = 1995, ep =0 
 	 Insufficient precipitation to grow glacier. 
 	 Volume glacier correction: 
 	 Volume should be 	2.950319e+13 m^3
 	 Volume corrected to 	8.766708e+09 m^3
 	 The rest is carried over to next year 

 	 HydroSnow Warning: There is Snow remaining on August 31 
 	 Snowremains 	 = 5.784316e+11 (m^3) 
 	 in year: 1995 
HydroGlacial WARNING: year = 1995, ep =0 
 	 Insufficient precipitation to grow glacier. 
 	 Volume glacier correction: 
 	 Volume should be 	2.950319e+13 m^3
 	 Volume corrected to 	8.766708e+09 m^3
 	 The rest is carried over to next year 

 	 HydroSnow Warning: There is Snow remaining on August 31 
 	 Snowremains 	 = 5.784316e+11 (m^3) 
 	 in year: 1995 
HydroGlacial WARNING: year = 1995, ep =0 
 	 Insufficient precipitation to grow glacier. 
 	 Volume glacier correction: 
 	 Volume should be 	2.950319e+13 m^3
 	 Volume corrected to 	8.766708e+09 m^3
 	 The rest is carried over to next year 

 	 HydroSnow Warning: There is Snow remaining on August 31 
 	 Snowremains 	 = 5.784316e+11 (m^3) 
 	 in year: 1995 
   FLOOD WARNING: the maximum predicted flood size has been exceeded. 
      Epoch 1, year 1995 
      Maximum predicted flood 56740.8 (m^3/s) 
      Modeled flood peak 63531.3 (m^3/s) 
HydroGlacial WARNING: year = 1996, ep =0 
 	 Insufficient precipitation to grow glacier. 
 	 Volume glacier correction: 
 	 Volume should be 	2.950319e+13 m^3
 	 Volume corrected to 	3.111074e+10 m^3
 	 The rest is carried over to next year 

 	 HydroSnow Warning: There is Snow remaining on August 31 
 	 Snowremains 	 = 6.360096e+11 (m^3) 
 	 in year: 1996 
HydroGlacial WARNING: year = 1996, ep =0 
 	 Insufficient precipitation to grow glacier. 
 	 Volume glacier correction: 
 	 Volume should be 	2.950319e+13 m^3
 	 Volume corrected to 	2.234403e+10 m^3
 	 The rest is carried over to next year 

 	 HydroSnow Warning: There is Snow remaining on August 31 
 	 Snowremains 	 = 6.360096e+11 (m^3) 
 	 in year: 1996 
HydroGlacial WARNING: year = 1996, ep =0 
 	 Insufficient precipitation to grow glacier. 
 	 Volume glacier correction: 
 	 Volume should be 	2.950319e+13 m^3
 	 Volume corrected to 	2.234403e+10 m^3
 	 The rest is carried over to next year 

 	 HydroSnow Warning: There is Snow remaining on August 31 
 	 Snowremains 	 = 6.360096e+11 (m^3) 
 	 in year: 1996 
HydroGlacial WARNING: year = 1996, ep =0 
 	 Insufficient precipitation to grow glacier. 
 	 Volume glacier correction: 
 	 Volume should be 	2.950319e+13 m^3
 	 Volume corrected to 	2.234403e+10 m^3
 	 The rest is carried over to next year 

 	 HydroSnow Warning: There is Snow remaining on August 31 
 	 Snowremains 	 = 6.360096e+11 (m^3) 
 	 in year: 1996 
HydroGlacial WARNING: year = 1996, ep =0 
 	 Insufficient precipitation to grow glacier. 
 	 Volume glacier correction: 
 	 Volume should be 	2.950319e+13 m^3
 	 Volume corrected to 	2.234403e+10 m^3
 	 The rest is carried over to next year 

 	 HydroSnow Warning: There is Snow remaining on August 31 
 	 Snowremains 	 = 6.360096e+11 (m^3) 
 	 in year: 1996 
HydroGlacial WARNING: year = 1996, ep =0 
 	 Insufficient precipitation to grow glacier. 
 	 Volume glacier correction: 
 	 Volume should be 	2.950319e+13 m^3
 	 Volume corrected to 	2.234403e+10 m^3
 	 The rest is carried over to next year 

 	 HydroSnow Warning: There is Snow remaining on August 31 
 	 Snowremains 	 = 6.360096e+11 (m^3) 
 	 in year: 1996 
HydroGlacial WARNING: year = 1996, ep =0 
 	 Insufficient precipitation to grow glacier. 
 	 Volume glacier correction: 
 	 Volume should be 	2.950319e+13 m^3
 	 Volume corrected to 	2.234403e+10 m^3
 	 The rest is carried over to next year 

 	 HydroSnow Warning: There is Snow remaining on August 31 
 	 Snowremains 	 = 6.360096e+11 (m^3) 
 	 in year: 1996 
HydroGlacial WARNING: year = 1996, ep =0 
 	 Insufficient precipitation to grow glacier. 
 	 Volume glacier correction: 
 	 Volume should be 	2.950319e+13 m^3
 	 Volume corrected to 	2.234403e+10 m^3
 	 The rest is carried over to next year 

 	 HydroSnow Warning: There is Snow remaining on August 31 
 	 Snowremains 	 = 6.360096e+11 (m^3) 
 	 in year: 1996 
HydroGlacial WARNING: year = 1996, ep =0 
 	 Insufficient precipitation to grow glacier. 
 	 Volume glacier correction: 
 	 Volume should be 	2.950319e+13 m^3
 	 Volume corrected to 	2.234403e+10 m^3
 	 The rest is carried over to next year 

 	 HydroSnow Warning: There is Snow remaining on August 31 
 	 Snowremains 	 = 6.360096e+11 (m^3) 
 	 in year: 1996 
HydroGlacial WARNING: year = 1996, ep =0 
 	 Insufficient precipitation to grow glacier. 
 	 Volume glacier correction: 
 	 Volume should be 	2.950319e+13 m^3
 	 Volume corrected to 	2.234403e+10 m^3
 	 The rest is carried over to next year 

 	 HydroSnow Warning: There is Snow remaining on August 31 
 	 Snowremains 	 = 6.360096e+11 (m^3) 
 	 in year: 1996 
   FLOOD WARNING: the maximum predicted flood size has been exceeded. 
      Epoch 1, year 1996 
      Maximum predicted flood 56740.8 (m^3/s) 
      Modeled flood peak 343626 (m^3/s) 
HydroGlacial WARNING: year = 1997, ep =0 
 	 Insufficient precipitation to grow glacier. 
 	 Volume glacier correction: 
 	 Volume should be 	2.950319e+13 m^3
 	 Volume corrected to 	3.275701e+10 m^3
 	 The rest is carried over to next year 

 	 HydroSnow Warning: There is Snow remaining on August 31 
 	 Snowremains 	 = 6.692459e+11 (m^3) 
 	 in year: 1997 
HydroGlacial WARNING: year = 1998, ep =0 
 	 Insufficient precipitation to grow glacier. 
 	 Volume glacier correction: 
 	 Volume should be 	2.950319e+13 m^3
 	 Volume corrected to 	4.761272e+10 m^3
 	 The rest is carried over to next year 

 	 HydroSnow Warning: There is Snow remaining on August 31 
 	 Snowremains 	 = 6.887418e+11 (m^3) 
 	 in year: 1998 
HydroGlacial WARNING: year = 1998, ep =0 
 	 Insufficient precipitation to grow glacier. 
 	 Volume glacier correction: 
 	 Volume should be 	2.950319e+13 m^3
 	 Volume corrected to 	1.485572e+10 m^3
 	 The rest is carried over to next year 

 	 HydroSnow Warning: There is Snow remaining on August 31 
 	 Snowremains 	 = 6.887418e+11 (m^3) 
 	 in year: 1998 
HydroGlacial WARNING: year = 1998, ep =0 
 	 Insufficient precipitation to grow glacier. 
 	 Volume glacier correction: 
 	 Volume should be 	2.950319e+13 m^3
 	 Volume corrected to 	1.485572e+10 m^3
 	 The rest is carried over to next year 

 	 HydroSnow Warning: There is Snow remaining on August 31 
 	 Snowremains 	 = 6.887418e+11 (m^3) 
 	 in year: 1998 
HydroGlacial WARNING: year = 1998, ep =0 
 	 Insufficient precipitation to grow glacier. 
 	 Volume glacier correction: 
 	 Volume should be 	2.950319e+13 m^3
 	 Volume corrected to 	1.485572e+10 m^3
 	 The rest is carried over to next year 

 	 HydroSnow Warning: There is Snow remaining on August 31 
 	 Snowremains 	 = 6.887418e+11 (m^3) 
 	 in year: 1998 
HydroGlacial WARNING: year = 1998, ep =0 
 	 Insufficient precipitation to grow glacier. 
 	 Volume glacier correction: 
 	 Volume should be 	2.950319e+13 m^3
 	 Volume corrected to 	1.485572e+10 m^3
 	 The rest is carried over to next year 

 	 HydroSnow Warning: There is Snow remaining on August 31 
 	 Snowremains 	 = 6.887418e+11 (m^3) 
 	 in year: 1998 
HydroGlacial WARNING: year = 1998, ep =0 
 	 Insufficient precipitation to grow glacier. 
 	 Volume glacier correction: 
 	 Volume should be 	2.950319e+13 m^3
 	 Volume corrected to 	1.485572e+10 m^3
 	 The rest is carried over to next year 

 	 HydroSnow Warning: There is Snow remaining on August 31 
 	 Snowremains 	 = 6.887418e+11 (m^3) 
 	 in year: 1998 
HydroGlacial WARNING: year = 1998, ep =0 
 	 Insufficient precipitation to grow glacier. 
 	 Volume glacier correction: 
 	 Volume should be 	2.950319e+13 m^3
 	 Volume corrected to 	1.485572e+10 m^3
 	 The rest is carried over to next year 

 	 HydroSnow Warning: There is Snow remaining on August 31 
 	 Snowremains 	 = 6.887418e+11 (m^3) 
 	 in year: 1998 
HydroGlacial WARNING: year = 1998, ep =0 
 	 Insufficient precipitation to grow glacier. 
 	 Volume glacier correction: 
 	 Volume should be 	2.950319e+13 m^3
 	 Volume corrected to 	1.485572e+10 m^3
 	 The rest is carried over to next year 

 	 HydroSnow Warning: There is Snow remaining on August 31 
 	 Snowremains 	 = 6.887418e+11 (m^3) 
 	 in year: 1998 
HydroGlacial WARNING: year = 1998, ep =0 
 	 Insufficient precipitation to grow glacier. 
 	 Volume glacier correction: 
 	 Volume should be 	2.950319e+13 m^3
 	 Volume corrected to 	1.485572e+10 m^3
 	 The rest is carried over to next year 

 	 HydroSnow Warning: There is Snow remaining on August 31 
 	 Snowremains 	 = 6.887418e+11 (m^3) 
 	 in year: 1998 
HydroGlacial WARNING: year = 1998, ep =0 
 	 Insufficient precipitation to grow glacier. 
 	 Volume glacier correction: 
 	 Volume should be 	2.950319e+13 m^3
 	 Volume corrected to 	1.485572e+10 m^3
 	 The rest is carried over to next year 

 	 HydroSnow Warning: There is Snow remaining on August 31 
 	 Snowremains 	 = 6.887418e+11 (m^3) 
 	 in year: 1998 
   FLOOD WARNING: the maximum predicted flood size has been exceeded. 
      Epoch 1, year 1998 
      Maximum predicted flood 56740.8 (m^3/s) 
      Modeled flood peak 108879 (m^3/s) 
HydroGlacial WARNING: year = 1999, ep =0 
 	 Insufficient precipitation to grow glacier. 
 	 Volume glacier correction: 
 	 Volume should be 	2.950319e+13 m^3
 	 Volume corrected to 	2.190047e+10 m^3
 	 The rest is carried over to next year 

 	 HydroSnow Warning: There is Snow remaining on August 31 
 	 Snowremains 	 = 6.990508e+11 (m^3) 
 	 in year: 1999 
HydroGlacial WARNING: year = 1999, ep =0 
 	 Insufficient precipitation to grow glacier. 
 	 Volume glacier correction: 
 	 Volume should be 	2.950319e+13 m^3
 	 Volume corrected to 	7.044756e+09 m^3
 	 The rest is carried over to next year 

 	 HydroSnow Warning: There is Snow remaining on August 31 
 	 Snowremains 	 = 6.990508e+11 (m^3) 
 	 in year: 1999 
HydroGlacial WARNING: year = 1999, ep =0 
 	 Insufficient precipitation to grow glacier. 
 	 Volume glacier correction: 
 	 Volume should be 	2.950319e+13 m^3
 	 Volume corrected to 	7.044756e+09 m^3
 	 The rest is carried over to next year 

 	 HydroSnow Warning: There is Snow remaining on August 31 
 	 Snowremains 	 = 6.990508e+11 (m^3) 
 	 in year: 1999 
HydroGlacial WARNING: year = 1999, ep =0 
 	 Insufficient precipitation to grow glacier. 
 	 Volume glacier correction: 
 	 Volume should be 	2.950319e+13 m^3
 	 Volume corrected to 	7.044756e+09 m^3
 	 The rest is carried over to next year 

 	 HydroSnow Warning: There is Snow remaining on August 31 
 	 Snowremains 	 = 6.990508e+11 (m^3) 
 	 in year: 1999 
HydroGlacial WARNING: year = 1999, ep =0 
 	 Insufficient precipitation to grow glacier. 
 	 Volume glacier correction: 
 	 Volume should be 	2.950319e+13 m^3
 	 Volume corrected to 	7.044756e+09 m^3
 	 The rest is carried over to next year 

 	 HydroSnow Warning: There is Snow remaining on August 31 
 	 Snowremains 	 = 6.990508e+11 (m^3) 
 	 in year: 1999 
HydroGlacial WARNING: year = 1999, ep =0 
 	 Insufficient precipitation to grow glacier. 
 	 Volume glacier correction: 
 	 Volume should be 	2.950319e+13 m^3
 	 Volume corrected to 	7.044756e+09 m^3
 	 The rest is carried over to next year 

 	 HydroSnow Warning: There is Snow remaining on August 31 
 	 Snowremains 	 = 6.990508e+11 (m^3) 
 	 in year: 1999 
HydroGlacial WARNING: year = 1999, ep =0 
 	 Insufficient precipitation to grow glacier. 
 	 Volume glacier correction: 
 	 Volume should be 	2.950319e+13 m^3
 	 Volume corrected to 	7.044756e+09 m^3
 	 The rest is carried over to next year 

 	 HydroSnow Warning: There is Snow remaining on August 31 
 	 Snowremains 	 = 6.990508e+11 (m^3) 
 	 in year: 1999 
HydroGlacial WARNING: year = 1999, ep =0 
 	 Insufficient precipitation to grow glacier. 
 	 Volume glacier correction: 
 	 Volume should be 	2.950319e+13 m^3
 	 Volume corrected to 	7.044756e+09 m^3
 	 The rest is carried over to next year 

 	 HydroSnow Warning: There is Snow remaining on August 31 
 	 Snowremains 	 = 6.990508e+11 (m^3) 
 	 in year: 1999 
HydroGlacial WARNING: year = 1999, ep =0 
 	 Insufficient precipitation to grow glacier. 
 	 Volume glacier correction: 
 	 Volume should be 	2.950319e+13 m^3
 	 Volume corrected to 	7.044756e+09 m^3
 	 The rest is carried over to next year 

 	 HydroSnow Warning: There is Snow remaining on August 31 
 	 Snowremains 	 = 6.990508e+11 (m^3) 
 	 in year: 1999 
HydroGlacial WARNING: year = 1999, ep =0 
 	 Insufficient precipitation to grow glacier. 
 	 Volume glacier correction: 
 	 Volume should be 	2.950319e+13 m^3
 	 Volume corrected to 	7.044756e+09 m^3
 	 The rest is carried over to next year 

 	 HydroSnow Warning: There is Snow remaining on August 31 
 	 Snowremains 	 = 6.990508e+11 (m^3) 
 	 in year: 1999 
   FLOOD WARNING: the maximum predicted flood size has been exceeded. 
      Epoch 1, year 1999 
      Maximum predicted flood 56740.8 (m^3/s) 
      Modeled flood peak 57584.2 (m^3/s) 
HydroGlacial WARNING: year = 2000, ep =0 
 	 Insufficient precipitation to grow glacier. 
 	 Volume glacier correction: 
 	 Volume should be 	2.950319e+13 m^3
 	 Volume corrected to 	1.167458e+10 m^3
 	 The rest is carried over to next year 

 	 HydroSnow Warning: There is Snow remaining on August 31 
 	 Snowremains 	 = 6.918361e+11 (m^3) 
 	 in year: 2000 
HydroGlacial WARNING: year = 2001, ep =0 
 	 Insufficient precipitation to grow glacier. 
 	 Volume glacier correction: 
 	 Volume should be 	2.950319e+13 m^3
 	 Volume corrected to 	2.780696e+10 m^3
 	 The rest is carried over to next year 

 	 HydroSnow Warning: There is Snow remaining on August 31 
 	 Snowremains 	 = 7.093074e+11 (m^3) 
 	 in year: 2001 
HydroGlacial WARNING: year = 2001, ep =0 
 	 Insufficient precipitation to grow glacier. 
 	 Volume glacier correction: 
 	 Volume should be 	2.950319e+13 m^3
 	 Volume corrected to 	1.613238e+10 m^3
 	 The rest is carried over to next year 

 	 HydroSnow Warning: There is Snow remaining on August 31 
 	 Snowremains 	 = 7.093074e+11 (m^3) 
 	 in year: 2001 
HydroGlacial WARNING: year = 2001, ep =0 
 	 Insufficient precipitation to grow glacier. 
 	 Volume glacier correction: 
 	 Volume should be 	2.950319e+13 m^3
 	 Volume corrected to 	1.613238e+10 m^3
 	 The rest is carried over to next year 

 	 HydroSnow Warning: There is Snow remaining on August 31 
 	 Snowremains 	 = 7.093074e+11 (m^3) 
 	 in year: 2001 
HydroGlacial WARNING: year = 2001, ep =0 
 	 Insufficient precipitation to grow glacier. 
 	 Volume glacier correction: 
 	 Volume should be 	2.950319e+13 m^3
 	 Volume corrected to 	1.613238e+10 m^3
 	 The rest is carried over to next year 

 	 HydroSnow Warning: There is Snow remaining on August 31 
 	 Snowremains 	 = 7.093074e+11 (m^3) 
 	 in year: 2001 
HydroGlacial WARNING: year = 2001, ep =0 
 	 Insufficient precipitation to grow glacier. 
 	 Volume glacier correction: 
 	 Volume should be 	2.950319e+13 m^3
 	 Volume corrected to 	1.613238e+10 m^3
 	 The rest is carried over to next year 

 	 HydroSnow Warning: There is Snow remaining on August 31 
 	 Snowremains 	 = 7.093074e+11 (m^3) 
 	 in year: 2001 
HydroGlacial WARNING: year = 2001, ep =0 
 	 Insufficient precipitation to grow glacier. 
 	 Volume glacier correction: 
 	 Volume should be 	2.950319e+13 m^3
 	 Volume corrected to 	1.613238e+10 m^3
 	 The rest is carried over to next year 

 	 HydroSnow Warning: There is Snow remaining on August 31 
 	 Snowremains 	 = 7.093074e+11 (m^3) 
 	 in year: 2001 
HydroGlacial WARNING: year = 2001, ep =0 
 	 Insufficient precipitation to grow glacier. 
 	 Volume glacier correction: 
 	 Volume should be 	2.950319e+13 m^3
 	 Volume corrected to 	1.613238e+10 m^3
 	 The rest is carried over to next year 

 	 HydroSnow Warning: There is Snow remaining on August 31 
 	 Snowremains 	 = 7.093074e+11 (m^3) 
 	 in year: 2001 
HydroGlacial WARNING: year = 2001, ep =0 
 	 Insufficient precipitation to grow glacier. 
 	 Volume glacier correction: 
 	 Volume should be 	2.950319e+13 m^3
 	 Volume corrected to 	1.613238e+10 m^3
 	 The rest is carried over to next year 

 	 HydroSnow Warning: There is Snow remaining on August 31 
 	 Snowremains 	 = 7.093074e+11 (m^3) 
 	 in year: 2001 
HydroGlacial WARNING: year = 2001, ep =0 
 	 Insufficient precipitation to grow glacier. 
 	 Volume glacier correction: 
 	 Volume should be 	2.950319e+13 m^3
 	 Volume corrected to 	1.613238e+10 m^3
 	 The rest is carried over to next year 

 	 HydroSnow Warning: There is Snow remaining on August 31 
 	 Snowremains 	 = 7.093074e+11 (m^3) 
 	 in year: 2001 
HydroGlacial WARNING: year = 2001, ep =0 
 	 Insufficient precipitation to grow glacier. 
 	 Volume glacier correction: 
 	 Volume should be 	2.950319e+13 m^3
 	 Volume corrected to 	1.613238e+10 m^3
 	 The rest is carried over to next year 

 	 HydroSnow Warning: There is Snow remaining on August 31 
 	 Snowremains 	 = 7.093074e+11 (m^3) 
 	 in year: 2001 
   FLOOD WARNING: the maximum predicted flood size has been exceeded. 
      Epoch 1, year 2001 
      Maximum predicted flood 56740.8 (m^3/s) 
      Modeled flood peak 124477 (m^3/s) 
HydroGlacial WARNING: year = 2002, ep =0 
 	 Insufficient precipitation to grow glacier. 
 	 Volume glacier correction: 
 	 Volume should be 	2.950319e+13 m^3
 	 Volume corrected to 	2.820474e+10 m^3
 	 The rest is carried over to next year 

 	 HydroSnow Warning: There is Snow remaining on August 31 
 	 Snowremains 	 = 7.295910e+11 (m^3) 
 	 in year: 2002 
HydroGlacial WARNING: year = 2002, ep =0 
 	 Insufficient precipitation to grow glacier. 
 	 Volume glacier correction: 
 	 Volume should be 	2.950319e+13 m^3
 	 Volume corrected to 	1.207237e+10 m^3
 	 The rest is carried over to next year 

 	 HydroSnow Warning: There is Snow remaining on August 31 
 	 Snowremains 	 = 7.295910e+11 (m^3) 
 	 in year: 2002 
HydroGlacial WARNING: year = 2002, ep =0 
 	 Insufficient precipitation to grow glacier. 
 	 Volume glacier correction: 
 	 Volume should be 	2.950319e+13 m^3
 	 Volume corrected to 	1.207237e+10 m^3
 	 The rest is carried over to next year 

 	 HydroSnow Warning: There is Snow remaining on August 31 
 	 Snowremains 	 = 7.295910e+11 (m^3) 
 	 in year: 2002 
HydroGlacial WARNING: year = 2002, ep =0 
 	 Insufficient precipitation to grow glacier. 
 	 Volume glacier correction: 
 	 Volume should be 	2.950319e+13 m^3
 	 Volume corrected to 	1.207237e+10 m^3
 	 The rest is carried over to next year 

 	 HydroSnow Warning: There is Snow remaining on August 31 
 	 Snowremains 	 = 7.295910e+11 (m^3) 
 	 in year: 2002 
HydroGlacial WARNING: year = 2002, ep =0 
 	 Insufficient precipitation to grow glacier. 
 	 Volume glacier correction: 
 	 Volume should be 	2.950319e+13 m^3
 	 Volume corrected to 	1.207237e+10 m^3
 	 The rest is carried over to next year 

 	 HydroSnow Warning: There is Snow remaining on August 31 
 	 Snowremains 	 = 7.295910e+11 (m^3) 
 	 in year: 2002 
HydroGlacial WARNING: year = 2002, ep =0 
 	 Insufficient precipitation to grow glacier. 
 	 Volume glacier correction: 
 	 Volume should be 	2.950319e+13 m^3
 	 Volume corrected to 	1.207237e+10 m^3
 	 The rest is carried over to next year 

 	 HydroSnow Warning: There is Snow remaining on August 31 
 	 Snowremains 	 = 7.295910e+11 (m^3) 
 	 in year: 2002 
HydroGlacial WARNING: year = 2002, ep =0 
 	 Insufficient precipitation to grow glacier. 
 	 Volume glacier correction: 
 	 Volume should be 	2.950319e+13 m^3
 	 Volume corrected to 	1.207237e+10 m^3
 	 The rest is carried over to next year 

 	 HydroSnow Warning: There is Snow remaining on August 31 
 	 Snowremains 	 = 7.295910e+11 (m^3) 
 	 in year: 2002 
HydroGlacial WARNING: year = 2002, ep =0 
 	 Insufficient precipitation to grow glacier. 
 	 Volume glacier correction: 
 	 Volume should be 	2.950319e+13 m^3
 	 Volume corrected to 	1.207237e+10 m^3
 	 The rest is carried over to next year 

 	 HydroSnow Warning: There is Snow remaining on August 31 
 	 Snowremains 	 = 7.295910e+11 (m^3) 
 	 in year: 2002 
HydroGlacial WARNING: year = 2002, ep =0 
 	 Insufficient precipitation to grow glacier. 
 	 Volume glacier correction: 
 	 Volume should be 	2.950319e+13 m^3
 	 Volume corrected to 	1.207237e+10 m^3
 	 The rest is carried over to next year 

 	 HydroSnow Warning: There is Snow remaining on August 31 
 	 Snowremains 	 = 7.295910e+11 (m^3) 
 	 in year: 2002 
HydroGlacial WARNING: year = 2002, ep =0 
 	 Insufficient precipitation to grow glacier. 
 	 Volume glacier correction: 
 	 Volume should be 	2.950319e+13 m^3
 	 Volume corrected to 	1.207237e+10 m^3
 	 The rest is carried over to next year 

 	 HydroSnow Warning: There is Snow remaining on August 31 
 	 Snowremains 	 = 7.295910e+11 (m^3) 
 	 in year: 2002 
   FLOOD WARNING: the maximum predicted flood size has been exceeded. 
      Epoch 1, year 2002 
      Maximum predicted flood 56740.8 (m^3/s) 
      Modeled flood peak 127343 (m^3/s) 
HydroGlacial WARNING: year = 2003, ep =0 
 	 Insufficient precipitation to grow glacier. 
 	 Volume glacier correction: 
 	 Volume should be 	2.950319e+13 m^3
 	 Volume corrected to 	2.113813e+10 m^3
 	 The rest is carried over to next year 

 	 HydroSnow Warning: There is Snow remaining on August 31 
 	 Snowremains 	 = 7.460426e+11 (m^3) 
 	 in year: 2003 
HydroGlacial WARNING: year = 2003, ep =0 
 	 Insufficient precipitation to grow glacier. 
 	 Volume glacier correction: 
 	 Volume should be 	2.950319e+13 m^3
 	 Volume corrected to 	9.065763e+09 m^3
 	 The rest is carried over to next year 

 	 HydroSnow Warning: There is Snow remaining on August 31 
 	 Snowremains 	 = 7.460426e+11 (m^3) 
 	 in year: 2003 
HydroGlacial WARNING: year = 2003, ep =0 
 	 Insufficient precipitation to grow glacier. 
 	 Volume glacier correction: 
 	 Volume should be 	2.950319e+13 m^3
 	 Volume corrected to 	9.065763e+09 m^3
 	 The rest is carried over to next year 

 	 HydroSnow Warning: There is Snow remaining on August 31 
 	 Snowremains 	 = 7.460426e+11 (m^3) 
 	 in year: 2003 
HydroGlacial WARNING: year = 2003, ep =0 
 	 Insufficient precipitation to grow glacier. 
 	 Volume glacier correction: 
 	 Volume should be 	2.950319e+13 m^3
 	 Volume corrected to 	9.065763e+09 m^3
 	 The rest is carried over to next year 

 	 HydroSnow Warning: There is Snow remaining on August 31 
 	 Snowremains 	 = 7.460426e+11 (m^3) 
 	 in year: 2003 
HydroGlacial WARNING: year = 2003, ep =0 
 	 Insufficient precipitation to grow glacier. 
 	 Volume glacier correction: 
 	 Volume should be 	2.950319e+13 m^3
 	 Volume corrected to 	9.065763e+09 m^3
 	 The rest is carried over to next year 

 	 HydroSnow Warning: There is Snow remaining on August 31 
 	 Snowremains 	 = 7.460426e+11 (m^3) 
 	 in year: 2003 
HydroGlacial WARNING: year = 2003, ep =0 
 	 Insufficient precipitation to grow glacier. 
 	 Volume glacier correction: 
 	 Volume should be 	2.950319e+13 m^3
 	 Volume corrected to 	9.065763e+09 m^3
 	 The rest is carried over to next year 

 	 HydroSnow Warning: There is Snow remaining on August 31 
 	 Snowremains 	 = 7.460426e+11 (m^3) 
 	 in year: 2003 
HydroGlacial WARNING: year = 2003, ep =0 
 	 Insufficient precipitation to grow glacier. 
 	 Volume glacier correction: 
 	 Volume should be 	2.950319e+13 m^3
 	 Volume corrected to 	9.065763e+09 m^3
 	 The rest is carried over to next year 

 	 HydroSnow Warning: There is Snow remaining on August 31 
 	 Snowremains 	 = 7.460426e+11 (m^3) 
 	 in year: 2003 
HydroGlacial WARNING: year = 2003, ep =0 
 	 Insufficient precipitation to grow glacier. 
 	 Volume glacier correction: 
 	 Volume should be 	2.950319e+13 m^3
 	 Volume corrected to 	9.065763e+09 m^3
 	 The rest is carried over to next year 

 	 HydroSnow Warning: There is Snow remaining on August 31 
 	 Snowremains 	 = 7.460426e+11 (m^3) 
 	 in year: 2003 
HydroGlacial WARNING: year = 2003, ep =0 
 	 Insufficient precipitation to grow glacier. 
 	 Volume glacier correction: 
 	 Volume should be 	2.950319e+13 m^3
 	 Volume corrected to 	9.065763e+09 m^3
 	 The rest is carried over to next year 

 	 HydroSnow Warning: There is Snow remaining on August 31 
 	 Snowremains 	 = 7.460426e+11 (m^3) 
 	 in year: 2003 
HydroGlacial WARNING: year = 2003, ep =0 
 	 Insufficient precipitation to grow glacier. 
 	 Volume glacier correction: 
 	 Volume should be 	2.950319e+13 m^3
 	 Volume corrected to 	9.065763e+09 m^3
 	 The rest is carried over to next year 

 	 HydroSnow Warning: There is Snow remaining on August 31 
 	 Snowremains 	 = 7.460426e+11 (m^3) 
 	 in year: 2003 
   FLOOD WARNING: the maximum predicted flood size has been exceeded. 
      Epoch 1, year 2003 
      Maximum predicted flood 56740.8 (m^3/s) 
      Modeled flood peak 85101.8 (m^3/s) 
HydroGlacial WARNING: year = 2004, ep =0 
 	 Insufficient precipitation to grow glacier. 
 	 Volume glacier correction: 
 	 Volume should be 	2.950319e+13 m^3
 	 Volume corrected to 	1.959652e+10 m^3
 	 The rest is carried over to next year 

 	 HydroSnow Warning: There is Snow remaining on August 31 
 	 Snowremains 	 = 7.648080e+11 (m^3) 
 	 in year: 2004 
HydroGlacial WARNING: year = 2004, ep =0 
 	 Insufficient precipitation to grow glacier. 
 	 Volume glacier correction: 
 	 Volume should be 	2.950319e+13 m^3
 	 Volume corrected to 	1.053076e+10 m^3
 	 The rest is carried over to next year 

 	 HydroSnow Warning: There is Snow remaining on August 31 
 	 Snowremains 	 = 7.648080e+11 (m^3) 
 	 in year: 2004 
HydroGlacial WARNING: year = 2004, ep =0 
 	 Insufficient precipitation to grow glacier. 
 	 Volume glacier correction: 
 	 Volume should be 	2.950319e+13 m^3
 	 Volume corrected to 	1.053076e+10 m^3
 	 The rest is carried over to next year 

 	 HydroSnow Warning: There is Snow remaining on August 31 
 	 Snowremains 	 = 7.648080e+11 (m^3) 
 	 in year: 2004 
HydroGlacial WARNING: year = 2004, ep =0 
 	 Insufficient precipitation to grow glacier. 
 	 Volume glacier correction: 
 	 Volume should be 	2.950319e+13 m^3
 	 Volume corrected to 	1.053076e+10 m^3
 	 The rest is carried over to next year 

 	 HydroSnow Warning: There is Snow remaining on August 31 
 	 Snowremains 	 = 7.648080e+11 (m^3) 
 	 in year: 2004 
HydroGlacial WARNING: year = 2004, ep =0 
 	 Insufficient precipitation to grow glacier. 
 	 Volume glacier correction: 
 	 Volume should be 	2.950319e+13 m^3
 	 Volume corrected to 	1.053076e+10 m^3
 	 The rest is carried over to next year 

 	 HydroSnow Warning: There is Snow remaining on August 31 
 	 Snowremains 	 = 7.648080e+11 (m^3) 
 	 in year: 2004 
HydroGlacial WARNING: year = 2004, ep =0 
 	 Insufficient precipitation to grow glacier. 
 	 Volume glacier correction: 
 	 Volume should be 	2.950319e+13 m^3
 	 Volume corrected to 	1.053076e+10 m^3
 	 The rest is carried over to next year 

 	 HydroSnow Warning: There is Snow remaining on August 31 
 	 Snowremains 	 = 7.648080e+11 (m^3) 
 	 in year: 2004 
HydroGlacial WARNING: year = 2004, ep =0 
 	 Insufficient precipitation to grow glacier. 
 	 Volume glacier correction: 
 	 Volume should be 	2.950319e+13 m^3
 	 Volume corrected to 	1.053076e+10 m^3
 	 The rest is carried over to next year 

 	 HydroSnow Warning: There is Snow remaining on August 31 
 	 Snowremains 	 = 7.648080e+11 (m^3) 
 	 in year: 2004 
HydroGlacial WARNING: year = 2004, ep =0 
 	 Insufficient precipitation to grow glacier. 
 	 Volume glacier correction: 
 	 Volume should be 	2.950319e+13 m^3
 	 Volume corrected to 	1.053076e+10 m^3
 	 The rest is carried over to next year 

 	 HydroSnow Warning: There is Snow remaining on August 31 
 	 Snowremains 	 = 7.648080e+11 (m^3) 
 	 in year: 2004 
HydroGlacial WARNING: year = 2004, ep =0 
 	 Insufficient precipitation to grow glacier. 
 	 Volume glacier correction: 
 	 Volume should be 	2.950319e+13 m^3
 	 Volume corrected to 	1.053076e+10 m^3
 	 The rest is carried over to next year 

 	 HydroSnow Warning: There is Snow remaining on August 31 
 	 Snowremains 	 = 7.648080e+11 (m^3) 
 	 in year: 2004 
HydroGlacial WARNING: year = 2004, ep =0 
 	 Insufficient precipitation to grow glacier. 
 	 Volume glacier correction: 
 	 Volume should be 	2.950319e+13 m^3
 	 Volume corrected to 	1.053076e+10 m^3
 	 The rest is carried over to next year 

 	 HydroSnow Warning: There is Snow remaining on August 31 
 	 Snowremains 	 = 7.648080e+11 (m^3) 
 	 in year: 2004 
   FLOOD WARNING: the maximum predicted flood size has been exceeded. 
      Epoch 1, year 2004 
      Maximum predicted flood 56740.8 (m^3/s) 
      Modeled flood peak 134872 (m^3/s) 
HydroGlacial WARNING: year = 2005, ep =0 
 	 Insufficient precipitation to grow glacier. 
 	 Volume glacier correction: 
 	 Volume should be 	2.950319e+13 m^3
 	 Volume corrected to 	2.286226e+10 m^3
 	 The rest is carried over to next year 

 	 HydroSnow Warning: There is Snow remaining on August 31 
 	 Snowremains 	 = 7.888510e+11 (m^3) 
 	 in year: 2005 
HydroGlacial WARNING: year = 2005, ep =0 
 	 Insufficient precipitation to grow glacier. 
 	 Volume glacier correction: 
 	 Volume should be 	2.950319e+13 m^3
 	 Volume corrected to 	1.233150e+10 m^3
 	 The rest is carried over to next year 

 	 HydroSnow Warning: There is Snow remaining on August 31 
 	 Snowremains 	 = 7.888510e+11 (m^3) 
 	 in year: 2005 
HydroGlacial WARNING: year = 2005, ep =0 
 	 Insufficient precipitation to grow glacier. 
 	 Volume glacier correction: 
 	 Volume should be 	2.950319e+13 m^3
 	 Volume corrected to 	1.233150e+10 m^3
 	 The rest is carried over to next year 

 	 HydroSnow Warning: There is Snow remaining on August 31 
 	 Snowremains 	 = 7.888510e+11 (m^3) 
 	 in year: 2005 
HydroGlacial WARNING: year = 2005, ep =0 
 	 Insufficient precipitation to grow glacier. 
 	 Volume glacier correction: 
 	 Volume should be 	2.950319e+13 m^3
 	 Volume corrected to 	1.233150e+10 m^3
 	 The rest is carried over to next year 

 	 HydroSnow Warning: There is Snow remaining on August 31 
 	 Snowremains 	 = 7.888510e+11 (m^3) 
 	 in year: 2005 
HydroGlacial WARNING: year = 2005, ep =0 
 	 Insufficient precipitation to grow glacier. 
 	 Volume glacier correction: 
 	 Volume should be 	2.950319e+13 m^3
 	 Volume corrected to 	1.233150e+10 m^3
 	 The rest is carried over to next year 

 	 HydroSnow Warning: There is Snow remaining on August 31 
 	 Snowremains 	 = 7.888510e+11 (m^3) 
 	 in year: 2005 
HydroGlacial WARNING: year = 2005, ep =0 
 	 Insufficient precipitation to grow glacier. 
 	 Volume glacier correction: 
 	 Volume should be 	2.950319e+13 m^3
 	 Volume corrected to 	1.233150e+10 m^3
 	 The rest is carried over to next year 

 	 HydroSnow Warning: There is Snow remaining on August 31 
 	 Snowremains 	 = 7.888510e+11 (m^3) 
 	 in year: 2005 
HydroGlacial WARNING: year = 2005, ep =0 
 	 Insufficient precipitation to grow glacier. 
 	 Volume glacier correction: 
 	 Volume should be 	2.950319e+13 m^3
 	 Volume corrected to 	1.233150e+10 m^3
 	 The rest is carried over to next year 

 	 HydroSnow Warning: There is Snow remaining on August 31 
 	 Snowremains 	 = 7.888510e+11 (m^3) 
 	 in year: 2005 
HydroGlacial WARNING: year = 2005, ep =0 
 	 Insufficient precipitation to grow glacier. 
 	 Volume glacier correction: 
 	 Volume should be 	2.950319e+13 m^3
 	 Volume corrected to 	1.233150e+10 m^3
 	 The rest is carried over to next year 

 	 HydroSnow Warning: There is Snow remaining on August 31 
 	 Snowremains 	 = 7.888510e+11 (m^3) 
 	 in year: 2005 
HydroGlacial WARNING: year = 2005, ep =0 
 	 Insufficient precipitation to grow glacier. 
 	 Volume glacier correction: 
 	 Volume should be 	2.950319e+13 m^3
 	 Volume corrected to 	1.233150e+10 m^3
 	 The rest is carried over to next year 

 	 HydroSnow Warning: There is Snow remaining on August 31 
 	 Snowremains 	 = 7.888510e+11 (m^3) 
 	 in year: 2005 
HydroGlacial WARNING: year = 2005, ep =0 
 	 Insufficient precipitation to grow glacier. 
 	 Volume glacier correction: 
 	 Volume should be 	2.950319e+13 m^3
 	 Volume corrected to 	1.233150e+10 m^3
 	 The rest is carried over to next year 

 	 HydroSnow Warning: There is Snow remaining on August 31 
 	 Snowremains 	 = 7.888510e+11 (m^3) 
 	 in year: 2005 
   FLOOD WARNING: the maximum predicted flood size has been exceeded. 
      Epoch 1, year 2005 
      Maximum predicted flood 56740.8 (m^3/s) 
      Modeled flood peak 155785 (m^3/s) 
