 Calculate mean discharge, epoch: 1
 Calculate daily discharge, epoch: 1
 Calculate mean suspended sediment load, epoch: 1
 Calculate daily suspended sediment load, epoch: 1
   FLOOD WARNING: the maximum predicted flood size has been exceeded. 
      Epoch 1, year 2066 
      Maximum predicted flood 55399.1 (m^3/s) 
      Modeled flood peak 98049.4 (m^3/s) 
HydroGlacial WARNING: year = 2067, ep =0 
 	 Insufficient precipitation to grow glacier. 
 	 Volume glacier correction: 
 	 Volume should be 	8.351904e+13 m^3
 	 Volume corrected to 	1.826653e+10 m^3
 	 The rest is carried over to next year 
HydroGlacial WARNING: year = 2067, ep =0 
 	 Insufficient precipitation to grow glacier. 
 	 Volume glacier correction: 
 	 Volume should be 	8.351904e+13 m^3
 	 Volume corrected to 	1.826653e+10 m^3
 	 The rest is carried over to next year 
HydroGlacial WARNING: year = 2067, ep =0 
 	 Insufficient precipitation to grow glacier. 
 	 Volume glacier correction: 
 	 Volume should be 	8.351904e+13 m^3
 	 Volume corrected to 	1.826653e+10 m^3
 	 The rest is carried over to next year 
HydroGlacial WARNING: year = 2067, ep =0 
 	 Insufficient precipitation to grow glacier. 
 	 Volume glacier correction: 
 	 Volume should be 	8.351904e+13 m^3
 	 Volume corrected to 	1.826653e+10 m^3
 	 The rest is carried over to next year 
HydroGlacial WARNING: year = 2067, ep =0 
 	 Insufficient precipitation to grow glacier. 
 	 Volume glacier correction: 
 	 Volume should be 	8.351904e+13 m^3
 	 Volume corrected to 	1.826653e+10 m^3
 	 The rest is carried over to next year 
HydroGlacial WARNING: year = 2067, ep =0 
 	 Insufficient precipitation to grow glacier. 
 	 Volume glacier correction: 
 	 Volume should be 	8.351904e+13 m^3
 	 Volume corrected to 	1.826653e+10 m^3
 	 The rest is carried over to next year 
HydroGlacial WARNING: year = 2067, ep =0 
 	 Insufficient precipitation to grow glacier. 
 	 Volume glacier correction: 
 	 Volume should be 	8.351904e+13 m^3
 	 Volume corrected to 	1.826653e+10 m^3
 	 The rest is carried over to next year 
HydroGlacial WARNING: year = 2067, ep =0 
 	 Insufficient precipitation to grow glacier. 
 	 Volume glacier correction: 
 	 Volume should be 	8.351904e+13 m^3
 	 Volume corrected to 	1.826653e+10 m^3
 	 The rest is carried over to next year 
HydroGlacial WARNING: year = 2067, ep =0 
 	 Insufficient precipitation to grow glacier. 
 	 Volume glacier correction: 
 	 Volume should be 	8.351904e+13 m^3
 	 Volume corrected to 	1.826653e+10 m^3
 	 The rest is carried over to next year 
   FLOOD WARNING: the maximum predicted flood size has been exceeded. 
      Epoch 1, year 2067 
      Maximum predicted flood 55399.1 (m^3/s) 
      Modeled flood peak 103825 (m^3/s) 
HydroGlacial WARNING: year = 2068, ep =0 
 	 Insufficient precipitation to grow glacier. 
 	 Volume glacier correction: 
 	 Volume should be 	8.351904e+13 m^3
 	 Volume corrected to 	2.965794e+10 m^3
 	 The rest is carried over to next year 
HydroGlacial WARNING: year = 2068, ep =0 
 	 Insufficient precipitation to grow glacier. 
 	 Volume glacier correction: 
 	 Volume should be 	8.351904e+13 m^3
 	 Volume corrected to 	1.139141e+10 m^3
 	 The rest is carried over to next year 
HydroGlacial WARNING: year = 2068, ep =0 
 	 Insufficient precipitation to grow glacier. 
 	 Volume glacier correction: 
 	 Volume should be 	8.351904e+13 m^3
 	 Volume corrected to 	1.139141e+10 m^3
 	 The rest is carried over to next year 
HydroGlacial WARNING: year = 2068, ep =0 
 	 Insufficient precipitation to grow glacier. 
 	 Volume glacier correction: 
 	 Volume should be 	8.351904e+13 m^3
 	 Volume corrected to 	1.139141e+10 m^3
 	 The rest is carried over to next year 
HydroGlacial WARNING: year = 2068, ep =0 
 	 Insufficient precipitation to grow glacier. 
 	 Volume glacier correction: 
 	 Volume should be 	8.351904e+13 m^3
 	 Volume corrected to 	1.139141e+10 m^3
 	 The rest is carried over to next year 
HydroGlacial WARNING: year = 2068, ep =0 
 	 Insufficient precipitation to grow glacier. 
 	 Volume glacier correction: 
 	 Volume should be 	8.351904e+13 m^3
 	 Volume corrected to 	1.139141e+10 m^3
 	 The rest is carried over to next year 
HydroGlacial WARNING: year = 2068, ep =0 
 	 Insufficient precipitation to grow glacier. 
 	 Volume glacier correction: 
 	 Volume should be 	8.351904e+13 m^3
 	 Volume corrected to 	1.139141e+10 m^3
 	 The rest is carried over to next year 
HydroGlacial WARNING: year = 2068, ep =0 
 	 Insufficient precipitation to grow glacier. 
 	 Volume glacier correction: 
 	 Volume should be 	8.351904e+13 m^3
 	 Volume corrected to 	1.139141e+10 m^3
 	 The rest is carried over to next year 
HydroGlacial WARNING: year = 2068, ep =0 
 	 Insufficient precipitation to grow glacier. 
 	 Volume glacier correction: 
 	 Volume should be 	8.351904e+13 m^3
 	 Volume corrected to 	1.139141e+10 m^3
 	 The rest is carried over to next year 
HydroGlacial WARNING: year = 2068, ep =0 
 	 Insufficient precipitation to grow glacier. 
 	 Volume glacier correction: 
 	 Volume should be 	8.351904e+13 m^3
 	 Volume corrected to 	1.139141e+10 m^3
 	 The rest is carried over to next year 
   FLOOD WARNING: the maximum predicted flood size has been exceeded. 
      Epoch 1, year 2068 
      Maximum predicted flood 55399.1 (m^3/s) 
      Modeled flood peak 66831.4 (m^3/s) 
HydroGlacial WARNING: year = 2069, ep =0 
 	 Insufficient precipitation to grow glacier. 
 	 Volume glacier correction: 
 	 Volume should be 	8.351904e+13 m^3
 	 Volume corrected to 	3.230738e+10 m^3
 	 The rest is carried over to next year 
HydroGlacial WARNING: year = 2069, ep =0 
 	 Insufficient precipitation to grow glacier. 
 	 Volume glacier correction: 
 	 Volume should be 	8.351904e+13 m^3
 	 Volume corrected to 	2.091597e+10 m^3
 	 The rest is carried over to next year 
HydroGlacial WARNING: year = 2069, ep =0 
 	 Insufficient precipitation to grow glacier. 
 	 Volume glacier correction: 
 	 Volume should be 	8.351904e+13 m^3
 	 Volume corrected to 	2.091597e+10 m^3
 	 The rest is carried over to next year 
HydroGlacial WARNING: year = 2069, ep =0 
 	 Insufficient precipitation to grow glacier. 
 	 Volume glacier correction: 
 	 Volume should be 	8.351904e+13 m^3
 	 Volume corrected to 	2.091597e+10 m^3
 	 The rest is carried over to next year 
HydroGlacial WARNING: year = 2069, ep =0 
 	 Insufficient precipitation to grow glacier. 
 	 Volume glacier correction: 
 	 Volume should be 	8.351904e+13 m^3
 	 Volume corrected to 	2.091597e+10 m^3
 	 The rest is carried over to next year 
HydroGlacial WARNING: year = 2069, ep =0 
 	 Insufficient precipitation to grow glacier. 
 	 Volume glacier correction: 
 	 Volume should be 	8.351904e+13 m^3
 	 Volume corrected to 	2.091597e+10 m^3
 	 The rest is carried over to next year 
HydroGlacial WARNING: year = 2069, ep =0 
 	 Insufficient precipitation to grow glacier. 
 	 Volume glacier correction: 
 	 Volume should be 	8.351904e+13 m^3
 	 Volume corrected to 	2.091597e+10 m^3
 	 The rest is carried over to next year 
HydroGlacial WARNING: year = 2069, ep =0 
 	 Insufficient precipitation to grow glacier. 
 	 Volume glacier correction: 
 	 Volume should be 	8.351904e+13 m^3
 	 Volume corrected to 	2.091597e+10 m^3
 	 The rest is carried over to next year 
HydroGlacial WARNING: year = 2069, ep =0 
 	 Insufficient precipitation to grow glacier. 
 	 Volume glacier correction: 
 	 Volume should be 	8.351904e+13 m^3
 	 Volume corrected to 	2.091597e+10 m^3
 	 The rest is carried over to next year 
HydroGlacial WARNING: year = 2069, ep =0 
 	 Insufficient precipitation to grow glacier. 
 	 Volume glacier correction: 
 	 Volume should be 	8.351904e+13 m^3
 	 Volume corrected to 	2.091597e+10 m^3
 	 The rest is carried over to next year 
   FLOOD WARNING: the maximum predicted flood size has been exceeded. 
      Epoch 1, year 2069 
      Maximum predicted flood 55399.1 (m^3/s) 
      Modeled flood peak 102569 (m^3/s) 
HydroGlacial WARNING: year = 2070, ep =0 
 	 Insufficient precipitation to grow glacier. 
 	 Volume glacier correction: 
 	 Volume should be 	8.351904e+13 m^3
 	 Volume corrected to 	4.146180e+10 m^3
 	 The rest is carried over to next year 
HydroGlacial WARNING: year = 2070, ep =0 
 	 Insufficient precipitation to grow glacier. 
 	 Volume glacier correction: 
 	 Volume should be 	8.351904e+13 m^3
 	 Volume corrected to 	2.054584e+10 m^3
 	 The rest is carried over to next year 
HydroGlacial WARNING: year = 2070, ep =0 
 	 Insufficient precipitation to grow glacier. 
 	 Volume glacier correction: 
 	 Volume should be 	8.351904e+13 m^3
 	 Volume corrected to 	2.054584e+10 m^3
 	 The rest is carried over to next year 
HydroGlacial WARNING: year = 2070, ep =0 
 	 Insufficient precipitation to grow glacier. 
 	 Volume glacier correction: 
 	 Volume should be 	8.351904e+13 m^3
 	 Volume corrected to 	2.054584e+10 m^3
 	 The rest is carried over to next year 
HydroGlacial WARNING: year = 2070, ep =0 
 	 Insufficient precipitation to grow glacier. 
 	 Volume glacier correction: 
 	 Volume should be 	8.351904e+13 m^3
 	 Volume corrected to 	2.054584e+10 m^3
 	 The rest is carried over to next year 
HydroGlacial WARNING: year = 2070, ep =0 
 	 Insufficient precipitation to grow glacier. 
 	 Volume glacier correction: 
 	 Volume should be 	8.351904e+13 m^3
 	 Volume corrected to 	2.054584e+10 m^3
 	 The rest is carried over to next year 
HydroGlacial WARNING: year = 2070, ep =0 
 	 Insufficient precipitation to grow glacier. 
 	 Volume glacier correction: 
 	 Volume should be 	8.351904e+13 m^3
 	 Volume corrected to 	2.054584e+10 m^3
 	 The rest is carried over to next year 
HydroGlacial WARNING: year = 2070, ep =0 
 	 Insufficient precipitation to grow glacier. 
 	 Volume glacier correction: 
 	 Volume should be 	8.351904e+13 m^3
 	 Volume corrected to 	2.054584e+10 m^3
 	 The rest is carried over to next year 
HydroGlacial WARNING: year = 2070, ep =0 
 	 Insufficient precipitation to grow glacier. 
 	 Volume glacier correction: 
 	 Volume should be 	8.351904e+13 m^3
 	 Volume corrected to 	2.054584e+10 m^3
 	 The rest is carried over to next year 
HydroGlacial WARNING: year = 2070, ep =0 
 	 Insufficient precipitation to grow glacier. 
 	 Volume glacier correction: 
 	 Volume should be 	8.351904e+13 m^3
 	 Volume corrected to 	2.054584e+10 m^3
 	 The rest is carried over to next year 
   FLOOD WARNING: the maximum predicted flood size has been exceeded. 
      Epoch 1, year 2070 
      Maximum predicted flood 55399.1 (m^3/s) 
      Modeled flood peak 129754 (m^3/s) 
HydroGlacial WARNING: year = 2071, ep =0 
 	 Insufficient precipitation to grow glacier. 
 	 Volume glacier correction: 
 	 Volume should be 	8.351904e+13 m^3
 	 Volume corrected to 	3.979149e+10 m^3
 	 The rest is carried over to next year 

 	 HydroSnow Warning: There is Snow remaining on August 31 
 	 Snowremains 	 = 1.167372e+09 (m^3) 
 	 in year: 2071 
HydroGlacial WARNING: year = 2071, ep =0 
 	 Insufficient precipitation to grow glacier. 
 	 Volume glacier correction: 
 	 Volume should be 	8.351904e+13 m^3
 	 Volume corrected to 	1.924565e+10 m^3
 	 The rest is carried over to next year 

 	 HydroSnow Warning: There is Snow remaining on August 31 
 	 Snowremains 	 = 1.167372e+09 (m^3) 
 	 in year: 2071 
HydroGlacial WARNING: year = 2071, ep =0 
 	 Insufficient precipitation to grow glacier. 
 	 Volume glacier correction: 
 	 Volume should be 	8.351904e+13 m^3
 	 Volume corrected to 	1.924565e+10 m^3
 	 The rest is carried over to next year 

 	 HydroSnow Warning: There is Snow remaining on August 31 
 	 Snowremains 	 = 1.167372e+09 (m^3) 
 	 in year: 2071 
HydroGlacial WARNING: year = 2071, ep =0 
 	 Insufficient precipitation to grow glacier. 
 	 Volume glacier correction: 
 	 Volume should be 	8.351904e+13 m^3
 	 Volume corrected to 	1.924565e+10 m^3
 	 The rest is carried over to next year 

 	 HydroSnow Warning: There is Snow remaining on August 31 
 	 Snowremains 	 = 1.167372e+09 (m^3) 
 	 in year: 2071 
HydroGlacial WARNING: year = 2071, ep =0 
 	 Insufficient precipitation to grow glacier. 
 	 Volume glacier correction: 
 	 Volume should be 	8.351904e+13 m^3
 	 Volume corrected to 	1.924565e+10 m^3
 	 The rest is carried over to next year 

 	 HydroSnow Warning: There is Snow remaining on August 31 
 	 Snowremains 	 = 1.167372e+09 (m^3) 
 	 in year: 2071 
HydroGlacial WARNING: year = 2071, ep =0 
 	 Insufficient precipitation to grow glacier. 
 	 Volume glacier correction: 
 	 Volume should be 	8.351904e+13 m^3
 	 Volume corrected to 	1.924565e+10 m^3
 	 The rest is carried over to next year 

 	 HydroSnow Warning: There is Snow remaining on August 31 
 	 Snowremains 	 = 1.167372e+09 (m^3) 
 	 in year: 2071 
HydroGlacial WARNING: year = 2071, ep =0 
 	 Insufficient precipitation to grow glacier. 
 	 Volume glacier correction: 
 	 Volume should be 	8.351904e+13 m^3
 	 Volume corrected to 	1.924565e+10 m^3
 	 The rest is carried over to next year 

 	 HydroSnow Warning: There is Snow remaining on August 31 
 	 Snowremains 	 = 1.167372e+09 (m^3) 
 	 in year: 2071 
HydroGlacial WARNING: year = 2071, ep =0 
 	 Insufficient precipitation to grow glacier. 
 	 Volume glacier correction: 
 	 Volume should be 	8.351904e+13 m^3
 	 Volume corrected to 	1.924565e+10 m^3
 	 The rest is carried over to next year 

 	 HydroSnow Warning: There is Snow remaining on August 31 
 	 Snowremains 	 = 1.167372e+09 (m^3) 
 	 in year: 2071 
HydroGlacial WARNING: year = 2071, ep =0 
 	 Insufficient precipitation to grow glacier. 
 	 Volume glacier correction: 
 	 Volume should be 	8.351904e+13 m^3
 	 Volume corrected to 	1.924565e+10 m^3
 	 The rest is carried over to next year 

 	 HydroSnow Warning: There is Snow remaining on August 31 
 	 Snowremains 	 = 1.167372e+09 (m^3) 
 	 in year: 2071 
HydroGlacial WARNING: year = 2071, ep =0 
 	 Insufficient precipitation to grow glacier. 
 	 Volume glacier correction: 
 	 Volume should be 	8.351904e+13 m^3
 	 Volume corrected to 	1.924565e+10 m^3
 	 The rest is carried over to next year 

 	 HydroSnow Warning: There is Snow remaining on August 31 
 	 Snowremains 	 = 1.167372e+09 (m^3) 
 	 in year: 2071 
   FLOOD WARNING: the maximum predicted flood size has been exceeded. 
      Epoch 1, year 2071 
      Maximum predicted flood 55399.1 (m^3/s) 
      Modeled flood peak 86789.4 (m^3/s) 
HydroGlacial WARNING: year = 2072, ep =0 
 	 Insufficient precipitation to grow glacier. 
 	 Volume glacier correction: 
 	 Volume should be 	8.351904e+13 m^3
 	 Volume corrected to 	3.715467e+10 m^3
 	 The rest is carried over to next year 
HydroGlacial WARNING: year = 2072, ep =0 
 	 Insufficient precipitation to grow glacier. 
 	 Volume glacier correction: 
 	 Volume should be 	8.351904e+13 m^3
 	 Volume corrected to 	1.790902e+10 m^3
 	 The rest is carried over to next year 
HydroGlacial WARNING: year = 2072, ep =0 
 	 Insufficient precipitation to grow glacier. 
 	 Volume glacier correction: 
 	 Volume should be 	8.351904e+13 m^3
 	 Volume corrected to 	1.790902e+10 m^3
 	 The rest is carried over to next year 
HydroGlacial WARNING: year = 2072, ep =0 
 	 Insufficient precipitation to grow glacier. 
 	 Volume glacier correction: 
 	 Volume should be 	8.351904e+13 m^3
 	 Volume corrected to 	1.790902e+10 m^3
 	 The rest is carried over to next year 
HydroGlacial WARNING: year = 2072, ep =0 
 	 Insufficient precipitation to grow glacier. 
 	 Volume glacier correction: 
 	 Volume should be 	8.351904e+13 m^3
 	 Volume corrected to 	1.790902e+10 m^3
 	 The rest is carried over to next year 
HydroGlacial WARNING: year = 2072, ep =0 
 	 Insufficient precipitation to grow glacier. 
 	 Volume glacier correction: 
 	 Volume should be 	8.351904e+13 m^3
 	 Volume corrected to 	1.790902e+10 m^3
 	 The rest is carried over to next year 
HydroGlacial WARNING: year = 2072, ep =0 
 	 Insufficient precipitation to grow glacier. 
 	 Volume glacier correction: 
 	 Volume should be 	8.351904e+13 m^3
 	 Volume corrected to 	1.790902e+10 m^3
 	 The rest is carried over to next year 
HydroGlacial WARNING: year = 2072, ep =0 
 	 Insufficient precipitation to grow glacier. 
 	 Volume glacier correction: 
 	 Volume should be 	8.351904e+13 m^3
 	 Volume corrected to 	1.790902e+10 m^3
 	 The rest is carried over to next year 
HydroGlacial WARNING: year = 2072, ep =0 
 	 Insufficient precipitation to grow glacier. 
 	 Volume glacier correction: 
 	 Volume should be 	8.351904e+13 m^3
 	 Volume corrected to 	1.790902e+10 m^3
 	 The rest is carried over to next year 
HydroGlacial WARNING: year = 2072, ep =0 
 	 Insufficient precipitation to grow glacier. 
 	 Volume glacier correction: 
 	 Volume should be 	8.351904e+13 m^3
 	 Volume corrected to 	1.790902e+10 m^3
 	 The rest is carried over to next year 
   FLOOD WARNING: the maximum predicted flood size has been exceeded. 
      Epoch 1, year 2072 
      Maximum predicted flood 55399.1 (m^3/s) 
      Modeled flood peak 140825 (m^3/s) 
HydroGlacial WARNING: year = 2073, ep =0 
 	 Insufficient precipitation to grow glacier. 
 	 Volume glacier correction: 
 	 Volume should be 	8.351904e+13 m^3
 	 Volume corrected to 	3.679574e+10 m^3
 	 The rest is carried over to next year 
HydroGlacial WARNING: year = 2073, ep =0 
 	 Insufficient precipitation to grow glacier. 
 	 Volume glacier correction: 
 	 Volume should be 	8.351904e+13 m^3
 	 Volume corrected to 	1.888673e+10 m^3
 	 The rest is carried over to next year 
HydroGlacial WARNING: year = 2073, ep =0 
 	 Insufficient precipitation to grow glacier. 
 	 Volume glacier correction: 
 	 Volume should be 	8.351904e+13 m^3
 	 Volume corrected to 	1.888673e+10 m^3
 	 The rest is carried over to next year 
HydroGlacial WARNING: year = 2073, ep =0 
 	 Insufficient precipitation to grow glacier. 
 	 Volume glacier correction: 
 	 Volume should be 	8.351904e+13 m^3
 	 Volume corrected to 	1.888673e+10 m^3
 	 The rest is carried over to next year 
HydroGlacial WARNING: year = 2073, ep =0 
 	 Insufficient precipitation to grow glacier. 
 	 Volume glacier correction: 
 	 Volume should be 	8.351904e+13 m^3
 	 Volume corrected to 	1.888673e+10 m^3
 	 The rest is carried over to next year 
HydroGlacial WARNING: year = 2073, ep =0 
 	 Insufficient precipitation to grow glacier. 
 	 Volume glacier correction: 
 	 Volume should be 	8.351904e+13 m^3
 	 Volume corrected to 	1.888673e+10 m^3
 	 The rest is carried over to next year 
HydroGlacial WARNING: year = 2073, ep =0 
 	 Insufficient precipitation to grow glacier. 
 	 Volume glacier correction: 
 	 Volume should be 	8.351904e+13 m^3
 	 Volume corrected to 	1.888673e+10 m^3
 	 The rest is carried over to next year 
HydroGlacial WARNING: year = 2073, ep =0 
 	 Insufficient precipitation to grow glacier. 
 	 Volume glacier correction: 
 	 Volume should be 	8.351904e+13 m^3
 	 Volume corrected to 	1.888673e+10 m^3
 	 The rest is carried over to next year 
HydroGlacial WARNING: year = 2073, ep =0 
 	 Insufficient precipitation to grow glacier. 
 	 Volume glacier correction: 
 	 Volume should be 	8.351904e+13 m^3
 	 Volume corrected to 	1.888673e+10 m^3
 	 The rest is carried over to next year 
HydroGlacial WARNING: year = 2073, ep =0 
 	 Insufficient precipitation to grow glacier. 
 	 Volume glacier correction: 
 	 Volume should be 	8.351904e+13 m^3
 	 Volume corrected to 	1.888673e+10 m^3
 	 The rest is carried over to next year 
   FLOOD WARNING: the maximum predicted flood size has been exceeded. 
      Epoch 1, year 2073 
      Maximum predicted flood 55399.1 (m^3/s) 
      Modeled flood peak 248872 (m^3/s) 
HydroGlacial WARNING: year = 2074, ep =0 
 	 Insufficient precipitation to grow glacier. 
 	 Volume glacier correction: 
 	 Volume should be 	8.351904e+13 m^3
 	 Volume corrected to 	3.153945e+10 m^3
 	 The rest is carried over to next year 
HydroGlacial WARNING: year = 2074, ep =0 
 	 Insufficient precipitation to grow glacier. 
 	 Volume glacier correction: 
 	 Volume should be 	8.351904e+13 m^3
 	 Volume corrected to 	1.265272e+10 m^3
 	 The rest is carried over to next year 
HydroGlacial WARNING: year = 2074, ep =0 
 	 Insufficient precipitation to grow glacier. 
 	 Volume glacier correction: 
 	 Volume should be 	8.351904e+13 m^3
 	 Volume corrected to 	1.265272e+10 m^3
 	 The rest is carried over to next year 
HydroGlacial WARNING: year = 2074, ep =0 
 	 Insufficient precipitation to grow glacier. 
 	 Volume glacier correction: 
 	 Volume should be 	8.351904e+13 m^3
 	 Volume corrected to 	1.265272e+10 m^3
 	 The rest is carried over to next year 
HydroGlacial WARNING: year = 2074, ep =0 
 	 Insufficient precipitation to grow glacier. 
 	 Volume glacier correction: 
 	 Volume should be 	8.351904e+13 m^3
 	 Volume corrected to 	1.265272e+10 m^3
 	 The rest is carried over to next year 
HydroGlacial WARNING: year = 2074, ep =0 
 	 Insufficient precipitation to grow glacier. 
 	 Volume glacier correction: 
 	 Volume should be 	8.351904e+13 m^3
 	 Volume corrected to 	1.265272e+10 m^3
 	 The rest is carried over to next year 
HydroGlacial WARNING: year = 2074, ep =0 
 	 Insufficient precipitation to grow glacier. 
 	 Volume glacier correction: 
 	 Volume should be 	8.351904e+13 m^3
 	 Volume corrected to 	1.265272e+10 m^3
 	 The rest is carried over to next year 
HydroGlacial WARNING: year = 2074, ep =0 
 	 Insufficient precipitation to grow glacier. 
 	 Volume glacier correction: 
 	 Volume should be 	8.351904e+13 m^3
 	 Volume corrected to 	1.265272e+10 m^3
 	 The rest is carried over to next year 
HydroGlacial WARNING: year = 2074, ep =0 
 	 Insufficient precipitation to grow glacier. 
 	 Volume glacier correction: 
 	 Volume should be 	8.351904e+13 m^3
 	 Volume corrected to 	1.265272e+10 m^3
 	 The rest is carried over to next year 
HydroGlacial WARNING: year = 2074, ep =0 
 	 Insufficient precipitation to grow glacier. 
 	 Volume glacier correction: 
 	 Volume should be 	8.351904e+13 m^3
 	 Volume corrected to 	1.265272e+10 m^3
 	 The rest is carried over to next year 
   FLOOD WARNING: the maximum predicted flood size has been exceeded. 
      Epoch 1, year 2074 
      Maximum predicted flood 55399.1 (m^3/s) 
      Modeled flood peak 81223.5 (m^3/s) 
HydroGlacial WARNING: year = 2075, ep =0 
 	 Insufficient precipitation to grow glacier. 
 	 Volume glacier correction: 
 	 Volume should be 	8.351904e+13 m^3
 	 Volume corrected to 	2.398830e+10 m^3
 	 The rest is carried over to next year 
HydroGlacial WARNING: year = 2075, ep =0 
 	 Insufficient precipitation to grow glacier. 
 	 Volume glacier correction: 
 	 Volume should be 	8.351904e+13 m^3
 	 Volume corrected to 	1.133558e+10 m^3
 	 The rest is carried over to next year 
HydroGlacial WARNING: year = 2075, ep =0 
 	 Insufficient precipitation to grow glacier. 
 	 Volume glacier correction: 
 	 Volume should be 	8.351904e+13 m^3
 	 Volume corrected to 	1.133558e+10 m^3
 	 The rest is carried over to next year 
HydroGlacial WARNING: year = 2075, ep =0 
 	 Insufficient precipitation to grow glacier. 
 	 Volume glacier correction: 
 	 Volume should be 	8.351904e+13 m^3
 	 Volume corrected to 	1.133558e+10 m^3
 	 The rest is carried over to next year 
HydroGlacial WARNING: year = 2075, ep =0 
 	 Insufficient precipitation to grow glacier. 
 	 Volume glacier correction: 
 	 Volume should be 	8.351904e+13 m^3
 	 Volume corrected to 	1.133558e+10 m^3
 	 The rest is carried over to next year 
HydroGlacial WARNING: year = 2075, ep =0 
 	 Insufficient precipitation to grow glacier. 
 	 Volume glacier correction: 
 	 Volume should be 	8.351904e+13 m^3
 	 Volume corrected to 	1.133558e+10 m^3
 	 The rest is carried over to next year 
HydroGlacial WARNING: year = 2075, ep =0 
 	 Insufficient precipitation to grow glacier. 
 	 Volume glacier correction: 
 	 Volume should be 	8.351904e+13 m^3
 	 Volume corrected to 	1.133558e+10 m^3
 	 The rest is carried over to next year 
HydroGlacial WARNING: year = 2075, ep =0 
 	 Insufficient precipitation to grow glacier. 
 	 Volume glacier correction: 
 	 Volume should be 	8.351904e+13 m^3
 	 Volume corrected to 	1.133558e+10 m^3
 	 The rest is carried over to next year 
HydroGlacial WARNING: year = 2075, ep =0 
 	 Insufficient precipitation to grow glacier. 
 	 Volume glacier correction: 
 	 Volume should be 	8.351904e+13 m^3
 	 Volume corrected to 	1.133558e+10 m^3
 	 The rest is carried over to next year 
HydroGlacial WARNING: year = 2075, ep =0 
 	 Insufficient precipitation to grow glacier. 
 	 Volume glacier correction: 
 	 Volume should be 	8.351904e+13 m^3
 	 Volume corrected to 	1.133558e+10 m^3
 	 The rest is carried over to next year 
   FLOOD WARNING: the maximum predicted flood size has been exceeded. 
      Epoch 1, year 2075 
      Maximum predicted flood 55399.1 (m^3/s) 
      Modeled flood peak 66374.7 (m^3/s) 
HydroGlacial WARNING: year = 2076, ep =0 
 	 Insufficient precipitation to grow glacier. 
 	 Volume glacier correction: 
 	 Volume should be 	8.351904e+13 m^3
 	 Volume corrected to 	2.678349e+10 m^3
 	 The rest is carried over to next year 
HydroGlacial WARNING: year = 2076, ep =0 
 	 Insufficient precipitation to grow glacier. 
 	 Volume glacier correction: 
 	 Volume should be 	8.351904e+13 m^3
 	 Volume corrected to 	1.544791e+10 m^3
 	 The rest is carried over to next year 
HydroGlacial WARNING: year = 2076, ep =0 
 	 Insufficient precipitation to grow glacier. 
 	 Volume glacier correction: 
 	 Volume should be 	8.351904e+13 m^3
 	 Volume corrected to 	1.544791e+10 m^3
 	 The rest is carried over to next year 
HydroGlacial WARNING: year = 2076, ep =0 
 	 Insufficient precipitation to grow glacier. 
 	 Volume glacier correction: 
 	 Volume should be 	8.351904e+13 m^3
 	 Volume corrected to 	1.544791e+10 m^3
 	 The rest is carried over to next year 
HydroGlacial WARNING: year = 2076, ep =0 
 	 Insufficient precipitation to grow glacier. 
 	 Volume glacier correction: 
 	 Volume should be 	8.351904e+13 m^3
 	 Volume corrected to 	1.544791e+10 m^3
 	 The rest is carried over to next year 
HydroGlacial WARNING: year = 2076, ep =0 
 	 Insufficient precipitation to grow glacier. 
 	 Volume glacier correction: 
 	 Volume should be 	8.351904e+13 m^3
 	 Volume corrected to 	1.544791e+10 m^3
 	 The rest is carried over to next year 
HydroGlacial WARNING: year = 2076, ep =0 
 	 Insufficient precipitation to grow glacier. 
 	 Volume glacier correction: 
 	 Volume should be 	8.351904e+13 m^3
 	 Volume corrected to 	1.544791e+10 m^3
 	 The rest is carried over to next year 
HydroGlacial WARNING: year = 2076, ep =0 
 	 Insufficient precipitation to grow glacier. 
 	 Volume glacier correction: 
 	 Volume should be 	8.351904e+13 m^3
 	 Volume corrected to 	1.544791e+10 m^3
 	 The rest is carried over to next year 
HydroGlacial WARNING: year = 2076, ep =0 
 	 Insufficient precipitation to grow glacier. 
 	 Volume glacier correction: 
 	 Volume should be 	8.351904e+13 m^3
 	 Volume corrected to 	1.544791e+10 m^3
 	 The rest is carried over to next year 
HydroGlacial WARNING: year = 2076, ep =0 
 	 Insufficient precipitation to grow glacier. 
 	 Volume glacier correction: 
 	 Volume should be 	8.351904e+13 m^3
 	 Volume corrected to 	1.544791e+10 m^3
 	 The rest is carried over to next year 
   FLOOD WARNING: the maximum predicted flood size has been exceeded. 
      Epoch 1, year 2076 
      Maximum predicted flood 55399.1 (m^3/s) 
      Modeled flood peak 129674 (m^3/s) 
HydroGlacial WARNING: year = 2077, ep =0 
 	 Insufficient precipitation to grow glacier. 
 	 Volume glacier correction: 
 	 Volume should be 	8.351904e+13 m^3
 	 Volume corrected to 	3.344831e+10 m^3
 	 The rest is carried over to next year 
HydroGlacial WARNING: year = 2077, ep =0 
 	 Insufficient precipitation to grow glacier. 
 	 Volume glacier correction: 
 	 Volume should be 	8.351904e+13 m^3
 	 Volume corrected to 	1.800039e+10 m^3
 	 The rest is carried over to next year 
HydroGlacial WARNING: year = 2077, ep =0 
 	 Insufficient precipitation to grow glacier. 
 	 Volume glacier correction: 
 	 Volume should be 	8.351904e+13 m^3
 	 Volume corrected to 	1.800039e+10 m^3
 	 The rest is carried over to next year 
HydroGlacial WARNING: year = 2077, ep =0 
 	 Insufficient precipitation to grow glacier. 
 	 Volume glacier correction: 
 	 Volume should be 	8.351904e+13 m^3
 	 Volume corrected to 	1.800039e+10 m^3
 	 The rest is carried over to next year 
HydroGlacial WARNING: year = 2077, ep =0 
 	 Insufficient precipitation to grow glacier. 
 	 Volume glacier correction: 
 	 Volume should be 	8.351904e+13 m^3
 	 Volume corrected to 	1.800039e+10 m^3
 	 The rest is carried over to next year 
HydroGlacial WARNING: year = 2077, ep =0 
 	 Insufficient precipitation to grow glacier. 
 	 Volume glacier correction: 
 	 Volume should be 	8.351904e+13 m^3
 	 Volume corrected to 	1.800039e+10 m^3
 	 The rest is carried over to next year 
HydroGlacial WARNING: year = 2077, ep =0 
 	 Insufficient precipitation to grow glacier. 
 	 Volume glacier correction: 
 	 Volume should be 	8.351904e+13 m^3
 	 Volume corrected to 	1.800039e+10 m^3
 	 The rest is carried over to next year 
HydroGlacial WARNING: year = 2077, ep =0 
 	 Insufficient precipitation to grow glacier. 
 	 Volume glacier correction: 
 	 Volume should be 	8.351904e+13 m^3
 	 Volume corrected to 	1.800039e+10 m^3
 	 The rest is carried over to next year 
HydroGlacial WARNING: year = 2077, ep =0 
 	 Insufficient precipitation to grow glacier. 
 	 Volume glacier correction: 
 	 Volume should be 	8.351904e+13 m^3
 	 Volume corrected to 	1.800039e+10 m^3
 	 The rest is carried over to next year 
HydroGlacial WARNING: year = 2077, ep =0 
 	 Insufficient precipitation to grow glacier. 
 	 Volume glacier correction: 
 	 Volume should be 	8.351904e+13 m^3
 	 Volume corrected to 	1.800039e+10 m^3
 	 The rest is carried over to next year 
   FLOOD WARNING: the maximum predicted flood size has been exceeded. 
      Epoch 1, year 2077 
      Maximum predicted flood 55399.1 (m^3/s) 
      Modeled flood peak 59498.4 (m^3/s) 
HydroGlacial WARNING: year = 2078, ep =0 
 	 Insufficient precipitation to grow glacier. 
 	 Volume glacier correction: 
 	 Volume should be 	8.351904e+13 m^3
 	 Volume corrected to 	3.334800e+10 m^3
 	 The rest is carried over to next year 
HydroGlacial WARNING: year = 2078, ep =0 
 	 Insufficient precipitation to grow glacier. 
 	 Volume glacier correction: 
 	 Volume should be 	8.351904e+13 m^3
 	 Volume corrected to 	1.534761e+10 m^3
 	 The rest is carried over to next year 
HydroGlacial WARNING: year = 2078, ep =0 
 	 Insufficient precipitation to grow glacier. 
 	 Volume glacier correction: 
 	 Volume should be 	8.351904e+13 m^3
 	 Volume corrected to 	1.534761e+10 m^3
 	 The rest is carried over to next year 
HydroGlacial WARNING: year = 2078, ep =0 
 	 Insufficient precipitation to grow glacier. 
 	 Volume glacier correction: 
 	 Volume should be 	8.351904e+13 m^3
 	 Volume corrected to 	1.534761e+10 m^3
 	 The rest is carried over to next year 
HydroGlacial WARNING: year = 2078, ep =0 
 	 Insufficient precipitation to grow glacier. 
 	 Volume glacier correction: 
 	 Volume should be 	8.351904e+13 m^3
 	 Volume corrected to 	1.534761e+10 m^3
 	 The rest is carried over to next year 
HydroGlacial WARNING: year = 2078, ep =0 
 	 Insufficient precipitation to grow glacier. 
 	 Volume glacier correction: 
 	 Volume should be 	8.351904e+13 m^3
 	 Volume corrected to 	1.534761e+10 m^3
 	 The rest is carried over to next year 
HydroGlacial WARNING: year = 2078, ep =0 
 	 Insufficient precipitation to grow glacier. 
 	 Volume glacier correction: 
 	 Volume should be 	8.351904e+13 m^3
 	 Volume corrected to 	1.534761e+10 m^3
 	 The rest is carried over to next year 
HydroGlacial WARNING: year = 2078, ep =0 
 	 Insufficient precipitation to grow glacier. 
 	 Volume glacier correction: 
 	 Volume should be 	8.351904e+13 m^3
 	 Volume corrected to 	1.534761e+10 m^3
 	 The rest is carried over to next year 
HydroGlacial WARNING: year = 2078, ep =0 
 	 Insufficient precipitation to grow glacier. 
 	 Volume glacier correction: 
 	 Volume should be 	8.351904e+13 m^3
 	 Volume corrected to 	1.534761e+10 m^3
 	 The rest is carried over to next year 
HydroGlacial WARNING: year = 2078, ep =0 
 	 Insufficient precipitation to grow glacier. 
 	 Volume glacier correction: 
 	 Volume should be 	8.351904e+13 m^3
 	 Volume corrected to 	1.534761e+10 m^3
 	 The rest is carried over to next year 
   FLOOD WARNING: the maximum predicted flood size has been exceeded. 
      Epoch 1, year 2078 
      Maximum predicted flood 55399.1 (m^3/s) 
      Modeled flood peak 138351 (m^3/s) 
HydroGlacial WARNING: year = 2079, ep =0 
 	 Insufficient precipitation to grow glacier. 
 	 Volume glacier correction: 
 	 Volume should be 	8.351904e+13 m^3
 	 Volume corrected to 	3.372842e+10 m^3
 	 The rest is carried over to next year 
HydroGlacial WARNING: year = 2079, ep =0 
 	 Insufficient precipitation to grow glacier. 
 	 Volume glacier correction: 
 	 Volume should be 	8.351904e+13 m^3
 	 Volume corrected to 	1.838081e+10 m^3
 	 The rest is carried over to next year 
HydroGlacial WARNING: year = 2079, ep =0 
 	 Insufficient precipitation to grow glacier. 
 	 Volume glacier correction: 
 	 Volume should be 	8.351904e+13 m^3
 	 Volume corrected to 	1.838081e+10 m^3
 	 The rest is carried over to next year 
HydroGlacial WARNING: year = 2079, ep =0 
 	 Insufficient precipitation to grow glacier. 
 	 Volume glacier correction: 
 	 Volume should be 	8.351904e+13 m^3
 	 Volume corrected to 	1.838081e+10 m^3
 	 The rest is carried over to next year 
HydroGlacial WARNING: year = 2079, ep =0 
 	 Insufficient precipitation to grow glacier. 
 	 Volume glacier correction: 
 	 Volume should be 	8.351904e+13 m^3
 	 Volume corrected to 	1.838081e+10 m^3
 	 The rest is carried over to next year 
HydroGlacial WARNING: year = 2079, ep =0 
 	 Insufficient precipitation to grow glacier. 
 	 Volume glacier correction: 
 	 Volume should be 	8.351904e+13 m^3
 	 Volume corrected to 	1.838081e+10 m^3
 	 The rest is carried over to next year 
HydroGlacial WARNING: year = 2079, ep =0 
 	 Insufficient precipitation to grow glacier. 
 	 Volume glacier correction: 
 	 Volume should be 	8.351904e+13 m^3
 	 Volume corrected to 	1.838081e+10 m^3
 	 The rest is carried over to next year 
HydroGlacial WARNING: year = 2079, ep =0 
 	 Insufficient precipitation to grow glacier. 
 	 Volume glacier correction: 
 	 Volume should be 	8.351904e+13 m^3
 	 Volume corrected to 	1.838081e+10 m^3
 	 The rest is carried over to next year 
HydroGlacial WARNING: year = 2079, ep =0 
 	 Insufficient precipitation to grow glacier. 
 	 Volume glacier correction: 
 	 Volume should be 	8.351904e+13 m^3
 	 Volume corrected to 	1.838081e+10 m^3
 	 The rest is carried over to next year 
HydroGlacial WARNING: year = 2079, ep =0 
 	 Insufficient precipitation to grow glacier. 
 	 Volume glacier correction: 
 	 Volume should be 	8.351904e+13 m^3
 	 Volume corrected to 	1.838081e+10 m^3
 	 The rest is carried over to next year 
   FLOOD WARNING: the maximum predicted flood size has been exceeded. 
      Epoch 1, year 2079 
      Maximum predicted flood 55399.1 (m^3/s) 
      Modeled flood peak 98937.5 (m^3/s) 
HydroGlacial WARNING: year = 2080, ep =0 
 	 Insufficient precipitation to grow glacier. 
 	 Volume glacier correction: 
 	 Volume should be 	8.351904e+13 m^3
 	 Volume corrected to 	3.855491e+10 m^3
 	 The rest is carried over to next year 
HydroGlacial WARNING: year = 2080, ep =0 
 	 Insufficient precipitation to grow glacier. 
 	 Volume glacier correction: 
 	 Volume should be 	8.351904e+13 m^3
 	 Volume corrected to 	2.017410e+10 m^3
 	 The rest is carried over to next year 
HydroGlacial WARNING: year = 2080, ep =0 
 	 Insufficient precipitation to grow glacier. 
 	 Volume glacier correction: 
 	 Volume should be 	8.351904e+13 m^3
 	 Volume corrected to 	2.017410e+10 m^3
 	 The rest is carried over to next year 
HydroGlacial WARNING: year = 2080, ep =0 
 	 Insufficient precipitation to grow glacier. 
 	 Volume glacier correction: 
 	 Volume should be 	8.351904e+13 m^3
 	 Volume corrected to 	2.017410e+10 m^3
 	 The rest is carried over to next year 
HydroGlacial WARNING: year = 2080, ep =0 
 	 Insufficient precipitation to grow glacier. 
 	 Volume glacier correction: 
 	 Volume should be 	8.351904e+13 m^3
 	 Volume corrected to 	2.017410e+10 m^3
 	 The rest is carried over to next year 
HydroGlacial WARNING: year = 2080, ep =0 
 	 Insufficient precipitation to grow glacier. 
 	 Volume glacier correction: 
 	 Volume should be 	8.351904e+13 m^3
 	 Volume corrected to 	2.017410e+10 m^3
 	 The rest is carried over to next year 
HydroGlacial WARNING: year = 2080, ep =0 
 	 Insufficient precipitation to grow glacier. 
 	 Volume glacier correction: 
 	 Volume should be 	8.351904e+13 m^3
 	 Volume corrected to 	2.017410e+10 m^3
 	 The rest is carried over to next year 
HydroGlacial WARNING: year = 2080, ep =0 
 	 Insufficient precipitation to grow glacier. 
 	 Volume glacier correction: 
 	 Volume should be 	8.351904e+13 m^3
 	 Volume corrected to 	2.017410e+10 m^3
 	 The rest is carried over to next year 
HydroGlacial WARNING: year = 2080, ep =0 
 	 Insufficient precipitation to grow glacier. 
 	 Volume glacier correction: 
 	 Volume should be 	8.351904e+13 m^3
 	 Volume corrected to 	2.017410e+10 m^3
 	 The rest is carried over to next year 
HydroGlacial WARNING: year = 2080, ep =0 
 	 Insufficient precipitation to grow glacier. 
 	 Volume glacier correction: 
 	 Volume should be 	8.351904e+13 m^3
 	 Volume corrected to 	2.017410e+10 m^3
 	 The rest is carried over to next year 
   FLOOD WARNING: the maximum predicted flood size has been exceeded. 
      Epoch 1, year 2080 
      Maximum predicted flood 55399.1 (m^3/s) 
      Modeled flood peak 162005 (m^3/s) 
HydroGlacial WARNING: year = 2081, ep =0 
 	 Insufficient precipitation to grow glacier. 
 	 Volume glacier correction: 
 	 Volume should be 	8.351904e+13 m^3
 	 Volume corrected to 	3.399475e+10 m^3
 	 The rest is carried over to next year 
HydroGlacial WARNING: year = 2081, ep =0 
 	 Insufficient precipitation to grow glacier. 
 	 Volume glacier correction: 
 	 Volume should be 	8.351904e+13 m^3
 	 Volume corrected to 	1.382065e+10 m^3
 	 The rest is carried over to next year 
HydroGlacial WARNING: year = 2081, ep =0 
 	 Insufficient precipitation to grow glacier. 
 	 Volume glacier correction: 
 	 Volume should be 	8.351904e+13 m^3
 	 Volume corrected to 	1.382065e+10 m^3
 	 The rest is carried over to next year 
HydroGlacial WARNING: year = 2081, ep =0 
 	 Insufficient precipitation to grow glacier. 
 	 Volume glacier correction: 
 	 Volume should be 	8.351904e+13 m^3
 	 Volume corrected to 	1.382065e+10 m^3
 	 The rest is carried over to next year 
HydroGlacial WARNING: year = 2081, ep =0 
 	 Insufficient precipitation to grow glacier. 
 	 Volume glacier correction: 
 	 Volume should be 	8.351904e+13 m^3
 	 Volume corrected to 	1.382065e+10 m^3
 	 The rest is carried over to next year 
HydroGlacial WARNING: year = 2081, ep =0 
 	 Insufficient precipitation to grow glacier. 
 	 Volume glacier correction: 
 	 Volume should be 	8.351904e+13 m^3
 	 Volume corrected to 	1.382065e+10 m^3
 	 The rest is carried over to next year 
HydroGlacial WARNING: year = 2081, ep =0 
 	 Insufficient precipitation to grow glacier. 
 	 Volume glacier correction: 
 	 Volume should be 	8.351904e+13 m^3
 	 Volume corrected to 	1.382065e+10 m^3
 	 The rest is carried over to next year 
HydroGlacial WARNING: year = 2081, ep =0 
 	 Insufficient precipitation to grow glacier. 
 	 Volume glacier correction: 
 	 Volume should be 	8.351904e+13 m^3
 	 Volume corrected to 	1.382065e+10 m^3
 	 The rest is carried over to next year 
HydroGlacial WARNING: year = 2081, ep =0 
 	 Insufficient precipitation to grow glacier. 
 	 Volume glacier correction: 
 	 Volume should be 	8.351904e+13 m^3
 	 Volume corrected to 	1.382065e+10 m^3
 	 The rest is carried over to next year 
HydroGlacial WARNING: year = 2081, ep =0 
 	 Insufficient precipitation to grow glacier. 
 	 Volume glacier correction: 
 	 Volume should be 	8.351904e+13 m^3
 	 Volume corrected to 	1.382065e+10 m^3
 	 The rest is carried over to next year 
   FLOOD WARNING: the maximum predicted flood size has been exceeded. 
      Epoch 1, year 2081 
      Maximum predicted flood 55399.1 (m^3/s) 
      Modeled flood peak 68961.6 (m^3/s) 
HydroGlacial WARNING: year = 2082, ep =0 
 	 Insufficient precipitation to grow glacier. 
 	 Volume glacier correction: 
 	 Volume should be 	8.351904e+13 m^3
 	 Volume corrected to 	2.465666e+10 m^3
 	 The rest is carried over to next year 
HydroGlacial WARNING: year = 2082, ep =0 
 	 Insufficient precipitation to grow glacier. 
 	 Volume glacier correction: 
 	 Volume should be 	8.351904e+13 m^3
 	 Volume corrected to 	1.083601e+10 m^3
 	 The rest is carried over to next year 
HydroGlacial WARNING: year = 2082, ep =0 
 	 Insufficient precipitation to grow glacier. 
 	 Volume glacier correction: 
 	 Volume should be 	8.351904e+13 m^3
 	 Volume corrected to 	1.083601e+10 m^3
 	 The rest is carried over to next year 
HydroGlacial WARNING: year = 2082, ep =0 
 	 Insufficient precipitation to grow glacier. 
 	 Volume glacier correction: 
 	 Volume should be 	8.351904e+13 m^3
 	 Volume corrected to 	1.083601e+10 m^3
 	 The rest is carried over to next year 
HydroGlacial WARNING: year = 2082, ep =0 
 	 Insufficient precipitation to grow glacier. 
 	 Volume glacier correction: 
 	 Volume should be 	8.351904e+13 m^3
 	 Volume corrected to 	1.083601e+10 m^3
 	 The rest is carried over to next year 
HydroGlacial WARNING: year = 2082, ep =0 
 	 Insufficient precipitation to grow glacier. 
 	 Volume glacier correction: 
 	 Volume should be 	8.351904e+13 m^3
 	 Volume corrected to 	1.083601e+10 m^3
 	 The rest is carried over to next year 
HydroGlacial WARNING: year = 2082, ep =0 
 	 Insufficient precipitation to grow glacier. 
 	 Volume glacier correction: 
 	 Volume should be 	8.351904e+13 m^3
 	 Volume corrected to 	1.083601e+10 m^3
 	 The rest is carried over to next year 
HydroGlacial WARNING: year = 2082, ep =0 
 	 Insufficient precipitation to grow glacier. 
 	 Volume glacier correction: 
 	 Volume should be 	8.351904e+13 m^3
 	 Volume corrected to 	1.083601e+10 m^3
 	 The rest is carried over to next year 
HydroGlacial WARNING: year = 2082, ep =0 
 	 Insufficient precipitation to grow glacier. 
 	 Volume glacier correction: 
 	 Volume should be 	8.351904e+13 m^3
 	 Volume corrected to 	1.083601e+10 m^3
 	 The rest is carried over to next year 
HydroGlacial WARNING: year = 2082, ep =0 
 	 Insufficient precipitation to grow glacier. 
 	 Volume glacier correction: 
 	 Volume should be 	8.351904e+13 m^3
 	 Volume corrected to 	1.083601e+10 m^3
 	 The rest is carried over to next year 
   FLOOD WARNING: the maximum predicted flood size has been exceeded. 
      Epoch 1, year 2082 
      Maximum predicted flood 55399.1 (m^3/s) 
      Modeled flood peak 101897 (m^3/s) 
HydroGlacial WARNING: year = 2083, ep =0 
 	 Insufficient precipitation to grow glacier. 
 	 Volume glacier correction: 
 	 Volume should be 	8.351904e+13 m^3
 	 Volume corrected to 	1.815299e+10 m^3
 	 The rest is carried over to next year 
HydroGlacial WARNING: year = 2083, ep =0 
 	 Insufficient precipitation to grow glacier. 
 	 Volume glacier correction: 
 	 Volume should be 	8.351904e+13 m^3
 	 Volume corrected to 	7.316984e+09 m^3
 	 The rest is carried over to next year 
HydroGlacial WARNING: year = 2083, ep =0 
 	 Insufficient precipitation to grow glacier. 
 	 Volume glacier correction: 
 	 Volume should be 	8.351904e+13 m^3
 	 Volume corrected to 	7.316984e+09 m^3
 	 The rest is carried over to next year 
HydroGlacial WARNING: year = 2083, ep =0 
 	 Insufficient precipitation to grow glacier. 
 	 Volume glacier correction: 
 	 Volume should be 	8.351904e+13 m^3
 	 Volume corrected to 	7.316984e+09 m^3
 	 The rest is carried over to next year 
HydroGlacial WARNING: year = 2083, ep =0 
 	 Insufficient precipitation to grow glacier. 
 	 Volume glacier correction: 
 	 Volume should be 	8.351904e+13 m^3
 	 Volume corrected to 	7.316984e+09 m^3
 	 The rest is carried over to next year 
HydroGlacial WARNING: year = 2083, ep =0 
 	 Insufficient precipitation to grow glacier. 
 	 Volume glacier correction: 
 	 Volume should be 	8.351904e+13 m^3
 	 Volume corrected to 	7.316984e+09 m^3
 	 The rest is carried over to next year 
HydroGlacial WARNING: year = 2083, ep =0 
 	 Insufficient precipitation to grow glacier. 
 	 Volume glacier correction: 
 	 Volume should be 	8.351904e+13 m^3
 	 Volume corrected to 	7.316984e+09 m^3
 	 The rest is carried over to next year 
HydroGlacial WARNING: year = 2083, ep =0 
 	 Insufficient precipitation to grow glacier. 
 	 Volume glacier correction: 
 	 Volume should be 	8.351904e+13 m^3
 	 Volume corrected to 	7.316984e+09 m^3
 	 The rest is carried over to next year 
HydroGlacial WARNING: year = 2083, ep =0 
 	 Insufficient precipitation to grow glacier. 
 	 Volume glacier correction: 
 	 Volume should be 	8.351904e+13 m^3
 	 Volume corrected to 	7.316984e+09 m^3
 	 The rest is carried over to next year 
HydroGlacial WARNING: year = 2083, ep =0 
 	 Insufficient precipitation to grow glacier. 
 	 Volume glacier correction: 
 	 Volume should be 	8.351904e+13 m^3
 	 Volume corrected to 	7.316984e+09 m^3
 	 The rest is carried over to next year 
   FLOOD WARNING: the maximum predicted flood size has been exceeded. 
      Epoch 1, year 2083 
      Maximum predicted flood 55399.1 (m^3/s) 
      Modeled flood peak 96261 (m^3/s) 
HydroGlacial WARNING: year = 2084, ep =0 
 	 Insufficient precipitation to grow glacier. 
 	 Volume glacier correction: 
 	 Volume should be 	8.351904e+13 m^3
 	 Volume corrected to 	2.392043e+10 m^3
 	 The rest is carried over to next year 
HydroGlacial WARNING: year = 2084, ep =0 
 	 Insufficient precipitation to grow glacier. 
 	 Volume glacier correction: 
 	 Volume should be 	8.351904e+13 m^3
 	 Volume corrected to 	1.660345e+10 m^3
 	 The rest is carried over to next year 
HydroGlacial WARNING: year = 2084, ep =0 
 	 Insufficient precipitation to grow glacier. 
 	 Volume glacier correction: 
 	 Volume should be 	8.351904e+13 m^3
 	 Volume corrected to 	1.660345e+10 m^3
 	 The rest is carried over to next year 
HydroGlacial WARNING: year = 2084, ep =0 
 	 Insufficient precipitation to grow glacier. 
 	 Volume glacier correction: 
 	 Volume should be 	8.351904e+13 m^3
 	 Volume corrected to 	1.660345e+10 m^3
 	 The rest is carried over to next year 
HydroGlacial WARNING: year = 2084, ep =0 
 	 Insufficient precipitation to grow glacier. 
 	 Volume glacier correction: 
 	 Volume should be 	8.351904e+13 m^3
 	 Volume corrected to 	1.660345e+10 m^3
 	 The rest is carried over to next year 
HydroGlacial WARNING: year = 2084, ep =0 
 	 Insufficient precipitation to grow glacier. 
 	 Volume glacier correction: 
 	 Volume should be 	8.351904e+13 m^3
 	 Volume corrected to 	1.660345e+10 m^3
 	 The rest is carried over to next year 
HydroGlacial WARNING: year = 2084, ep =0 
 	 Insufficient precipitation to grow glacier. 
 	 Volume glacier correction: 
 	 Volume should be 	8.351904e+13 m^3
 	 Volume corrected to 	1.660345e+10 m^3
 	 The rest is carried over to next year 
HydroGlacial WARNING: year = 2084, ep =0 
 	 Insufficient precipitation to grow glacier. 
 	 Volume glacier correction: 
 	 Volume should be 	8.351904e+13 m^3
 	 Volume corrected to 	1.660345e+10 m^3
 	 The rest is carried over to next year 
HydroGlacial WARNING: year = 2084, ep =0 
 	 Insufficient precipitation to grow glacier. 
 	 Volume glacier correction: 
 	 Volume should be 	8.351904e+13 m^3
 	 Volume corrected to 	1.660345e+10 m^3
 	 The rest is carried over to next year 
HydroGlacial WARNING: year = 2084, ep =0 
 	 Insufficient precipitation to grow glacier. 
 	 Volume glacier correction: 
 	 Volume should be 	8.351904e+13 m^3
 	 Volume corrected to 	1.660345e+10 m^3
 	 The rest is carried over to next year 
   FLOOD WARNING: the maximum predicted flood size has been exceeded. 
      Epoch 1, year 2084 
      Maximum predicted flood 55399.1 (m^3/s) 
      Modeled flood peak 64477.2 (m^3/s) 
HydroGlacial WARNING: year = 2085, ep =0 
 	 Insufficient precipitation to grow glacier. 
 	 Volume glacier correction: 
 	 Volume should be 	8.351904e+13 m^3
 	 Volume corrected to 	2.745064e+10 m^3
 	 The rest is carried over to next year 
HydroGlacial WARNING: year = 2085, ep =0 
 	 Insufficient precipitation to grow glacier. 
 	 Volume glacier correction: 
 	 Volume should be 	8.351904e+13 m^3
 	 Volume corrected to 	1.084720e+10 m^3
 	 The rest is carried over to next year 
HydroGlacial WARNING: year = 2085, ep =0 
 	 Insufficient precipitation to grow glacier. 
 	 Volume glacier correction: 
 	 Volume should be 	8.351904e+13 m^3
 	 Volume corrected to 	1.084720e+10 m^3
 	 The rest is carried over to next year 
HydroGlacial WARNING: year = 2085, ep =0 
 	 Insufficient precipitation to grow glacier. 
 	 Volume glacier correction: 
 	 Volume should be 	8.351904e+13 m^3
 	 Volume corrected to 	1.084720e+10 m^3
 	 The rest is carried over to next year 
HydroGlacial WARNING: year = 2085, ep =0 
 	 Insufficient precipitation to grow glacier. 
 	 Volume glacier correction: 
 	 Volume should be 	8.351904e+13 m^3
 	 Volume corrected to 	1.084720e+10 m^3
 	 The rest is carried over to next year 
HydroGlacial WARNING: year = 2085, ep =0 
 	 Insufficient precipitation to grow glacier. 
 	 Volume glacier correction: 
 	 Volume should be 	8.351904e+13 m^3
 	 Volume corrected to 	1.084720e+10 m^3
 	 The rest is carried over to next year 
HydroGlacial WARNING: year = 2085, ep =0 
 	 Insufficient precipitation to grow glacier. 
 	 Volume glacier correction: 
 	 Volume should be 	8.351904e+13 m^3
 	 Volume corrected to 	1.084720e+10 m^3
 	 The rest is carried over to next year 
HydroGlacial WARNING: year = 2085, ep =0 
 	 Insufficient precipitation to grow glacier. 
 	 Volume glacier correction: 
 	 Volume should be 	8.351904e+13 m^3
 	 Volume corrected to 	1.084720e+10 m^3
 	 The rest is carried over to next year 
HydroGlacial WARNING: year = 2085, ep =0 
 	 Insufficient precipitation to grow glacier. 
 	 Volume glacier correction: 
 	 Volume should be 	8.351904e+13 m^3
 	 Volume corrected to 	1.084720e+10 m^3
 	 The rest is carried over to next year 
HydroGlacial WARNING: year = 2085, ep =0 
 	 Insufficient precipitation to grow glacier. 
 	 Volume glacier correction: 
 	 Volume should be 	8.351904e+13 m^3
 	 Volume corrected to 	1.084720e+10 m^3
 	 The rest is carried over to next year 
   FLOOD WARNING: the maximum predicted flood size has been exceeded. 
      Epoch 1, year 2085 
      Maximum predicted flood 55399.1 (m^3/s) 
      Modeled flood peak 123097 (m^3/s) 
HydroGlacial WARNING: year = 2086, ep =0 
 	 Insufficient precipitation to grow glacier. 
 	 Volume glacier correction: 
 	 Volume should be 	8.351904e+13 m^3
 	 Volume corrected to 	3.104105e+10 m^3
 	 The rest is carried over to next year 
HydroGlacial WARNING: year = 2086, ep =0 
 	 Insufficient precipitation to grow glacier. 
 	 Volume glacier correction: 
 	 Volume should be 	8.351904e+13 m^3
 	 Volume corrected to 	2.019385e+10 m^3
 	 The rest is carried over to next year 
HydroGlacial WARNING: year = 2086, ep =0 
 	 Insufficient precipitation to grow glacier. 
 	 Volume glacier correction: 
 	 Volume should be 	8.351904e+13 m^3
 	 Volume corrected to 	2.019385e+10 m^3
 	 The rest is carried over to next year 
HydroGlacial WARNING: year = 2086, ep =0 
 	 Insufficient precipitation to grow glacier. 
 	 Volume glacier correction: 
 	 Volume should be 	8.351904e+13 m^3
 	 Volume corrected to 	2.019385e+10 m^3
 	 The rest is carried over to next year 
HydroGlacial WARNING: year = 2086, ep =0 
 	 Insufficient precipitation to grow glacier. 
 	 Volume glacier correction: 
 	 Volume should be 	8.351904e+13 m^3
 	 Volume corrected to 	2.019385e+10 m^3
 	 The rest is carried over to next year 
HydroGlacial WARNING: year = 2086, ep =0 
 	 Insufficient precipitation to grow glacier. 
 	 Volume glacier correction: 
 	 Volume should be 	8.351904e+13 m^3
 	 Volume corrected to 	2.019385e+10 m^3
 	 The rest is carried over to next year 
HydroGlacial WARNING: year = 2086, ep =0 
 	 Insufficient precipitation to grow glacier. 
 	 Volume glacier correction: 
 	 Volume should be 	8.351904e+13 m^3
 	 Volume corrected to 	2.019385e+10 m^3
 	 The rest is carried over to next year 
HydroGlacial WARNING: year = 2086, ep =0 
 	 Insufficient precipitation to grow glacier. 
 	 Volume glacier correction: 
 	 Volume should be 	8.351904e+13 m^3
 	 Volume corrected to 	2.019385e+10 m^3
 	 The rest is carried over to next year 
HydroGlacial WARNING: year = 2086, ep =0 
 	 Insufficient precipitation to grow glacier. 
 	 Volume glacier correction: 
 	 Volume should be 	8.351904e+13 m^3
 	 Volume corrected to 	2.019385e+10 m^3
 	 The rest is carried over to next year 
HydroGlacial WARNING: year = 2086, ep =0 
 	 Insufficient precipitation to grow glacier. 
 	 Volume glacier correction: 
 	 Volume should be 	8.351904e+13 m^3
 	 Volume corrected to 	2.019385e+10 m^3
 	 The rest is carried over to next year 
   FLOOD WARNING: the maximum predicted flood size has been exceeded. 
      Epoch 1, year 2086 
      Maximum predicted flood 55399.1 (m^3/s) 
      Modeled flood peak 106782 (m^3/s) 
HydroGlacial WARNING: year = 2087, ep =0 
 	 Insufficient precipitation to grow glacier. 
 	 Volume glacier correction: 
 	 Volume should be 	8.351904e+13 m^3
 	 Volume corrected to 	3.129730e+10 m^3
 	 The rest is carried over to next year 
HydroGlacial WARNING: year = 2087, ep =0 
 	 Insufficient precipitation to grow glacier. 
 	 Volume glacier correction: 
 	 Volume should be 	8.351904e+13 m^3
 	 Volume corrected to 	1.110345e+10 m^3
 	 The rest is carried over to next year 
HydroGlacial WARNING: year = 2087, ep =0 
 	 Insufficient precipitation to grow glacier. 
 	 Volume glacier correction: 
 	 Volume should be 	8.351904e+13 m^3
 	 Volume corrected to 	1.110345e+10 m^3
 	 The rest is carried over to next year 
HydroGlacial WARNING: year = 2087, ep =0 
 	 Insufficient precipitation to grow glacier. 
 	 Volume glacier correction: 
 	 Volume should be 	8.351904e+13 m^3
 	 Volume corrected to 	1.110345e+10 m^3
 	 The rest is carried over to next year 
HydroGlacial WARNING: year = 2087, ep =0 
 	 Insufficient precipitation to grow glacier. 
 	 Volume glacier correction: 
 	 Volume should be 	8.351904e+13 m^3
 	 Volume corrected to 	1.110345e+10 m^3
 	 The rest is carried over to next year 
HydroGlacial WARNING: year = 2087, ep =0 
 	 Insufficient precipitation to grow glacier. 
 	 Volume glacier correction: 
 	 Volume should be 	8.351904e+13 m^3
 	 Volume corrected to 	1.110345e+10 m^3
 	 The rest is carried over to next year 
HydroGlacial WARNING: year = 2087, ep =0 
 	 Insufficient precipitation to grow glacier. 
 	 Volume glacier correction: 
 	 Volume should be 	8.351904e+13 m^3
 	 Volume corrected to 	1.110345e+10 m^3
 	 The rest is carried over to next year 
HydroGlacial WARNING: year = 2087, ep =0 
 	 Insufficient precipitation to grow glacier. 
 	 Volume glacier correction: 
 	 Volume should be 	8.351904e+13 m^3
 	 Volume corrected to 	1.110345e+10 m^3
 	 The rest is carried over to next year 
HydroGlacial WARNING: year = 2087, ep =0 
 	 Insufficient precipitation to grow glacier. 
 	 Volume glacier correction: 
 	 Volume should be 	8.351904e+13 m^3
 	 Volume corrected to 	1.110345e+10 m^3
 	 The rest is carried over to next year 
HydroGlacial WARNING: year = 2087, ep =0 
 	 Insufficient precipitation to grow glacier. 
 	 Volume glacier correction: 
 	 Volume should be 	8.351904e+13 m^3
 	 Volume corrected to 	1.110345e+10 m^3
 	 The rest is carried over to next year 
   FLOOD WARNING: the maximum predicted flood size has been exceeded. 
      Epoch 1, year 2087 
      Maximum predicted flood 55399.1 (m^3/s) 
      Modeled flood peak 140158 (m^3/s) 
HydroGlacial WARNING: year = 2088, ep =0 
 	 Insufficient precipitation to grow glacier. 
 	 Volume glacier correction: 
 	 Volume should be 	8.351904e+13 m^3
 	 Volume corrected to 	2.945646e+10 m^3
 	 The rest is carried over to next year 
HydroGlacial WARNING: year = 2088, ep =0 
 	 Insufficient precipitation to grow glacier. 
 	 Volume glacier correction: 
 	 Volume should be 	8.351904e+13 m^3
 	 Volume corrected to 	1.835301e+10 m^3
 	 The rest is carried over to next year 
HydroGlacial WARNING: year = 2088, ep =0 
 	 Insufficient precipitation to grow glacier. 
 	 Volume glacier correction: 
 	 Volume should be 	8.351904e+13 m^3
 	 Volume corrected to 	1.835301e+10 m^3
 	 The rest is carried over to next year 
HydroGlacial WARNING: year = 2088, ep =0 
 	 Insufficient precipitation to grow glacier. 
 	 Volume glacier correction: 
 	 Volume should be 	8.351904e+13 m^3
 	 Volume corrected to 	1.835301e+10 m^3
 	 The rest is carried over to next year 
HydroGlacial WARNING: year = 2088, ep =0 
 	 Insufficient precipitation to grow glacier. 
 	 Volume glacier correction: 
 	 Volume should be 	8.351904e+13 m^3
 	 Volume corrected to 	1.835301e+10 m^3
 	 The rest is carried over to next year 
HydroGlacial WARNING: year = 2088, ep =0 
 	 Insufficient precipitation to grow glacier. 
 	 Volume glacier correction: 
 	 Volume should be 	8.351904e+13 m^3
 	 Volume corrected to 	1.835301e+10 m^3
 	 The rest is carried over to next year 
HydroGlacial WARNING: year = 2088, ep =0 
 	 Insufficient precipitation to grow glacier. 
 	 Volume glacier correction: 
 	 Volume should be 	8.351904e+13 m^3
 	 Volume corrected to 	1.835301e+10 m^3
 	 The rest is carried over to next year 
HydroGlacial WARNING: year = 2088, ep =0 
 	 Insufficient precipitation to grow glacier. 
 	 Volume glacier correction: 
 	 Volume should be 	8.351904e+13 m^3
 	 Volume corrected to 	1.835301e+10 m^3
 	 The rest is carried over to next year 
HydroGlacial WARNING: year = 2088, ep =0 
 	 Insufficient precipitation to grow glacier. 
 	 Volume glacier correction: 
 	 Volume should be 	8.351904e+13 m^3
 	 Volume corrected to 	1.835301e+10 m^3
 	 The rest is carried over to next year 
HydroGlacial WARNING: year = 2088, ep =0 
 	 Insufficient precipitation to grow glacier. 
 	 Volume glacier correction: 
 	 Volume should be 	8.351904e+13 m^3
 	 Volume corrected to 	1.835301e+10 m^3
 	 The rest is carried over to next year 
   FLOOD WARNING: the maximum predicted flood size has been exceeded. 
      Epoch 1, year 2088 
      Maximum predicted flood 55399.1 (m^3/s) 
      Modeled flood peak 181267 (m^3/s) 
HydroGlacial WARNING: year = 2089, ep =0 
 	 Insufficient precipitation to grow glacier. 
 	 Volume glacier correction: 
 	 Volume should be 	8.351904e+13 m^3
 	 Volume corrected to 	3.190693e+10 m^3
 	 The rest is carried over to next year 
HydroGlacial WARNING: year = 2089, ep =0 
 	 Insufficient precipitation to grow glacier. 
 	 Volume glacier correction: 
 	 Volume should be 	8.351904e+13 m^3
 	 Volume corrected to 	1.355392e+10 m^3
 	 The rest is carried over to next year 
HydroGlacial WARNING: year = 2089, ep =0 
 	 Insufficient precipitation to grow glacier. 
 	 Volume glacier correction: 
 	 Volume should be 	8.351904e+13 m^3
 	 Volume corrected to 	1.355392e+10 m^3
 	 The rest is carried over to next year 
HydroGlacial WARNING: year = 2089, ep =0 
 	 Insufficient precipitation to grow glacier. 
 	 Volume glacier correction: 
 	 Volume should be 	8.351904e+13 m^3
 	 Volume corrected to 	1.355392e+10 m^3
 	 The rest is carried over to next year 
HydroGlacial WARNING: year = 2089, ep =0 
 	 Insufficient precipitation to grow glacier. 
 	 Volume glacier correction: 
 	 Volume should be 	8.351904e+13 m^3
 	 Volume corrected to 	1.355392e+10 m^3
 	 The rest is carried over to next year 
HydroGlacial WARNING: year = 2089, ep =0 
 	 Insufficient precipitation to grow glacier. 
 	 Volume glacier correction: 
 	 Volume should be 	8.351904e+13 m^3
 	 Volume corrected to 	1.355392e+10 m^3
 	 The rest is carried over to next year 
HydroGlacial WARNING: year = 2089, ep =0 
 	 Insufficient precipitation to grow glacier. 
 	 Volume glacier correction: 
 	 Volume should be 	8.351904e+13 m^3
 	 Volume corrected to 	1.355392e+10 m^3
 	 The rest is carried over to next year 
HydroGlacial WARNING: year = 2089, ep =0 
 	 Insufficient precipitation to grow glacier. 
 	 Volume glacier correction: 
 	 Volume should be 	8.351904e+13 m^3
 	 Volume corrected to 	1.355392e+10 m^3
 	 The rest is carried over to next year 
HydroGlacial WARNING: year = 2089, ep =0 
 	 Insufficient precipitation to grow glacier. 
 	 Volume glacier correction: 
 	 Volume should be 	8.351904e+13 m^3
 	 Volume corrected to 	1.355392e+10 m^3
 	 The rest is carried over to next year 
HydroGlacial WARNING: year = 2089, ep =0 
 	 Insufficient precipitation to grow glacier. 
 	 Volume glacier correction: 
 	 Volume should be 	8.351904e+13 m^3
 	 Volume corrected to 	1.355392e+10 m^3
 	 The rest is carried over to next year 
   FLOOD WARNING: the maximum predicted flood size has been exceeded. 
      Epoch 1, year 2089 
      Maximum predicted flood 55399.1 (m^3/s) 
      Modeled flood peak 97371.5 (m^3/s) 
HydroGlacial WARNING: year = 2090, ep =0 
 	 Insufficient precipitation to grow glacier. 
 	 Volume glacier correction: 
 	 Volume should be 	8.351904e+13 m^3
 	 Volume corrected to 	3.058588e+10 m^3
 	 The rest is carried over to next year 
HydroGlacial WARNING: year = 2090, ep =0 
 	 Insufficient precipitation to grow glacier. 
 	 Volume glacier correction: 
 	 Volume should be 	8.351904e+13 m^3
 	 Volume corrected to 	1.703196e+10 m^3
 	 The rest is carried over to next year 
HydroGlacial WARNING: year = 2090, ep =0 
 	 Insufficient precipitation to grow glacier. 
 	 Volume glacier correction: 
 	 Volume should be 	8.351904e+13 m^3
 	 Volume corrected to 	1.703196e+10 m^3
 	 The rest is carried over to next year 
HydroGlacial WARNING: year = 2090, ep =0 
 	 Insufficient precipitation to grow glacier. 
 	 Volume glacier correction: 
 	 Volume should be 	8.351904e+13 m^3
 	 Volume corrected to 	1.703196e+10 m^3
 	 The rest is carried over to next year 
HydroGlacial WARNING: year = 2090, ep =0 
 	 Insufficient precipitation to grow glacier. 
 	 Volume glacier correction: 
 	 Volume should be 	8.351904e+13 m^3
 	 Volume corrected to 	1.703196e+10 m^3
 	 The rest is carried over to next year 
HydroGlacial WARNING: year = 2090, ep =0 
 	 Insufficient precipitation to grow glacier. 
 	 Volume glacier correction: 
 	 Volume should be 	8.351904e+13 m^3
 	 Volume corrected to 	1.703196e+10 m^3
 	 The rest is carried over to next year 
HydroGlacial WARNING: year = 2090, ep =0 
 	 Insufficient precipitation to grow glacier. 
 	 Volume glacier correction: 
 	 Volume should be 	8.351904e+13 m^3
 	 Volume corrected to 	1.703196e+10 m^3
 	 The rest is carried over to next year 
HydroGlacial WARNING: year = 2090, ep =0 
 	 Insufficient precipitation to grow glacier. 
 	 Volume glacier correction: 
 	 Volume should be 	8.351904e+13 m^3
 	 Volume corrected to 	1.703196e+10 m^3
 	 The rest is carried over to next year 
HydroGlacial WARNING: year = 2090, ep =0 
 	 Insufficient precipitation to grow glacier. 
 	 Volume glacier correction: 
 	 Volume should be 	8.351904e+13 m^3
 	 Volume corrected to 	1.703196e+10 m^3
 	 The rest is carried over to next year 
HydroGlacial WARNING: year = 2090, ep =0 
 	 Insufficient precipitation to grow glacier. 
 	 Volume glacier correction: 
 	 Volume should be 	8.351904e+13 m^3
 	 Volume corrected to 	1.703196e+10 m^3
 	 The rest is carried over to next year 
   FLOOD WARNING: the maximum predicted flood size has been exceeded. 
      Epoch 1, year 2090 
      Maximum predicted flood 55399.1 (m^3/s) 
      Modeled flood peak 88654.8 (m^3/s) 
HydroGlacial WARNING: year = 2091, ep =0 
 	 Insufficient precipitation to grow glacier. 
 	 Volume glacier correction: 
 	 Volume should be 	8.351904e+13 m^3
 	 Volume corrected to 	2.397378e+10 m^3
 	 The rest is carried over to next year 
HydroGlacial WARNING: year = 2091, ep =0 
 	 Insufficient precipitation to grow glacier. 
 	 Volume glacier correction: 
 	 Volume should be 	8.351904e+13 m^3
 	 Volume corrected to 	6.941823e+09 m^3
 	 The rest is carried over to next year 
HydroGlacial WARNING: year = 2091, ep =0 
 	 Insufficient precipitation to grow glacier. 
 	 Volume glacier correction: 
 	 Volume should be 	8.351904e+13 m^3
 	 Volume corrected to 	6.941823e+09 m^3
 	 The rest is carried over to next year 
HydroGlacial WARNING: year = 2091, ep =0 
 	 Insufficient precipitation to grow glacier. 
 	 Volume glacier correction: 
 	 Volume should be 	8.351904e+13 m^3
 	 Volume corrected to 	6.941823e+09 m^3
 	 The rest is carried over to next year 
HydroGlacial WARNING: year = 2091, ep =0 
 	 Insufficient precipitation to grow glacier. 
 	 Volume glacier correction: 
 	 Volume should be 	8.351904e+13 m^3
 	 Volume corrected to 	6.941823e+09 m^3
 	 The rest is carried over to next year 
HydroGlacial WARNING: year = 2091, ep =0 
 	 Insufficient precipitation to grow glacier. 
 	 Volume glacier correction: 
 	 Volume should be 	8.351904e+13 m^3
 	 Volume corrected to 	6.941823e+09 m^3
 	 The rest is carried over to next year 
HydroGlacial WARNING: year = 2091, ep =0 
 	 Insufficient precipitation to grow glacier. 
 	 Volume glacier correction: 
 	 Volume should be 	8.351904e+13 m^3
 	 Volume corrected to 	6.941823e+09 m^3
 	 The rest is carried over to next year 
HydroGlacial WARNING: year = 2091, ep =0 
 	 Insufficient precipitation to grow glacier. 
 	 Volume glacier correction: 
 	 Volume should be 	8.351904e+13 m^3
 	 Volume corrected to 	6.941823e+09 m^3
 	 The rest is carried over to next year 
HydroGlacial WARNING: year = 2091, ep =0 
 	 Insufficient precipitation to grow glacier. 
 	 Volume glacier correction: 
 	 Volume should be 	8.351904e+13 m^3
 	 Volume corrected to 	6.941823e+09 m^3
 	 The rest is carried over to next year 
HydroGlacial WARNING: year = 2091, ep =0 
 	 Insufficient precipitation to grow glacier. 
 	 Volume glacier correction: 
 	 Volume should be 	8.351904e+13 m^3
 	 Volume corrected to 	6.941823e+09 m^3
 	 The rest is carried over to next year 
   FLOOD WARNING: the maximum predicted flood size has been exceeded. 
      Epoch 1, year 2091 
      Maximum predicted flood 55399.1 (m^3/s) 
      Modeled flood peak 64060.5 (m^3/s) 
HydroGlacial WARNING: year = 2092, ep =0 
 	 Insufficient precipitation to grow glacier. 
 	 Volume glacier correction: 
 	 Volume should be 	8.351904e+13 m^3
 	 Volume corrected to 	1.672853e+10 m^3
 	 The rest is carried over to next year 
HydroGlacial WARNING: year = 2092, ep =0 
 	 Insufficient precipitation to grow glacier. 
 	 Volume glacier correction: 
 	 Volume should be 	8.351904e+13 m^3
 	 Volume corrected to 	9.786711e+09 m^3
 	 The rest is carried over to next year 
HydroGlacial WARNING: year = 2092, ep =0 
 	 Insufficient precipitation to grow glacier. 
 	 Volume glacier correction: 
 	 Volume should be 	8.351904e+13 m^3
 	 Volume corrected to 	9.786711e+09 m^3
 	 The rest is carried over to next year 
HydroGlacial WARNING: year = 2092, ep =0 
 	 Insufficient precipitation to grow glacier. 
 	 Volume glacier correction: 
 	 Volume should be 	8.351904e+13 m^3
 	 Volume corrected to 	9.786711e+09 m^3
 	 The rest is carried over to next year 
HydroGlacial WARNING: year = 2092, ep =0 
 	 Insufficient precipitation to grow glacier. 
 	 Volume glacier correction: 
 	 Volume should be 	8.351904e+13 m^3
 	 Volume corrected to 	9.786711e+09 m^3
 	 The rest is carried over to next year 
HydroGlacial WARNING: year = 2092, ep =0 
 	 Insufficient precipitation to grow glacier. 
 	 Volume glacier correction: 
 	 Volume should be 	8.351904e+13 m^3
 	 Volume corrected to 	9.786711e+09 m^3
 	 The rest is carried over to next year 
HydroGlacial WARNING: year = 2092, ep =0 
 	 Insufficient precipitation to grow glacier. 
 	 Volume glacier correction: 
 	 Volume should be 	8.351904e+13 m^3
 	 Volume corrected to 	9.786711e+09 m^3
 	 The rest is carried over to next year 
HydroGlacial WARNING: year = 2092, ep =0 
 	 Insufficient precipitation to grow glacier. 
 	 Volume glacier correction: 
 	 Volume should be 	8.351904e+13 m^3
 	 Volume corrected to 	9.786711e+09 m^3
 	 The rest is carried over to next year 
HydroGlacial WARNING: year = 2092, ep =0 
 	 Insufficient precipitation to grow glacier. 
 	 Volume glacier correction: 
 	 Volume should be 	8.351904e+13 m^3
 	 Volume corrected to 	9.786711e+09 m^3
 	 The rest is carried over to next year 
HydroGlacial WARNING: year = 2092, ep =0 
 	 Insufficient precipitation to grow glacier. 
 	 Volume glacier correction: 
 	 Volume should be 	8.351904e+13 m^3
 	 Volume corrected to 	9.786711e+09 m^3
 	 The rest is carried over to next year 
   FLOOD WARNING: the maximum predicted flood size has been exceeded. 
      Epoch 1, year 2092 
      Maximum predicted flood 55399.1 (m^3/s) 
      Modeled flood peak 74489.2 (m^3/s) 
HydroGlacial WARNING: year = 2093, ep =0 
 	 Insufficient precipitation to grow glacier. 
 	 Volume glacier correction: 
 	 Volume should be 	8.351904e+13 m^3
 	 Volume corrected to 	2.083674e+10 m^3
 	 The rest is carried over to next year 
HydroGlacial WARNING: year = 2093, ep =0 
 	 Insufficient precipitation to grow glacier. 
 	 Volume glacier correction: 
 	 Volume should be 	8.351904e+13 m^3
 	 Volume corrected to 	1.105002e+10 m^3
 	 The rest is carried over to next year 
HydroGlacial WARNING: year = 2093, ep =0 
 	 Insufficient precipitation to grow glacier. 
 	 Volume glacier correction: 
 	 Volume should be 	8.351904e+13 m^3
 	 Volume corrected to 	1.105002e+10 m^3
 	 The rest is carried over to next year 
HydroGlacial WARNING: year = 2093, ep =0 
 	 Insufficient precipitation to grow glacier. 
 	 Volume glacier correction: 
 	 Volume should be 	8.351904e+13 m^3
 	 Volume corrected to 	1.105002e+10 m^3
 	 The rest is carried over to next year 
HydroGlacial WARNING: year = 2093, ep =0 
 	 Insufficient precipitation to grow glacier. 
 	 Volume glacier correction: 
 	 Volume should be 	8.351904e+13 m^3
 	 Volume corrected to 	1.105002e+10 m^3
 	 The rest is carried over to next year 
HydroGlacial WARNING: year = 2093, ep =0 
 	 Insufficient precipitation to grow glacier. 
 	 Volume glacier correction: 
 	 Volume should be 	8.351904e+13 m^3
 	 Volume corrected to 	1.105002e+10 m^3
 	 The rest is carried over to next year 
HydroGlacial WARNING: year = 2093, ep =0 
 	 Insufficient precipitation to grow glacier. 
 	 Volume glacier correction: 
 	 Volume should be 	8.351904e+13 m^3
 	 Volume corrected to 	1.105002e+10 m^3
 	 The rest is carried over to next year 
HydroGlacial WARNING: year = 2093, ep =0 
 	 Insufficient precipitation to grow glacier. 
 	 Volume glacier correction: 
 	 Volume should be 	8.351904e+13 m^3
 	 Volume corrected to 	1.105002e+10 m^3
 	 The rest is carried over to next year 
HydroGlacial WARNING: year = 2093, ep =0 
 	 Insufficient precipitation to grow glacier. 
 	 Volume glacier correction: 
 	 Volume should be 	8.351904e+13 m^3
 	 Volume corrected to 	1.105002e+10 m^3
 	 The rest is carried over to next year 
HydroGlacial WARNING: year = 2093, ep =0 
 	 Insufficient precipitation to grow glacier. 
 	 Volume glacier correction: 
 	 Volume should be 	8.351904e+13 m^3
 	 Volume corrected to 	1.105002e+10 m^3
 	 The rest is carried over to next year 
   FLOOD WARNING: the maximum predicted flood size has been exceeded. 
      Epoch 1, year 2093 
      Maximum predicted flood 55399.1 (m^3/s) 
      Modeled flood peak 87052.3 (m^3/s) 
HydroGlacial WARNING: year = 2094, ep =0 
 	 Insufficient precipitation to grow glacier. 
 	 Volume glacier correction: 
 	 Volume should be 	8.351904e+13 m^3
 	 Volume corrected to 	2.605985e+10 m^3
 	 The rest is carried over to next year 
HydroGlacial WARNING: year = 2094, ep =0 
 	 Insufficient precipitation to grow glacier. 
 	 Volume glacier correction: 
 	 Volume should be 	8.351904e+13 m^3
 	 Volume corrected to 	1.500982e+10 m^3
 	 The rest is carried over to next year 
HydroGlacial WARNING: year = 2094, ep =0 
 	 Insufficient precipitation to grow glacier. 
 	 Volume glacier correction: 
 	 Volume should be 	8.351904e+13 m^3
 	 Volume corrected to 	1.500982e+10 m^3
 	 The rest is carried over to next year 
HydroGlacial WARNING: year = 2094, ep =0 
 	 Insufficient precipitation to grow glacier. 
 	 Volume glacier correction: 
 	 Volume should be 	8.351904e+13 m^3
 	 Volume corrected to 	1.500982e+10 m^3
 	 The rest is carried over to next year 
HydroGlacial WARNING: year = 2094, ep =0 
 	 Insufficient precipitation to grow glacier. 
 	 Volume glacier correction: 
 	 Volume should be 	8.351904e+13 m^3
 	 Volume corrected to 	1.500982e+10 m^3
 	 The rest is carried over to next year 
HydroGlacial WARNING: year = 2094, ep =0 
 	 Insufficient precipitation to grow glacier. 
 	 Volume glacier correction: 
 	 Volume should be 	8.351904e+13 m^3
 	 Volume corrected to 	1.500982e+10 m^3
 	 The rest is carried over to next year 
HydroGlacial WARNING: year = 2094, ep =0 
 	 Insufficient precipitation to grow glacier. 
 	 Volume glacier correction: 
 	 Volume should be 	8.351904e+13 m^3
 	 Volume corrected to 	1.500982e+10 m^3
 	 The rest is carried over to next year 
HydroGlacial WARNING: year = 2094, ep =0 
 	 Insufficient precipitation to grow glacier. 
 	 Volume glacier correction: 
 	 Volume should be 	8.351904e+13 m^3
 	 Volume corrected to 	1.500982e+10 m^3
 	 The rest is carried over to next year 
HydroGlacial WARNING: year = 2094, ep =0 
 	 Insufficient precipitation to grow glacier. 
 	 Volume glacier correction: 
 	 Volume should be 	8.351904e+13 m^3
 	 Volume corrected to 	1.500982e+10 m^3
 	 The rest is carried over to next year 
HydroGlacial WARNING: year = 2094, ep =0 
 	 Insufficient precipitation to grow glacier. 
 	 Volume glacier correction: 
 	 Volume should be 	8.351904e+13 m^3
 	 Volume corrected to 	1.500982e+10 m^3
 	 The rest is carried over to next year 
   FLOOD WARNING: the maximum predicted flood size has been exceeded. 
      Epoch 1, year 2094 
      Maximum predicted flood 55399.1 (m^3/s) 
      Modeled flood peak 147185 (m^3/s) 
HydroGlacial WARNING: year = 2095, ep =0 
 	 Insufficient precipitation to grow glacier. 
 	 Volume glacier correction: 
 	 Volume should be 	8.351904e+13 m^3
 	 Volume corrected to 	2.384051e+10 m^3
 	 The rest is carried over to next year 
HydroGlacial WARNING: year = 2095, ep =0 
 	 Insufficient precipitation to grow glacier. 
 	 Volume glacier correction: 
 	 Volume should be 	8.351904e+13 m^3
 	 Volume corrected to 	8.830689e+09 m^3
 	 The rest is carried over to next year 
HydroGlacial WARNING: year = 2095, ep =0 
 	 Insufficient precipitation to grow glacier. 
 	 Volume glacier correction: 
 	 Volume should be 	8.351904e+13 m^3
 	 Volume corrected to 	8.830689e+09 m^3
 	 The rest is carried over to next year 
HydroGlacial WARNING: year = 2095, ep =0 
 	 Insufficient precipitation to grow glacier. 
 	 Volume glacier correction: 
 	 Volume should be 	8.351904e+13 m^3
 	 Volume corrected to 	8.830689e+09 m^3
 	 The rest is carried over to next year 
HydroGlacial WARNING: year = 2095, ep =0 
 	 Insufficient precipitation to grow glacier. 
 	 Volume glacier correction: 
 	 Volume should be 	8.351904e+13 m^3
 	 Volume corrected to 	8.830689e+09 m^3
 	 The rest is carried over to next year 
HydroGlacial WARNING: year = 2095, ep =0 
 	 Insufficient precipitation to grow glacier. 
 	 Volume glacier correction: 
 	 Volume should be 	8.351904e+13 m^3
 	 Volume corrected to 	8.830689e+09 m^3
 	 The rest is carried over to next year 
HydroGlacial WARNING: year = 2095, ep =0 
 	 Insufficient precipitation to grow glacier. 
 	 Volume glacier correction: 
 	 Volume should be 	8.351904e+13 m^3
 	 Volume corrected to 	8.830689e+09 m^3
 	 The rest is carried over to next year 
HydroGlacial WARNING: year = 2095, ep =0 
 	 Insufficient precipitation to grow glacier. 
 	 Volume glacier correction: 
 	 Volume should be 	8.351904e+13 m^3
 	 Volume corrected to 	8.830689e+09 m^3
 	 The rest is carried over to next year 
HydroGlacial WARNING: year = 2095, ep =0 
 	 Insufficient precipitation to grow glacier. 
 	 Volume glacier correction: 
 	 Volume should be 	8.351904e+13 m^3
 	 Volume corrected to 	8.830689e+09 m^3
 	 The rest is carried over to next year 
HydroGlacial WARNING: year = 2095, ep =0 
 	 Insufficient precipitation to grow glacier. 
 	 Volume glacier correction: 
 	 Volume should be 	8.351904e+13 m^3
 	 Volume corrected to 	8.830689e+09 m^3
 	 The rest is carried over to next year 
   FLOOD WARNING: the maximum predicted flood size has been exceeded. 
      Epoch 1, year 2095 
      Maximum predicted flood 55399.1 (m^3/s) 
      Modeled flood peak 114042 (m^3/s) 
