 Calculate mean discharge, epoch: 1
 Calculate daily discharge, epoch: 1
 Calculate mean suspended sediment load, epoch: 1
 Calculate daily suspended sediment load, epoch: 1
   FLOOD WARNING: the maximum predicted flood size has been exceeded. 
      Epoch 1, year 2066 
      Maximum predicted flood 55399.1 (m^3/s) 
      Modeled flood peak 68665.9 (m^3/s) 
HydroGlacial WARNING: year = 2067, ep =0 
 	 Insufficient precipitation to grow glacier. 
 	 Volume glacier correction: 
 	 Volume should be 	8.351904e+13 m^3
 	 Volume corrected to 	2.109613e+10 m^3
 	 The rest is carried over to next year 
HydroGlacial WARNING: year = 2067, ep =0 
 	 Insufficient precipitation to grow glacier. 
 	 Volume glacier correction: 
 	 Volume should be 	8.351904e+13 m^3
 	 Volume corrected to 	2.109613e+10 m^3
 	 The rest is carried over to next year 
HydroGlacial WARNING: year = 2067, ep =0 
 	 Insufficient precipitation to grow glacier. 
 	 Volume glacier correction: 
 	 Volume should be 	8.351904e+13 m^3
 	 Volume corrected to 	2.109613e+10 m^3
 	 The rest is carried over to next year 
HydroGlacial WARNING: year = 2067, ep =0 
 	 Insufficient precipitation to grow glacier. 
 	 Volume glacier correction: 
 	 Volume should be 	8.351904e+13 m^3
 	 Volume corrected to 	2.109613e+10 m^3
 	 The rest is carried over to next year 
HydroGlacial WARNING: year = 2067, ep =0 
 	 Insufficient precipitation to grow glacier. 
 	 Volume glacier correction: 
 	 Volume should be 	8.351904e+13 m^3
 	 Volume corrected to 	2.109613e+10 m^3
 	 The rest is carried over to next year 
HydroGlacial WARNING: year = 2067, ep =0 
 	 Insufficient precipitation to grow glacier. 
 	 Volume glacier correction: 
 	 Volume should be 	8.351904e+13 m^3
 	 Volume corrected to 	2.109613e+10 m^3
 	 The rest is carried over to next year 
HydroGlacial WARNING: year = 2067, ep =0 
 	 Insufficient precipitation to grow glacier. 
 	 Volume glacier correction: 
 	 Volume should be 	8.351904e+13 m^3
 	 Volume corrected to 	2.109613e+10 m^3
 	 The rest is carried over to next year 
HydroGlacial WARNING: year = 2067, ep =0 
 	 Insufficient precipitation to grow glacier. 
 	 Volume glacier correction: 
 	 Volume should be 	8.351904e+13 m^3
 	 Volume corrected to 	2.109613e+10 m^3
 	 The rest is carried over to next year 
HydroGlacial WARNING: year = 2067, ep =0 
 	 Insufficient precipitation to grow glacier. 
 	 Volume glacier correction: 
 	 Volume should be 	8.351904e+13 m^3
 	 Volume corrected to 	2.109613e+10 m^3
 	 The rest is carried over to next year 
   FLOOD WARNING: the maximum predicted flood size has been exceeded. 
      Epoch 1, year 2067 
      Maximum predicted flood 55399.1 (m^3/s) 
      Modeled flood peak 74205.5 (m^3/s) 
HydroGlacial WARNING: year = 2068, ep =0 
 	 Insufficient precipitation to grow glacier. 
 	 Volume glacier correction: 
 	 Volume should be 	8.351904e+13 m^3
 	 Volume corrected to 	3.954317e+10 m^3
 	 The rest is carried over to next year 

 	 HydroSnow Warning: There is Snow remaining on August 31 
 	 Snowremains 	 = 2.369276e+08 (m^3) 
 	 in year: 2068 
HydroGlacial WARNING: year = 2068, ep =0 
 	 Insufficient precipitation to grow glacier. 
 	 Volume glacier correction: 
 	 Volume should be 	8.351904e+13 m^3
 	 Volume corrected to 	1.844705e+10 m^3
 	 The rest is carried over to next year 

 	 HydroSnow Warning: There is Snow remaining on August 31 
 	 Snowremains 	 = 2.369276e+08 (m^3) 
 	 in year: 2068 
HydroGlacial WARNING: year = 2068, ep =0 
 	 Insufficient precipitation to grow glacier. 
 	 Volume glacier correction: 
 	 Volume should be 	8.351904e+13 m^3
 	 Volume corrected to 	1.844705e+10 m^3
 	 The rest is carried over to next year 

 	 HydroSnow Warning: There is Snow remaining on August 31 
 	 Snowremains 	 = 2.369276e+08 (m^3) 
 	 in year: 2068 
HydroGlacial WARNING: year = 2068, ep =0 
 	 Insufficient precipitation to grow glacier. 
 	 Volume glacier correction: 
 	 Volume should be 	8.351904e+13 m^3
 	 Volume corrected to 	1.844705e+10 m^3
 	 The rest is carried over to next year 

 	 HydroSnow Warning: There is Snow remaining on August 31 
 	 Snowremains 	 = 2.369276e+08 (m^3) 
 	 in year: 2068 
HydroGlacial WARNING: year = 2068, ep =0 
 	 Insufficient precipitation to grow glacier. 
 	 Volume glacier correction: 
 	 Volume should be 	8.351904e+13 m^3
 	 Volume corrected to 	1.844705e+10 m^3
 	 The rest is carried over to next year 

 	 HydroSnow Warning: There is Snow remaining on August 31 
 	 Snowremains 	 = 2.369276e+08 (m^3) 
 	 in year: 2068 
HydroGlacial WARNING: year = 2068, ep =0 
 	 Insufficient precipitation to grow glacier. 
 	 Volume glacier correction: 
 	 Volume should be 	8.351904e+13 m^3
 	 Volume corrected to 	1.844705e+10 m^3
 	 The rest is carried over to next year 

 	 HydroSnow Warning: There is Snow remaining on August 31 
 	 Snowremains 	 = 2.369276e+08 (m^3) 
 	 in year: 2068 
HydroGlacial WARNING: year = 2068, ep =0 
 	 Insufficient precipitation to grow glacier. 
 	 Volume glacier correction: 
 	 Volume should be 	8.351904e+13 m^3
 	 Volume corrected to 	1.844705e+10 m^3
 	 The rest is carried over to next year 

 	 HydroSnow Warning: There is Snow remaining on August 31 
 	 Snowremains 	 = 2.369276e+08 (m^3) 
 	 in year: 2068 
HydroGlacial WARNING: year = 2068, ep =0 
 	 Insufficient precipitation to grow glacier. 
 	 Volume glacier correction: 
 	 Volume should be 	8.351904e+13 m^3
 	 Volume corrected to 	1.844705e+10 m^3
 	 The rest is carried over to next year 

 	 HydroSnow Warning: There is Snow remaining on August 31 
 	 Snowremains 	 = 2.369276e+08 (m^3) 
 	 in year: 2068 
HydroGlacial WARNING: year = 2068, ep =0 
 	 Insufficient precipitation to grow glacier. 
 	 Volume glacier correction: 
 	 Volume should be 	8.351904e+13 m^3
 	 Volume corrected to 	1.844705e+10 m^3
 	 The rest is carried over to next year 

 	 HydroSnow Warning: There is Snow remaining on August 31 
 	 Snowremains 	 = 2.369276e+08 (m^3) 
 	 in year: 2068 
HydroGlacial WARNING: year = 2068, ep =0 
 	 Insufficient precipitation to grow glacier. 
 	 Volume glacier correction: 
 	 Volume should be 	8.351904e+13 m^3
 	 Volume corrected to 	1.844705e+10 m^3
 	 The rest is carried over to next year 

 	 HydroSnow Warning: There is Snow remaining on August 31 
 	 Snowremains 	 = 2.369276e+08 (m^3) 
 	 in year: 2068 
   FLOOD WARNING: the maximum predicted flood size has been exceeded. 
      Epoch 1, year 2068 
      Maximum predicted flood 55399.1 (m^3/s) 
      Modeled flood peak 62568 (m^3/s) 
HydroGlacial WARNING: year = 2069, ep =0 
 	 Insufficient precipitation to grow glacier. 
 	 Volume glacier correction: 
 	 Volume should be 	8.351904e+13 m^3
 	 Volume corrected to 	3.586239e+10 m^3
 	 The rest is carried over to next year 
HydroGlacial WARNING: year = 2069, ep =0 
 	 Insufficient precipitation to grow glacier. 
 	 Volume glacier correction: 
 	 Volume should be 	8.351904e+13 m^3
 	 Volume corrected to 	1.741535e+10 m^3
 	 The rest is carried over to next year 
HydroGlacial WARNING: year = 2069, ep =0 
 	 Insufficient precipitation to grow glacier. 
 	 Volume glacier correction: 
 	 Volume should be 	8.351904e+13 m^3
 	 Volume corrected to 	1.741535e+10 m^3
 	 The rest is carried over to next year 
HydroGlacial WARNING: year = 2069, ep =0 
 	 Insufficient precipitation to grow glacier. 
 	 Volume glacier correction: 
 	 Volume should be 	8.351904e+13 m^3
 	 Volume corrected to 	1.741535e+10 m^3
 	 The rest is carried over to next year 
HydroGlacial WARNING: year = 2069, ep =0 
 	 Insufficient precipitation to grow glacier. 
 	 Volume glacier correction: 
 	 Volume should be 	8.351904e+13 m^3
 	 Volume corrected to 	1.741535e+10 m^3
 	 The rest is carried over to next year 
HydroGlacial WARNING: year = 2069, ep =0 
 	 Insufficient precipitation to grow glacier. 
 	 Volume glacier correction: 
 	 Volume should be 	8.351904e+13 m^3
 	 Volume corrected to 	1.741535e+10 m^3
 	 The rest is carried over to next year 
HydroGlacial WARNING: year = 2069, ep =0 
 	 Insufficient precipitation to grow glacier. 
 	 Volume glacier correction: 
 	 Volume should be 	8.351904e+13 m^3
 	 Volume corrected to 	1.741535e+10 m^3
 	 The rest is carried over to next year 
HydroGlacial WARNING: year = 2069, ep =0 
 	 Insufficient precipitation to grow glacier. 
 	 Volume glacier correction: 
 	 Volume should be 	8.351904e+13 m^3
 	 Volume corrected to 	1.741535e+10 m^3
 	 The rest is carried over to next year 
HydroGlacial WARNING: year = 2069, ep =0 
 	 Insufficient precipitation to grow glacier. 
 	 Volume glacier correction: 
 	 Volume should be 	8.351904e+13 m^3
 	 Volume corrected to 	1.741535e+10 m^3
 	 The rest is carried over to next year 
HydroGlacial WARNING: year = 2069, ep =0 
 	 Insufficient precipitation to grow glacier. 
 	 Volume glacier correction: 
 	 Volume should be 	8.351904e+13 m^3
 	 Volume corrected to 	1.741535e+10 m^3
 	 The rest is carried over to next year 
   FLOOD WARNING: the maximum predicted flood size has been exceeded. 
      Epoch 1, year 2069 
      Maximum predicted flood 55399.1 (m^3/s) 
      Modeled flood peak 66364.2 (m^3/s) 
HydroGlacial WARNING: year = 2070, ep =0 
 	 Insufficient precipitation to grow glacier. 
 	 Volume glacier correction: 
 	 Volume should be 	8.351904e+13 m^3
 	 Volume corrected to 	3.216580e+10 m^3
 	 The rest is carried over to next year 
HydroGlacial WARNING: year = 2070, ep =0 
 	 Insufficient precipitation to grow glacier. 
 	 Volume glacier correction: 
 	 Volume should be 	8.351904e+13 m^3
 	 Volume corrected to 	1.475045e+10 m^3
 	 The rest is carried over to next year 
HydroGlacial WARNING: year = 2070, ep =0 
 	 Insufficient precipitation to grow glacier. 
 	 Volume glacier correction: 
 	 Volume should be 	8.351904e+13 m^3
 	 Volume corrected to 	1.475045e+10 m^3
 	 The rest is carried over to next year 
HydroGlacial WARNING: year = 2070, ep =0 
 	 Insufficient precipitation to grow glacier. 
 	 Volume glacier correction: 
 	 Volume should be 	8.351904e+13 m^3
 	 Volume corrected to 	1.475045e+10 m^3
 	 The rest is carried over to next year 
HydroGlacial WARNING: year = 2070, ep =0 
 	 Insufficient precipitation to grow glacier. 
 	 Volume glacier correction: 
 	 Volume should be 	8.351904e+13 m^3
 	 Volume corrected to 	1.475045e+10 m^3
 	 The rest is carried over to next year 
HydroGlacial WARNING: year = 2070, ep =0 
 	 Insufficient precipitation to grow glacier. 
 	 Volume glacier correction: 
 	 Volume should be 	8.351904e+13 m^3
 	 Volume corrected to 	1.475045e+10 m^3
 	 The rest is carried over to next year 
HydroGlacial WARNING: year = 2070, ep =0 
 	 Insufficient precipitation to grow glacier. 
 	 Volume glacier correction: 
 	 Volume should be 	8.351904e+13 m^3
 	 Volume corrected to 	1.475045e+10 m^3
 	 The rest is carried over to next year 
HydroGlacial WARNING: year = 2070, ep =0 
 	 Insufficient precipitation to grow glacier. 
 	 Volume glacier correction: 
 	 Volume should be 	8.351904e+13 m^3
 	 Volume corrected to 	1.475045e+10 m^3
 	 The rest is carried over to next year 
HydroGlacial WARNING: year = 2070, ep =0 
 	 Insufficient precipitation to grow glacier. 
 	 Volume glacier correction: 
 	 Volume should be 	8.351904e+13 m^3
 	 Volume corrected to 	1.475045e+10 m^3
 	 The rest is carried over to next year 
HydroGlacial WARNING: year = 2070, ep =0 
 	 Insufficient precipitation to grow glacier. 
 	 Volume glacier correction: 
 	 Volume should be 	8.351904e+13 m^3
 	 Volume corrected to 	1.475045e+10 m^3
 	 The rest is carried over to next year 
   FLOOD WARNING: the maximum predicted flood size has been exceeded. 
      Epoch 1, year 2070 
      Maximum predicted flood 55399.1 (m^3/s) 
      Modeled flood peak 65633.5 (m^3/s) 
HydroGlacial WARNING: year = 2071, ep =0 
 	 Insufficient precipitation to grow glacier. 
 	 Volume glacier correction: 
 	 Volume should be 	8.351904e+13 m^3
 	 Volume corrected to 	3.589571e+10 m^3
 	 The rest is carried over to next year 
HydroGlacial WARNING: year = 2071, ep =0 
 	 Insufficient precipitation to grow glacier. 
 	 Volume glacier correction: 
 	 Volume should be 	8.351904e+13 m^3
 	 Volume corrected to 	2.114526e+10 m^3
 	 The rest is carried over to next year 
HydroGlacial WARNING: year = 2071, ep =0 
 	 Insufficient precipitation to grow glacier. 
 	 Volume glacier correction: 
 	 Volume should be 	8.351904e+13 m^3
 	 Volume corrected to 	2.114526e+10 m^3
 	 The rest is carried over to next year 
HydroGlacial WARNING: year = 2071, ep =0 
 	 Insufficient precipitation to grow glacier. 
 	 Volume glacier correction: 
 	 Volume should be 	8.351904e+13 m^3
 	 Volume corrected to 	2.114526e+10 m^3
 	 The rest is carried over to next year 
HydroGlacial WARNING: year = 2071, ep =0 
 	 Insufficient precipitation to grow glacier. 
 	 Volume glacier correction: 
 	 Volume should be 	8.351904e+13 m^3
 	 Volume corrected to 	2.114526e+10 m^3
 	 The rest is carried over to next year 
HydroGlacial WARNING: year = 2071, ep =0 
 	 Insufficient precipitation to grow glacier. 
 	 Volume glacier correction: 
 	 Volume should be 	8.351904e+13 m^3
 	 Volume corrected to 	2.114526e+10 m^3
 	 The rest is carried over to next year 
HydroGlacial WARNING: year = 2071, ep =0 
 	 Insufficient precipitation to grow glacier. 
 	 Volume glacier correction: 
 	 Volume should be 	8.351904e+13 m^3
 	 Volume corrected to 	2.114526e+10 m^3
 	 The rest is carried over to next year 
HydroGlacial WARNING: year = 2071, ep =0 
 	 Insufficient precipitation to grow glacier. 
 	 Volume glacier correction: 
 	 Volume should be 	8.351904e+13 m^3
 	 Volume corrected to 	2.114526e+10 m^3
 	 The rest is carried over to next year 
HydroGlacial WARNING: year = 2071, ep =0 
 	 Insufficient precipitation to grow glacier. 
 	 Volume glacier correction: 
 	 Volume should be 	8.351904e+13 m^3
 	 Volume corrected to 	2.114526e+10 m^3
 	 The rest is carried over to next year 
HydroGlacial WARNING: year = 2071, ep =0 
 	 Insufficient precipitation to grow glacier. 
 	 Volume glacier correction: 
 	 Volume should be 	8.351904e+13 m^3
 	 Volume corrected to 	2.114526e+10 m^3
 	 The rest is carried over to next year 
   FLOOD WARNING: the maximum predicted flood size has been exceeded. 
      Epoch 1, year 2071 
      Maximum predicted flood 55399.1 (m^3/s) 
      Modeled flood peak 75365.3 (m^3/s) 
HydroGlacial WARNING: year = 2072, ep =0 
 	 Insufficient precipitation to grow glacier. 
 	 Volume glacier correction: 
 	 Volume should be 	8.351904e+13 m^3
 	 Volume corrected to 	4.081610e+10 m^3
 	 The rest is carried over to next year 

 	 HydroSnow Warning: There is Snow remaining on August 31 
 	 Snowremains 	 = 1.552434e+08 (m^3) 
 	 in year: 2072 
HydroGlacial WARNING: year = 2072, ep =0 
 	 Insufficient precipitation to grow glacier. 
 	 Volume glacier correction: 
 	 Volume should be 	8.351904e+13 m^3
 	 Volume corrected to 	1.967084e+10 m^3
 	 The rest is carried over to next year 

 	 HydroSnow Warning: There is Snow remaining on August 31 
 	 Snowremains 	 = 1.552434e+08 (m^3) 
 	 in year: 2072 
HydroGlacial WARNING: year = 2072, ep =0 
 	 Insufficient precipitation to grow glacier. 
 	 Volume glacier correction: 
 	 Volume should be 	8.351904e+13 m^3
 	 Volume corrected to 	1.967084e+10 m^3
 	 The rest is carried over to next year 

 	 HydroSnow Warning: There is Snow remaining on August 31 
 	 Snowremains 	 = 1.552434e+08 (m^3) 
 	 in year: 2072 
HydroGlacial WARNING: year = 2072, ep =0 
 	 Insufficient precipitation to grow glacier. 
 	 Volume glacier correction: 
 	 Volume should be 	8.351904e+13 m^3
 	 Volume corrected to 	1.967084e+10 m^3
 	 The rest is carried over to next year 

 	 HydroSnow Warning: There is Snow remaining on August 31 
 	 Snowremains 	 = 1.552434e+08 (m^3) 
 	 in year: 2072 
HydroGlacial WARNING: year = 2072, ep =0 
 	 Insufficient precipitation to grow glacier. 
 	 Volume glacier correction: 
 	 Volume should be 	8.351904e+13 m^3
 	 Volume corrected to 	1.967084e+10 m^3
 	 The rest is carried over to next year 

 	 HydroSnow Warning: There is Snow remaining on August 31 
 	 Snowremains 	 = 1.552434e+08 (m^3) 
 	 in year: 2072 
HydroGlacial WARNING: year = 2072, ep =0 
 	 Insufficient precipitation to grow glacier. 
 	 Volume glacier correction: 
 	 Volume should be 	8.351904e+13 m^3
 	 Volume corrected to 	1.967084e+10 m^3
 	 The rest is carried over to next year 

 	 HydroSnow Warning: There is Snow remaining on August 31 
 	 Snowremains 	 = 1.552434e+08 (m^3) 
 	 in year: 2072 
HydroGlacial WARNING: year = 2072, ep =0 
 	 Insufficient precipitation to grow glacier. 
 	 Volume glacier correction: 
 	 Volume should be 	8.351904e+13 m^3
 	 Volume corrected to 	1.967084e+10 m^3
 	 The rest is carried over to next year 

 	 HydroSnow Warning: There is Snow remaining on August 31 
 	 Snowremains 	 = 1.552434e+08 (m^3) 
 	 in year: 2072 
HydroGlacial WARNING: year = 2072, ep =0 
 	 Insufficient precipitation to grow glacier. 
 	 Volume glacier correction: 
 	 Volume should be 	8.351904e+13 m^3
 	 Volume corrected to 	1.967084e+10 m^3
 	 The rest is carried over to next year 

 	 HydroSnow Warning: There is Snow remaining on August 31 
 	 Snowremains 	 = 1.552434e+08 (m^3) 
 	 in year: 2072 
HydroGlacial WARNING: year = 2072, ep =0 
 	 Insufficient precipitation to grow glacier. 
 	 Volume glacier correction: 
 	 Volume should be 	8.351904e+13 m^3
 	 Volume corrected to 	1.967084e+10 m^3
 	 The rest is carried over to next year 

 	 HydroSnow Warning: There is Snow remaining on August 31 
 	 Snowremains 	 = 1.552434e+08 (m^3) 
 	 in year: 2072 
HydroGlacial WARNING: year = 2072, ep =0 
 	 Insufficient precipitation to grow glacier. 
 	 Volume glacier correction: 
 	 Volume should be 	8.351904e+13 m^3
 	 Volume corrected to 	1.967084e+10 m^3
 	 The rest is carried over to next year 

 	 HydroSnow Warning: There is Snow remaining on August 31 
 	 Snowremains 	 = 1.552434e+08 (m^3) 
 	 in year: 2072 
   FLOOD WARNING: the maximum predicted flood size has been exceeded. 
      Epoch 1, year 2072 
      Maximum predicted flood 55399.1 (m^3/s) 
      Modeled flood peak 90951.3 (m^3/s) 
HydroGlacial WARNING: year = 2073, ep =0 
 	 Insufficient precipitation to grow glacier. 
 	 Volume glacier correction: 
 	 Volume should be 	8.351904e+13 m^3
 	 Volume corrected to 	4.395073e+10 m^3
 	 The rest is carried over to next year 

 	 HydroSnow Warning: There is Snow remaining on August 31 
 	 Snowremains 	 = 2.055542e+09 (m^3) 
 	 in year: 2073 
HydroGlacial WARNING: year = 2073, ep =0 
 	 Insufficient precipitation to grow glacier. 
 	 Volume glacier correction: 
 	 Volume should be 	8.351904e+13 m^3
 	 Volume corrected to 	2.427989e+10 m^3
 	 The rest is carried over to next year 

 	 HydroSnow Warning: There is Snow remaining on August 31 
 	 Snowremains 	 = 2.055542e+09 (m^3) 
 	 in year: 2073 
HydroGlacial WARNING: year = 2073, ep =0 
 	 Insufficient precipitation to grow glacier. 
 	 Volume glacier correction: 
 	 Volume should be 	8.351904e+13 m^3
 	 Volume corrected to 	2.427989e+10 m^3
 	 The rest is carried over to next year 

 	 HydroSnow Warning: There is Snow remaining on August 31 
 	 Snowremains 	 = 2.055542e+09 (m^3) 
 	 in year: 2073 
HydroGlacial WARNING: year = 2073, ep =0 
 	 Insufficient precipitation to grow glacier. 
 	 Volume glacier correction: 
 	 Volume should be 	8.351904e+13 m^3
 	 Volume corrected to 	2.427989e+10 m^3
 	 The rest is carried over to next year 

 	 HydroSnow Warning: There is Snow remaining on August 31 
 	 Snowremains 	 = 2.055542e+09 (m^3) 
 	 in year: 2073 
HydroGlacial WARNING: year = 2073, ep =0 
 	 Insufficient precipitation to grow glacier. 
 	 Volume glacier correction: 
 	 Volume should be 	8.351904e+13 m^3
 	 Volume corrected to 	2.427989e+10 m^3
 	 The rest is carried over to next year 

 	 HydroSnow Warning: There is Snow remaining on August 31 
 	 Snowremains 	 = 2.055542e+09 (m^3) 
 	 in year: 2073 
HydroGlacial WARNING: year = 2073, ep =0 
 	 Insufficient precipitation to grow glacier. 
 	 Volume glacier correction: 
 	 Volume should be 	8.351904e+13 m^3
 	 Volume corrected to 	2.427989e+10 m^3
 	 The rest is carried over to next year 

 	 HydroSnow Warning: There is Snow remaining on August 31 
 	 Snowremains 	 = 2.055542e+09 (m^3) 
 	 in year: 2073 
HydroGlacial WARNING: year = 2073, ep =0 
 	 Insufficient precipitation to grow glacier. 
 	 Volume glacier correction: 
 	 Volume should be 	8.351904e+13 m^3
 	 Volume corrected to 	2.427989e+10 m^3
 	 The rest is carried over to next year 

 	 HydroSnow Warning: There is Snow remaining on August 31 
 	 Snowremains 	 = 2.055542e+09 (m^3) 
 	 in year: 2073 
HydroGlacial WARNING: year = 2073, ep =0 
 	 Insufficient precipitation to grow glacier. 
 	 Volume glacier correction: 
 	 Volume should be 	8.351904e+13 m^3
 	 Volume corrected to 	2.427989e+10 m^3
 	 The rest is carried over to next year 

 	 HydroSnow Warning: There is Snow remaining on August 31 
 	 Snowremains 	 = 2.055542e+09 (m^3) 
 	 in year: 2073 
HydroGlacial WARNING: year = 2073, ep =0 
 	 Insufficient precipitation to grow glacier. 
 	 Volume glacier correction: 
 	 Volume should be 	8.351904e+13 m^3
 	 Volume corrected to 	2.427989e+10 m^3
 	 The rest is carried over to next year 

 	 HydroSnow Warning: There is Snow remaining on August 31 
 	 Snowremains 	 = 2.055542e+09 (m^3) 
 	 in year: 2073 
HydroGlacial WARNING: year = 2073, ep =0 
 	 Insufficient precipitation to grow glacier. 
 	 Volume glacier correction: 
 	 Volume should be 	8.351904e+13 m^3
 	 Volume corrected to 	2.427989e+10 m^3
 	 The rest is carried over to next year 

 	 HydroSnow Warning: There is Snow remaining on August 31 
 	 Snowremains 	 = 2.055542e+09 (m^3) 
 	 in year: 2073 
   FLOOD WARNING: the maximum predicted flood size has been exceeded. 
      Epoch 1, year 2073 
      Maximum predicted flood 55399.1 (m^3/s) 
      Modeled flood peak 89119.2 (m^3/s) 
HydroGlacial WARNING: year = 2074, ep =0 
 	 Insufficient precipitation to grow glacier. 
 	 Volume glacier correction: 
 	 Volume should be 	8.351904e+13 m^3
 	 Volume corrected to 	4.392984e+10 m^3
 	 The rest is carried over to next year 

 	 HydroSnow Warning: There is Snow remaining on August 31 
 	 Snowremains 	 = 2.590589e+07 (m^3) 
 	 in year: 2074 
HydroGlacial WARNING: year = 2074, ep =0 
 	 Insufficient precipitation to grow glacier. 
 	 Volume glacier correction: 
 	 Volume should be 	8.351904e+13 m^3
 	 Volume corrected to 	1.964995e+10 m^3
 	 The rest is carried over to next year 

 	 HydroSnow Warning: There is Snow remaining on August 31 
 	 Snowremains 	 = 2.590589e+07 (m^3) 
 	 in year: 2074 
HydroGlacial WARNING: year = 2074, ep =0 
 	 Insufficient precipitation to grow glacier. 
 	 Volume glacier correction: 
 	 Volume should be 	8.351904e+13 m^3
 	 Volume corrected to 	1.964995e+10 m^3
 	 The rest is carried over to next year 

 	 HydroSnow Warning: There is Snow remaining on August 31 
 	 Snowremains 	 = 2.590589e+07 (m^3) 
 	 in year: 2074 
HydroGlacial WARNING: year = 2074, ep =0 
 	 Insufficient precipitation to grow glacier. 
 	 Volume glacier correction: 
 	 Volume should be 	8.351904e+13 m^3
 	 Volume corrected to 	1.964995e+10 m^3
 	 The rest is carried over to next year 

 	 HydroSnow Warning: There is Snow remaining on August 31 
 	 Snowremains 	 = 2.590589e+07 (m^3) 
 	 in year: 2074 
HydroGlacial WARNING: year = 2074, ep =0 
 	 Insufficient precipitation to grow glacier. 
 	 Volume glacier correction: 
 	 Volume should be 	8.351904e+13 m^3
 	 Volume corrected to 	1.964995e+10 m^3
 	 The rest is carried over to next year 

 	 HydroSnow Warning: There is Snow remaining on August 31 
 	 Snowremains 	 = 2.590589e+07 (m^3) 
 	 in year: 2074 
HydroGlacial WARNING: year = 2074, ep =0 
 	 Insufficient precipitation to grow glacier. 
 	 Volume glacier correction: 
 	 Volume should be 	8.351904e+13 m^3
 	 Volume corrected to 	1.964995e+10 m^3
 	 The rest is carried over to next year 

 	 HydroSnow Warning: There is Snow remaining on August 31 
 	 Snowremains 	 = 2.590589e+07 (m^3) 
 	 in year: 2074 
HydroGlacial WARNING: year = 2074, ep =0 
 	 Insufficient precipitation to grow glacier. 
 	 Volume glacier correction: 
 	 Volume should be 	8.351904e+13 m^3
 	 Volume corrected to 	1.964995e+10 m^3
 	 The rest is carried over to next year 

 	 HydroSnow Warning: There is Snow remaining on August 31 
 	 Snowremains 	 = 2.590589e+07 (m^3) 
 	 in year: 2074 
HydroGlacial WARNING: year = 2074, ep =0 
 	 Insufficient precipitation to grow glacier. 
 	 Volume glacier correction: 
 	 Volume should be 	8.351904e+13 m^3
 	 Volume corrected to 	1.964995e+10 m^3
 	 The rest is carried over to next year 

 	 HydroSnow Warning: There is Snow remaining on August 31 
 	 Snowremains 	 = 2.590589e+07 (m^3) 
 	 in year: 2074 
HydroGlacial WARNING: year = 2074, ep =0 
 	 Insufficient precipitation to grow glacier. 
 	 Volume glacier correction: 
 	 Volume should be 	8.351904e+13 m^3
 	 Volume corrected to 	1.964995e+10 m^3
 	 The rest is carried over to next year 

 	 HydroSnow Warning: There is Snow remaining on August 31 
 	 Snowremains 	 = 2.590589e+07 (m^3) 
 	 in year: 2074 
HydroGlacial WARNING: year = 2074, ep =0 
 	 Insufficient precipitation to grow glacier. 
 	 Volume glacier correction: 
 	 Volume should be 	8.351904e+13 m^3
 	 Volume corrected to 	1.964995e+10 m^3
 	 The rest is carried over to next year 

 	 HydroSnow Warning: There is Snow remaining on August 31 
 	 Snowremains 	 = 2.590589e+07 (m^3) 
 	 in year: 2074 
   FLOOD WARNING: the maximum predicted flood size has been exceeded. 
      Epoch 1, year 2074 
      Maximum predicted flood 55399.1 (m^3/s) 
      Modeled flood peak 92197.7 (m^3/s) 
HydroGlacial WARNING: year = 2075, ep =0 
 	 Insufficient precipitation to grow glacier. 
 	 Volume glacier correction: 
 	 Volume should be 	8.351904e+13 m^3
 	 Volume corrected to 	3.531791e+10 m^3
 	 The rest is carried over to next year 
HydroGlacial WARNING: year = 2075, ep =0 
 	 Insufficient precipitation to grow glacier. 
 	 Volume glacier correction: 
 	 Volume should be 	8.351904e+13 m^3
 	 Volume corrected to 	1.566796e+10 m^3
 	 The rest is carried over to next year 
HydroGlacial WARNING: year = 2075, ep =0 
 	 Insufficient precipitation to grow glacier. 
 	 Volume glacier correction: 
 	 Volume should be 	8.351904e+13 m^3
 	 Volume corrected to 	1.566796e+10 m^3
 	 The rest is carried over to next year 
HydroGlacial WARNING: year = 2075, ep =0 
 	 Insufficient precipitation to grow glacier. 
 	 Volume glacier correction: 
 	 Volume should be 	8.351904e+13 m^3
 	 Volume corrected to 	1.566796e+10 m^3
 	 The rest is carried over to next year 
HydroGlacial WARNING: year = 2075, ep =0 
 	 Insufficient precipitation to grow glacier. 
 	 Volume glacier correction: 
 	 Volume should be 	8.351904e+13 m^3
 	 Volume corrected to 	1.566796e+10 m^3
 	 The rest is carried over to next year 
HydroGlacial WARNING: year = 2075, ep =0 
 	 Insufficient precipitation to grow glacier. 
 	 Volume glacier correction: 
 	 Volume should be 	8.351904e+13 m^3
 	 Volume corrected to 	1.566796e+10 m^3
 	 The rest is carried over to next year 
HydroGlacial WARNING: year = 2075, ep =0 
 	 Insufficient precipitation to grow glacier. 
 	 Volume glacier correction: 
 	 Volume should be 	8.351904e+13 m^3
 	 Volume corrected to 	1.566796e+10 m^3
 	 The rest is carried over to next year 
HydroGlacial WARNING: year = 2075, ep =0 
 	 Insufficient precipitation to grow glacier. 
 	 Volume glacier correction: 
 	 Volume should be 	8.351904e+13 m^3
 	 Volume corrected to 	1.566796e+10 m^3
 	 The rest is carried over to next year 
HydroGlacial WARNING: year = 2075, ep =0 
 	 Insufficient precipitation to grow glacier. 
 	 Volume glacier correction: 
 	 Volume should be 	8.351904e+13 m^3
 	 Volume corrected to 	1.566796e+10 m^3
 	 The rest is carried over to next year 
HydroGlacial WARNING: year = 2075, ep =0 
 	 Insufficient precipitation to grow glacier. 
 	 Volume glacier correction: 
 	 Volume should be 	8.351904e+13 m^3
 	 Volume corrected to 	1.566796e+10 m^3
 	 The rest is carried over to next year 
   FLOOD WARNING: the maximum predicted flood size has been exceeded. 
      Epoch 1, year 2075 
      Maximum predicted flood 55399.1 (m^3/s) 
      Modeled flood peak 68521.9 (m^3/s) 
HydroGlacial WARNING: year = 2076, ep =0 
 	 Insufficient precipitation to grow glacier. 
 	 Volume glacier correction: 
 	 Volume should be 	8.351904e+13 m^3
 	 Volume corrected to 	4.373718e+10 m^3
 	 The rest is carried over to next year 

 	 HydroSnow Warning: There is Snow remaining on August 31 
 	 Snowremains 	 = 9.854642e+07 (m^3) 
 	 in year: 2076 
HydroGlacial WARNING: year = 2076, ep =0 
 	 Insufficient precipitation to grow glacier. 
 	 Volume glacier correction: 
 	 Volume should be 	8.351904e+13 m^3
 	 Volume corrected to 	2.806922e+10 m^3
 	 The rest is carried over to next year 

 	 HydroSnow Warning: There is Snow remaining on August 31 
 	 Snowremains 	 = 9.854642e+07 (m^3) 
 	 in year: 2076 
HydroGlacial WARNING: year = 2076, ep =0 
 	 Insufficient precipitation to grow glacier. 
 	 Volume glacier correction: 
 	 Volume should be 	8.351904e+13 m^3
 	 Volume corrected to 	2.806922e+10 m^3
 	 The rest is carried over to next year 

 	 HydroSnow Warning: There is Snow remaining on August 31 
 	 Snowremains 	 = 9.854642e+07 (m^3) 
 	 in year: 2076 
HydroGlacial WARNING: year = 2076, ep =0 
 	 Insufficient precipitation to grow glacier. 
 	 Volume glacier correction: 
 	 Volume should be 	8.351904e+13 m^3
 	 Volume corrected to 	2.806922e+10 m^3
 	 The rest is carried over to next year 

 	 HydroSnow Warning: There is Snow remaining on August 31 
 	 Snowremains 	 = 9.854642e+07 (m^3) 
 	 in year: 2076 
HydroGlacial WARNING: year = 2076, ep =0 
 	 Insufficient precipitation to grow glacier. 
 	 Volume glacier correction: 
 	 Volume should be 	8.351904e+13 m^3
 	 Volume corrected to 	2.806922e+10 m^3
 	 The rest is carried over to next year 

 	 HydroSnow Warning: There is Snow remaining on August 31 
 	 Snowremains 	 = 9.854642e+07 (m^3) 
 	 in year: 2076 
HydroGlacial WARNING: year = 2076, ep =0 
 	 Insufficient precipitation to grow glacier. 
 	 Volume glacier correction: 
 	 Volume should be 	8.351904e+13 m^3
 	 Volume corrected to 	2.806922e+10 m^3
 	 The rest is carried over to next year 

 	 HydroSnow Warning: There is Snow remaining on August 31 
 	 Snowremains 	 = 9.854642e+07 (m^3) 
 	 in year: 2076 
HydroGlacial WARNING: year = 2076, ep =0 
 	 Insufficient precipitation to grow glacier. 
 	 Volume glacier correction: 
 	 Volume should be 	8.351904e+13 m^3
 	 Volume corrected to 	2.806922e+10 m^3
 	 The rest is carried over to next year 

 	 HydroSnow Warning: There is Snow remaining on August 31 
 	 Snowremains 	 = 9.854642e+07 (m^3) 
 	 in year: 2076 
HydroGlacial WARNING: year = 2076, ep =0 
 	 Insufficient precipitation to grow glacier. 
 	 Volume glacier correction: 
 	 Volume should be 	8.351904e+13 m^3
 	 Volume corrected to 	2.806922e+10 m^3
 	 The rest is carried over to next year 

 	 HydroSnow Warning: There is Snow remaining on August 31 
 	 Snowremains 	 = 9.854642e+07 (m^3) 
 	 in year: 2076 
HydroGlacial WARNING: year = 2076, ep =0 
 	 Insufficient precipitation to grow glacier. 
 	 Volume glacier correction: 
 	 Volume should be 	8.351904e+13 m^3
 	 Volume corrected to 	2.806922e+10 m^3
 	 The rest is carried over to next year 

 	 HydroSnow Warning: There is Snow remaining on August 31 
 	 Snowremains 	 = 9.854642e+07 (m^3) 
 	 in year: 2076 
HydroGlacial WARNING: year = 2076, ep =0 
 	 Insufficient precipitation to grow glacier. 
 	 Volume glacier correction: 
 	 Volume should be 	8.351904e+13 m^3
 	 Volume corrected to 	2.806922e+10 m^3
 	 The rest is carried over to next year 

 	 HydroSnow Warning: There is Snow remaining on August 31 
 	 Snowremains 	 = 9.854642e+07 (m^3) 
 	 in year: 2076 
   FLOOD WARNING: the maximum predicted flood size has been exceeded. 
      Epoch 1, year 2076 
      Maximum predicted flood 55399.1 (m^3/s) 
      Modeled flood peak 80131.4 (m^3/s) 
HydroGlacial WARNING: year = 2077, ep =0 
 	 Insufficient precipitation to grow glacier. 
 	 Volume glacier correction: 
 	 Volume should be 	8.351904e+13 m^3
 	 Volume corrected to 	4.302366e+10 m^3
 	 The rest is carried over to next year 
HydroGlacial WARNING: year = 2077, ep =0 
 	 Insufficient precipitation to grow glacier. 
 	 Volume glacier correction: 
 	 Volume should be 	8.351904e+13 m^3
 	 Volume corrected to 	1.495444e+10 m^3
 	 The rest is carried over to next year 
HydroGlacial WARNING: year = 2077, ep =0 
 	 Insufficient precipitation to grow glacier. 
 	 Volume glacier correction: 
 	 Volume should be 	8.351904e+13 m^3
 	 Volume corrected to 	1.495444e+10 m^3
 	 The rest is carried over to next year 
HydroGlacial WARNING: year = 2077, ep =0 
 	 Insufficient precipitation to grow glacier. 
 	 Volume glacier correction: 
 	 Volume should be 	8.351904e+13 m^3
 	 Volume corrected to 	1.495444e+10 m^3
 	 The rest is carried over to next year 
HydroGlacial WARNING: year = 2077, ep =0 
 	 Insufficient precipitation to grow glacier. 
 	 Volume glacier correction: 
 	 Volume should be 	8.351904e+13 m^3
 	 Volume corrected to 	1.495444e+10 m^3
 	 The rest is carried over to next year 
HydroGlacial WARNING: year = 2077, ep =0 
 	 Insufficient precipitation to grow glacier. 
 	 Volume glacier correction: 
 	 Volume should be 	8.351904e+13 m^3
 	 Volume corrected to 	1.495444e+10 m^3
 	 The rest is carried over to next year 
HydroGlacial WARNING: year = 2077, ep =0 
 	 Insufficient precipitation to grow glacier. 
 	 Volume glacier correction: 
 	 Volume should be 	8.351904e+13 m^3
 	 Volume corrected to 	1.495444e+10 m^3
 	 The rest is carried over to next year 
HydroGlacial WARNING: year = 2077, ep =0 
 	 Insufficient precipitation to grow glacier. 
 	 Volume glacier correction: 
 	 Volume should be 	8.351904e+13 m^3
 	 Volume corrected to 	1.495444e+10 m^3
 	 The rest is carried over to next year 
HydroGlacial WARNING: year = 2077, ep =0 
 	 Insufficient precipitation to grow glacier. 
 	 Volume glacier correction: 
 	 Volume should be 	8.351904e+13 m^3
 	 Volume corrected to 	1.495444e+10 m^3
 	 The rest is carried over to next year 
HydroGlacial WARNING: year = 2077, ep =0 
 	 Insufficient precipitation to grow glacier. 
 	 Volume glacier correction: 
 	 Volume should be 	8.351904e+13 m^3
 	 Volume corrected to 	1.495444e+10 m^3
 	 The rest is carried over to next year 
   FLOOD WARNING: the maximum predicted flood size has been exceeded. 
      Epoch 1, year 2077 
      Maximum predicted flood 55399.1 (m^3/s) 
      Modeled flood peak 101957 (m^3/s) 
HydroGlacial WARNING: year = 2078, ep =0 
 	 Insufficient precipitation to grow glacier. 
 	 Volume glacier correction: 
 	 Volume should be 	8.351904e+13 m^3
 	 Volume corrected to 	2.842956e+10 m^3
 	 The rest is carried over to next year 
HydroGlacial WARNING: year = 2078, ep =0 
 	 Insufficient precipitation to grow glacier. 
 	 Volume glacier correction: 
 	 Volume should be 	8.351904e+13 m^3
 	 Volume corrected to 	1.347511e+10 m^3
 	 The rest is carried over to next year 
HydroGlacial WARNING: year = 2078, ep =0 
 	 Insufficient precipitation to grow glacier. 
 	 Volume glacier correction: 
 	 Volume should be 	8.351904e+13 m^3
 	 Volume corrected to 	1.347511e+10 m^3
 	 The rest is carried over to next year 
HydroGlacial WARNING: year = 2078, ep =0 
 	 Insufficient precipitation to grow glacier. 
 	 Volume glacier correction: 
 	 Volume should be 	8.351904e+13 m^3
 	 Volume corrected to 	1.347511e+10 m^3
 	 The rest is carried over to next year 
HydroGlacial WARNING: year = 2078, ep =0 
 	 Insufficient precipitation to grow glacier. 
 	 Volume glacier correction: 
 	 Volume should be 	8.351904e+13 m^3
 	 Volume corrected to 	1.347511e+10 m^3
 	 The rest is carried over to next year 
HydroGlacial WARNING: year = 2078, ep =0 
 	 Insufficient precipitation to grow glacier. 
 	 Volume glacier correction: 
 	 Volume should be 	8.351904e+13 m^3
 	 Volume corrected to 	1.347511e+10 m^3
 	 The rest is carried over to next year 
HydroGlacial WARNING: year = 2078, ep =0 
 	 Insufficient precipitation to grow glacier. 
 	 Volume glacier correction: 
 	 Volume should be 	8.351904e+13 m^3
 	 Volume corrected to 	1.347511e+10 m^3
 	 The rest is carried over to next year 
HydroGlacial WARNING: year = 2078, ep =0 
 	 Insufficient precipitation to grow glacier. 
 	 Volume glacier correction: 
 	 Volume should be 	8.351904e+13 m^3
 	 Volume corrected to 	1.347511e+10 m^3
 	 The rest is carried over to next year 
HydroGlacial WARNING: year = 2078, ep =0 
 	 Insufficient precipitation to grow glacier. 
 	 Volume glacier correction: 
 	 Volume should be 	8.351904e+13 m^3
 	 Volume corrected to 	1.347511e+10 m^3
 	 The rest is carried over to next year 
HydroGlacial WARNING: year = 2078, ep =0 
 	 Insufficient precipitation to grow glacier. 
 	 Volume glacier correction: 
 	 Volume should be 	8.351904e+13 m^3
 	 Volume corrected to 	1.347511e+10 m^3
 	 The rest is carried over to next year 
   FLOOD WARNING: the maximum predicted flood size has been exceeded. 
      Epoch 1, year 2078 
      Maximum predicted flood 55399.1 (m^3/s) 
      Modeled flood peak 88149.9 (m^3/s) 
HydroGlacial WARNING: year = 2079, ep =0 
 	 Insufficient precipitation to grow glacier. 
 	 Volume glacier correction: 
 	 Volume should be 	8.351904e+13 m^3
 	 Volume corrected to 	3.886128e+10 m^3
 	 The rest is carried over to next year 

 	 HydroSnow Warning: There is Snow remaining on August 31 
 	 Snowremains 	 = 1.225068e+08 (m^3) 
 	 in year: 2079 
HydroGlacial WARNING: year = 2079, ep =0 
 	 Insufficient precipitation to grow glacier. 
 	 Volume glacier correction: 
 	 Volume should be 	8.351904e+13 m^3
 	 Volume corrected to 	2.538616e+10 m^3
 	 The rest is carried over to next year 

 	 HydroSnow Warning: There is Snow remaining on August 31 
 	 Snowremains 	 = 1.225068e+08 (m^3) 
 	 in year: 2079 
HydroGlacial WARNING: year = 2079, ep =0 
 	 Insufficient precipitation to grow glacier. 
 	 Volume glacier correction: 
 	 Volume should be 	8.351904e+13 m^3
 	 Volume corrected to 	2.538616e+10 m^3
 	 The rest is carried over to next year 

 	 HydroSnow Warning: There is Snow remaining on August 31 
 	 Snowremains 	 = 1.225068e+08 (m^3) 
 	 in year: 2079 
HydroGlacial WARNING: year = 2079, ep =0 
 	 Insufficient precipitation to grow glacier. 
 	 Volume glacier correction: 
 	 Volume should be 	8.351904e+13 m^3
 	 Volume corrected to 	2.538616e+10 m^3
 	 The rest is carried over to next year 

 	 HydroSnow Warning: There is Snow remaining on August 31 
 	 Snowremains 	 = 1.225068e+08 (m^3) 
 	 in year: 2079 
HydroGlacial WARNING: year = 2079, ep =0 
 	 Insufficient precipitation to grow glacier. 
 	 Volume glacier correction: 
 	 Volume should be 	8.351904e+13 m^3
 	 Volume corrected to 	2.538616e+10 m^3
 	 The rest is carried over to next year 

 	 HydroSnow Warning: There is Snow remaining on August 31 
 	 Snowremains 	 = 1.225068e+08 (m^3) 
 	 in year: 2079 
HydroGlacial WARNING: year = 2079, ep =0 
 	 Insufficient precipitation to grow glacier. 
 	 Volume glacier correction: 
 	 Volume should be 	8.351904e+13 m^3
 	 Volume corrected to 	2.538616e+10 m^3
 	 The rest is carried over to next year 

 	 HydroSnow Warning: There is Snow remaining on August 31 
 	 Snowremains 	 = 1.225068e+08 (m^3) 
 	 in year: 2079 
HydroGlacial WARNING: year = 2079, ep =0 
 	 Insufficient precipitation to grow glacier. 
 	 Volume glacier correction: 
 	 Volume should be 	8.351904e+13 m^3
 	 Volume corrected to 	2.538616e+10 m^3
 	 The rest is carried over to next year 

 	 HydroSnow Warning: There is Snow remaining on August 31 
 	 Snowremains 	 = 1.225068e+08 (m^3) 
 	 in year: 2079 
HydroGlacial WARNING: year = 2079, ep =0 
 	 Insufficient precipitation to grow glacier. 
 	 Volume glacier correction: 
 	 Volume should be 	8.351904e+13 m^3
 	 Volume corrected to 	2.538616e+10 m^3
 	 The rest is carried over to next year 

 	 HydroSnow Warning: There is Snow remaining on August 31 
 	 Snowremains 	 = 1.225068e+08 (m^3) 
 	 in year: 2079 
HydroGlacial WARNING: year = 2079, ep =0 
 	 Insufficient precipitation to grow glacier. 
 	 Volume glacier correction: 
 	 Volume should be 	8.351904e+13 m^3
 	 Volume corrected to 	2.538616e+10 m^3
 	 The rest is carried over to next year 

 	 HydroSnow Warning: There is Snow remaining on August 31 
 	 Snowremains 	 = 1.225068e+08 (m^3) 
 	 in year: 2079 
HydroGlacial WARNING: year = 2079, ep =0 
 	 Insufficient precipitation to grow glacier. 
 	 Volume glacier correction: 
 	 Volume should be 	8.351904e+13 m^3
 	 Volume corrected to 	2.538616e+10 m^3
 	 The rest is carried over to next year 

 	 HydroSnow Warning: There is Snow remaining on August 31 
 	 Snowremains 	 = 1.225068e+08 (m^3) 
 	 in year: 2079 
   FLOOD WARNING: the maximum predicted flood size has been exceeded. 
      Epoch 1, year 2079 
      Maximum predicted flood 55399.1 (m^3/s) 
      Modeled flood peak 87802.9 (m^3/s) 
HydroGlacial WARNING: year = 2080, ep =0 
 	 Insufficient precipitation to grow glacier. 
 	 Volume glacier correction: 
 	 Volume should be 	8.351904e+13 m^3
 	 Volume corrected to 	4.991353e+10 m^3
 	 The rest is carried over to next year 

 	 HydroSnow Warning: There is Snow remaining on August 31 
 	 Snowremains 	 = 6.854324e+08 (m^3) 
 	 in year: 2080 
HydroGlacial WARNING: year = 2080, ep =0 
 	 Insufficient precipitation to grow glacier. 
 	 Volume glacier correction: 
 	 Volume should be 	8.351904e+13 m^3
 	 Volume corrected to 	2.452737e+10 m^3
 	 The rest is carried over to next year 

 	 HydroSnow Warning: There is Snow remaining on August 31 
 	 Snowremains 	 = 6.854324e+08 (m^3) 
 	 in year: 2080 
HydroGlacial WARNING: year = 2080, ep =0 
 	 Insufficient precipitation to grow glacier. 
 	 Volume glacier correction: 
 	 Volume should be 	8.351904e+13 m^3
 	 Volume corrected to 	2.452737e+10 m^3
 	 The rest is carried over to next year 

 	 HydroSnow Warning: There is Snow remaining on August 31 
 	 Snowremains 	 = 6.854324e+08 (m^3) 
 	 in year: 2080 
HydroGlacial WARNING: year = 2080, ep =0 
 	 Insufficient precipitation to grow glacier. 
 	 Volume glacier correction: 
 	 Volume should be 	8.351904e+13 m^3
 	 Volume corrected to 	2.452737e+10 m^3
 	 The rest is carried over to next year 

 	 HydroSnow Warning: There is Snow remaining on August 31 
 	 Snowremains 	 = 6.854324e+08 (m^3) 
 	 in year: 2080 
HydroGlacial WARNING: year = 2080, ep =0 
 	 Insufficient precipitation to grow glacier. 
 	 Volume glacier correction: 
 	 Volume should be 	8.351904e+13 m^3
 	 Volume corrected to 	2.452737e+10 m^3
 	 The rest is carried over to next year 

 	 HydroSnow Warning: There is Snow remaining on August 31 
 	 Snowremains 	 = 6.854324e+08 (m^3) 
 	 in year: 2080 
HydroGlacial WARNING: year = 2080, ep =0 
 	 Insufficient precipitation to grow glacier. 
 	 Volume glacier correction: 
 	 Volume should be 	8.351904e+13 m^3
 	 Volume corrected to 	2.452737e+10 m^3
 	 The rest is carried over to next year 

 	 HydroSnow Warning: There is Snow remaining on August 31 
 	 Snowremains 	 = 6.854324e+08 (m^3) 
 	 in year: 2080 
HydroGlacial WARNING: year = 2080, ep =0 
 	 Insufficient precipitation to grow glacier. 
 	 Volume glacier correction: 
 	 Volume should be 	8.351904e+13 m^3
 	 Volume corrected to 	2.452737e+10 m^3
 	 The rest is carried over to next year 

 	 HydroSnow Warning: There is Snow remaining on August 31 
 	 Snowremains 	 = 6.854324e+08 (m^3) 
 	 in year: 2080 
HydroGlacial WARNING: year = 2080, ep =0 
 	 Insufficient precipitation to grow glacier. 
 	 Volume glacier correction: 
 	 Volume should be 	8.351904e+13 m^3
 	 Volume corrected to 	2.452737e+10 m^3
 	 The rest is carried over to next year 

 	 HydroSnow Warning: There is Snow remaining on August 31 
 	 Snowremains 	 = 6.854324e+08 (m^3) 
 	 in year: 2080 
HydroGlacial WARNING: year = 2080, ep =0 
 	 Insufficient precipitation to grow glacier. 
 	 Volume glacier correction: 
 	 Volume should be 	8.351904e+13 m^3
 	 Volume corrected to 	2.452737e+10 m^3
 	 The rest is carried over to next year 

 	 HydroSnow Warning: There is Snow remaining on August 31 
 	 Snowremains 	 = 6.854324e+08 (m^3) 
 	 in year: 2080 
HydroGlacial WARNING: year = 2080, ep =0 
 	 Insufficient precipitation to grow glacier. 
 	 Volume glacier correction: 
 	 Volume should be 	8.351904e+13 m^3
 	 Volume corrected to 	2.452737e+10 m^3
 	 The rest is carried over to next year 

 	 HydroSnow Warning: There is Snow remaining on August 31 
 	 Snowremains 	 = 6.854324e+08 (m^3) 
 	 in year: 2080 
   FLOOD WARNING: the maximum predicted flood size has been exceeded. 
      Epoch 1, year 2080 
      Maximum predicted flood 55399.1 (m^3/s) 
      Modeled flood peak 78072.5 (m^3/s) 
HydroGlacial WARNING: year = 2081, ep =0 
 	 Insufficient precipitation to grow glacier. 
 	 Volume glacier correction: 
 	 Volume should be 	8.351904e+13 m^3
 	 Volume corrected to 	4.189736e+10 m^3
 	 The rest is carried over to next year 
HydroGlacial WARNING: year = 2081, ep =0 
 	 Insufficient precipitation to grow glacier. 
 	 Volume glacier correction: 
 	 Volume should be 	8.351904e+13 m^3
 	 Volume corrected to 	1.736999e+10 m^3
 	 The rest is carried over to next year 
HydroGlacial WARNING: year = 2081, ep =0 
 	 Insufficient precipitation to grow glacier. 
 	 Volume glacier correction: 
 	 Volume should be 	8.351904e+13 m^3
 	 Volume corrected to 	1.736999e+10 m^3
 	 The rest is carried over to next year 
HydroGlacial WARNING: year = 2081, ep =0 
 	 Insufficient precipitation to grow glacier. 
 	 Volume glacier correction: 
 	 Volume should be 	8.351904e+13 m^3
 	 Volume corrected to 	1.736999e+10 m^3
 	 The rest is carried over to next year 
HydroGlacial WARNING: year = 2081, ep =0 
 	 Insufficient precipitation to grow glacier. 
 	 Volume glacier correction: 
 	 Volume should be 	8.351904e+13 m^3
 	 Volume corrected to 	1.736999e+10 m^3
 	 The rest is carried over to next year 
HydroGlacial WARNING: year = 2081, ep =0 
 	 Insufficient precipitation to grow glacier. 
 	 Volume glacier correction: 
 	 Volume should be 	8.351904e+13 m^3
 	 Volume corrected to 	1.736999e+10 m^3
 	 The rest is carried over to next year 
HydroGlacial WARNING: year = 2081, ep =0 
 	 Insufficient precipitation to grow glacier. 
 	 Volume glacier correction: 
 	 Volume should be 	8.351904e+13 m^3
 	 Volume corrected to 	1.736999e+10 m^3
 	 The rest is carried over to next year 
HydroGlacial WARNING: year = 2081, ep =0 
 	 Insufficient precipitation to grow glacier. 
 	 Volume glacier correction: 
 	 Volume should be 	8.351904e+13 m^3
 	 Volume corrected to 	1.736999e+10 m^3
 	 The rest is carried over to next year 
HydroGlacial WARNING: year = 2081, ep =0 
 	 Insufficient precipitation to grow glacier. 
 	 Volume glacier correction: 
 	 Volume should be 	8.351904e+13 m^3
 	 Volume corrected to 	1.736999e+10 m^3
 	 The rest is carried over to next year 
HydroGlacial WARNING: year = 2081, ep =0 
 	 Insufficient precipitation to grow glacier. 
 	 Volume glacier correction: 
 	 Volume should be 	8.351904e+13 m^3
 	 Volume corrected to 	1.736999e+10 m^3
 	 The rest is carried over to next year 
   FLOOD WARNING: the maximum predicted flood size has been exceeded. 
      Epoch 1, year 2081 
      Maximum predicted flood 55399.1 (m^3/s) 
      Modeled flood peak 72721.7 (m^3/s) 
HydroGlacial WARNING: year = 2082, ep =0 
 	 Insufficient precipitation to grow glacier. 
 	 Volume glacier correction: 
 	 Volume should be 	8.351904e+13 m^3
 	 Volume corrected to 	3.496256e+10 m^3
 	 The rest is carried over to next year 
HydroGlacial WARNING: year = 2082, ep =0 
 	 Insufficient precipitation to grow glacier. 
 	 Volume glacier correction: 
 	 Volume should be 	8.351904e+13 m^3
 	 Volume corrected to 	1.759257e+10 m^3
 	 The rest is carried over to next year 
HydroGlacial WARNING: year = 2082, ep =0 
 	 Insufficient precipitation to grow glacier. 
 	 Volume glacier correction: 
 	 Volume should be 	8.351904e+13 m^3
 	 Volume corrected to 	1.759257e+10 m^3
 	 The rest is carried over to next year 
HydroGlacial WARNING: year = 2082, ep =0 
 	 Insufficient precipitation to grow glacier. 
 	 Volume glacier correction: 
 	 Volume should be 	8.351904e+13 m^3
 	 Volume corrected to 	1.759257e+10 m^3
 	 The rest is carried over to next year 
HydroGlacial WARNING: year = 2082, ep =0 
 	 Insufficient precipitation to grow glacier. 
 	 Volume glacier correction: 
 	 Volume should be 	8.351904e+13 m^3
 	 Volume corrected to 	1.759257e+10 m^3
 	 The rest is carried over to next year 
HydroGlacial WARNING: year = 2082, ep =0 
 	 Insufficient precipitation to grow glacier. 
 	 Volume glacier correction: 
 	 Volume should be 	8.351904e+13 m^3
 	 Volume corrected to 	1.759257e+10 m^3
 	 The rest is carried over to next year 
HydroGlacial WARNING: year = 2082, ep =0 
 	 Insufficient precipitation to grow glacier. 
 	 Volume glacier correction: 
 	 Volume should be 	8.351904e+13 m^3
 	 Volume corrected to 	1.759257e+10 m^3
 	 The rest is carried over to next year 
HydroGlacial WARNING: year = 2082, ep =0 
 	 Insufficient precipitation to grow glacier. 
 	 Volume glacier correction: 
 	 Volume should be 	8.351904e+13 m^3
 	 Volume corrected to 	1.759257e+10 m^3
 	 The rest is carried over to next year 
HydroGlacial WARNING: year = 2082, ep =0 
 	 Insufficient precipitation to grow glacier. 
 	 Volume glacier correction: 
 	 Volume should be 	8.351904e+13 m^3
 	 Volume corrected to 	1.759257e+10 m^3
 	 The rest is carried over to next year 
HydroGlacial WARNING: year = 2082, ep =0 
 	 Insufficient precipitation to grow glacier. 
 	 Volume glacier correction: 
 	 Volume should be 	8.351904e+13 m^3
 	 Volume corrected to 	1.759257e+10 m^3
 	 The rest is carried over to next year 
   FLOOD WARNING: the maximum predicted flood size has been exceeded. 
      Epoch 1, year 2082 
      Maximum predicted flood 55399.1 (m^3/s) 
      Modeled flood peak 79617.8 (m^3/s) 
HydroGlacial WARNING: year = 2083, ep =0 
 	 Insufficient precipitation to grow glacier. 
 	 Volume glacier correction: 
 	 Volume should be 	8.351904e+13 m^3
 	 Volume corrected to 	3.891952e+10 m^3
 	 The rest is carried over to next year 

 	 HydroSnow Warning: There is Snow remaining on August 31 
 	 Snowremains 	 = 1.867364e+08 (m^3) 
 	 in year: 2083 
HydroGlacial WARNING: year = 2083, ep =0 
 	 Insufficient precipitation to grow glacier. 
 	 Volume glacier correction: 
 	 Volume should be 	8.351904e+13 m^3
 	 Volume corrected to 	2.132696e+10 m^3
 	 The rest is carried over to next year 

 	 HydroSnow Warning: There is Snow remaining on August 31 
 	 Snowremains 	 = 1.867364e+08 (m^3) 
 	 in year: 2083 
HydroGlacial WARNING: year = 2083, ep =0 
 	 Insufficient precipitation to grow glacier. 
 	 Volume glacier correction: 
 	 Volume should be 	8.351904e+13 m^3
 	 Volume corrected to 	2.132696e+10 m^3
 	 The rest is carried over to next year 

 	 HydroSnow Warning: There is Snow remaining on August 31 
 	 Snowremains 	 = 1.867364e+08 (m^3) 
 	 in year: 2083 
HydroGlacial WARNING: year = 2083, ep =0 
 	 Insufficient precipitation to grow glacier. 
 	 Volume glacier correction: 
 	 Volume should be 	8.351904e+13 m^3
 	 Volume corrected to 	2.132696e+10 m^3
 	 The rest is carried over to next year 

 	 HydroSnow Warning: There is Snow remaining on August 31 
 	 Snowremains 	 = 1.867364e+08 (m^3) 
 	 in year: 2083 
HydroGlacial WARNING: year = 2083, ep =0 
 	 Insufficient precipitation to grow glacier. 
 	 Volume glacier correction: 
 	 Volume should be 	8.351904e+13 m^3
 	 Volume corrected to 	2.132696e+10 m^3
 	 The rest is carried over to next year 

 	 HydroSnow Warning: There is Snow remaining on August 31 
 	 Snowremains 	 = 1.867364e+08 (m^3) 
 	 in year: 2083 
HydroGlacial WARNING: year = 2083, ep =0 
 	 Insufficient precipitation to grow glacier. 
 	 Volume glacier correction: 
 	 Volume should be 	8.351904e+13 m^3
 	 Volume corrected to 	2.132696e+10 m^3
 	 The rest is carried over to next year 

 	 HydroSnow Warning: There is Snow remaining on August 31 
 	 Snowremains 	 = 1.867364e+08 (m^3) 
 	 in year: 2083 
HydroGlacial WARNING: year = 2083, ep =0 
 	 Insufficient precipitation to grow glacier. 
 	 Volume glacier correction: 
 	 Volume should be 	8.351904e+13 m^3
 	 Volume corrected to 	2.132696e+10 m^3
 	 The rest is carried over to next year 

 	 HydroSnow Warning: There is Snow remaining on August 31 
 	 Snowremains 	 = 1.867364e+08 (m^3) 
 	 in year: 2083 
HydroGlacial WARNING: year = 2083, ep =0 
 	 Insufficient precipitation to grow glacier. 
 	 Volume glacier correction: 
 	 Volume should be 	8.351904e+13 m^3
 	 Volume corrected to 	2.132696e+10 m^3
 	 The rest is carried over to next year 

 	 HydroSnow Warning: There is Snow remaining on August 31 
 	 Snowremains 	 = 1.867364e+08 (m^3) 
 	 in year: 2083 
HydroGlacial WARNING: year = 2083, ep =0 
 	 Insufficient precipitation to grow glacier. 
 	 Volume glacier correction: 
 	 Volume should be 	8.351904e+13 m^3
 	 Volume corrected to 	2.132696e+10 m^3
 	 The rest is carried over to next year 

 	 HydroSnow Warning: There is Snow remaining on August 31 
 	 Snowremains 	 = 1.867364e+08 (m^3) 
 	 in year: 2083 
HydroGlacial WARNING: year = 2083, ep =0 
 	 Insufficient precipitation to grow glacier. 
 	 Volume glacier correction: 
 	 Volume should be 	8.351904e+13 m^3
 	 Volume corrected to 	2.132696e+10 m^3
 	 The rest is carried over to next year 

 	 HydroSnow Warning: There is Snow remaining on August 31 
 	 Snowremains 	 = 1.867364e+08 (m^3) 
 	 in year: 2083 
   FLOOD WARNING: the maximum predicted flood size has been exceeded. 
      Epoch 1, year 2083 
      Maximum predicted flood 55399.1 (m^3/s) 
      Modeled flood peak 72592.8 (m^3/s) 
HydroGlacial WARNING: year = 2084, ep =0 
 	 Insufficient precipitation to grow glacier. 
 	 Volume glacier correction: 
 	 Volume should be 	8.351904e+13 m^3
 	 Volume corrected to 	3.274331e+10 m^3
 	 The rest is carried over to next year 
HydroGlacial WARNING: year = 2084, ep =0 
 	 Insufficient precipitation to grow glacier. 
 	 Volume glacier correction: 
 	 Volume should be 	8.351904e+13 m^3
 	 Volume corrected to 	1.141636e+10 m^3
 	 The rest is carried over to next year 
HydroGlacial WARNING: year = 2084, ep =0 
 	 Insufficient precipitation to grow glacier. 
 	 Volume glacier correction: 
 	 Volume should be 	8.351904e+13 m^3
 	 Volume corrected to 	1.141636e+10 m^3
 	 The rest is carried over to next year 
HydroGlacial WARNING: year = 2084, ep =0 
 	 Insufficient precipitation to grow glacier. 
 	 Volume glacier correction: 
 	 Volume should be 	8.351904e+13 m^3
 	 Volume corrected to 	1.141636e+10 m^3
 	 The rest is carried over to next year 
HydroGlacial WARNING: year = 2084, ep =0 
 	 Insufficient precipitation to grow glacier. 
 	 Volume glacier correction: 
 	 Volume should be 	8.351904e+13 m^3
 	 Volume corrected to 	1.141636e+10 m^3
 	 The rest is carried over to next year 
HydroGlacial WARNING: year = 2084, ep =0 
 	 Insufficient precipitation to grow glacier. 
 	 Volume glacier correction: 
 	 Volume should be 	8.351904e+13 m^3
 	 Volume corrected to 	1.141636e+10 m^3
 	 The rest is carried over to next year 
HydroGlacial WARNING: year = 2084, ep =0 
 	 Insufficient precipitation to grow glacier. 
 	 Volume glacier correction: 
 	 Volume should be 	8.351904e+13 m^3
 	 Volume corrected to 	1.141636e+10 m^3
 	 The rest is carried over to next year 
HydroGlacial WARNING: year = 2084, ep =0 
 	 Insufficient precipitation to grow glacier. 
 	 Volume glacier correction: 
 	 Volume should be 	8.351904e+13 m^3
 	 Volume corrected to 	1.141636e+10 m^3
 	 The rest is carried over to next year 
HydroGlacial WARNING: year = 2084, ep =0 
 	 Insufficient precipitation to grow glacier. 
 	 Volume glacier correction: 
 	 Volume should be 	8.351904e+13 m^3
 	 Volume corrected to 	1.141636e+10 m^3
 	 The rest is carried over to next year 
HydroGlacial WARNING: year = 2084, ep =0 
 	 Insufficient precipitation to grow glacier. 
 	 Volume glacier correction: 
 	 Volume should be 	8.351904e+13 m^3
 	 Volume corrected to 	1.141636e+10 m^3
 	 The rest is carried over to next year 
   FLOOD WARNING: the maximum predicted flood size has been exceeded. 
      Epoch 1, year 2084 
      Maximum predicted flood 55399.1 (m^3/s) 
      Modeled flood peak 73006.6 (m^3/s) 
HydroGlacial WARNING: year = 2085, ep =0 
 	 Insufficient precipitation to grow glacier. 
 	 Volume glacier correction: 
 	 Volume should be 	8.351904e+13 m^3
 	 Volume corrected to 	3.179342e+10 m^3
 	 The rest is carried over to next year 
HydroGlacial WARNING: year = 2085, ep =0 
 	 Insufficient precipitation to grow glacier. 
 	 Volume glacier correction: 
 	 Volume should be 	8.351904e+13 m^3
 	 Volume corrected to 	2.037706e+10 m^3
 	 The rest is carried over to next year 
HydroGlacial WARNING: year = 2085, ep =0 
 	 Insufficient precipitation to grow glacier. 
 	 Volume glacier correction: 
 	 Volume should be 	8.351904e+13 m^3
 	 Volume corrected to 	2.037706e+10 m^3
 	 The rest is carried over to next year 
HydroGlacial WARNING: year = 2085, ep =0 
 	 Insufficient precipitation to grow glacier. 
 	 Volume glacier correction: 
 	 Volume should be 	8.351904e+13 m^3
 	 Volume corrected to 	2.037706e+10 m^3
 	 The rest is carried over to next year 
HydroGlacial WARNING: year = 2085, ep =0 
 	 Insufficient precipitation to grow glacier. 
 	 Volume glacier correction: 
 	 Volume should be 	8.351904e+13 m^3
 	 Volume corrected to 	2.037706e+10 m^3
 	 The rest is carried over to next year 
HydroGlacial WARNING: year = 2085, ep =0 
 	 Insufficient precipitation to grow glacier. 
 	 Volume glacier correction: 
 	 Volume should be 	8.351904e+13 m^3
 	 Volume corrected to 	2.037706e+10 m^3
 	 The rest is carried over to next year 
HydroGlacial WARNING: year = 2085, ep =0 
 	 Insufficient precipitation to grow glacier. 
 	 Volume glacier correction: 
 	 Volume should be 	8.351904e+13 m^3
 	 Volume corrected to 	2.037706e+10 m^3
 	 The rest is carried over to next year 
HydroGlacial WARNING: year = 2085, ep =0 
 	 Insufficient precipitation to grow glacier. 
 	 Volume glacier correction: 
 	 Volume should be 	8.351904e+13 m^3
 	 Volume corrected to 	2.037706e+10 m^3
 	 The rest is carried over to next year 
HydroGlacial WARNING: year = 2085, ep =0 
 	 Insufficient precipitation to grow glacier. 
 	 Volume glacier correction: 
 	 Volume should be 	8.351904e+13 m^3
 	 Volume corrected to 	2.037706e+10 m^3
 	 The rest is carried over to next year 
HydroGlacial WARNING: year = 2085, ep =0 
 	 Insufficient precipitation to grow glacier. 
 	 Volume glacier correction: 
 	 Volume should be 	8.351904e+13 m^3
 	 Volume corrected to 	2.037706e+10 m^3
 	 The rest is carried over to next year 
   FLOOD WARNING: the maximum predicted flood size has been exceeded. 
      Epoch 1, year 2085 
      Maximum predicted flood 55399.1 (m^3/s) 
      Modeled flood peak 81448.2 (m^3/s) 
HydroGlacial WARNING: year = 2086, ep =0 
 	 Insufficient precipitation to grow glacier. 
 	 Volume glacier correction: 
 	 Volume should be 	8.351904e+13 m^3
 	 Volume corrected to 	4.355826e+10 m^3
 	 The rest is carried over to next year 
HydroGlacial WARNING: year = 2086, ep =0 
 	 Insufficient precipitation to grow glacier. 
 	 Volume glacier correction: 
 	 Volume should be 	8.351904e+13 m^3
 	 Volume corrected to 	2.318119e+10 m^3
 	 The rest is carried over to next year 
HydroGlacial WARNING: year = 2086, ep =0 
 	 Insufficient precipitation to grow glacier. 
 	 Volume glacier correction: 
 	 Volume should be 	8.351904e+13 m^3
 	 Volume corrected to 	2.318119e+10 m^3
 	 The rest is carried over to next year 
HydroGlacial WARNING: year = 2086, ep =0 
 	 Insufficient precipitation to grow glacier. 
 	 Volume glacier correction: 
 	 Volume should be 	8.351904e+13 m^3
 	 Volume corrected to 	2.318119e+10 m^3
 	 The rest is carried over to next year 
HydroGlacial WARNING: year = 2086, ep =0 
 	 Insufficient precipitation to grow glacier. 
 	 Volume glacier correction: 
 	 Volume should be 	8.351904e+13 m^3
 	 Volume corrected to 	2.318119e+10 m^3
 	 The rest is carried over to next year 
HydroGlacial WARNING: year = 2086, ep =0 
 	 Insufficient precipitation to grow glacier. 
 	 Volume glacier correction: 
 	 Volume should be 	8.351904e+13 m^3
 	 Volume corrected to 	2.318119e+10 m^3
 	 The rest is carried over to next year 
HydroGlacial WARNING: year = 2086, ep =0 
 	 Insufficient precipitation to grow glacier. 
 	 Volume glacier correction: 
 	 Volume should be 	8.351904e+13 m^3
 	 Volume corrected to 	2.318119e+10 m^3
 	 The rest is carried over to next year 
HydroGlacial WARNING: year = 2086, ep =0 
 	 Insufficient precipitation to grow glacier. 
 	 Volume glacier correction: 
 	 Volume should be 	8.351904e+13 m^3
 	 Volume corrected to 	2.318119e+10 m^3
 	 The rest is carried over to next year 
HydroGlacial WARNING: year = 2086, ep =0 
 	 Insufficient precipitation to grow glacier. 
 	 Volume glacier correction: 
 	 Volume should be 	8.351904e+13 m^3
 	 Volume corrected to 	2.318119e+10 m^3
 	 The rest is carried over to next year 
HydroGlacial WARNING: year = 2086, ep =0 
 	 Insufficient precipitation to grow glacier. 
 	 Volume glacier correction: 
 	 Volume should be 	8.351904e+13 m^3
 	 Volume corrected to 	2.318119e+10 m^3
 	 The rest is carried over to next year 
   FLOOD WARNING: the maximum predicted flood size has been exceeded. 
      Epoch 1, year 2086 
      Maximum predicted flood 55399.1 (m^3/s) 
      Modeled flood peak 95754.1 (m^3/s) 
HydroGlacial WARNING: year = 2087, ep =0 
 	 Insufficient precipitation to grow glacier. 
 	 Volume glacier correction: 
 	 Volume should be 	8.351904e+13 m^3
 	 Volume corrected to 	4.095568e+10 m^3
 	 The rest is carried over to next year 
HydroGlacial WARNING: year = 2087, ep =0 
 	 Insufficient precipitation to grow glacier. 
 	 Volume glacier correction: 
 	 Volume should be 	8.351904e+13 m^3
 	 Volume corrected to 	1.777449e+10 m^3
 	 The rest is carried over to next year 
HydroGlacial WARNING: year = 2087, ep =0 
 	 Insufficient precipitation to grow glacier. 
 	 Volume glacier correction: 
 	 Volume should be 	8.351904e+13 m^3
 	 Volume corrected to 	1.777449e+10 m^3
 	 The rest is carried over to next year 
HydroGlacial WARNING: year = 2087, ep =0 
 	 Insufficient precipitation to grow glacier. 
 	 Volume glacier correction: 
 	 Volume should be 	8.351904e+13 m^3
 	 Volume corrected to 	1.777449e+10 m^3
 	 The rest is carried over to next year 
HydroGlacial WARNING: year = 2087, ep =0 
 	 Insufficient precipitation to grow glacier. 
 	 Volume glacier correction: 
 	 Volume should be 	8.351904e+13 m^3
 	 Volume corrected to 	1.777449e+10 m^3
 	 The rest is carried over to next year 
HydroGlacial WARNING: year = 2087, ep =0 
 	 Insufficient precipitation to grow glacier. 
 	 Volume glacier correction: 
 	 Volume should be 	8.351904e+13 m^3
 	 Volume corrected to 	1.777449e+10 m^3
 	 The rest is carried over to next year 
HydroGlacial WARNING: year = 2087, ep =0 
 	 Insufficient precipitation to grow glacier. 
 	 Volume glacier correction: 
 	 Volume should be 	8.351904e+13 m^3
 	 Volume corrected to 	1.777449e+10 m^3
 	 The rest is carried over to next year 
HydroGlacial WARNING: year = 2087, ep =0 
 	 Insufficient precipitation to grow glacier. 
 	 Volume glacier correction: 
 	 Volume should be 	8.351904e+13 m^3
 	 Volume corrected to 	1.777449e+10 m^3
 	 The rest is carried over to next year 
HydroGlacial WARNING: year = 2087, ep =0 
 	 Insufficient precipitation to grow glacier. 
 	 Volume glacier correction: 
 	 Volume should be 	8.351904e+13 m^3
 	 Volume corrected to 	1.777449e+10 m^3
 	 The rest is carried over to next year 
HydroGlacial WARNING: year = 2087, ep =0 
 	 Insufficient precipitation to grow glacier. 
 	 Volume glacier correction: 
 	 Volume should be 	8.351904e+13 m^3
 	 Volume corrected to 	1.777449e+10 m^3
 	 The rest is carried over to next year 
   FLOOD WARNING: the maximum predicted flood size has been exceeded. 
      Epoch 1, year 2087 
      Maximum predicted flood 55399.1 (m^3/s) 
      Modeled flood peak 80262.9 (m^3/s) 
HydroGlacial WARNING: year = 2088, ep =0 
 	 Insufficient precipitation to grow glacier. 
 	 Volume glacier correction: 
 	 Volume should be 	8.351904e+13 m^3
 	 Volume corrected to 	3.309309e+10 m^3
 	 The rest is carried over to next year 
HydroGlacial WARNING: year = 2088, ep =0 
 	 Insufficient precipitation to grow glacier. 
 	 Volume glacier correction: 
 	 Volume should be 	8.351904e+13 m^3
 	 Volume corrected to 	1.531860e+10 m^3
 	 The rest is carried over to next year 
HydroGlacial WARNING: year = 2088, ep =0 
 	 Insufficient precipitation to grow glacier. 
 	 Volume glacier correction: 
 	 Volume should be 	8.351904e+13 m^3
 	 Volume corrected to 	1.531860e+10 m^3
 	 The rest is carried over to next year 
HydroGlacial WARNING: year = 2088, ep =0 
 	 Insufficient precipitation to grow glacier. 
 	 Volume glacier correction: 
 	 Volume should be 	8.351904e+13 m^3
 	 Volume corrected to 	1.531860e+10 m^3
 	 The rest is carried over to next year 
HydroGlacial WARNING: year = 2088, ep =0 
 	 Insufficient precipitation to grow glacier. 
 	 Volume glacier correction: 
 	 Volume should be 	8.351904e+13 m^3
 	 Volume corrected to 	1.531860e+10 m^3
 	 The rest is carried over to next year 
HydroGlacial WARNING: year = 2088, ep =0 
 	 Insufficient precipitation to grow glacier. 
 	 Volume glacier correction: 
 	 Volume should be 	8.351904e+13 m^3
 	 Volume corrected to 	1.531860e+10 m^3
 	 The rest is carried over to next year 
HydroGlacial WARNING: year = 2088, ep =0 
 	 Insufficient precipitation to grow glacier. 
 	 Volume glacier correction: 
 	 Volume should be 	8.351904e+13 m^3
 	 Volume corrected to 	1.531860e+10 m^3
 	 The rest is carried over to next year 
HydroGlacial WARNING: year = 2088, ep =0 
 	 Insufficient precipitation to grow glacier. 
 	 Volume glacier correction: 
 	 Volume should be 	8.351904e+13 m^3
 	 Volume corrected to 	1.531860e+10 m^3
 	 The rest is carried over to next year 
HydroGlacial WARNING: year = 2088, ep =0 
 	 Insufficient precipitation to grow glacier. 
 	 Volume glacier correction: 
 	 Volume should be 	8.351904e+13 m^3
 	 Volume corrected to 	1.531860e+10 m^3
 	 The rest is carried over to next year 
HydroGlacial WARNING: year = 2088, ep =0 
 	 Insufficient precipitation to grow glacier. 
 	 Volume glacier correction: 
 	 Volume should be 	8.351904e+13 m^3
 	 Volume corrected to 	1.531860e+10 m^3
 	 The rest is carried over to next year 
   FLOOD WARNING: the maximum predicted flood size has been exceeded. 
      Epoch 1, year 2088 
      Maximum predicted flood 55399.1 (m^3/s) 
      Modeled flood peak 79903.6 (m^3/s) 
HydroGlacial WARNING: year = 2089, ep =0 
 	 Insufficient precipitation to grow glacier. 
 	 Volume glacier correction: 
 	 Volume should be 	8.351904e+13 m^3
 	 Volume corrected to 	3.321500e+10 m^3
 	 The rest is carried over to next year 
HydroGlacial WARNING: year = 2089, ep =0 
 	 Insufficient precipitation to grow glacier. 
 	 Volume glacier correction: 
 	 Volume should be 	8.351904e+13 m^3
 	 Volume corrected to 	1.789641e+10 m^3
 	 The rest is carried over to next year 
HydroGlacial WARNING: year = 2089, ep =0 
 	 Insufficient precipitation to grow glacier. 
 	 Volume glacier correction: 
 	 Volume should be 	8.351904e+13 m^3
 	 Volume corrected to 	1.789641e+10 m^3
 	 The rest is carried over to next year 
HydroGlacial WARNING: year = 2089, ep =0 
 	 Insufficient precipitation to grow glacier. 
 	 Volume glacier correction: 
 	 Volume should be 	8.351904e+13 m^3
 	 Volume corrected to 	1.789641e+10 m^3
 	 The rest is carried over to next year 
HydroGlacial WARNING: year = 2089, ep =0 
 	 Insufficient precipitation to grow glacier. 
 	 Volume glacier correction: 
 	 Volume should be 	8.351904e+13 m^3
 	 Volume corrected to 	1.789641e+10 m^3
 	 The rest is carried over to next year 
HydroGlacial WARNING: year = 2089, ep =0 
 	 Insufficient precipitation to grow glacier. 
 	 Volume glacier correction: 
 	 Volume should be 	8.351904e+13 m^3
 	 Volume corrected to 	1.789641e+10 m^3
 	 The rest is carried over to next year 
HydroGlacial WARNING: year = 2089, ep =0 
 	 Insufficient precipitation to grow glacier. 
 	 Volume glacier correction: 
 	 Volume should be 	8.351904e+13 m^3
 	 Volume corrected to 	1.789641e+10 m^3
 	 The rest is carried over to next year 
HydroGlacial WARNING: year = 2089, ep =0 
 	 Insufficient precipitation to grow glacier. 
 	 Volume glacier correction: 
 	 Volume should be 	8.351904e+13 m^3
 	 Volume corrected to 	1.789641e+10 m^3
 	 The rest is carried over to next year 
HydroGlacial WARNING: year = 2089, ep =0 
 	 Insufficient precipitation to grow glacier. 
 	 Volume glacier correction: 
 	 Volume should be 	8.351904e+13 m^3
 	 Volume corrected to 	1.789641e+10 m^3
 	 The rest is carried over to next year 
HydroGlacial WARNING: year = 2089, ep =0 
 	 Insufficient precipitation to grow glacier. 
 	 Volume glacier correction: 
 	 Volume should be 	8.351904e+13 m^3
 	 Volume corrected to 	1.789641e+10 m^3
 	 The rest is carried over to next year 
   FLOOD WARNING: the maximum predicted flood size has been exceeded. 
      Epoch 1, year 2089 
      Maximum predicted flood 55399.1 (m^3/s) 
      Modeled flood peak 84671.4 (m^3/s) 
HydroGlacial WARNING: year = 2090, ep =0 
 	 Insufficient precipitation to grow glacier. 
 	 Volume glacier correction: 
 	 Volume should be 	8.351904e+13 m^3
 	 Volume corrected to 	3.433670e+10 m^3
 	 The rest is carried over to next year 
HydroGlacial WARNING: year = 2090, ep =0 
 	 Insufficient precipitation to grow glacier. 
 	 Volume glacier correction: 
 	 Volume should be 	8.351904e+13 m^3
 	 Volume corrected to 	1.644029e+10 m^3
 	 The rest is carried over to next year 
HydroGlacial WARNING: year = 2090, ep =0 
 	 Insufficient precipitation to grow glacier. 
 	 Volume glacier correction: 
 	 Volume should be 	8.351904e+13 m^3
 	 Volume corrected to 	1.644029e+10 m^3
 	 The rest is carried over to next year 
HydroGlacial WARNING: year = 2090, ep =0 
 	 Insufficient precipitation to grow glacier. 
 	 Volume glacier correction: 
 	 Volume should be 	8.351904e+13 m^3
 	 Volume corrected to 	1.644029e+10 m^3
 	 The rest is carried over to next year 
HydroGlacial WARNING: year = 2090, ep =0 
 	 Insufficient precipitation to grow glacier. 
 	 Volume glacier correction: 
 	 Volume should be 	8.351904e+13 m^3
 	 Volume corrected to 	1.644029e+10 m^3
 	 The rest is carried over to next year 
HydroGlacial WARNING: year = 2090, ep =0 
 	 Insufficient precipitation to grow glacier. 
 	 Volume glacier correction: 
 	 Volume should be 	8.351904e+13 m^3
 	 Volume corrected to 	1.644029e+10 m^3
 	 The rest is carried over to next year 
HydroGlacial WARNING: year = 2090, ep =0 
 	 Insufficient precipitation to grow glacier. 
 	 Volume glacier correction: 
 	 Volume should be 	8.351904e+13 m^3
 	 Volume corrected to 	1.644029e+10 m^3
 	 The rest is carried over to next year 
HydroGlacial WARNING: year = 2090, ep =0 
 	 Insufficient precipitation to grow glacier. 
 	 Volume glacier correction: 
 	 Volume should be 	8.351904e+13 m^3
 	 Volume corrected to 	1.644029e+10 m^3
 	 The rest is carried over to next year 
HydroGlacial WARNING: year = 2090, ep =0 
 	 Insufficient precipitation to grow glacier. 
 	 Volume glacier correction: 
 	 Volume should be 	8.351904e+13 m^3
 	 Volume corrected to 	1.644029e+10 m^3
 	 The rest is carried over to next year 
HydroGlacial WARNING: year = 2090, ep =0 
 	 Insufficient precipitation to grow glacier. 
 	 Volume glacier correction: 
 	 Volume should be 	8.351904e+13 m^3
 	 Volume corrected to 	1.644029e+10 m^3
 	 The rest is carried over to next year 
   FLOOD WARNING: the maximum predicted flood size has been exceeded. 
      Epoch 1, year 2090 
      Maximum predicted flood 55399.1 (m^3/s) 
      Modeled flood peak 69500.3 (m^3/s) 
HydroGlacial WARNING: year = 2091, ep =0 
 	 Insufficient precipitation to grow glacier. 
 	 Volume glacier correction: 
 	 Volume should be 	8.351904e+13 m^3
 	 Volume corrected to 	3.662402e+10 m^3
 	 The rest is carried over to next year 
HydroGlacial WARNING: year = 2091, ep =0 
 	 Insufficient precipitation to grow glacier. 
 	 Volume glacier correction: 
 	 Volume should be 	8.351904e+13 m^3
 	 Volume corrected to 	2.018373e+10 m^3
 	 The rest is carried over to next year 
HydroGlacial WARNING: year = 2091, ep =0 
 	 Insufficient precipitation to grow glacier. 
 	 Volume glacier correction: 
 	 Volume should be 	8.351904e+13 m^3
 	 Volume corrected to 	2.018373e+10 m^3
 	 The rest is carried over to next year 
HydroGlacial WARNING: year = 2091, ep =0 
 	 Insufficient precipitation to grow glacier. 
 	 Volume glacier correction: 
 	 Volume should be 	8.351904e+13 m^3
 	 Volume corrected to 	2.018373e+10 m^3
 	 The rest is carried over to next year 
HydroGlacial WARNING: year = 2091, ep =0 
 	 Insufficient precipitation to grow glacier. 
 	 Volume glacier correction: 
 	 Volume should be 	8.351904e+13 m^3
 	 Volume corrected to 	2.018373e+10 m^3
 	 The rest is carried over to next year 
HydroGlacial WARNING: year = 2091, ep =0 
 	 Insufficient precipitation to grow glacier. 
 	 Volume glacier correction: 
 	 Volume should be 	8.351904e+13 m^3
 	 Volume corrected to 	2.018373e+10 m^3
 	 The rest is carried over to next year 
HydroGlacial WARNING: year = 2091, ep =0 
 	 Insufficient precipitation to grow glacier. 
 	 Volume glacier correction: 
 	 Volume should be 	8.351904e+13 m^3
 	 Volume corrected to 	2.018373e+10 m^3
 	 The rest is carried over to next year 
HydroGlacial WARNING: year = 2091, ep =0 
 	 Insufficient precipitation to grow glacier. 
 	 Volume glacier correction: 
 	 Volume should be 	8.351904e+13 m^3
 	 Volume corrected to 	2.018373e+10 m^3
 	 The rest is carried over to next year 
HydroGlacial WARNING: year = 2091, ep =0 
 	 Insufficient precipitation to grow glacier. 
 	 Volume glacier correction: 
 	 Volume should be 	8.351904e+13 m^3
 	 Volume corrected to 	2.018373e+10 m^3
 	 The rest is carried over to next year 
HydroGlacial WARNING: year = 2091, ep =0 
 	 Insufficient precipitation to grow glacier. 
 	 Volume glacier correction: 
 	 Volume should be 	8.351904e+13 m^3
 	 Volume corrected to 	2.018373e+10 m^3
 	 The rest is carried over to next year 
   FLOOD WARNING: the maximum predicted flood size has been exceeded. 
      Epoch 1, year 2091 
      Maximum predicted flood 55399.1 (m^3/s) 
      Modeled flood peak 94917.1 (m^3/s) 
HydroGlacial WARNING: year = 2092, ep =0 
 	 Insufficient precipitation to grow glacier. 
 	 Volume glacier correction: 
 	 Volume should be 	8.351904e+13 m^3
 	 Volume corrected to 	3.728269e+10 m^3
 	 The rest is carried over to next year 
HydroGlacial WARNING: year = 2092, ep =0 
 	 Insufficient precipitation to grow glacier. 
 	 Volume glacier correction: 
 	 Volume should be 	8.351904e+13 m^3
 	 Volume corrected to 	1.709895e+10 m^3
 	 The rest is carried over to next year 
HydroGlacial WARNING: year = 2092, ep =0 
 	 Insufficient precipitation to grow glacier. 
 	 Volume glacier correction: 
 	 Volume should be 	8.351904e+13 m^3
 	 Volume corrected to 	1.709895e+10 m^3
 	 The rest is carried over to next year 
HydroGlacial WARNING: year = 2092, ep =0 
 	 Insufficient precipitation to grow glacier. 
 	 Volume glacier correction: 
 	 Volume should be 	8.351904e+13 m^3
 	 Volume corrected to 	1.709895e+10 m^3
 	 The rest is carried over to next year 
HydroGlacial WARNING: year = 2092, ep =0 
 	 Insufficient precipitation to grow glacier. 
 	 Volume glacier correction: 
 	 Volume should be 	8.351904e+13 m^3
 	 Volume corrected to 	1.709895e+10 m^3
 	 The rest is carried over to next year 
HydroGlacial WARNING: year = 2092, ep =0 
 	 Insufficient precipitation to grow glacier. 
 	 Volume glacier correction: 
 	 Volume should be 	8.351904e+13 m^3
 	 Volume corrected to 	1.709895e+10 m^3
 	 The rest is carried over to next year 
HydroGlacial WARNING: year = 2092, ep =0 
 	 Insufficient precipitation to grow glacier. 
 	 Volume glacier correction: 
 	 Volume should be 	8.351904e+13 m^3
 	 Volume corrected to 	1.709895e+10 m^3
 	 The rest is carried over to next year 
HydroGlacial WARNING: year = 2092, ep =0 
 	 Insufficient precipitation to grow glacier. 
 	 Volume glacier correction: 
 	 Volume should be 	8.351904e+13 m^3
 	 Volume corrected to 	1.709895e+10 m^3
 	 The rest is carried over to next year 
HydroGlacial WARNING: year = 2092, ep =0 
 	 Insufficient precipitation to grow glacier. 
 	 Volume glacier correction: 
 	 Volume should be 	8.351904e+13 m^3
 	 Volume corrected to 	1.709895e+10 m^3
 	 The rest is carried over to next year 
HydroGlacial WARNING: year = 2092, ep =0 
 	 Insufficient precipitation to grow glacier. 
 	 Volume glacier correction: 
 	 Volume should be 	8.351904e+13 m^3
 	 Volume corrected to 	1.709895e+10 m^3
 	 The rest is carried over to next year 
   FLOOD WARNING: the maximum predicted flood size has been exceeded. 
      Epoch 1, year 2092 
      Maximum predicted flood 55399.1 (m^3/s) 
      Modeled flood peak 82018.8 (m^3/s) 
HydroGlacial WARNING: year = 2093, ep =0 
 	 Insufficient precipitation to grow glacier. 
 	 Volume glacier correction: 
 	 Volume should be 	8.351904e+13 m^3
 	 Volume corrected to 	3.205771e+10 m^3
 	 The rest is carried over to next year 
HydroGlacial WARNING: year = 2093, ep =0 
 	 Insufficient precipitation to grow glacier. 
 	 Volume glacier correction: 
 	 Volume should be 	8.351904e+13 m^3
 	 Volume corrected to 	1.495876e+10 m^3
 	 The rest is carried over to next year 
HydroGlacial WARNING: year = 2093, ep =0 
 	 Insufficient precipitation to grow glacier. 
 	 Volume glacier correction: 
 	 Volume should be 	8.351904e+13 m^3
 	 Volume corrected to 	1.495876e+10 m^3
 	 The rest is carried over to next year 
HydroGlacial WARNING: year = 2093, ep =0 
 	 Insufficient precipitation to grow glacier. 
 	 Volume glacier correction: 
 	 Volume should be 	8.351904e+13 m^3
 	 Volume corrected to 	1.495876e+10 m^3
 	 The rest is carried over to next year 
HydroGlacial WARNING: year = 2093, ep =0 
 	 Insufficient precipitation to grow glacier. 
 	 Volume glacier correction: 
 	 Volume should be 	8.351904e+13 m^3
 	 Volume corrected to 	1.495876e+10 m^3
 	 The rest is carried over to next year 
HydroGlacial WARNING: year = 2093, ep =0 
 	 Insufficient precipitation to grow glacier. 
 	 Volume glacier correction: 
 	 Volume should be 	8.351904e+13 m^3
 	 Volume corrected to 	1.495876e+10 m^3
 	 The rest is carried over to next year 
HydroGlacial WARNING: year = 2093, ep =0 
 	 Insufficient precipitation to grow glacier. 
 	 Volume glacier correction: 
 	 Volume should be 	8.351904e+13 m^3
 	 Volume corrected to 	1.495876e+10 m^3
 	 The rest is carried over to next year 
HydroGlacial WARNING: year = 2093, ep =0 
 	 Insufficient precipitation to grow glacier. 
 	 Volume glacier correction: 
 	 Volume should be 	8.351904e+13 m^3
 	 Volume corrected to 	1.495876e+10 m^3
 	 The rest is carried over to next year 
HydroGlacial WARNING: year = 2093, ep =0 
 	 Insufficient precipitation to grow glacier. 
 	 Volume glacier correction: 
 	 Volume should be 	8.351904e+13 m^3
 	 Volume corrected to 	1.495876e+10 m^3
 	 The rest is carried over to next year 
HydroGlacial WARNING: year = 2093, ep =0 
 	 Insufficient precipitation to grow glacier. 
 	 Volume glacier correction: 
 	 Volume should be 	8.351904e+13 m^3
 	 Volume corrected to 	1.495876e+10 m^3
 	 The rest is carried over to next year 
   FLOOD WARNING: the maximum predicted flood size has been exceeded. 
      Epoch 1, year 2093 
      Maximum predicted flood 55399.1 (m^3/s) 
      Modeled flood peak 66858.6 (m^3/s) 
HydroGlacial WARNING: year = 2094, ep =0 
 	 Insufficient precipitation to grow glacier. 
 	 Volume glacier correction: 
 	 Volume should be 	8.351904e+13 m^3
 	 Volume corrected to 	3.406939e+10 m^3
 	 The rest is carried over to next year 
HydroGlacial WARNING: year = 2094, ep =0 
 	 Insufficient precipitation to grow glacier. 
 	 Volume glacier correction: 
 	 Volume should be 	8.351904e+13 m^3
 	 Volume corrected to 	1.911063e+10 m^3
 	 The rest is carried over to next year 
HydroGlacial WARNING: year = 2094, ep =0 
 	 Insufficient precipitation to grow glacier. 
 	 Volume glacier correction: 
 	 Volume should be 	8.351904e+13 m^3
 	 Volume corrected to 	1.911063e+10 m^3
 	 The rest is carried over to next year 
HydroGlacial WARNING: year = 2094, ep =0 
 	 Insufficient precipitation to grow glacier. 
 	 Volume glacier correction: 
 	 Volume should be 	8.351904e+13 m^3
 	 Volume corrected to 	1.911063e+10 m^3
 	 The rest is carried over to next year 
HydroGlacial WARNING: year = 2094, ep =0 
 	 Insufficient precipitation to grow glacier. 
 	 Volume glacier correction: 
 	 Volume should be 	8.351904e+13 m^3
 	 Volume corrected to 	1.911063e+10 m^3
 	 The rest is carried over to next year 
HydroGlacial WARNING: year = 2094, ep =0 
 	 Insufficient precipitation to grow glacier. 
 	 Volume glacier correction: 
 	 Volume should be 	8.351904e+13 m^3
 	 Volume corrected to 	1.911063e+10 m^3
 	 The rest is carried over to next year 
HydroGlacial WARNING: year = 2094, ep =0 
 	 Insufficient precipitation to grow glacier. 
 	 Volume glacier correction: 
 	 Volume should be 	8.351904e+13 m^3
 	 Volume corrected to 	1.911063e+10 m^3
 	 The rest is carried over to next year 
HydroGlacial WARNING: year = 2094, ep =0 
 	 Insufficient precipitation to grow glacier. 
 	 Volume glacier correction: 
 	 Volume should be 	8.351904e+13 m^3
 	 Volume corrected to 	1.911063e+10 m^3
 	 The rest is carried over to next year 
HydroGlacial WARNING: year = 2094, ep =0 
 	 Insufficient precipitation to grow glacier. 
 	 Volume glacier correction: 
 	 Volume should be 	8.351904e+13 m^3
 	 Volume corrected to 	1.911063e+10 m^3
 	 The rest is carried over to next year 
HydroGlacial WARNING: year = 2094, ep =0 
 	 Insufficient precipitation to grow glacier. 
 	 Volume glacier correction: 
 	 Volume should be 	8.351904e+13 m^3
 	 Volume corrected to 	1.911063e+10 m^3
 	 The rest is carried over to next year 
   FLOOD WARNING: the maximum predicted flood size has been exceeded. 
      Epoch 1, year 2094 
      Maximum predicted flood 55399.1 (m^3/s) 
      Modeled flood peak 84692.4 (m^3/s) 
HydroGlacial WARNING: year = 2095, ep =0 
 	 Insufficient precipitation to grow glacier. 
 	 Volume glacier correction: 
 	 Volume should be 	8.351904e+13 m^3
 	 Volume corrected to 	3.736211e+10 m^3
 	 The rest is carried over to next year 
HydroGlacial WARNING: year = 2095, ep =0 
 	 Insufficient precipitation to grow glacier. 
 	 Volume glacier correction: 
 	 Volume should be 	8.351904e+13 m^3
 	 Volume corrected to 	1.825149e+10 m^3
 	 The rest is carried over to next year 
HydroGlacial WARNING: year = 2095, ep =0 
 	 Insufficient precipitation to grow glacier. 
 	 Volume glacier correction: 
 	 Volume should be 	8.351904e+13 m^3
 	 Volume corrected to 	1.825149e+10 m^3
 	 The rest is carried over to next year 
HydroGlacial WARNING: year = 2095, ep =0 
 	 Insufficient precipitation to grow glacier. 
 	 Volume glacier correction: 
 	 Volume should be 	8.351904e+13 m^3
 	 Volume corrected to 	1.825149e+10 m^3
 	 The rest is carried over to next year 
HydroGlacial WARNING: year = 2095, ep =0 
 	 Insufficient precipitation to grow glacier. 
 	 Volume glacier correction: 
 	 Volume should be 	8.351904e+13 m^3
 	 Volume corrected to 	1.825149e+10 m^3
 	 The rest is carried over to next year 
HydroGlacial WARNING: year = 2095, ep =0 
 	 Insufficient precipitation to grow glacier. 
 	 Volume glacier correction: 
 	 Volume should be 	8.351904e+13 m^3
 	 Volume corrected to 	1.825149e+10 m^3
 	 The rest is carried over to next year 
HydroGlacial WARNING: year = 2095, ep =0 
 	 Insufficient precipitation to grow glacier. 
 	 Volume glacier correction: 
 	 Volume should be 	8.351904e+13 m^3
 	 Volume corrected to 	1.825149e+10 m^3
 	 The rest is carried over to next year 
HydroGlacial WARNING: year = 2095, ep =0 
 	 Insufficient precipitation to grow glacier. 
 	 Volume glacier correction: 
 	 Volume should be 	8.351904e+13 m^3
 	 Volume corrected to 	1.825149e+10 m^3
 	 The rest is carried over to next year 
HydroGlacial WARNING: year = 2095, ep =0 
 	 Insufficient precipitation to grow glacier. 
 	 Volume glacier correction: 
 	 Volume should be 	8.351904e+13 m^3
 	 Volume corrected to 	1.825149e+10 m^3
 	 The rest is carried over to next year 
HydroGlacial WARNING: year = 2095, ep =0 
 	 Insufficient precipitation to grow glacier. 
 	 Volume glacier correction: 
 	 Volume should be 	8.351904e+13 m^3
 	 Volume corrected to 	1.825149e+10 m^3
 	 The rest is carried over to next year 
   FLOOD WARNING: the maximum predicted flood size has been exceeded. 
      Epoch 1, year 2095 
      Maximum predicted flood 55399.1 (m^3/s) 
      Modeled flood peak 89847.9 (m^3/s) 
