 Calculate mean discharge, epoch: 1
 Calculate daily discharge, epoch: 1
 Calculate mean suspended sediment load, epoch: 1
 Calculate daily suspended sediment load, epoch: 1
   FLOOD WARNING: the maximum predicted flood size has been exceeded. 
      Epoch 1, year 2046 
      Maximum predicted flood 55399.1 (m^3/s) 
      Modeled flood peak 71683.4 (m^3/s) 
HydroGlacial WARNING: year = 2047, ep =0 
 	 Insufficient precipitation to grow glacier. 
 	 Volume glacier correction: 
 	 Volume should be 	8.351904e+13 m^3
 	 Volume corrected to 	1.843420e+10 m^3
 	 The rest is carried over to next year 
HydroGlacial WARNING: year = 2047, ep =0 
 	 Insufficient precipitation to grow glacier. 
 	 Volume glacier correction: 
 	 Volume should be 	8.351904e+13 m^3
 	 Volume corrected to 	1.843420e+10 m^3
 	 The rest is carried over to next year 
HydroGlacial WARNING: year = 2047, ep =0 
 	 Insufficient precipitation to grow glacier. 
 	 Volume glacier correction: 
 	 Volume should be 	8.351904e+13 m^3
 	 Volume corrected to 	1.843420e+10 m^3
 	 The rest is carried over to next year 
HydroGlacial WARNING: year = 2047, ep =0 
 	 Insufficient precipitation to grow glacier. 
 	 Volume glacier correction: 
 	 Volume should be 	8.351904e+13 m^3
 	 Volume corrected to 	1.843420e+10 m^3
 	 The rest is carried over to next year 
HydroGlacial WARNING: year = 2047, ep =0 
 	 Insufficient precipitation to grow glacier. 
 	 Volume glacier correction: 
 	 Volume should be 	8.351904e+13 m^3
 	 Volume corrected to 	1.843420e+10 m^3
 	 The rest is carried over to next year 
HydroGlacial WARNING: year = 2047, ep =0 
 	 Insufficient precipitation to grow glacier. 
 	 Volume glacier correction: 
 	 Volume should be 	8.351904e+13 m^3
 	 Volume corrected to 	1.843420e+10 m^3
 	 The rest is carried over to next year 
HydroGlacial WARNING: year = 2047, ep =0 
 	 Insufficient precipitation to grow glacier. 
 	 Volume glacier correction: 
 	 Volume should be 	8.351904e+13 m^3
 	 Volume corrected to 	1.843420e+10 m^3
 	 The rest is carried over to next year 
HydroGlacial WARNING: year = 2047, ep =0 
 	 Insufficient precipitation to grow glacier. 
 	 Volume glacier correction: 
 	 Volume should be 	8.351904e+13 m^3
 	 Volume corrected to 	1.843420e+10 m^3
 	 The rest is carried over to next year 
HydroGlacial WARNING: year = 2047, ep =0 
 	 Insufficient precipitation to grow glacier. 
 	 Volume glacier correction: 
 	 Volume should be 	8.351904e+13 m^3
 	 Volume corrected to 	1.843420e+10 m^3
 	 The rest is carried over to next year 
   FLOOD WARNING: the maximum predicted flood size has been exceeded. 
      Epoch 1, year 2047 
      Maximum predicted flood 55399.1 (m^3/s) 
      Modeled flood peak 68262.6 (m^3/s) 
HydroGlacial WARNING: year = 2048, ep =0 
 	 Insufficient precipitation to grow glacier. 
 	 Volume glacier correction: 
 	 Volume should be 	8.351904e+13 m^3
 	 Volume corrected to 	3.635322e+10 m^3
 	 The rest is carried over to next year 
HydroGlacial WARNING: year = 2048, ep =0 
 	 Insufficient precipitation to grow glacier. 
 	 Volume glacier correction: 
 	 Volume should be 	8.351904e+13 m^3
 	 Volume corrected to 	1.791902e+10 m^3
 	 The rest is carried over to next year 
HydroGlacial WARNING: year = 2048, ep =0 
 	 Insufficient precipitation to grow glacier. 
 	 Volume glacier correction: 
 	 Volume should be 	8.351904e+13 m^3
 	 Volume corrected to 	1.791902e+10 m^3
 	 The rest is carried over to next year 
HydroGlacial WARNING: year = 2048, ep =0 
 	 Insufficient precipitation to grow glacier. 
 	 Volume glacier correction: 
 	 Volume should be 	8.351904e+13 m^3
 	 Volume corrected to 	1.791902e+10 m^3
 	 The rest is carried over to next year 
HydroGlacial WARNING: year = 2048, ep =0 
 	 Insufficient precipitation to grow glacier. 
 	 Volume glacier correction: 
 	 Volume should be 	8.351904e+13 m^3
 	 Volume corrected to 	1.791902e+10 m^3
 	 The rest is carried over to next year 
HydroGlacial WARNING: year = 2048, ep =0 
 	 Insufficient precipitation to grow glacier. 
 	 Volume glacier correction: 
 	 Volume should be 	8.351904e+13 m^3
 	 Volume corrected to 	1.791902e+10 m^3
 	 The rest is carried over to next year 
HydroGlacial WARNING: year = 2048, ep =0 
 	 Insufficient precipitation to grow glacier. 
 	 Volume glacier correction: 
 	 Volume should be 	8.351904e+13 m^3
 	 Volume corrected to 	1.791902e+10 m^3
 	 The rest is carried over to next year 
HydroGlacial WARNING: year = 2048, ep =0 
 	 Insufficient precipitation to grow glacier. 
 	 Volume glacier correction: 
 	 Volume should be 	8.351904e+13 m^3
 	 Volume corrected to 	1.791902e+10 m^3
 	 The rest is carried over to next year 
HydroGlacial WARNING: year = 2048, ep =0 
 	 Insufficient precipitation to grow glacier. 
 	 Volume glacier correction: 
 	 Volume should be 	8.351904e+13 m^3
 	 Volume corrected to 	1.791902e+10 m^3
 	 The rest is carried over to next year 
HydroGlacial WARNING: year = 2048, ep =0 
 	 Insufficient precipitation to grow glacier. 
 	 Volume glacier correction: 
 	 Volume should be 	8.351904e+13 m^3
 	 Volume corrected to 	1.791902e+10 m^3
 	 The rest is carried over to next year 
   FLOOD WARNING: the maximum predicted flood size has been exceeded. 
      Epoch 1, year 2048 
      Maximum predicted flood 55399.1 (m^3/s) 
      Modeled flood peak 98267.4 (m^3/s) 
HydroGlacial WARNING: year = 2049, ep =0 
 	 Insufficient precipitation to grow glacier. 
 	 Volume glacier correction: 
 	 Volume should be 	8.351904e+13 m^3
 	 Volume corrected to 	3.234594e+10 m^3
 	 The rest is carried over to next year 
HydroGlacial WARNING: year = 2050, ep =0 
 	 Insufficient precipitation to grow glacier. 
 	 Volume glacier correction: 
 	 Volume should be 	8.351904e+13 m^3
 	 Volume corrected to 	5.106307e+10 m^3
 	 The rest is carried over to next year 
HydroGlacial WARNING: year = 2050, ep =0 
 	 Insufficient precipitation to grow glacier. 
 	 Volume glacier correction: 
 	 Volume should be 	8.351904e+13 m^3
 	 Volume corrected to 	1.871713e+10 m^3
 	 The rest is carried over to next year 
HydroGlacial WARNING: year = 2050, ep =0 
 	 Insufficient precipitation to grow glacier. 
 	 Volume glacier correction: 
 	 Volume should be 	8.351904e+13 m^3
 	 Volume corrected to 	1.871713e+10 m^3
 	 The rest is carried over to next year 
HydroGlacial WARNING: year = 2050, ep =0 
 	 Insufficient precipitation to grow glacier. 
 	 Volume glacier correction: 
 	 Volume should be 	8.351904e+13 m^3
 	 Volume corrected to 	1.871713e+10 m^3
 	 The rest is carried over to next year 
HydroGlacial WARNING: year = 2050, ep =0 
 	 Insufficient precipitation to grow glacier. 
 	 Volume glacier correction: 
 	 Volume should be 	8.351904e+13 m^3
 	 Volume corrected to 	1.871713e+10 m^3
 	 The rest is carried over to next year 
HydroGlacial WARNING: year = 2050, ep =0 
 	 Insufficient precipitation to grow glacier. 
 	 Volume glacier correction: 
 	 Volume should be 	8.351904e+13 m^3
 	 Volume corrected to 	1.871713e+10 m^3
 	 The rest is carried over to next year 
HydroGlacial WARNING: year = 2050, ep =0 
 	 Insufficient precipitation to grow glacier. 
 	 Volume glacier correction: 
 	 Volume should be 	8.351904e+13 m^3
 	 Volume corrected to 	1.871713e+10 m^3
 	 The rest is carried over to next year 
HydroGlacial WARNING: year = 2050, ep =0 
 	 Insufficient precipitation to grow glacier. 
 	 Volume glacier correction: 
 	 Volume should be 	8.351904e+13 m^3
 	 Volume corrected to 	1.871713e+10 m^3
 	 The rest is carried over to next year 
HydroGlacial WARNING: year = 2050, ep =0 
 	 Insufficient precipitation to grow glacier. 
 	 Volume glacier correction: 
 	 Volume should be 	8.351904e+13 m^3
 	 Volume corrected to 	1.871713e+10 m^3
 	 The rest is carried over to next year 
HydroGlacial WARNING: year = 2050, ep =0 
 	 Insufficient precipitation to grow glacier. 
 	 Volume glacier correction: 
 	 Volume should be 	8.351904e+13 m^3
 	 Volume corrected to 	1.871713e+10 m^3
 	 The rest is carried over to next year 
   FLOOD WARNING: the maximum predicted flood size has been exceeded. 
      Epoch 1, year 2050 
      Maximum predicted flood 55399.1 (m^3/s) 
      Modeled flood peak 69443 (m^3/s) 
HydroGlacial WARNING: year = 2051, ep =0 
 	 Insufficient precipitation to grow glacier. 
 	 Volume glacier correction: 
 	 Volume should be 	8.351904e+13 m^3
 	 Volume corrected to 	3.064100e+10 m^3
 	 The rest is carried over to next year 
HydroGlacial WARNING: year = 2051, ep =0 
 	 Insufficient precipitation to grow glacier. 
 	 Volume glacier correction: 
 	 Volume should be 	8.351904e+13 m^3
 	 Volume corrected to 	1.192387e+10 m^3
 	 The rest is carried over to next year 
HydroGlacial WARNING: year = 2051, ep =0 
 	 Insufficient precipitation to grow glacier. 
 	 Volume glacier correction: 
 	 Volume should be 	8.351904e+13 m^3
 	 Volume corrected to 	1.192387e+10 m^3
 	 The rest is carried over to next year 
HydroGlacial WARNING: year = 2051, ep =0 
 	 Insufficient precipitation to grow glacier. 
 	 Volume glacier correction: 
 	 Volume should be 	8.351904e+13 m^3
 	 Volume corrected to 	1.192387e+10 m^3
 	 The rest is carried over to next year 
HydroGlacial WARNING: year = 2051, ep =0 
 	 Insufficient precipitation to grow glacier. 
 	 Volume glacier correction: 
 	 Volume should be 	8.351904e+13 m^3
 	 Volume corrected to 	1.192387e+10 m^3
 	 The rest is carried over to next year 
HydroGlacial WARNING: year = 2051, ep =0 
 	 Insufficient precipitation to grow glacier. 
 	 Volume glacier correction: 
 	 Volume should be 	8.351904e+13 m^3
 	 Volume corrected to 	1.192387e+10 m^3
 	 The rest is carried over to next year 
HydroGlacial WARNING: year = 2051, ep =0 
 	 Insufficient precipitation to grow glacier. 
 	 Volume glacier correction: 
 	 Volume should be 	8.351904e+13 m^3
 	 Volume corrected to 	1.192387e+10 m^3
 	 The rest is carried over to next year 
HydroGlacial WARNING: year = 2051, ep =0 
 	 Insufficient precipitation to grow glacier. 
 	 Volume glacier correction: 
 	 Volume should be 	8.351904e+13 m^3
 	 Volume corrected to 	1.192387e+10 m^3
 	 The rest is carried over to next year 
HydroGlacial WARNING: year = 2051, ep =0 
 	 Insufficient precipitation to grow glacier. 
 	 Volume glacier correction: 
 	 Volume should be 	8.351904e+13 m^3
 	 Volume corrected to 	1.192387e+10 m^3
 	 The rest is carried over to next year 
HydroGlacial WARNING: year = 2051, ep =0 
 	 Insufficient precipitation to grow glacier. 
 	 Volume glacier correction: 
 	 Volume should be 	8.351904e+13 m^3
 	 Volume corrected to 	1.192387e+10 m^3
 	 The rest is carried over to next year 
   FLOOD WARNING: the maximum predicted flood size has been exceeded. 
      Epoch 1, year 2051 
      Maximum predicted flood 55399.1 (m^3/s) 
      Modeled flood peak 89798.5 (m^3/s) 
HydroGlacial WARNING: year = 2052, ep =0 
 	 Insufficient precipitation to grow glacier. 
 	 Volume glacier correction: 
 	 Volume should be 	8.351904e+13 m^3
 	 Volume corrected to 	2.378926e+10 m^3
 	 The rest is carried over to next year 
HydroGlacial WARNING: year = 2052, ep =0 
 	 Insufficient precipitation to grow glacier. 
 	 Volume glacier correction: 
 	 Volume should be 	8.351904e+13 m^3
 	 Volume corrected to 	1.186539e+10 m^3
 	 The rest is carried over to next year 
HydroGlacial WARNING: year = 2052, ep =0 
 	 Insufficient precipitation to grow glacier. 
 	 Volume glacier correction: 
 	 Volume should be 	8.351904e+13 m^3
 	 Volume corrected to 	1.186539e+10 m^3
 	 The rest is carried over to next year 
HydroGlacial WARNING: year = 2052, ep =0 
 	 Insufficient precipitation to grow glacier. 
 	 Volume glacier correction: 
 	 Volume should be 	8.351904e+13 m^3
 	 Volume corrected to 	1.186539e+10 m^3
 	 The rest is carried over to next year 
HydroGlacial WARNING: year = 2052, ep =0 
 	 Insufficient precipitation to grow glacier. 
 	 Volume glacier correction: 
 	 Volume should be 	8.351904e+13 m^3
 	 Volume corrected to 	1.186539e+10 m^3
 	 The rest is carried over to next year 
HydroGlacial WARNING: year = 2052, ep =0 
 	 Insufficient precipitation to grow glacier. 
 	 Volume glacier correction: 
 	 Volume should be 	8.351904e+13 m^3
 	 Volume corrected to 	1.186539e+10 m^3
 	 The rest is carried over to next year 
HydroGlacial WARNING: year = 2052, ep =0 
 	 Insufficient precipitation to grow glacier. 
 	 Volume glacier correction: 
 	 Volume should be 	8.351904e+13 m^3
 	 Volume corrected to 	1.186539e+10 m^3
 	 The rest is carried over to next year 
HydroGlacial WARNING: year = 2052, ep =0 
 	 Insufficient precipitation to grow glacier. 
 	 Volume glacier correction: 
 	 Volume should be 	8.351904e+13 m^3
 	 Volume corrected to 	1.186539e+10 m^3
 	 The rest is carried over to next year 
HydroGlacial WARNING: year = 2052, ep =0 
 	 Insufficient precipitation to grow glacier. 
 	 Volume glacier correction: 
 	 Volume should be 	8.351904e+13 m^3
 	 Volume corrected to 	1.186539e+10 m^3
 	 The rest is carried over to next year 
HydroGlacial WARNING: year = 2052, ep =0 
 	 Insufficient precipitation to grow glacier. 
 	 Volume glacier correction: 
 	 Volume should be 	8.351904e+13 m^3
 	 Volume corrected to 	1.186539e+10 m^3
 	 The rest is carried over to next year 
   FLOOD WARNING: the maximum predicted flood size has been exceeded. 
      Epoch 1, year 2052 
      Maximum predicted flood 55399.1 (m^3/s) 
      Modeled flood peak 66934.3 (m^3/s) 
HydroGlacial WARNING: year = 2053, ep =0 
 	 Insufficient precipitation to grow glacier. 
 	 Volume glacier correction: 
 	 Volume should be 	8.351904e+13 m^3
 	 Volume corrected to 	2.721552e+10 m^3
 	 The rest is carried over to next year 
HydroGlacial WARNING: year = 2053, ep =0 
 	 Insufficient precipitation to grow glacier. 
 	 Volume glacier correction: 
 	 Volume should be 	8.351904e+13 m^3
 	 Volume corrected to 	1.535013e+10 m^3
 	 The rest is carried over to next year 
HydroGlacial WARNING: year = 2053, ep =0 
 	 Insufficient precipitation to grow glacier. 
 	 Volume glacier correction: 
 	 Volume should be 	8.351904e+13 m^3
 	 Volume corrected to 	1.535013e+10 m^3
 	 The rest is carried over to next year 
HydroGlacial WARNING: year = 2053, ep =0 
 	 Insufficient precipitation to grow glacier. 
 	 Volume glacier correction: 
 	 Volume should be 	8.351904e+13 m^3
 	 Volume corrected to 	1.535013e+10 m^3
 	 The rest is carried over to next year 
HydroGlacial WARNING: year = 2053, ep =0 
 	 Insufficient precipitation to grow glacier. 
 	 Volume glacier correction: 
 	 Volume should be 	8.351904e+13 m^3
 	 Volume corrected to 	1.535013e+10 m^3
 	 The rest is carried over to next year 
HydroGlacial WARNING: year = 2053, ep =0 
 	 Insufficient precipitation to grow glacier. 
 	 Volume glacier correction: 
 	 Volume should be 	8.351904e+13 m^3
 	 Volume corrected to 	1.535013e+10 m^3
 	 The rest is carried over to next year 
HydroGlacial WARNING: year = 2053, ep =0 
 	 Insufficient precipitation to grow glacier. 
 	 Volume glacier correction: 
 	 Volume should be 	8.351904e+13 m^3
 	 Volume corrected to 	1.535013e+10 m^3
 	 The rest is carried over to next year 
HydroGlacial WARNING: year = 2053, ep =0 
 	 Insufficient precipitation to grow glacier. 
 	 Volume glacier correction: 
 	 Volume should be 	8.351904e+13 m^3
 	 Volume corrected to 	1.535013e+10 m^3
 	 The rest is carried over to next year 
HydroGlacial WARNING: year = 2053, ep =0 
 	 Insufficient precipitation to grow glacier. 
 	 Volume glacier correction: 
 	 Volume should be 	8.351904e+13 m^3
 	 Volume corrected to 	1.535013e+10 m^3
 	 The rest is carried over to next year 
HydroGlacial WARNING: year = 2053, ep =0 
 	 Insufficient precipitation to grow glacier. 
 	 Volume glacier correction: 
 	 Volume should be 	8.351904e+13 m^3
 	 Volume corrected to 	1.535013e+10 m^3
 	 The rest is carried over to next year 
   FLOOD WARNING: the maximum predicted flood size has been exceeded. 
      Epoch 1, year 2053 
      Maximum predicted flood 55399.1 (m^3/s) 
      Modeled flood peak 90756.2 (m^3/s) 
HydroGlacial WARNING: year = 2054, ep =0 
 	 Insufficient precipitation to grow glacier. 
 	 Volume glacier correction: 
 	 Volume should be 	8.351904e+13 m^3
 	 Volume corrected to 	2.620167e+10 m^3
 	 The rest is carried over to next year 
HydroGlacial WARNING: year = 2054, ep =0 
 	 Insufficient precipitation to grow glacier. 
 	 Volume glacier correction: 
 	 Volume should be 	8.351904e+13 m^3
 	 Volume corrected to 	1.085154e+10 m^3
 	 The rest is carried over to next year 
HydroGlacial WARNING: year = 2054, ep =0 
 	 Insufficient precipitation to grow glacier. 
 	 Volume glacier correction: 
 	 Volume should be 	8.351904e+13 m^3
 	 Volume corrected to 	1.085154e+10 m^3
 	 The rest is carried over to next year 
HydroGlacial WARNING: year = 2054, ep =0 
 	 Insufficient precipitation to grow glacier. 
 	 Volume glacier correction: 
 	 Volume should be 	8.351904e+13 m^3
 	 Volume corrected to 	1.085154e+10 m^3
 	 The rest is carried over to next year 
HydroGlacial WARNING: year = 2054, ep =0 
 	 Insufficient precipitation to grow glacier. 
 	 Volume glacier correction: 
 	 Volume should be 	8.351904e+13 m^3
 	 Volume corrected to 	1.085154e+10 m^3
 	 The rest is carried over to next year 
HydroGlacial WARNING: year = 2054, ep =0 
 	 Insufficient precipitation to grow glacier. 
 	 Volume glacier correction: 
 	 Volume should be 	8.351904e+13 m^3
 	 Volume corrected to 	1.085154e+10 m^3
 	 The rest is carried over to next year 
HydroGlacial WARNING: year = 2054, ep =0 
 	 Insufficient precipitation to grow glacier. 
 	 Volume glacier correction: 
 	 Volume should be 	8.351904e+13 m^3
 	 Volume corrected to 	1.085154e+10 m^3
 	 The rest is carried over to next year 
HydroGlacial WARNING: year = 2054, ep =0 
 	 Insufficient precipitation to grow glacier. 
 	 Volume glacier correction: 
 	 Volume should be 	8.351904e+13 m^3
 	 Volume corrected to 	1.085154e+10 m^3
 	 The rest is carried over to next year 
HydroGlacial WARNING: year = 2054, ep =0 
 	 Insufficient precipitation to grow glacier. 
 	 Volume glacier correction: 
 	 Volume should be 	8.351904e+13 m^3
 	 Volume corrected to 	1.085154e+10 m^3
 	 The rest is carried over to next year 
HydroGlacial WARNING: year = 2054, ep =0 
 	 Insufficient precipitation to grow glacier. 
 	 Volume glacier correction: 
 	 Volume should be 	8.351904e+13 m^3
 	 Volume corrected to 	1.085154e+10 m^3
 	 The rest is carried over to next year 
   FLOOD WARNING: the maximum predicted flood size has been exceeded. 
      Epoch 1, year 2054 
      Maximum predicted flood 55399.1 (m^3/s) 
      Modeled flood peak 64482.8 (m^3/s) 
HydroGlacial WARNING: year = 2055, ep =0 
 	 Insufficient precipitation to grow glacier. 
 	 Volume glacier correction: 
 	 Volume should be 	8.351904e+13 m^3
 	 Volume corrected to 	3.044511e+10 m^3
 	 The rest is carried over to next year 

 	 HydroSnow Warning: There is Snow remaining on August 31 
 	 Snowremains 	 = 4.192389e+08 (m^3) 
 	 in year: 2055 
HydroGlacial WARNING: year = 2055, ep =0 
 	 Insufficient precipitation to grow glacier. 
 	 Volume glacier correction: 
 	 Volume should be 	8.351904e+13 m^3
 	 Volume corrected to 	1.959358e+10 m^3
 	 The rest is carried over to next year 

 	 HydroSnow Warning: There is Snow remaining on August 31 
 	 Snowremains 	 = 4.192389e+08 (m^3) 
 	 in year: 2055 
HydroGlacial WARNING: year = 2055, ep =0 
 	 Insufficient precipitation to grow glacier. 
 	 Volume glacier correction: 
 	 Volume should be 	8.351904e+13 m^3
 	 Volume corrected to 	1.959358e+10 m^3
 	 The rest is carried over to next year 

 	 HydroSnow Warning: There is Snow remaining on August 31 
 	 Snowremains 	 = 4.192389e+08 (m^3) 
 	 in year: 2055 
HydroGlacial WARNING: year = 2055, ep =0 
 	 Insufficient precipitation to grow glacier. 
 	 Volume glacier correction: 
 	 Volume should be 	8.351904e+13 m^3
 	 Volume corrected to 	1.959358e+10 m^3
 	 The rest is carried over to next year 

 	 HydroSnow Warning: There is Snow remaining on August 31 
 	 Snowremains 	 = 4.192389e+08 (m^3) 
 	 in year: 2055 
HydroGlacial WARNING: year = 2055, ep =0 
 	 Insufficient precipitation to grow glacier. 
 	 Volume glacier correction: 
 	 Volume should be 	8.351904e+13 m^3
 	 Volume corrected to 	1.959358e+10 m^3
 	 The rest is carried over to next year 

 	 HydroSnow Warning: There is Snow remaining on August 31 
 	 Snowremains 	 = 4.192389e+08 (m^3) 
 	 in year: 2055 
HydroGlacial WARNING: year = 2055, ep =0 
 	 Insufficient precipitation to grow glacier. 
 	 Volume glacier correction: 
 	 Volume should be 	8.351904e+13 m^3
 	 Volume corrected to 	1.959358e+10 m^3
 	 The rest is carried over to next year 

 	 HydroSnow Warning: There is Snow remaining on August 31 
 	 Snowremains 	 = 4.192389e+08 (m^3) 
 	 in year: 2055 
HydroGlacial WARNING: year = 2055, ep =0 
 	 Insufficient precipitation to grow glacier. 
 	 Volume glacier correction: 
 	 Volume should be 	8.351904e+13 m^3
 	 Volume corrected to 	1.959358e+10 m^3
 	 The rest is carried over to next year 

 	 HydroSnow Warning: There is Snow remaining on August 31 
 	 Snowremains 	 = 4.192389e+08 (m^3) 
 	 in year: 2055 
HydroGlacial WARNING: year = 2055, ep =0 
 	 Insufficient precipitation to grow glacier. 
 	 Volume glacier correction: 
 	 Volume should be 	8.351904e+13 m^3
 	 Volume corrected to 	1.959358e+10 m^3
 	 The rest is carried over to next year 

 	 HydroSnow Warning: There is Snow remaining on August 31 
 	 Snowremains 	 = 4.192389e+08 (m^3) 
 	 in year: 2055 
HydroGlacial WARNING: year = 2055, ep =0 
 	 Insufficient precipitation to grow glacier. 
 	 Volume glacier correction: 
 	 Volume should be 	8.351904e+13 m^3
 	 Volume corrected to 	1.959358e+10 m^3
 	 The rest is carried over to next year 

 	 HydroSnow Warning: There is Snow remaining on August 31 
 	 Snowremains 	 = 4.192389e+08 (m^3) 
 	 in year: 2055 
HydroGlacial WARNING: year = 2055, ep =0 
 	 Insufficient precipitation to grow glacier. 
 	 Volume glacier correction: 
 	 Volume should be 	8.351904e+13 m^3
 	 Volume corrected to 	1.959358e+10 m^3
 	 The rest is carried over to next year 

 	 HydroSnow Warning: There is Snow remaining on August 31 
 	 Snowremains 	 = 4.192389e+08 (m^3) 
 	 in year: 2055 
   FLOOD WARNING: the maximum predicted flood size has been exceeded. 
      Epoch 1, year 2055 
      Maximum predicted flood 55399.1 (m^3/s) 
      Modeled flood peak 115463 (m^3/s) 
HydroGlacial WARNING: year = 2056, ep =0 
 	 Insufficient precipitation to grow glacier. 
 	 Volume glacier correction: 
 	 Volume should be 	8.351904e+13 m^3
 	 Volume corrected to 	3.490552e+10 m^3
 	 The rest is carried over to next year 
HydroGlacial WARNING: year = 2056, ep =0 
 	 Insufficient precipitation to grow glacier. 
 	 Volume glacier correction: 
 	 Volume should be 	8.351904e+13 m^3
 	 Volume corrected to 	1.531195e+10 m^3
 	 The rest is carried over to next year 
HydroGlacial WARNING: year = 2056, ep =0 
 	 Insufficient precipitation to grow glacier. 
 	 Volume glacier correction: 
 	 Volume should be 	8.351904e+13 m^3
 	 Volume corrected to 	1.531195e+10 m^3
 	 The rest is carried over to next year 
HydroGlacial WARNING: year = 2056, ep =0 
 	 Insufficient precipitation to grow glacier. 
 	 Volume glacier correction: 
 	 Volume should be 	8.351904e+13 m^3
 	 Volume corrected to 	1.531195e+10 m^3
 	 The rest is carried over to next year 
HydroGlacial WARNING: year = 2056, ep =0 
 	 Insufficient precipitation to grow glacier. 
 	 Volume glacier correction: 
 	 Volume should be 	8.351904e+13 m^3
 	 Volume corrected to 	1.531195e+10 m^3
 	 The rest is carried over to next year 
HydroGlacial WARNING: year = 2056, ep =0 
 	 Insufficient precipitation to grow glacier. 
 	 Volume glacier correction: 
 	 Volume should be 	8.351904e+13 m^3
 	 Volume corrected to 	1.531195e+10 m^3
 	 The rest is carried over to next year 
HydroGlacial WARNING: year = 2056, ep =0 
 	 Insufficient precipitation to grow glacier. 
 	 Volume glacier correction: 
 	 Volume should be 	8.351904e+13 m^3
 	 Volume corrected to 	1.531195e+10 m^3
 	 The rest is carried over to next year 
HydroGlacial WARNING: year = 2056, ep =0 
 	 Insufficient precipitation to grow glacier. 
 	 Volume glacier correction: 
 	 Volume should be 	8.351904e+13 m^3
 	 Volume corrected to 	1.531195e+10 m^3
 	 The rest is carried over to next year 
HydroGlacial WARNING: year = 2056, ep =0 
 	 Insufficient precipitation to grow glacier. 
 	 Volume glacier correction: 
 	 Volume should be 	8.351904e+13 m^3
 	 Volume corrected to 	1.531195e+10 m^3
 	 The rest is carried over to next year 
HydroGlacial WARNING: year = 2056, ep =0 
 	 Insufficient precipitation to grow glacier. 
 	 Volume glacier correction: 
 	 Volume should be 	8.351904e+13 m^3
 	 Volume corrected to 	1.531195e+10 m^3
 	 The rest is carried over to next year 
   FLOOD WARNING: the maximum predicted flood size has been exceeded. 
      Epoch 1, year 2056 
      Maximum predicted flood 55399.1 (m^3/s) 
      Modeled flood peak 97977.6 (m^3/s) 
HydroGlacial WARNING: year = 2057, ep =0 
 	 Insufficient precipitation to grow glacier. 
 	 Volume glacier correction: 
 	 Volume should be 	8.351904e+13 m^3
 	 Volume corrected to 	2.755363e+10 m^3
 	 The rest is carried over to next year 
HydroGlacial WARNING: year = 2057, ep =0 
 	 Insufficient precipitation to grow glacier. 
 	 Volume glacier correction: 
 	 Volume should be 	8.351904e+13 m^3
 	 Volume corrected to 	1.224168e+10 m^3
 	 The rest is carried over to next year 
HydroGlacial WARNING: year = 2057, ep =0 
 	 Insufficient precipitation to grow glacier. 
 	 Volume glacier correction: 
 	 Volume should be 	8.351904e+13 m^3
 	 Volume corrected to 	1.224168e+10 m^3
 	 The rest is carried over to next year 
HydroGlacial WARNING: year = 2057, ep =0 
 	 Insufficient precipitation to grow glacier. 
 	 Volume glacier correction: 
 	 Volume should be 	8.351904e+13 m^3
 	 Volume corrected to 	1.224168e+10 m^3
 	 The rest is carried over to next year 
HydroGlacial WARNING: year = 2057, ep =0 
 	 Insufficient precipitation to grow glacier. 
 	 Volume glacier correction: 
 	 Volume should be 	8.351904e+13 m^3
 	 Volume corrected to 	1.224168e+10 m^3
 	 The rest is carried over to next year 
HydroGlacial WARNING: year = 2057, ep =0 
 	 Insufficient precipitation to grow glacier. 
 	 Volume glacier correction: 
 	 Volume should be 	8.351904e+13 m^3
 	 Volume corrected to 	1.224168e+10 m^3
 	 The rest is carried over to next year 
HydroGlacial WARNING: year = 2057, ep =0 
 	 Insufficient precipitation to grow glacier. 
 	 Volume glacier correction: 
 	 Volume should be 	8.351904e+13 m^3
 	 Volume corrected to 	1.224168e+10 m^3
 	 The rest is carried over to next year 
HydroGlacial WARNING: year = 2057, ep =0 
 	 Insufficient precipitation to grow glacier. 
 	 Volume glacier correction: 
 	 Volume should be 	8.351904e+13 m^3
 	 Volume corrected to 	1.224168e+10 m^3
 	 The rest is carried over to next year 
HydroGlacial WARNING: year = 2057, ep =0 
 	 Insufficient precipitation to grow glacier. 
 	 Volume glacier correction: 
 	 Volume should be 	8.351904e+13 m^3
 	 Volume corrected to 	1.224168e+10 m^3
 	 The rest is carried over to next year 
HydroGlacial WARNING: year = 2057, ep =0 
 	 Insufficient precipitation to grow glacier. 
 	 Volume glacier correction: 
 	 Volume should be 	8.351904e+13 m^3
 	 Volume corrected to 	1.224168e+10 m^3
 	 The rest is carried over to next year 
   FLOOD WARNING: the maximum predicted flood size has been exceeded. 
      Epoch 1, year 2057 
      Maximum predicted flood 55399.1 (m^3/s) 
      Modeled flood peak 55662.9 (m^3/s) 
HydroGlacial WARNING: year = 2058, ep =0 
 	 Insufficient precipitation to grow glacier. 
 	 Volume glacier correction: 
 	 Volume should be 	8.351904e+13 m^3
 	 Volume corrected to 	2.550269e+10 m^3
 	 The rest is carried over to next year 
HydroGlacial WARNING: year = 2058, ep =0 
 	 Insufficient precipitation to grow glacier. 
 	 Volume glacier correction: 
 	 Volume should be 	8.351904e+13 m^3
 	 Volume corrected to 	1.326101e+10 m^3
 	 The rest is carried over to next year 
HydroGlacial WARNING: year = 2058, ep =0 
 	 Insufficient precipitation to grow glacier. 
 	 Volume glacier correction: 
 	 Volume should be 	8.351904e+13 m^3
 	 Volume corrected to 	1.326101e+10 m^3
 	 The rest is carried over to next year 
HydroGlacial WARNING: year = 2058, ep =0 
 	 Insufficient precipitation to grow glacier. 
 	 Volume glacier correction: 
 	 Volume should be 	8.351904e+13 m^3
 	 Volume corrected to 	1.326101e+10 m^3
 	 The rest is carried over to next year 
HydroGlacial WARNING: year = 2058, ep =0 
 	 Insufficient precipitation to grow glacier. 
 	 Volume glacier correction: 
 	 Volume should be 	8.351904e+13 m^3
 	 Volume corrected to 	1.326101e+10 m^3
 	 The rest is carried over to next year 
HydroGlacial WARNING: year = 2058, ep =0 
 	 Insufficient precipitation to grow glacier. 
 	 Volume glacier correction: 
 	 Volume should be 	8.351904e+13 m^3
 	 Volume corrected to 	1.326101e+10 m^3
 	 The rest is carried over to next year 
HydroGlacial WARNING: year = 2058, ep =0 
 	 Insufficient precipitation to grow glacier. 
 	 Volume glacier correction: 
 	 Volume should be 	8.351904e+13 m^3
 	 Volume corrected to 	1.326101e+10 m^3
 	 The rest is carried over to next year 
HydroGlacial WARNING: year = 2058, ep =0 
 	 Insufficient precipitation to grow glacier. 
 	 Volume glacier correction: 
 	 Volume should be 	8.351904e+13 m^3
 	 Volume corrected to 	1.326101e+10 m^3
 	 The rest is carried over to next year 
HydroGlacial WARNING: year = 2058, ep =0 
 	 Insufficient precipitation to grow glacier. 
 	 Volume glacier correction: 
 	 Volume should be 	8.351904e+13 m^3
 	 Volume corrected to 	1.326101e+10 m^3
 	 The rest is carried over to next year 
HydroGlacial WARNING: year = 2058, ep =0 
 	 Insufficient precipitation to grow glacier. 
 	 Volume glacier correction: 
 	 Volume should be 	8.351904e+13 m^3
 	 Volume corrected to 	1.326101e+10 m^3
 	 The rest is carried over to next year 
   FLOOD WARNING: the maximum predicted flood size has been exceeded. 
      Epoch 1, year 2058 
      Maximum predicted flood 55399.1 (m^3/s) 
      Modeled flood peak 85706 (m^3/s) 
HydroGlacial WARNING: year = 2059, ep =0 
 	 Insufficient precipitation to grow glacier. 
 	 Volume glacier correction: 
 	 Volume should be 	8.351904e+13 m^3
 	 Volume corrected to 	3.189603e+10 m^3
 	 The rest is carried over to next year 
HydroGlacial WARNING: year = 2059, ep =0 
 	 Insufficient precipitation to grow glacier. 
 	 Volume glacier correction: 
 	 Volume should be 	8.351904e+13 m^3
 	 Volume corrected to 	1.863502e+10 m^3
 	 The rest is carried over to next year 
HydroGlacial WARNING: year = 2059, ep =0 
 	 Insufficient precipitation to grow glacier. 
 	 Volume glacier correction: 
 	 Volume should be 	8.351904e+13 m^3
 	 Volume corrected to 	1.863502e+10 m^3
 	 The rest is carried over to next year 
HydroGlacial WARNING: year = 2059, ep =0 
 	 Insufficient precipitation to grow glacier. 
 	 Volume glacier correction: 
 	 Volume should be 	8.351904e+13 m^3
 	 Volume corrected to 	1.863502e+10 m^3
 	 The rest is carried over to next year 
HydroGlacial WARNING: year = 2059, ep =0 
 	 Insufficient precipitation to grow glacier. 
 	 Volume glacier correction: 
 	 Volume should be 	8.351904e+13 m^3
 	 Volume corrected to 	1.863502e+10 m^3
 	 The rest is carried over to next year 
HydroGlacial WARNING: year = 2059, ep =0 
 	 Insufficient precipitation to grow glacier. 
 	 Volume glacier correction: 
 	 Volume should be 	8.351904e+13 m^3
 	 Volume corrected to 	1.863502e+10 m^3
 	 The rest is carried over to next year 
HydroGlacial WARNING: year = 2059, ep =0 
 	 Insufficient precipitation to grow glacier. 
 	 Volume glacier correction: 
 	 Volume should be 	8.351904e+13 m^3
 	 Volume corrected to 	1.863502e+10 m^3
 	 The rest is carried over to next year 
HydroGlacial WARNING: year = 2059, ep =0 
 	 Insufficient precipitation to grow glacier. 
 	 Volume glacier correction: 
 	 Volume should be 	8.351904e+13 m^3
 	 Volume corrected to 	1.863502e+10 m^3
 	 The rest is carried over to next year 
HydroGlacial WARNING: year = 2059, ep =0 
 	 Insufficient precipitation to grow glacier. 
 	 Volume glacier correction: 
 	 Volume should be 	8.351904e+13 m^3
 	 Volume corrected to 	1.863502e+10 m^3
 	 The rest is carried over to next year 
HydroGlacial WARNING: year = 2059, ep =0 
 	 Insufficient precipitation to grow glacier. 
 	 Volume glacier correction: 
 	 Volume should be 	8.351904e+13 m^3
 	 Volume corrected to 	1.863502e+10 m^3
 	 The rest is carried over to next year 
   FLOOD WARNING: the maximum predicted flood size has been exceeded. 
      Epoch 1, year 2059 
      Maximum predicted flood 55399.1 (m^3/s) 
      Modeled flood peak 84410.2 (m^3/s) 
HydroGlacial WARNING: year = 2060, ep =0 
 	 Insufficient precipitation to grow glacier. 
 	 Volume glacier correction: 
 	 Volume should be 	8.351904e+13 m^3
 	 Volume corrected to 	2.969330e+10 m^3
 	 The rest is carried over to next year 
HydroGlacial WARNING: year = 2060, ep =0 
 	 Insufficient precipitation to grow glacier. 
 	 Volume glacier correction: 
 	 Volume should be 	8.351904e+13 m^3
 	 Volume corrected to 	1.105828e+10 m^3
 	 The rest is carried over to next year 
HydroGlacial WARNING: year = 2060, ep =0 
 	 Insufficient precipitation to grow glacier. 
 	 Volume glacier correction: 
 	 Volume should be 	8.351904e+13 m^3
 	 Volume corrected to 	1.105828e+10 m^3
 	 The rest is carried over to next year 
HydroGlacial WARNING: year = 2060, ep =0 
 	 Insufficient precipitation to grow glacier. 
 	 Volume glacier correction: 
 	 Volume should be 	8.351904e+13 m^3
 	 Volume corrected to 	1.105828e+10 m^3
 	 The rest is carried over to next year 
HydroGlacial WARNING: year = 2060, ep =0 
 	 Insufficient precipitation to grow glacier. 
 	 Volume glacier correction: 
 	 Volume should be 	8.351904e+13 m^3
 	 Volume corrected to 	1.105828e+10 m^3
 	 The rest is carried over to next year 
HydroGlacial WARNING: year = 2060, ep =0 
 	 Insufficient precipitation to grow glacier. 
 	 Volume glacier correction: 
 	 Volume should be 	8.351904e+13 m^3
 	 Volume corrected to 	1.105828e+10 m^3
 	 The rest is carried over to next year 
HydroGlacial WARNING: year = 2060, ep =0 
 	 Insufficient precipitation to grow glacier. 
 	 Volume glacier correction: 
 	 Volume should be 	8.351904e+13 m^3
 	 Volume corrected to 	1.105828e+10 m^3
 	 The rest is carried over to next year 
HydroGlacial WARNING: year = 2060, ep =0 
 	 Insufficient precipitation to grow glacier. 
 	 Volume glacier correction: 
 	 Volume should be 	8.351904e+13 m^3
 	 Volume corrected to 	1.105828e+10 m^3
 	 The rest is carried over to next year 
HydroGlacial WARNING: year = 2060, ep =0 
 	 Insufficient precipitation to grow glacier. 
 	 Volume glacier correction: 
 	 Volume should be 	8.351904e+13 m^3
 	 Volume corrected to 	1.105828e+10 m^3
 	 The rest is carried over to next year 
HydroGlacial WARNING: year = 2060, ep =0 
 	 Insufficient precipitation to grow glacier. 
 	 Volume glacier correction: 
 	 Volume should be 	8.351904e+13 m^3
 	 Volume corrected to 	1.105828e+10 m^3
 	 The rest is carried over to next year 
   FLOOD WARNING: the maximum predicted flood size has been exceeded. 
      Epoch 1, year 2060 
      Maximum predicted flood 55399.1 (m^3/s) 
      Modeled flood peak 149353 (m^3/s) 
HydroGlacial WARNING: year = 2061, ep =0 
 	 Insufficient precipitation to grow glacier. 
 	 Volume glacier correction: 
 	 Volume should be 	8.351904e+13 m^3
 	 Volume corrected to 	3.028673e+10 m^3
 	 The rest is carried over to next year 
HydroGlacial WARNING: year = 2061, ep =0 
 	 Insufficient precipitation to grow glacier. 
 	 Volume glacier correction: 
 	 Volume should be 	8.351904e+13 m^3
 	 Volume corrected to 	1.922845e+10 m^3
 	 The rest is carried over to next year 
HydroGlacial WARNING: year = 2061, ep =0 
 	 Insufficient precipitation to grow glacier. 
 	 Volume glacier correction: 
 	 Volume should be 	8.351904e+13 m^3
 	 Volume corrected to 	1.922845e+10 m^3
 	 The rest is carried over to next year 
HydroGlacial WARNING: year = 2061, ep =0 
 	 Insufficient precipitation to grow glacier. 
 	 Volume glacier correction: 
 	 Volume should be 	8.351904e+13 m^3
 	 Volume corrected to 	1.922845e+10 m^3
 	 The rest is carried over to next year 
HydroGlacial WARNING: year = 2061, ep =0 
 	 Insufficient precipitation to grow glacier. 
 	 Volume glacier correction: 
 	 Volume should be 	8.351904e+13 m^3
 	 Volume corrected to 	1.922845e+10 m^3
 	 The rest is carried over to next year 
HydroGlacial WARNING: year = 2061, ep =0 
 	 Insufficient precipitation to grow glacier. 
 	 Volume glacier correction: 
 	 Volume should be 	8.351904e+13 m^3
 	 Volume corrected to 	1.922845e+10 m^3
 	 The rest is carried over to next year 
HydroGlacial WARNING: year = 2061, ep =0 
 	 Insufficient precipitation to grow glacier. 
 	 Volume glacier correction: 
 	 Volume should be 	8.351904e+13 m^3
 	 Volume corrected to 	1.922845e+10 m^3
 	 The rest is carried over to next year 
HydroGlacial WARNING: year = 2061, ep =0 
 	 Insufficient precipitation to grow glacier. 
 	 Volume glacier correction: 
 	 Volume should be 	8.351904e+13 m^3
 	 Volume corrected to 	1.922845e+10 m^3
 	 The rest is carried over to next year 
HydroGlacial WARNING: year = 2061, ep =0 
 	 Insufficient precipitation to grow glacier. 
 	 Volume glacier correction: 
 	 Volume should be 	8.351904e+13 m^3
 	 Volume corrected to 	1.922845e+10 m^3
 	 The rest is carried over to next year 
HydroGlacial WARNING: year = 2061, ep =0 
 	 Insufficient precipitation to grow glacier. 
 	 Volume glacier correction: 
 	 Volume should be 	8.351904e+13 m^3
 	 Volume corrected to 	1.922845e+10 m^3
 	 The rest is carried over to next year 
   FLOOD WARNING: the maximum predicted flood size has been exceeded. 
      Epoch 1, year 2061 
      Maximum predicted flood 55399.1 (m^3/s) 
      Modeled flood peak 70671.6 (m^3/s) 
HydroGlacial WARNING: year = 2062, ep =0 
 	 Insufficient precipitation to grow glacier. 
 	 Volume glacier correction: 
 	 Volume should be 	8.351904e+13 m^3
 	 Volume corrected to 	3.403551e+10 m^3
 	 The rest is carried over to next year 
HydroGlacial WARNING: year = 2062, ep =0 
 	 Insufficient precipitation to grow glacier. 
 	 Volume glacier correction: 
 	 Volume should be 	8.351904e+13 m^3
 	 Volume corrected to 	1.480707e+10 m^3
 	 The rest is carried over to next year 
HydroGlacial WARNING: year = 2062, ep =0 
 	 Insufficient precipitation to grow glacier. 
 	 Volume glacier correction: 
 	 Volume should be 	8.351904e+13 m^3
 	 Volume corrected to 	1.480707e+10 m^3
 	 The rest is carried over to next year 
HydroGlacial WARNING: year = 2062, ep =0 
 	 Insufficient precipitation to grow glacier. 
 	 Volume glacier correction: 
 	 Volume should be 	8.351904e+13 m^3
 	 Volume corrected to 	1.480707e+10 m^3
 	 The rest is carried over to next year 
HydroGlacial WARNING: year = 2062, ep =0 
 	 Insufficient precipitation to grow glacier. 
 	 Volume glacier correction: 
 	 Volume should be 	8.351904e+13 m^3
 	 Volume corrected to 	1.480707e+10 m^3
 	 The rest is carried over to next year 
HydroGlacial WARNING: year = 2062, ep =0 
 	 Insufficient precipitation to grow glacier. 
 	 Volume glacier correction: 
 	 Volume should be 	8.351904e+13 m^3
 	 Volume corrected to 	1.480707e+10 m^3
 	 The rest is carried over to next year 
HydroGlacial WARNING: year = 2062, ep =0 
 	 Insufficient precipitation to grow glacier. 
 	 Volume glacier correction: 
 	 Volume should be 	8.351904e+13 m^3
 	 Volume corrected to 	1.480707e+10 m^3
 	 The rest is carried over to next year 
HydroGlacial WARNING: year = 2062, ep =0 
 	 Insufficient precipitation to grow glacier. 
 	 Volume glacier correction: 
 	 Volume should be 	8.351904e+13 m^3
 	 Volume corrected to 	1.480707e+10 m^3
 	 The rest is carried over to next year 
HydroGlacial WARNING: year = 2062, ep =0 
 	 Insufficient precipitation to grow glacier. 
 	 Volume glacier correction: 
 	 Volume should be 	8.351904e+13 m^3
 	 Volume corrected to 	1.480707e+10 m^3
 	 The rest is carried over to next year 
HydroGlacial WARNING: year = 2062, ep =0 
 	 Insufficient precipitation to grow glacier. 
 	 Volume glacier correction: 
 	 Volume should be 	8.351904e+13 m^3
 	 Volume corrected to 	1.480707e+10 m^3
 	 The rest is carried over to next year 
   FLOOD WARNING: the maximum predicted flood size has been exceeded. 
      Epoch 1, year 2062 
      Maximum predicted flood 55399.1 (m^3/s) 
      Modeled flood peak 103124 (m^3/s) 
HydroGlacial WARNING: year = 2063, ep =0 
 	 Insufficient precipitation to grow glacier. 
 	 Volume glacier correction: 
 	 Volume should be 	8.351904e+13 m^3
 	 Volume corrected to 	2.409704e+10 m^3
 	 The rest is carried over to next year 
HydroGlacial WARNING: year = 2063, ep =0 
 	 Insufficient precipitation to grow glacier. 
 	 Volume glacier correction: 
 	 Volume should be 	8.351904e+13 m^3
 	 Volume corrected to 	9.289977e+09 m^3
 	 The rest is carried over to next year 
HydroGlacial WARNING: year = 2063, ep =0 
 	 Insufficient precipitation to grow glacier. 
 	 Volume glacier correction: 
 	 Volume should be 	8.351904e+13 m^3
 	 Volume corrected to 	9.289977e+09 m^3
 	 The rest is carried over to next year 
HydroGlacial WARNING: year = 2063, ep =0 
 	 Insufficient precipitation to grow glacier. 
 	 Volume glacier correction: 
 	 Volume should be 	8.351904e+13 m^3
 	 Volume corrected to 	9.289977e+09 m^3
 	 The rest is carried over to next year 
HydroGlacial WARNING: year = 2063, ep =0 
 	 Insufficient precipitation to grow glacier. 
 	 Volume glacier correction: 
 	 Volume should be 	8.351904e+13 m^3
 	 Volume corrected to 	9.289977e+09 m^3
 	 The rest is carried over to next year 
HydroGlacial WARNING: year = 2063, ep =0 
 	 Insufficient precipitation to grow glacier. 
 	 Volume glacier correction: 
 	 Volume should be 	8.351904e+13 m^3
 	 Volume corrected to 	9.289977e+09 m^3
 	 The rest is carried over to next year 
HydroGlacial WARNING: year = 2063, ep =0 
 	 Insufficient precipitation to grow glacier. 
 	 Volume glacier correction: 
 	 Volume should be 	8.351904e+13 m^3
 	 Volume corrected to 	9.289977e+09 m^3
 	 The rest is carried over to next year 
HydroGlacial WARNING: year = 2063, ep =0 
 	 Insufficient precipitation to grow glacier. 
 	 Volume glacier correction: 
 	 Volume should be 	8.351904e+13 m^3
 	 Volume corrected to 	9.289977e+09 m^3
 	 The rest is carried over to next year 
HydroGlacial WARNING: year = 2063, ep =0 
 	 Insufficient precipitation to grow glacier. 
 	 Volume glacier correction: 
 	 Volume should be 	8.351904e+13 m^3
 	 Volume corrected to 	9.289977e+09 m^3
 	 The rest is carried over to next year 
HydroGlacial WARNING: year = 2063, ep =0 
 	 Insufficient precipitation to grow glacier. 
 	 Volume glacier correction: 
 	 Volume should be 	8.351904e+13 m^3
 	 Volume corrected to 	9.289977e+09 m^3
 	 The rest is carried over to next year 
   FLOOD WARNING: the maximum predicted flood size has been exceeded. 
      Epoch 1, year 2063 
      Maximum predicted flood 55399.1 (m^3/s) 
      Modeled flood peak 88567.8 (m^3/s) 
HydroGlacial WARNING: year = 2064, ep =0 
 	 Insufficient precipitation to grow glacier. 
 	 Volume glacier correction: 
 	 Volume should be 	8.351904e+13 m^3
 	 Volume corrected to 	2.354005e+10 m^3
 	 The rest is carried over to next year 
HydroGlacial WARNING: year = 2064, ep =0 
 	 Insufficient precipitation to grow glacier. 
 	 Volume glacier correction: 
 	 Volume should be 	8.351904e+13 m^3
 	 Volume corrected to 	1.425007e+10 m^3
 	 The rest is carried over to next year 
HydroGlacial WARNING: year = 2064, ep =0 
 	 Insufficient precipitation to grow glacier. 
 	 Volume glacier correction: 
 	 Volume should be 	8.351904e+13 m^3
 	 Volume corrected to 	1.425007e+10 m^3
 	 The rest is carried over to next year 
HydroGlacial WARNING: year = 2064, ep =0 
 	 Insufficient precipitation to grow glacier. 
 	 Volume glacier correction: 
 	 Volume should be 	8.351904e+13 m^3
 	 Volume corrected to 	1.425007e+10 m^3
 	 The rest is carried over to next year 
HydroGlacial WARNING: year = 2064, ep =0 
 	 Insufficient precipitation to grow glacier. 
 	 Volume glacier correction: 
 	 Volume should be 	8.351904e+13 m^3
 	 Volume corrected to 	1.425007e+10 m^3
 	 The rest is carried over to next year 
HydroGlacial WARNING: year = 2064, ep =0 
 	 Insufficient precipitation to grow glacier. 
 	 Volume glacier correction: 
 	 Volume should be 	8.351904e+13 m^3
 	 Volume corrected to 	1.425007e+10 m^3
 	 The rest is carried over to next year 
HydroGlacial WARNING: year = 2064, ep =0 
 	 Insufficient precipitation to grow glacier. 
 	 Volume glacier correction: 
 	 Volume should be 	8.351904e+13 m^3
 	 Volume corrected to 	1.425007e+10 m^3
 	 The rest is carried over to next year 
HydroGlacial WARNING: year = 2064, ep =0 
 	 Insufficient precipitation to grow glacier. 
 	 Volume glacier correction: 
 	 Volume should be 	8.351904e+13 m^3
 	 Volume corrected to 	1.425007e+10 m^3
 	 The rest is carried over to next year 
HydroGlacial WARNING: year = 2064, ep =0 
 	 Insufficient precipitation to grow glacier. 
 	 Volume glacier correction: 
 	 Volume should be 	8.351904e+13 m^3
 	 Volume corrected to 	1.425007e+10 m^3
 	 The rest is carried over to next year 
HydroGlacial WARNING: year = 2064, ep =0 
 	 Insufficient precipitation to grow glacier. 
 	 Volume glacier correction: 
 	 Volume should be 	8.351904e+13 m^3
 	 Volume corrected to 	1.425007e+10 m^3
 	 The rest is carried over to next year 
   FLOOD WARNING: the maximum predicted flood size has been exceeded. 
      Epoch 1, year 2064 
      Maximum predicted flood 55399.1 (m^3/s) 
      Modeled flood peak 121052 (m^3/s) 
HydroGlacial WARNING: year = 2065, ep =0 
 	 Insufficient precipitation to grow glacier. 
 	 Volume glacier correction: 
 	 Volume should be 	8.351904e+13 m^3
 	 Volume corrected to 	2.436520e+10 m^3
 	 The rest is carried over to next year 
HydroGlacial WARNING: year = 2065, ep =0 
 	 Insufficient precipitation to grow glacier. 
 	 Volume glacier correction: 
 	 Volume should be 	8.351904e+13 m^3
 	 Volume corrected to 	1.011513e+10 m^3
 	 The rest is carried over to next year 
HydroGlacial WARNING: year = 2065, ep =0 
 	 Insufficient precipitation to grow glacier. 
 	 Volume glacier correction: 
 	 Volume should be 	8.351904e+13 m^3
 	 Volume corrected to 	1.011513e+10 m^3
 	 The rest is carried over to next year 
HydroGlacial WARNING: year = 2065, ep =0 
 	 Insufficient precipitation to grow glacier. 
 	 Volume glacier correction: 
 	 Volume should be 	8.351904e+13 m^3
 	 Volume corrected to 	1.011513e+10 m^3
 	 The rest is carried over to next year 
HydroGlacial WARNING: year = 2065, ep =0 
 	 Insufficient precipitation to grow glacier. 
 	 Volume glacier correction: 
 	 Volume should be 	8.351904e+13 m^3
 	 Volume corrected to 	1.011513e+10 m^3
 	 The rest is carried over to next year 
HydroGlacial WARNING: year = 2065, ep =0 
 	 Insufficient precipitation to grow glacier. 
 	 Volume glacier correction: 
 	 Volume should be 	8.351904e+13 m^3
 	 Volume corrected to 	1.011513e+10 m^3
 	 The rest is carried over to next year 
HydroGlacial WARNING: year = 2065, ep =0 
 	 Insufficient precipitation to grow glacier. 
 	 Volume glacier correction: 
 	 Volume should be 	8.351904e+13 m^3
 	 Volume corrected to 	1.011513e+10 m^3
 	 The rest is carried over to next year 
HydroGlacial WARNING: year = 2065, ep =0 
 	 Insufficient precipitation to grow glacier. 
 	 Volume glacier correction: 
 	 Volume should be 	8.351904e+13 m^3
 	 Volume corrected to 	1.011513e+10 m^3
 	 The rest is carried over to next year 
HydroGlacial WARNING: year = 2065, ep =0 
 	 Insufficient precipitation to grow glacier. 
 	 Volume glacier correction: 
 	 Volume should be 	8.351904e+13 m^3
 	 Volume corrected to 	1.011513e+10 m^3
 	 The rest is carried over to next year 
HydroGlacial WARNING: year = 2065, ep =0 
 	 Insufficient precipitation to grow glacier. 
 	 Volume glacier correction: 
 	 Volume should be 	8.351904e+13 m^3
 	 Volume corrected to 	1.011513e+10 m^3
 	 The rest is carried over to next year 
   FLOOD WARNING: the maximum predicted flood size has been exceeded. 
      Epoch 1, year 2065 
      Maximum predicted flood 55399.1 (m^3/s) 
      Modeled flood peak 70408.5 (m^3/s) 
HydroGlacial WARNING: year = 2066, ep =0 
 	 Insufficient precipitation to grow glacier. 
 	 Volume glacier correction: 
 	 Volume should be 	8.351904e+13 m^3
 	 Volume corrected to 	2.817609e+10 m^3
 	 The rest is carried over to next year 

 	 HydroSnow Warning: There is Snow remaining on August 31 
 	 Snowremains 	 = 4.205397e+07 (m^3) 
 	 in year: 2066 
HydroGlacial WARNING: year = 2066, ep =0 
 	 Insufficient precipitation to grow glacier. 
 	 Volume glacier correction: 
 	 Volume should be 	8.351904e+13 m^3
 	 Volume corrected to 	1.806096e+10 m^3
 	 The rest is carried over to next year 

 	 HydroSnow Warning: There is Snow remaining on August 31 
 	 Snowremains 	 = 4.205397e+07 (m^3) 
 	 in year: 2066 
HydroGlacial WARNING: year = 2066, ep =0 
 	 Insufficient precipitation to grow glacier. 
 	 Volume glacier correction: 
 	 Volume should be 	8.351904e+13 m^3
 	 Volume corrected to 	1.806096e+10 m^3
 	 The rest is carried over to next year 

 	 HydroSnow Warning: There is Snow remaining on August 31 
 	 Snowremains 	 = 4.205397e+07 (m^3) 
 	 in year: 2066 
HydroGlacial WARNING: year = 2066, ep =0 
 	 Insufficient precipitation to grow glacier. 
 	 Volume glacier correction: 
 	 Volume should be 	8.351904e+13 m^3
 	 Volume corrected to 	1.806096e+10 m^3
 	 The rest is carried over to next year 

 	 HydroSnow Warning: There is Snow remaining on August 31 
 	 Snowremains 	 = 4.205397e+07 (m^3) 
 	 in year: 2066 
HydroGlacial WARNING: year = 2066, ep =0 
 	 Insufficient precipitation to grow glacier. 
 	 Volume glacier correction: 
 	 Volume should be 	8.351904e+13 m^3
 	 Volume corrected to 	1.806096e+10 m^3
 	 The rest is carried over to next year 

 	 HydroSnow Warning: There is Snow remaining on August 31 
 	 Snowremains 	 = 4.205397e+07 (m^3) 
 	 in year: 2066 
HydroGlacial WARNING: year = 2066, ep =0 
 	 Insufficient precipitation to grow glacier. 
 	 Volume glacier correction: 
 	 Volume should be 	8.351904e+13 m^3
 	 Volume corrected to 	1.806096e+10 m^3
 	 The rest is carried over to next year 

 	 HydroSnow Warning: There is Snow remaining on August 31 
 	 Snowremains 	 = 4.205397e+07 (m^3) 
 	 in year: 2066 
HydroGlacial WARNING: year = 2066, ep =0 
 	 Insufficient precipitation to grow glacier. 
 	 Volume glacier correction: 
 	 Volume should be 	8.351904e+13 m^3
 	 Volume corrected to 	1.806096e+10 m^3
 	 The rest is carried over to next year 

 	 HydroSnow Warning: There is Snow remaining on August 31 
 	 Snowremains 	 = 4.205397e+07 (m^3) 
 	 in year: 2066 
HydroGlacial WARNING: year = 2066, ep =0 
 	 Insufficient precipitation to grow glacier. 
 	 Volume glacier correction: 
 	 Volume should be 	8.351904e+13 m^3
 	 Volume corrected to 	1.806096e+10 m^3
 	 The rest is carried over to next year 

 	 HydroSnow Warning: There is Snow remaining on August 31 
 	 Snowremains 	 = 4.205397e+07 (m^3) 
 	 in year: 2066 
HydroGlacial WARNING: year = 2066, ep =0 
 	 Insufficient precipitation to grow glacier. 
 	 Volume glacier correction: 
 	 Volume should be 	8.351904e+13 m^3
 	 Volume corrected to 	1.806096e+10 m^3
 	 The rest is carried over to next year 

 	 HydroSnow Warning: There is Snow remaining on August 31 
 	 Snowremains 	 = 4.205397e+07 (m^3) 
 	 in year: 2066 
HydroGlacial WARNING: year = 2066, ep =0 
 	 Insufficient precipitation to grow glacier. 
 	 Volume glacier correction: 
 	 Volume should be 	8.351904e+13 m^3
 	 Volume corrected to 	1.806096e+10 m^3
 	 The rest is carried over to next year 

 	 HydroSnow Warning: There is Snow remaining on August 31 
 	 Snowremains 	 = 4.205397e+07 (m^3) 
 	 in year: 2066 
   FLOOD WARNING: the maximum predicted flood size has been exceeded. 
      Epoch 1, year 2066 
      Maximum predicted flood 55399.1 (m^3/s) 
      Modeled flood peak 106220 (m^3/s) 
HydroGlacial WARNING: year = 2067, ep =0 
 	 Insufficient precipitation to grow glacier. 
 	 Volume glacier correction: 
 	 Volume should be 	8.351904e+13 m^3
 	 Volume corrected to 	3.227643e+10 m^3
 	 The rest is carried over to next year 
HydroGlacial WARNING: year = 2067, ep =0 
 	 Insufficient precipitation to grow glacier. 
 	 Volume glacier correction: 
 	 Volume should be 	8.351904e+13 m^3
 	 Volume corrected to 	1.421546e+10 m^3
 	 The rest is carried over to next year 
HydroGlacial WARNING: year = 2067, ep =0 
 	 Insufficient precipitation to grow glacier. 
 	 Volume glacier correction: 
 	 Volume should be 	8.351904e+13 m^3
 	 Volume corrected to 	1.421546e+10 m^3
 	 The rest is carried over to next year 
HydroGlacial WARNING: year = 2067, ep =0 
 	 Insufficient precipitation to grow glacier. 
 	 Volume glacier correction: 
 	 Volume should be 	8.351904e+13 m^3
 	 Volume corrected to 	1.421546e+10 m^3
 	 The rest is carried over to next year 
HydroGlacial WARNING: year = 2067, ep =0 
 	 Insufficient precipitation to grow glacier. 
 	 Volume glacier correction: 
 	 Volume should be 	8.351904e+13 m^3
 	 Volume corrected to 	1.421546e+10 m^3
 	 The rest is carried over to next year 
HydroGlacial WARNING: year = 2067, ep =0 
 	 Insufficient precipitation to grow glacier. 
 	 Volume glacier correction: 
 	 Volume should be 	8.351904e+13 m^3
 	 Volume corrected to 	1.421546e+10 m^3
 	 The rest is carried over to next year 
HydroGlacial WARNING: year = 2067, ep =0 
 	 Insufficient precipitation to grow glacier. 
 	 Volume glacier correction: 
 	 Volume should be 	8.351904e+13 m^3
 	 Volume corrected to 	1.421546e+10 m^3
 	 The rest is carried over to next year 
HydroGlacial WARNING: year = 2067, ep =0 
 	 Insufficient precipitation to grow glacier. 
 	 Volume glacier correction: 
 	 Volume should be 	8.351904e+13 m^3
 	 Volume corrected to 	1.421546e+10 m^3
 	 The rest is carried over to next year 
HydroGlacial WARNING: year = 2067, ep =0 
 	 Insufficient precipitation to grow glacier. 
 	 Volume glacier correction: 
 	 Volume should be 	8.351904e+13 m^3
 	 Volume corrected to 	1.421546e+10 m^3
 	 The rest is carried over to next year 
HydroGlacial WARNING: year = 2067, ep =0 
 	 Insufficient precipitation to grow glacier. 
 	 Volume glacier correction: 
 	 Volume should be 	8.351904e+13 m^3
 	 Volume corrected to 	1.421546e+10 m^3
 	 The rest is carried over to next year 
   FLOOD WARNING: the maximum predicted flood size has been exceeded. 
      Epoch 1, year 2067 
      Maximum predicted flood 55399.1 (m^3/s) 
      Modeled flood peak 75835.7 (m^3/s) 
HydroGlacial WARNING: year = 2068, ep =0 
 	 Insufficient precipitation to grow glacier. 
 	 Volume glacier correction: 
 	 Volume should be 	8.351904e+13 m^3
 	 Volume corrected to 	2.797501e+10 m^3
 	 The rest is carried over to next year 
HydroGlacial WARNING: year = 2068, ep =0 
 	 Insufficient precipitation to grow glacier. 
 	 Volume glacier correction: 
 	 Volume should be 	8.351904e+13 m^3
 	 Volume corrected to 	1.375955e+10 m^3
 	 The rest is carried over to next year 
HydroGlacial WARNING: year = 2068, ep =0 
 	 Insufficient precipitation to grow glacier. 
 	 Volume glacier correction: 
 	 Volume should be 	8.351904e+13 m^3
 	 Volume corrected to 	1.375955e+10 m^3
 	 The rest is carried over to next year 
HydroGlacial WARNING: year = 2068, ep =0 
 	 Insufficient precipitation to grow glacier. 
 	 Volume glacier correction: 
 	 Volume should be 	8.351904e+13 m^3
 	 Volume corrected to 	1.375955e+10 m^3
 	 The rest is carried over to next year 
HydroGlacial WARNING: year = 2068, ep =0 
 	 Insufficient precipitation to grow glacier. 
 	 Volume glacier correction: 
 	 Volume should be 	8.351904e+13 m^3
 	 Volume corrected to 	1.375955e+10 m^3
 	 The rest is carried over to next year 
HydroGlacial WARNING: year = 2068, ep =0 
 	 Insufficient precipitation to grow glacier. 
 	 Volume glacier correction: 
 	 Volume should be 	8.351904e+13 m^3
 	 Volume corrected to 	1.375955e+10 m^3
 	 The rest is carried over to next year 
HydroGlacial WARNING: year = 2068, ep =0 
 	 Insufficient precipitation to grow glacier. 
 	 Volume glacier correction: 
 	 Volume should be 	8.351904e+13 m^3
 	 Volume corrected to 	1.375955e+10 m^3
 	 The rest is carried over to next year 
HydroGlacial WARNING: year = 2068, ep =0 
 	 Insufficient precipitation to grow glacier. 
 	 Volume glacier correction: 
 	 Volume should be 	8.351904e+13 m^3
 	 Volume corrected to 	1.375955e+10 m^3
 	 The rest is carried over to next year 
HydroGlacial WARNING: year = 2068, ep =0 
 	 Insufficient precipitation to grow glacier. 
 	 Volume glacier correction: 
 	 Volume should be 	8.351904e+13 m^3
 	 Volume corrected to 	1.375955e+10 m^3
 	 The rest is carried over to next year 
HydroGlacial WARNING: year = 2068, ep =0 
 	 Insufficient precipitation to grow glacier. 
 	 Volume glacier correction: 
 	 Volume should be 	8.351904e+13 m^3
 	 Volume corrected to 	1.375955e+10 m^3
 	 The rest is carried over to next year 
   FLOOD WARNING: the maximum predicted flood size has been exceeded. 
      Epoch 1, year 2068 
      Maximum predicted flood 55399.1 (m^3/s) 
      Modeled flood peak 177318 (m^3/s) 
HydroGlacial WARNING: year = 2069, ep =0 
 	 Insufficient precipitation to grow glacier. 
 	 Volume glacier correction: 
 	 Volume should be 	8.351904e+13 m^3
 	 Volume corrected to 	2.617501e+10 m^3
 	 The rest is carried over to next year 
HydroGlacial WARNING: year = 2069, ep =0 
 	 Insufficient precipitation to grow glacier. 
 	 Volume glacier correction: 
 	 Volume should be 	8.351904e+13 m^3
 	 Volume corrected to 	1.241546e+10 m^3
 	 The rest is carried over to next year 
HydroGlacial WARNING: year = 2069, ep =0 
 	 Insufficient precipitation to grow glacier. 
 	 Volume glacier correction: 
 	 Volume should be 	8.351904e+13 m^3
 	 Volume corrected to 	1.241546e+10 m^3
 	 The rest is carried over to next year 
HydroGlacial WARNING: year = 2069, ep =0 
 	 Insufficient precipitation to grow glacier. 
 	 Volume glacier correction: 
 	 Volume should be 	8.351904e+13 m^3
 	 Volume corrected to 	1.241546e+10 m^3
 	 The rest is carried over to next year 
HydroGlacial WARNING: year = 2069, ep =0 
 	 Insufficient precipitation to grow glacier. 
 	 Volume glacier correction: 
 	 Volume should be 	8.351904e+13 m^3
 	 Volume corrected to 	1.241546e+10 m^3
 	 The rest is carried over to next year 
HydroGlacial WARNING: year = 2069, ep =0 
 	 Insufficient precipitation to grow glacier. 
 	 Volume glacier correction: 
 	 Volume should be 	8.351904e+13 m^3
 	 Volume corrected to 	1.241546e+10 m^3
 	 The rest is carried over to next year 
HydroGlacial WARNING: year = 2069, ep =0 
 	 Insufficient precipitation to grow glacier. 
 	 Volume glacier correction: 
 	 Volume should be 	8.351904e+13 m^3
 	 Volume corrected to 	1.241546e+10 m^3
 	 The rest is carried over to next year 
HydroGlacial WARNING: year = 2069, ep =0 
 	 Insufficient precipitation to grow glacier. 
 	 Volume glacier correction: 
 	 Volume should be 	8.351904e+13 m^3
 	 Volume corrected to 	1.241546e+10 m^3
 	 The rest is carried over to next year 
HydroGlacial WARNING: year = 2069, ep =0 
 	 Insufficient precipitation to grow glacier. 
 	 Volume glacier correction: 
 	 Volume should be 	8.351904e+13 m^3
 	 Volume corrected to 	1.241546e+10 m^3
 	 The rest is carried over to next year 
HydroGlacial WARNING: year = 2069, ep =0 
 	 Insufficient precipitation to grow glacier. 
 	 Volume glacier correction: 
 	 Volume should be 	8.351904e+13 m^3
 	 Volume corrected to 	1.241546e+10 m^3
 	 The rest is carried over to next year 
   FLOOD WARNING: the maximum predicted flood size has been exceeded. 
      Epoch 1, year 2069 
      Maximum predicted flood 55399.1 (m^3/s) 
      Modeled flood peak 111902 (m^3/s) 
HydroGlacial WARNING: year = 2070, ep =0 
 	 Insufficient precipitation to grow glacier. 
 	 Volume glacier correction: 
 	 Volume should be 	8.351904e+13 m^3
 	 Volume corrected to 	2.198580e+10 m^3
 	 The rest is carried over to next year 
HydroGlacial WARNING: year = 2070, ep =0 
 	 Insufficient precipitation to grow glacier. 
 	 Volume glacier correction: 
 	 Volume should be 	8.351904e+13 m^3
 	 Volume corrected to 	9.570335e+09 m^3
 	 The rest is carried over to next year 
HydroGlacial WARNING: year = 2070, ep =0 
 	 Insufficient precipitation to grow glacier. 
 	 Volume glacier correction: 
 	 Volume should be 	8.351904e+13 m^3
 	 Volume corrected to 	9.570335e+09 m^3
 	 The rest is carried over to next year 
HydroGlacial WARNING: year = 2070, ep =0 
 	 Insufficient precipitation to grow glacier. 
 	 Volume glacier correction: 
 	 Volume should be 	8.351904e+13 m^3
 	 Volume corrected to 	9.570335e+09 m^3
 	 The rest is carried over to next year 
HydroGlacial WARNING: year = 2070, ep =0 
 	 Insufficient precipitation to grow glacier. 
 	 Volume glacier correction: 
 	 Volume should be 	8.351904e+13 m^3
 	 Volume corrected to 	9.570335e+09 m^3
 	 The rest is carried over to next year 
HydroGlacial WARNING: year = 2070, ep =0 
 	 Insufficient precipitation to grow glacier. 
 	 Volume glacier correction: 
 	 Volume should be 	8.351904e+13 m^3
 	 Volume corrected to 	9.570335e+09 m^3
 	 The rest is carried over to next year 
HydroGlacial WARNING: year = 2070, ep =0 
 	 Insufficient precipitation to grow glacier. 
 	 Volume glacier correction: 
 	 Volume should be 	8.351904e+13 m^3
 	 Volume corrected to 	9.570335e+09 m^3
 	 The rest is carried over to next year 
HydroGlacial WARNING: year = 2070, ep =0 
 	 Insufficient precipitation to grow glacier. 
 	 Volume glacier correction: 
 	 Volume should be 	8.351904e+13 m^3
 	 Volume corrected to 	9.570335e+09 m^3
 	 The rest is carried over to next year 
HydroGlacial WARNING: year = 2070, ep =0 
 	 Insufficient precipitation to grow glacier. 
 	 Volume glacier correction: 
 	 Volume should be 	8.351904e+13 m^3
 	 Volume corrected to 	9.570335e+09 m^3
 	 The rest is carried over to next year 
HydroGlacial WARNING: year = 2070, ep =0 
 	 Insufficient precipitation to grow glacier. 
 	 Volume glacier correction: 
 	 Volume should be 	8.351904e+13 m^3
 	 Volume corrected to 	9.570335e+09 m^3
 	 The rest is carried over to next year 
   FLOOD WARNING: the maximum predicted flood size has been exceeded. 
      Epoch 1, year 2070 
      Maximum predicted flood 55399.1 (m^3/s) 
      Modeled flood peak 101866 (m^3/s) 
HydroGlacial WARNING: year = 2071, ep =0 
 	 Insufficient precipitation to grow glacier. 
 	 Volume glacier correction: 
 	 Volume should be 	8.351904e+13 m^3
 	 Volume corrected to 	2.067673e+10 m^3
 	 The rest is carried over to next year 
HydroGlacial WARNING: year = 2071, ep =0 
 	 Insufficient precipitation to grow glacier. 
 	 Volume glacier correction: 
 	 Volume should be 	8.351904e+13 m^3
 	 Volume corrected to 	1.110640e+10 m^3
 	 The rest is carried over to next year 
HydroGlacial WARNING: year = 2071, ep =0 
 	 Insufficient precipitation to grow glacier. 
 	 Volume glacier correction: 
 	 Volume should be 	8.351904e+13 m^3
 	 Volume corrected to 	1.110640e+10 m^3
 	 The rest is carried over to next year 
HydroGlacial WARNING: year = 2071, ep =0 
 	 Insufficient precipitation to grow glacier. 
 	 Volume glacier correction: 
 	 Volume should be 	8.351904e+13 m^3
 	 Volume corrected to 	1.110640e+10 m^3
 	 The rest is carried over to next year 
HydroGlacial WARNING: year = 2071, ep =0 
 	 Insufficient precipitation to grow glacier. 
 	 Volume glacier correction: 
 	 Volume should be 	8.351904e+13 m^3
 	 Volume corrected to 	1.110640e+10 m^3
 	 The rest is carried over to next year 
HydroGlacial WARNING: year = 2071, ep =0 
 	 Insufficient precipitation to grow glacier. 
 	 Volume glacier correction: 
 	 Volume should be 	8.351904e+13 m^3
 	 Volume corrected to 	1.110640e+10 m^3
 	 The rest is carried over to next year 
HydroGlacial WARNING: year = 2071, ep =0 
 	 Insufficient precipitation to grow glacier. 
 	 Volume glacier correction: 
 	 Volume should be 	8.351904e+13 m^3
 	 Volume corrected to 	1.110640e+10 m^3
 	 The rest is carried over to next year 
HydroGlacial WARNING: year = 2071, ep =0 
 	 Insufficient precipitation to grow glacier. 
 	 Volume glacier correction: 
 	 Volume should be 	8.351904e+13 m^3
 	 Volume corrected to 	1.110640e+10 m^3
 	 The rest is carried over to next year 
HydroGlacial WARNING: year = 2071, ep =0 
 	 Insufficient precipitation to grow glacier. 
 	 Volume glacier correction: 
 	 Volume should be 	8.351904e+13 m^3
 	 Volume corrected to 	1.110640e+10 m^3
 	 The rest is carried over to next year 
HydroGlacial WARNING: year = 2071, ep =0 
 	 Insufficient precipitation to grow glacier. 
 	 Volume glacier correction: 
 	 Volume should be 	8.351904e+13 m^3
 	 Volume corrected to 	1.110640e+10 m^3
 	 The rest is carried over to next year 
   FLOOD WARNING: the maximum predicted flood size has been exceeded. 
      Epoch 1, year 2071 
      Maximum predicted flood 55399.1 (m^3/s) 
      Modeled flood peak 77914.3 (m^3/s) 
HydroGlacial WARNING: year = 2072, ep =0 
 	 Insufficient precipitation to grow glacier. 
 	 Volume glacier correction: 
 	 Volume should be 	8.351904e+13 m^3
 	 Volume corrected to 	1.971146e+10 m^3
 	 The rest is carried over to next year 
HydroGlacial WARNING: year = 2072, ep =0 
 	 Insufficient precipitation to grow glacier. 
 	 Volume glacier correction: 
 	 Volume should be 	8.351904e+13 m^3
 	 Volume corrected to 	8.605058e+09 m^3
 	 The rest is carried over to next year 
HydroGlacial WARNING: year = 2072, ep =0 
 	 Insufficient precipitation to grow glacier. 
 	 Volume glacier correction: 
 	 Volume should be 	8.351904e+13 m^3
 	 Volume corrected to 	8.605058e+09 m^3
 	 The rest is carried over to next year 
HydroGlacial WARNING: year = 2072, ep =0 
 	 Insufficient precipitation to grow glacier. 
 	 Volume glacier correction: 
 	 Volume should be 	8.351904e+13 m^3
 	 Volume corrected to 	8.605058e+09 m^3
 	 The rest is carried over to next year 
HydroGlacial WARNING: year = 2072, ep =0 
 	 Insufficient precipitation to grow glacier. 
 	 Volume glacier correction: 
 	 Volume should be 	8.351904e+13 m^3
 	 Volume corrected to 	8.605058e+09 m^3
 	 The rest is carried over to next year 
HydroGlacial WARNING: year = 2072, ep =0 
 	 Insufficient precipitation to grow glacier. 
 	 Volume glacier correction: 
 	 Volume should be 	8.351904e+13 m^3
 	 Volume corrected to 	8.605058e+09 m^3
 	 The rest is carried over to next year 
HydroGlacial WARNING: year = 2072, ep =0 
 	 Insufficient precipitation to grow glacier. 
 	 Volume glacier correction: 
 	 Volume should be 	8.351904e+13 m^3
 	 Volume corrected to 	8.605058e+09 m^3
 	 The rest is carried over to next year 
HydroGlacial WARNING: year = 2072, ep =0 
 	 Insufficient precipitation to grow glacier. 
 	 Volume glacier correction: 
 	 Volume should be 	8.351904e+13 m^3
 	 Volume corrected to 	8.605058e+09 m^3
 	 The rest is carried over to next year 
HydroGlacial WARNING: year = 2072, ep =0 
 	 Insufficient precipitation to grow glacier. 
 	 Volume glacier correction: 
 	 Volume should be 	8.351904e+13 m^3
 	 Volume corrected to 	8.605058e+09 m^3
 	 The rest is carried over to next year 
HydroGlacial WARNING: year = 2072, ep =0 
 	 Insufficient precipitation to grow glacier. 
 	 Volume glacier correction: 
 	 Volume should be 	8.351904e+13 m^3
 	 Volume corrected to 	8.605058e+09 m^3
 	 The rest is carried over to next year 
   FLOOD WARNING: the maximum predicted flood size has been exceeded. 
      Epoch 1, year 2072 
      Maximum predicted flood 55399.1 (m^3/s) 
      Modeled flood peak 126639 (m^3/s) 
HydroGlacial WARNING: year = 2073, ep =0 
 	 Insufficient precipitation to grow glacier. 
 	 Volume glacier correction: 
 	 Volume should be 	8.351904e+13 m^3
 	 Volume corrected to 	1.511208e+10 m^3
 	 The rest is carried over to next year 
HydroGlacial WARNING: year = 2073, ep =0 
 	 Insufficient precipitation to grow glacier. 
 	 Volume glacier correction: 
 	 Volume should be 	8.351904e+13 m^3
 	 Volume corrected to 	6.507021e+09 m^3
 	 The rest is carried over to next year 
HydroGlacial WARNING: year = 2073, ep =0 
 	 Insufficient precipitation to grow glacier. 
 	 Volume glacier correction: 
 	 Volume should be 	8.351904e+13 m^3
 	 Volume corrected to 	6.507021e+09 m^3
 	 The rest is carried over to next year 
HydroGlacial WARNING: year = 2073, ep =0 
 	 Insufficient precipitation to grow glacier. 
 	 Volume glacier correction: 
 	 Volume should be 	8.351904e+13 m^3
 	 Volume corrected to 	6.507021e+09 m^3
 	 The rest is carried over to next year 
HydroGlacial WARNING: year = 2073, ep =0 
 	 Insufficient precipitation to grow glacier. 
 	 Volume glacier correction: 
 	 Volume should be 	8.351904e+13 m^3
 	 Volume corrected to 	6.507021e+09 m^3
 	 The rest is carried over to next year 
HydroGlacial WARNING: year = 2073, ep =0 
 	 Insufficient precipitation to grow glacier. 
 	 Volume glacier correction: 
 	 Volume should be 	8.351904e+13 m^3
 	 Volume corrected to 	6.507021e+09 m^3
 	 The rest is carried over to next year 
HydroGlacial WARNING: year = 2073, ep =0 
 	 Insufficient precipitation to grow glacier. 
 	 Volume glacier correction: 
 	 Volume should be 	8.351904e+13 m^3
 	 Volume corrected to 	6.507021e+09 m^3
 	 The rest is carried over to next year 
HydroGlacial WARNING: year = 2073, ep =0 
 	 Insufficient precipitation to grow glacier. 
 	 Volume glacier correction: 
 	 Volume should be 	8.351904e+13 m^3
 	 Volume corrected to 	6.507021e+09 m^3
 	 The rest is carried over to next year 
HydroGlacial WARNING: year = 2073, ep =0 
 	 Insufficient precipitation to grow glacier. 
 	 Volume glacier correction: 
 	 Volume should be 	8.351904e+13 m^3
 	 Volume corrected to 	6.507021e+09 m^3
 	 The rest is carried over to next year 
HydroGlacial WARNING: year = 2073, ep =0 
 	 Insufficient precipitation to grow glacier. 
 	 Volume glacier correction: 
 	 Volume should be 	8.351904e+13 m^3
 	 Volume corrected to 	6.507021e+09 m^3
 	 The rest is carried over to next year 
   FLOOD WARNING: the maximum predicted flood size has been exceeded. 
      Epoch 1, year 2073 
      Maximum predicted flood 55399.1 (m^3/s) 
      Modeled flood peak 96170.5 (m^3/s) 
HydroGlacial WARNING: year = 2074, ep =0 
 	 Insufficient precipitation to grow glacier. 
 	 Volume glacier correction: 
 	 Volume should be 	8.351904e+13 m^3
 	 Volume corrected to 	1.353768e+10 m^3
 	 The rest is carried over to next year 
HydroGlacial WARNING: year = 2074, ep =0 
 	 Insufficient precipitation to grow glacier. 
 	 Volume glacier correction: 
 	 Volume should be 	8.351904e+13 m^3
 	 Volume corrected to 	7.030662e+09 m^3
 	 The rest is carried over to next year 
HydroGlacial WARNING: year = 2074, ep =0 
 	 Insufficient precipitation to grow glacier. 
 	 Volume glacier correction: 
 	 Volume should be 	8.351904e+13 m^3
 	 Volume corrected to 	7.030662e+09 m^3
 	 The rest is carried over to next year 
HydroGlacial WARNING: year = 2074, ep =0 
 	 Insufficient precipitation to grow glacier. 
 	 Volume glacier correction: 
 	 Volume should be 	8.351904e+13 m^3
 	 Volume corrected to 	7.030662e+09 m^3
 	 The rest is carried over to next year 
HydroGlacial WARNING: year = 2074, ep =0 
 	 Insufficient precipitation to grow glacier. 
 	 Volume glacier correction: 
 	 Volume should be 	8.351904e+13 m^3
 	 Volume corrected to 	7.030662e+09 m^3
 	 The rest is carried over to next year 
HydroGlacial WARNING: year = 2074, ep =0 
 	 Insufficient precipitation to grow glacier. 
 	 Volume glacier correction: 
 	 Volume should be 	8.351904e+13 m^3
 	 Volume corrected to 	7.030662e+09 m^3
 	 The rest is carried over to next year 
HydroGlacial WARNING: year = 2074, ep =0 
 	 Insufficient precipitation to grow glacier. 
 	 Volume glacier correction: 
 	 Volume should be 	8.351904e+13 m^3
 	 Volume corrected to 	7.030662e+09 m^3
 	 The rest is carried over to next year 
HydroGlacial WARNING: year = 2074, ep =0 
 	 Insufficient precipitation to grow glacier. 
 	 Volume glacier correction: 
 	 Volume should be 	8.351904e+13 m^3
 	 Volume corrected to 	7.030662e+09 m^3
 	 The rest is carried over to next year 
HydroGlacial WARNING: year = 2074, ep =0 
 	 Insufficient precipitation to grow glacier. 
 	 Volume glacier correction: 
 	 Volume should be 	8.351904e+13 m^3
 	 Volume corrected to 	7.030662e+09 m^3
 	 The rest is carried over to next year 
HydroGlacial WARNING: year = 2074, ep =0 
 	 Insufficient precipitation to grow glacier. 
 	 Volume glacier correction: 
 	 Volume should be 	8.351904e+13 m^3
 	 Volume corrected to 	7.030662e+09 m^3
 	 The rest is carried over to next year 
   FLOOD WARNING: the maximum predicted flood size has been exceeded. 
      Epoch 1, year 2074 
      Maximum predicted flood 55399.1 (m^3/s) 
      Modeled flood peak 84227.5 (m^3/s) 
HydroGlacial WARNING: year = 2075, ep =0 
 	 Insufficient precipitation to grow glacier. 
 	 Volume glacier correction: 
 	 Volume should be 	8.351904e+13 m^3
 	 Volume corrected to 	1.733250e+10 m^3
 	 The rest is carried over to next year 
