 Calculate mean discharge, epoch: 1
 Calculate daily discharge, epoch: 1
 Calculate mean suspended sediment load, epoch: 1
 Calculate daily suspended sediment load, epoch: 1

 	 HydroSnow Warning: There is Snow remaining on August 31 
 	 Snowremains 	 = 2.318316e+10 (m^3) 
 	 in year: 2006 

 	 HydroSnow Warning: There is Snow remaining on August 31 
 	 Snowremains 	 = 2.318316e+10 (m^3) 
 	 in year: 2006 

 	 HydroSnow Warning: There is Snow remaining on August 31 
 	 Snowremains 	 = 2.318316e+10 (m^3) 
 	 in year: 2006 

 	 HydroSnow Warning: There is Snow remaining on August 31 
 	 Snowremains 	 = 2.318316e+10 (m^3) 
 	 in year: 2006 

 	 HydroSnow Warning: There is Snow remaining on August 31 
 	 Snowremains 	 = 2.318316e+10 (m^3) 
 	 in year: 2006 

 	 HydroSnow Warning: There is Snow remaining on August 31 
 	 Snowremains 	 = 2.318316e+10 (m^3) 
 	 in year: 2006 

 	 HydroSnow Warning: There is Snow remaining on August 31 
 	 Snowremains 	 = 2.318316e+10 (m^3) 
 	 in year: 2006 

 	 HydroSnow Warning: There is Snow remaining on August 31 
 	 Snowremains 	 = 2.318316e+10 (m^3) 
 	 in year: 2006 

 	 HydroSnow Warning: There is Snow remaining on August 31 
 	 Snowremains 	 = 2.318316e+10 (m^3) 
 	 in year: 2006 

 	 HydroSnow Warning: There is Snow remaining on August 31 
 	 Snowremains 	 = 2.318316e+10 (m^3) 
 	 in year: 2006 
   FLOOD WARNING: the maximum predicted flood size has been exceeded. 
      Epoch 1, year 2006 
      Maximum predicted flood 56740.8 (m^3/s) 
      Modeled flood peak 76119.3 (m^3/s) 

 	 HydroSnow Warning: There is Snow remaining on August 31 
 	 Snowremains 	 = 5.522184e+10 (m^3) 
 	 in year: 2007 
HydroGlacial WARNING: year = 2007, ep =0 
 	 Insufficient precipitation to grow glacier. 
 	 Volume glacier correction: 
 	 Volume should be 	2.950319e+13 m^3
 	 Volume corrected to 	1.271599e+10 m^3
 	 The rest is carried over to next year 

 	 HydroSnow Warning: There is Snow remaining on August 31 
 	 Snowremains 	 = 5.522184e+10 (m^3) 
 	 in year: 2007 
HydroGlacial WARNING: year = 2007, ep =0 
 	 Insufficient precipitation to grow glacier. 
 	 Volume glacier correction: 
 	 Volume should be 	2.950319e+13 m^3
 	 Volume corrected to 	1.271599e+10 m^3
 	 The rest is carried over to next year 

 	 HydroSnow Warning: There is Snow remaining on August 31 
 	 Snowremains 	 = 5.522184e+10 (m^3) 
 	 in year: 2007 
HydroGlacial WARNING: year = 2007, ep =0 
 	 Insufficient precipitation to grow glacier. 
 	 Volume glacier correction: 
 	 Volume should be 	2.950319e+13 m^3
 	 Volume corrected to 	1.271599e+10 m^3
 	 The rest is carried over to next year 

 	 HydroSnow Warning: There is Snow remaining on August 31 
 	 Snowremains 	 = 5.522184e+10 (m^3) 
 	 in year: 2007 
HydroGlacial WARNING: year = 2007, ep =0 
 	 Insufficient precipitation to grow glacier. 
 	 Volume glacier correction: 
 	 Volume should be 	2.950319e+13 m^3
 	 Volume corrected to 	1.271599e+10 m^3
 	 The rest is carried over to next year 

 	 HydroSnow Warning: There is Snow remaining on August 31 
 	 Snowremains 	 = 5.522184e+10 (m^3) 
 	 in year: 2007 
HydroGlacial WARNING: year = 2007, ep =0 
 	 Insufficient precipitation to grow glacier. 
 	 Volume glacier correction: 
 	 Volume should be 	2.950319e+13 m^3
 	 Volume corrected to 	1.271599e+10 m^3
 	 The rest is carried over to next year 

 	 HydroSnow Warning: There is Snow remaining on August 31 
 	 Snowremains 	 = 5.522184e+10 (m^3) 
 	 in year: 2007 
HydroGlacial WARNING: year = 2007, ep =0 
 	 Insufficient precipitation to grow glacier. 
 	 Volume glacier correction: 
 	 Volume should be 	2.950319e+13 m^3
 	 Volume corrected to 	1.271599e+10 m^3
 	 The rest is carried over to next year 

 	 HydroSnow Warning: There is Snow remaining on August 31 
 	 Snowremains 	 = 5.522184e+10 (m^3) 
 	 in year: 2007 
HydroGlacial WARNING: year = 2007, ep =0 
 	 Insufficient precipitation to grow glacier. 
 	 Volume glacier correction: 
 	 Volume should be 	2.950319e+13 m^3
 	 Volume corrected to 	1.271599e+10 m^3
 	 The rest is carried over to next year 

 	 HydroSnow Warning: There is Snow remaining on August 31 
 	 Snowremains 	 = 5.522184e+10 (m^3) 
 	 in year: 2007 
HydroGlacial WARNING: year = 2007, ep =0 
 	 Insufficient precipitation to grow glacier. 
 	 Volume glacier correction: 
 	 Volume should be 	2.950319e+13 m^3
 	 Volume corrected to 	1.271599e+10 m^3
 	 The rest is carried over to next year 

 	 HydroSnow Warning: There is Snow remaining on August 31 
 	 Snowremains 	 = 5.522184e+10 (m^3) 
 	 in year: 2007 
HydroGlacial WARNING: year = 2007, ep =0 
 	 Insufficient precipitation to grow glacier. 
 	 Volume glacier correction: 
 	 Volume should be 	2.950319e+13 m^3
 	 Volume corrected to 	1.271599e+10 m^3
 	 The rest is carried over to next year 

 	 HydroSnow Warning: There is Snow remaining on August 31 
 	 Snowremains 	 = 5.522184e+10 (m^3) 
 	 in year: 2007 
   FLOOD WARNING: the maximum predicted flood size has been exceeded. 
      Epoch 1, year 2007 
      Maximum predicted flood 56740.8 (m^3/s) 
      Modeled flood peak 74948.5 (m^3/s) 
HydroGlacial WARNING: year = 2008, ep =0 
 	 Insufficient precipitation to grow glacier. 
 	 Volume glacier correction: 
 	 Volume should be 	2.950319e+13 m^3
 	 Volume corrected to 	2.512926e+10 m^3
 	 The rest is carried over to next year 

 	 HydroSnow Warning: There is Snow remaining on August 31 
 	 Snowremains 	 = 7.130198e+10 (m^3) 
 	 in year: 2008 
HydroGlacial WARNING: year = 2008, ep =0 
 	 Insufficient precipitation to grow glacier. 
 	 Volume glacier correction: 
 	 Volume should be 	2.950319e+13 m^3
 	 Volume corrected to 	1.241327e+10 m^3
 	 The rest is carried over to next year 

 	 HydroSnow Warning: There is Snow remaining on August 31 
 	 Snowremains 	 = 7.130198e+10 (m^3) 
 	 in year: 2008 
HydroGlacial WARNING: year = 2008, ep =0 
 	 Insufficient precipitation to grow glacier. 
 	 Volume glacier correction: 
 	 Volume should be 	2.950319e+13 m^3
 	 Volume corrected to 	1.241327e+10 m^3
 	 The rest is carried over to next year 

 	 HydroSnow Warning: There is Snow remaining on August 31 
 	 Snowremains 	 = 7.130198e+10 (m^3) 
 	 in year: 2008 
HydroGlacial WARNING: year = 2008, ep =0 
 	 Insufficient precipitation to grow glacier. 
 	 Volume glacier correction: 
 	 Volume should be 	2.950319e+13 m^3
 	 Volume corrected to 	1.241327e+10 m^3
 	 The rest is carried over to next year 

 	 HydroSnow Warning: There is Snow remaining on August 31 
 	 Snowremains 	 = 7.130198e+10 (m^3) 
 	 in year: 2008 
HydroGlacial WARNING: year = 2008, ep =0 
 	 Insufficient precipitation to grow glacier. 
 	 Volume glacier correction: 
 	 Volume should be 	2.950319e+13 m^3
 	 Volume corrected to 	1.241327e+10 m^3
 	 The rest is carried over to next year 

 	 HydroSnow Warning: There is Snow remaining on August 31 
 	 Snowremains 	 = 7.130198e+10 (m^3) 
 	 in year: 2008 
HydroGlacial WARNING: year = 2008, ep =0 
 	 Insufficient precipitation to grow glacier. 
 	 Volume glacier correction: 
 	 Volume should be 	2.950319e+13 m^3
 	 Volume corrected to 	1.241327e+10 m^3
 	 The rest is carried over to next year 

 	 HydroSnow Warning: There is Snow remaining on August 31 
 	 Snowremains 	 = 7.130198e+10 (m^3) 
 	 in year: 2008 
HydroGlacial WARNING: year = 2008, ep =0 
 	 Insufficient precipitation to grow glacier. 
 	 Volume glacier correction: 
 	 Volume should be 	2.950319e+13 m^3
 	 Volume corrected to 	1.241327e+10 m^3
 	 The rest is carried over to next year 

 	 HydroSnow Warning: There is Snow remaining on August 31 
 	 Snowremains 	 = 7.130198e+10 (m^3) 
 	 in year: 2008 
HydroGlacial WARNING: year = 2008, ep =0 
 	 Insufficient precipitation to grow glacier. 
 	 Volume glacier correction: 
 	 Volume should be 	2.950319e+13 m^3
 	 Volume corrected to 	1.241327e+10 m^3
 	 The rest is carried over to next year 

 	 HydroSnow Warning: There is Snow remaining on August 31 
 	 Snowremains 	 = 7.130198e+10 (m^3) 
 	 in year: 2008 
HydroGlacial WARNING: year = 2008, ep =0 
 	 Insufficient precipitation to grow glacier. 
 	 Volume glacier correction: 
 	 Volume should be 	2.950319e+13 m^3
 	 Volume corrected to 	1.241327e+10 m^3
 	 The rest is carried over to next year 

 	 HydroSnow Warning: There is Snow remaining on August 31 
 	 Snowremains 	 = 7.130198e+10 (m^3) 
 	 in year: 2008 
HydroGlacial WARNING: year = 2008, ep =0 
 	 Insufficient precipitation to grow glacier. 
 	 Volume glacier correction: 
 	 Volume should be 	2.950319e+13 m^3
 	 Volume corrected to 	1.241327e+10 m^3
 	 The rest is carried over to next year 

 	 HydroSnow Warning: There is Snow remaining on August 31 
 	 Snowremains 	 = 7.130198e+10 (m^3) 
 	 in year: 2008 
   FLOOD WARNING: the maximum predicted flood size has been exceeded. 
      Epoch 1, year 2008 
      Maximum predicted flood 56740.8 (m^3/s) 
      Modeled flood peak 74043.6 (m^3/s) 
HydroGlacial WARNING: year = 2009, ep =0 
 	 Insufficient precipitation to grow glacier. 
 	 Volume glacier correction: 
 	 Volume should be 	2.950319e+13 m^3
 	 Volume corrected to 	2.387532e+10 m^3
 	 The rest is carried over to next year 

 	 HydroSnow Warning: There is Snow remaining on August 31 
 	 Snowremains 	 = 8.167464e+10 (m^3) 
 	 in year: 2009 
HydroGlacial WARNING: year = 2009, ep =0 
 	 Insufficient precipitation to grow glacier. 
 	 Volume glacier correction: 
 	 Volume should be 	2.950319e+13 m^3
 	 Volume corrected to 	1.146204e+10 m^3
 	 The rest is carried over to next year 

 	 HydroSnow Warning: There is Snow remaining on August 31 
 	 Snowremains 	 = 8.167464e+10 (m^3) 
 	 in year: 2009 
HydroGlacial WARNING: year = 2009, ep =0 
 	 Insufficient precipitation to grow glacier. 
 	 Volume glacier correction: 
 	 Volume should be 	2.950319e+13 m^3
 	 Volume corrected to 	1.146204e+10 m^3
 	 The rest is carried over to next year 

 	 HydroSnow Warning: There is Snow remaining on August 31 
 	 Snowremains 	 = 8.167464e+10 (m^3) 
 	 in year: 2009 
HydroGlacial WARNING: year = 2009, ep =0 
 	 Insufficient precipitation to grow glacier. 
 	 Volume glacier correction: 
 	 Volume should be 	2.950319e+13 m^3
 	 Volume corrected to 	1.146204e+10 m^3
 	 The rest is carried over to next year 

 	 HydroSnow Warning: There is Snow remaining on August 31 
 	 Snowremains 	 = 8.167464e+10 (m^3) 
 	 in year: 2009 
HydroGlacial WARNING: year = 2009, ep =0 
 	 Insufficient precipitation to grow glacier. 
 	 Volume glacier correction: 
 	 Volume should be 	2.950319e+13 m^3
 	 Volume corrected to 	1.146204e+10 m^3
 	 The rest is carried over to next year 

 	 HydroSnow Warning: There is Snow remaining on August 31 
 	 Snowremains 	 = 8.167464e+10 (m^3) 
 	 in year: 2009 
HydroGlacial WARNING: year = 2009, ep =0 
 	 Insufficient precipitation to grow glacier. 
 	 Volume glacier correction: 
 	 Volume should be 	2.950319e+13 m^3
 	 Volume corrected to 	1.146204e+10 m^3
 	 The rest is carried over to next year 

 	 HydroSnow Warning: There is Snow remaining on August 31 
 	 Snowremains 	 = 8.167464e+10 (m^3) 
 	 in year: 2009 
HydroGlacial WARNING: year = 2009, ep =0 
 	 Insufficient precipitation to grow glacier. 
 	 Volume glacier correction: 
 	 Volume should be 	2.950319e+13 m^3
 	 Volume corrected to 	1.146204e+10 m^3
 	 The rest is carried over to next year 

 	 HydroSnow Warning: There is Snow remaining on August 31 
 	 Snowremains 	 = 8.167464e+10 (m^3) 
 	 in year: 2009 
HydroGlacial WARNING: year = 2009, ep =0 
 	 Insufficient precipitation to grow glacier. 
 	 Volume glacier correction: 
 	 Volume should be 	2.950319e+13 m^3
 	 Volume corrected to 	1.146204e+10 m^3
 	 The rest is carried over to next year 

 	 HydroSnow Warning: There is Snow remaining on August 31 
 	 Snowremains 	 = 8.167464e+10 (m^3) 
 	 in year: 2009 
HydroGlacial WARNING: year = 2009, ep =0 
 	 Insufficient precipitation to grow glacier. 
 	 Volume glacier correction: 
 	 Volume should be 	2.950319e+13 m^3
 	 Volume corrected to 	1.146204e+10 m^3
 	 The rest is carried over to next year 

 	 HydroSnow Warning: There is Snow remaining on August 31 
 	 Snowremains 	 = 8.167464e+10 (m^3) 
 	 in year: 2009 
HydroGlacial WARNING: year = 2009, ep =0 
 	 Insufficient precipitation to grow glacier. 
 	 Volume glacier correction: 
 	 Volume should be 	2.950319e+13 m^3
 	 Volume corrected to 	1.146204e+10 m^3
 	 The rest is carried over to next year 

 	 HydroSnow Warning: There is Snow remaining on August 31 
 	 Snowremains 	 = 8.167464e+10 (m^3) 
 	 in year: 2009 
   FLOOD WARNING: the maximum predicted flood size has been exceeded. 
      Epoch 1, year 2009 
      Maximum predicted flood 56740.8 (m^3/s) 
      Modeled flood peak 93521.8 (m^3/s) 
HydroGlacial WARNING: year = 2010, ep =0 
 	 Insufficient precipitation to grow glacier. 
 	 Volume glacier correction: 
 	 Volume should be 	2.950319e+13 m^3
 	 Volume corrected to 	2.305561e+10 m^3
 	 The rest is carried over to next year 

 	 HydroSnow Warning: There is Snow remaining on August 31 
 	 Snowremains 	 = 1.032185e+11 (m^3) 
 	 in year: 2010 
HydroGlacial WARNING: year = 2010, ep =0 
 	 Insufficient precipitation to grow glacier. 
 	 Volume glacier correction: 
 	 Volume should be 	2.950319e+13 m^3
 	 Volume corrected to 	1.159356e+10 m^3
 	 The rest is carried over to next year 

 	 HydroSnow Warning: There is Snow remaining on August 31 
 	 Snowremains 	 = 1.032185e+11 (m^3) 
 	 in year: 2010 
HydroGlacial WARNING: year = 2010, ep =0 
 	 Insufficient precipitation to grow glacier. 
 	 Volume glacier correction: 
 	 Volume should be 	2.950319e+13 m^3
 	 Volume corrected to 	1.159356e+10 m^3
 	 The rest is carried over to next year 

 	 HydroSnow Warning: There is Snow remaining on August 31 
 	 Snowremains 	 = 1.032185e+11 (m^3) 
 	 in year: 2010 
HydroGlacial WARNING: year = 2010, ep =0 
 	 Insufficient precipitation to grow glacier. 
 	 Volume glacier correction: 
 	 Volume should be 	2.950319e+13 m^3
 	 Volume corrected to 	1.159356e+10 m^3
 	 The rest is carried over to next year 

 	 HydroSnow Warning: There is Snow remaining on August 31 
 	 Snowremains 	 = 1.032185e+11 (m^3) 
 	 in year: 2010 
HydroGlacial WARNING: year = 2010, ep =0 
 	 Insufficient precipitation to grow glacier. 
 	 Volume glacier correction: 
 	 Volume should be 	2.950319e+13 m^3
 	 Volume corrected to 	1.159356e+10 m^3
 	 The rest is carried over to next year 

 	 HydroSnow Warning: There is Snow remaining on August 31 
 	 Snowremains 	 = 1.032185e+11 (m^3) 
 	 in year: 2010 
HydroGlacial WARNING: year = 2010, ep =0 
 	 Insufficient precipitation to grow glacier. 
 	 Volume glacier correction: 
 	 Volume should be 	2.950319e+13 m^3
 	 Volume corrected to 	1.159356e+10 m^3
 	 The rest is carried over to next year 

 	 HydroSnow Warning: There is Snow remaining on August 31 
 	 Snowremains 	 = 1.032185e+11 (m^3) 
 	 in year: 2010 
HydroGlacial WARNING: year = 2010, ep =0 
 	 Insufficient precipitation to grow glacier. 
 	 Volume glacier correction: 
 	 Volume should be 	2.950319e+13 m^3
 	 Volume corrected to 	1.159356e+10 m^3
 	 The rest is carried over to next year 

 	 HydroSnow Warning: There is Snow remaining on August 31 
 	 Snowremains 	 = 1.032185e+11 (m^3) 
 	 in year: 2010 
HydroGlacial WARNING: year = 2010, ep =0 
 	 Insufficient precipitation to grow glacier. 
 	 Volume glacier correction: 
 	 Volume should be 	2.950319e+13 m^3
 	 Volume corrected to 	1.159356e+10 m^3
 	 The rest is carried over to next year 

 	 HydroSnow Warning: There is Snow remaining on August 31 
 	 Snowremains 	 = 1.032185e+11 (m^3) 
 	 in year: 2010 
HydroGlacial WARNING: year = 2010, ep =0 
 	 Insufficient precipitation to grow glacier. 
 	 Volume glacier correction: 
 	 Volume should be 	2.950319e+13 m^3
 	 Volume corrected to 	1.159356e+10 m^3
 	 The rest is carried over to next year 

 	 HydroSnow Warning: There is Snow remaining on August 31 
 	 Snowremains 	 = 1.032185e+11 (m^3) 
 	 in year: 2010 
HydroGlacial WARNING: year = 2010, ep =0 
 	 Insufficient precipitation to grow glacier. 
 	 Volume glacier correction: 
 	 Volume should be 	2.950319e+13 m^3
 	 Volume corrected to 	1.159356e+10 m^3
 	 The rest is carried over to next year 

 	 HydroSnow Warning: There is Snow remaining on August 31 
 	 Snowremains 	 = 1.032185e+11 (m^3) 
 	 in year: 2010 
   FLOOD WARNING: the maximum predicted flood size has been exceeded. 
      Epoch 1, year 2010 
      Maximum predicted flood 56740.8 (m^3/s) 
      Modeled flood peak 88785.9 (m^3/s) 
HydroGlacial WARNING: year = 2011, ep =0 
 	 Insufficient precipitation to grow glacier. 
 	 Volume glacier correction: 
 	 Volume should be 	2.950319e+13 m^3
 	 Volume corrected to 	2.379884e+10 m^3
 	 The rest is carried over to next year 

 	 HydroSnow Warning: There is Snow remaining on August 31 
 	 Snowremains 	 = 1.177152e+11 (m^3) 
 	 in year: 2011 
HydroGlacial WARNING: year = 2012, ep =0 
 	 Insufficient precipitation to grow glacier. 
 	 Volume glacier correction: 
 	 Volume should be 	2.950319e+13 m^3
 	 Volume corrected to 	3.495888e+10 m^3
 	 The rest is carried over to next year 

 	 HydroSnow Warning: There is Snow remaining on August 31 
 	 Snowremains 	 = 1.357670e+11 (m^3) 
 	 in year: 2012 
HydroGlacial WARNING: year = 2013, ep =0 
 	 Insufficient precipitation to grow glacier. 
 	 Volume glacier correction: 
 	 Volume should be 	2.950319e+13 m^3
 	 Volume corrected to 	4.756160e+10 m^3
 	 The rest is carried over to next year 

 	 HydroSnow Warning: There is Snow remaining on August 31 
 	 Snowremains 	 = 1.485495e+11 (m^3) 
 	 in year: 2013 
HydroGlacial WARNING: year = 2013, ep =0 
 	 Insufficient precipitation to grow glacier. 
 	 Volume glacier correction: 
 	 Volume should be 	2.950319e+13 m^3
 	 Volume corrected to 	1.260272e+10 m^3
 	 The rest is carried over to next year 

 	 HydroSnow Warning: There is Snow remaining on August 31 
 	 Snowremains 	 = 1.485495e+11 (m^3) 
 	 in year: 2013 
HydroGlacial WARNING: year = 2013, ep =0 
 	 Insufficient precipitation to grow glacier. 
 	 Volume glacier correction: 
 	 Volume should be 	2.950319e+13 m^3
 	 Volume corrected to 	1.260272e+10 m^3
 	 The rest is carried over to next year 

 	 HydroSnow Warning: There is Snow remaining on August 31 
 	 Snowremains 	 = 1.485495e+11 (m^3) 
 	 in year: 2013 
HydroGlacial WARNING: year = 2013, ep =0 
 	 Insufficient precipitation to grow glacier. 
 	 Volume glacier correction: 
 	 Volume should be 	2.950319e+13 m^3
 	 Volume corrected to 	1.260272e+10 m^3
 	 The rest is carried over to next year 

 	 HydroSnow Warning: There is Snow remaining on August 31 
 	 Snowremains 	 = 1.485495e+11 (m^3) 
 	 in year: 2013 
HydroGlacial WARNING: year = 2013, ep =0 
 	 Insufficient precipitation to grow glacier. 
 	 Volume glacier correction: 
 	 Volume should be 	2.950319e+13 m^3
 	 Volume corrected to 	1.260272e+10 m^3
 	 The rest is carried over to next year 

 	 HydroSnow Warning: There is Snow remaining on August 31 
 	 Snowremains 	 = 1.485495e+11 (m^3) 
 	 in year: 2013 
HydroGlacial WARNING: year = 2013, ep =0 
 	 Insufficient precipitation to grow glacier. 
 	 Volume glacier correction: 
 	 Volume should be 	2.950319e+13 m^3
 	 Volume corrected to 	1.260272e+10 m^3
 	 The rest is carried over to next year 

 	 HydroSnow Warning: There is Snow remaining on August 31 
 	 Snowremains 	 = 1.485495e+11 (m^3) 
 	 in year: 2013 
HydroGlacial WARNING: year = 2013, ep =0 
 	 Insufficient precipitation to grow glacier. 
 	 Volume glacier correction: 
 	 Volume should be 	2.950319e+13 m^3
 	 Volume corrected to 	1.260272e+10 m^3
 	 The rest is carried over to next year 

 	 HydroSnow Warning: There is Snow remaining on August 31 
 	 Snowremains 	 = 1.485495e+11 (m^3) 
 	 in year: 2013 
HydroGlacial WARNING: year = 2013, ep =0 
 	 Insufficient precipitation to grow glacier. 
 	 Volume glacier correction: 
 	 Volume should be 	2.950319e+13 m^3
 	 Volume corrected to 	1.260272e+10 m^3
 	 The rest is carried over to next year 

 	 HydroSnow Warning: There is Snow remaining on August 31 
 	 Snowremains 	 = 1.485495e+11 (m^3) 
 	 in year: 2013 
HydroGlacial WARNING: year = 2013, ep =0 
 	 Insufficient precipitation to grow glacier. 
 	 Volume glacier correction: 
 	 Volume should be 	2.950319e+13 m^3
 	 Volume corrected to 	1.260272e+10 m^3
 	 The rest is carried over to next year 

 	 HydroSnow Warning: There is Snow remaining on August 31 
 	 Snowremains 	 = 1.485495e+11 (m^3) 
 	 in year: 2013 
HydroGlacial WARNING: year = 2013, ep =0 
 	 Insufficient precipitation to grow glacier. 
 	 Volume glacier correction: 
 	 Volume should be 	2.950319e+13 m^3
 	 Volume corrected to 	1.260272e+10 m^3
 	 The rest is carried over to next year 

 	 HydroSnow Warning: There is Snow remaining on August 31 
 	 Snowremains 	 = 1.485495e+11 (m^3) 
 	 in year: 2013 
   FLOOD WARNING: the maximum predicted flood size has been exceeded. 
      Epoch 1, year 2013 
      Maximum predicted flood 56740.8 (m^3/s) 
      Modeled flood peak 79505.7 (m^3/s) 
HydroGlacial WARNING: year = 2014, ep =0 
 	 Insufficient precipitation to grow glacier. 
 	 Volume glacier correction: 
 	 Volume should be 	2.950319e+13 m^3
 	 Volume corrected to 	2.550706e+10 m^3
 	 The rest is carried over to next year 

 	 HydroSnow Warning: There is Snow remaining on August 31 
 	 Snowremains 	 = 1.709555e+11 (m^3) 
 	 in year: 2014 
HydroGlacial WARNING: year = 2015, ep =0 
 	 Insufficient precipitation to grow glacier. 
 	 Volume glacier correction: 
 	 Volume should be 	2.950319e+13 m^3
 	 Volume corrected to 	3.897093e+10 m^3
 	 The rest is carried over to next year 

 	 HydroSnow Warning: There is Snow remaining on August 31 
 	 Snowremains 	 = 1.963658e+11 (m^3) 
 	 in year: 2015 
HydroGlacial WARNING: year = 2015, ep =0 
 	 Insufficient precipitation to grow glacier. 
 	 Volume glacier correction: 
 	 Volume should be 	2.950319e+13 m^3
 	 Volume corrected to 	1.346387e+10 m^3
 	 The rest is carried over to next year 

 	 HydroSnow Warning: There is Snow remaining on August 31 
 	 Snowremains 	 = 1.963658e+11 (m^3) 
 	 in year: 2015 
HydroGlacial WARNING: year = 2015, ep =0 
 	 Insufficient precipitation to grow glacier. 
 	 Volume glacier correction: 
 	 Volume should be 	2.950319e+13 m^3
 	 Volume corrected to 	1.346387e+10 m^3
 	 The rest is carried over to next year 

 	 HydroSnow Warning: There is Snow remaining on August 31 
 	 Snowremains 	 = 1.963658e+11 (m^3) 
 	 in year: 2015 
HydroGlacial WARNING: year = 2015, ep =0 
 	 Insufficient precipitation to grow glacier. 
 	 Volume glacier correction: 
 	 Volume should be 	2.950319e+13 m^3
 	 Volume corrected to 	1.346387e+10 m^3
 	 The rest is carried over to next year 

 	 HydroSnow Warning: There is Snow remaining on August 31 
 	 Snowremains 	 = 1.963658e+11 (m^3) 
 	 in year: 2015 
HydroGlacial WARNING: year = 2015, ep =0 
 	 Insufficient precipitation to grow glacier. 
 	 Volume glacier correction: 
 	 Volume should be 	2.950319e+13 m^3
 	 Volume corrected to 	1.346387e+10 m^3
 	 The rest is carried over to next year 

 	 HydroSnow Warning: There is Snow remaining on August 31 
 	 Snowremains 	 = 1.963658e+11 (m^3) 
 	 in year: 2015 
HydroGlacial WARNING: year = 2015, ep =0 
 	 Insufficient precipitation to grow glacier. 
 	 Volume glacier correction: 
 	 Volume should be 	2.950319e+13 m^3
 	 Volume corrected to 	1.346387e+10 m^3
 	 The rest is carried over to next year 

 	 HydroSnow Warning: There is Snow remaining on August 31 
 	 Snowremains 	 = 1.963658e+11 (m^3) 
 	 in year: 2015 
HydroGlacial WARNING: year = 2015, ep =0 
 	 Insufficient precipitation to grow glacier. 
 	 Volume glacier correction: 
 	 Volume should be 	2.950319e+13 m^3
 	 Volume corrected to 	1.346387e+10 m^3
 	 The rest is carried over to next year 

 	 HydroSnow Warning: There is Snow remaining on August 31 
 	 Snowremains 	 = 1.963658e+11 (m^3) 
 	 in year: 2015 
HydroGlacial WARNING: year = 2015, ep =0 
 	 Insufficient precipitation to grow glacier. 
 	 Volume glacier correction: 
 	 Volume should be 	2.950319e+13 m^3
 	 Volume corrected to 	1.346387e+10 m^3
 	 The rest is carried over to next year 

 	 HydroSnow Warning: There is Snow remaining on August 31 
 	 Snowremains 	 = 1.963658e+11 (m^3) 
 	 in year: 2015 
HydroGlacial WARNING: year = 2015, ep =0 
 	 Insufficient precipitation to grow glacier. 
 	 Volume glacier correction: 
 	 Volume should be 	2.950319e+13 m^3
 	 Volume corrected to 	1.346387e+10 m^3
 	 The rest is carried over to next year 

 	 HydroSnow Warning: There is Snow remaining on August 31 
 	 Snowremains 	 = 1.963658e+11 (m^3) 
 	 in year: 2015 
HydroGlacial WARNING: year = 2015, ep =0 
 	 Insufficient precipitation to grow glacier. 
 	 Volume glacier correction: 
 	 Volume should be 	2.950319e+13 m^3
 	 Volume corrected to 	1.346387e+10 m^3
 	 The rest is carried over to next year 

 	 HydroSnow Warning: There is Snow remaining on August 31 
 	 Snowremains 	 = 1.963658e+11 (m^3) 
 	 in year: 2015 
   FLOOD WARNING: the maximum predicted flood size has been exceeded. 
      Epoch 1, year 2015 
      Maximum predicted flood 56740.8 (m^3/s) 
      Modeled flood peak 66503 (m^3/s) 
HydroGlacial WARNING: year = 2016, ep =0 
 	 Insufficient precipitation to grow glacier. 
 	 Volume glacier correction: 
 	 Volume should be 	2.950319e+13 m^3
 	 Volume corrected to 	2.490083e+10 m^3
 	 The rest is carried over to next year 

 	 HydroSnow Warning: There is Snow remaining on August 31 
 	 Snowremains 	 = 2.158779e+11 (m^3) 
 	 in year: 2016 
HydroGlacial WARNING: year = 2017, ep =0 
 	 Insufficient precipitation to grow glacier. 
 	 Volume glacier correction: 
 	 Volume should be 	2.950319e+13 m^3
 	 Volume corrected to 	3.620299e+10 m^3
 	 The rest is carried over to next year 

 	 HydroSnow Warning: There is Snow remaining on August 31 
 	 Snowremains 	 = 2.143359e+11 (m^3) 
 	 in year: 2017 
HydroGlacial WARNING: year = 2018, ep =0 
 	 Insufficient precipitation to grow glacier. 
 	 Volume glacier correction: 
 	 Volume should be 	2.950319e+13 m^3
 	 Volume corrected to 	4.838151e+10 m^3
 	 The rest is carried over to next year 

 	 HydroSnow Warning: There is Snow remaining on August 31 
 	 Snowremains 	 = 2.301573e+11 (m^3) 
 	 in year: 2018 
HydroGlacial WARNING: year = 2018, ep =0 
 	 Insufficient precipitation to grow glacier. 
 	 Volume glacier correction: 
 	 Volume should be 	2.950319e+13 m^3
 	 Volume corrected to 	1.217852e+10 m^3
 	 The rest is carried over to next year 

 	 HydroSnow Warning: There is Snow remaining on August 31 
 	 Snowremains 	 = 2.301573e+11 (m^3) 
 	 in year: 2018 
HydroGlacial WARNING: year = 2018, ep =0 
 	 Insufficient precipitation to grow glacier. 
 	 Volume glacier correction: 
 	 Volume should be 	2.950319e+13 m^3
 	 Volume corrected to 	1.217852e+10 m^3
 	 The rest is carried over to next year 

 	 HydroSnow Warning: There is Snow remaining on August 31 
 	 Snowremains 	 = 2.301573e+11 (m^3) 
 	 in year: 2018 
HydroGlacial WARNING: year = 2018, ep =0 
 	 Insufficient precipitation to grow glacier. 
 	 Volume glacier correction: 
 	 Volume should be 	2.950319e+13 m^3
 	 Volume corrected to 	1.217852e+10 m^3
 	 The rest is carried over to next year 

 	 HydroSnow Warning: There is Snow remaining on August 31 
 	 Snowremains 	 = 2.301573e+11 (m^3) 
 	 in year: 2018 
HydroGlacial WARNING: year = 2018, ep =0 
 	 Insufficient precipitation to grow glacier. 
 	 Volume glacier correction: 
 	 Volume should be 	2.950319e+13 m^3
 	 Volume corrected to 	1.217852e+10 m^3
 	 The rest is carried over to next year 

 	 HydroSnow Warning: There is Snow remaining on August 31 
 	 Snowremains 	 = 2.301573e+11 (m^3) 
 	 in year: 2018 
HydroGlacial WARNING: year = 2018, ep =0 
 	 Insufficient precipitation to grow glacier. 
 	 Volume glacier correction: 
 	 Volume should be 	2.950319e+13 m^3
 	 Volume corrected to 	1.217852e+10 m^3
 	 The rest is carried over to next year 

 	 HydroSnow Warning: There is Snow remaining on August 31 
 	 Snowremains 	 = 2.301573e+11 (m^3) 
 	 in year: 2018 
HydroGlacial WARNING: year = 2018, ep =0 
 	 Insufficient precipitation to grow glacier. 
 	 Volume glacier correction: 
 	 Volume should be 	2.950319e+13 m^3
 	 Volume corrected to 	1.217852e+10 m^3
 	 The rest is carried over to next year 

 	 HydroSnow Warning: There is Snow remaining on August 31 
 	 Snowremains 	 = 2.301573e+11 (m^3) 
 	 in year: 2018 
HydroGlacial WARNING: year = 2018, ep =0 
 	 Insufficient precipitation to grow glacier. 
 	 Volume glacier correction: 
 	 Volume should be 	2.950319e+13 m^3
 	 Volume corrected to 	1.217852e+10 m^3
 	 The rest is carried over to next year 

 	 HydroSnow Warning: There is Snow remaining on August 31 
 	 Snowremains 	 = 2.301573e+11 (m^3) 
 	 in year: 2018 
HydroGlacial WARNING: year = 2018, ep =0 
 	 Insufficient precipitation to grow glacier. 
 	 Volume glacier correction: 
 	 Volume should be 	2.950319e+13 m^3
 	 Volume corrected to 	1.217852e+10 m^3
 	 The rest is carried over to next year 

 	 HydroSnow Warning: There is Snow remaining on August 31 
 	 Snowremains 	 = 2.301573e+11 (m^3) 
 	 in year: 2018 
HydroGlacial WARNING: year = 2018, ep =0 
 	 Insufficient precipitation to grow glacier. 
 	 Volume glacier correction: 
 	 Volume should be 	2.950319e+13 m^3
 	 Volume corrected to 	1.217852e+10 m^3
 	 The rest is carried over to next year 

 	 HydroSnow Warning: There is Snow remaining on August 31 
 	 Snowremains 	 = 2.301573e+11 (m^3) 
 	 in year: 2018 
   FLOOD WARNING: the maximum predicted flood size has been exceeded. 
      Epoch 1, year 2018 
      Maximum predicted flood 56740.8 (m^3/s) 
      Modeled flood peak 79426 (m^3/s) 
HydroGlacial WARNING: year = 2019, ep =0 
 	 Insufficient precipitation to grow glacier. 
 	 Volume glacier correction: 
 	 Volume should be 	2.950319e+13 m^3
 	 Volume corrected to 	2.451383e+10 m^3
 	 The rest is carried over to next year 

 	 HydroSnow Warning: There is Snow remaining on August 31 
 	 Snowremains 	 = 2.463858e+11 (m^3) 
 	 in year: 2019 
HydroGlacial WARNING: year = 2019, ep =0 
 	 Insufficient precipitation to grow glacier. 
 	 Volume glacier correction: 
 	 Volume should be 	2.950319e+13 m^3
 	 Volume corrected to 	1.233531e+10 m^3
 	 The rest is carried over to next year 

 	 HydroSnow Warning: There is Snow remaining on August 31 
 	 Snowremains 	 = 2.463858e+11 (m^3) 
 	 in year: 2019 
HydroGlacial WARNING: year = 2019, ep =0 
 	 Insufficient precipitation to grow glacier. 
 	 Volume glacier correction: 
 	 Volume should be 	2.950319e+13 m^3
 	 Volume corrected to 	1.233531e+10 m^3
 	 The rest is carried over to next year 

 	 HydroSnow Warning: There is Snow remaining on August 31 
 	 Snowremains 	 = 2.463858e+11 (m^3) 
 	 in year: 2019 
HydroGlacial WARNING: year = 2019, ep =0 
 	 Insufficient precipitation to grow glacier. 
 	 Volume glacier correction: 
 	 Volume should be 	2.950319e+13 m^3
 	 Volume corrected to 	1.233531e+10 m^3
 	 The rest is carried over to next year 

 	 HydroSnow Warning: There is Snow remaining on August 31 
 	 Snowremains 	 = 2.463858e+11 (m^3) 
 	 in year: 2019 
HydroGlacial WARNING: year = 2019, ep =0 
 	 Insufficient precipitation to grow glacier. 
 	 Volume glacier correction: 
 	 Volume should be 	2.950319e+13 m^3
 	 Volume corrected to 	1.233531e+10 m^3
 	 The rest is carried over to next year 

 	 HydroSnow Warning: There is Snow remaining on August 31 
 	 Snowremains 	 = 2.463858e+11 (m^3) 
 	 in year: 2019 
HydroGlacial WARNING: year = 2019, ep =0 
 	 Insufficient precipitation to grow glacier. 
 	 Volume glacier correction: 
 	 Volume should be 	2.950319e+13 m^3
 	 Volume corrected to 	1.233531e+10 m^3
 	 The rest is carried over to next year 

 	 HydroSnow Warning: There is Snow remaining on August 31 
 	 Snowremains 	 = 2.463858e+11 (m^3) 
 	 in year: 2019 
HydroGlacial WARNING: year = 2019, ep =0 
 	 Insufficient precipitation to grow glacier. 
 	 Volume glacier correction: 
 	 Volume should be 	2.950319e+13 m^3
 	 Volume corrected to 	1.233531e+10 m^3
 	 The rest is carried over to next year 

 	 HydroSnow Warning: There is Snow remaining on August 31 
 	 Snowremains 	 = 2.463858e+11 (m^3) 
 	 in year: 2019 
HydroGlacial WARNING: year = 2019, ep =0 
 	 Insufficient precipitation to grow glacier. 
 	 Volume glacier correction: 
 	 Volume should be 	2.950319e+13 m^3
 	 Volume corrected to 	1.233531e+10 m^3
 	 The rest is carried over to next year 

 	 HydroSnow Warning: There is Snow remaining on August 31 
 	 Snowremains 	 = 2.463858e+11 (m^3) 
 	 in year: 2019 
HydroGlacial WARNING: year = 2019, ep =0 
 	 Insufficient precipitation to grow glacier. 
 	 Volume glacier correction: 
 	 Volume should be 	2.950319e+13 m^3
 	 Volume corrected to 	1.233531e+10 m^3
 	 The rest is carried over to next year 

 	 HydroSnow Warning: There is Snow remaining on August 31 
 	 Snowremains 	 = 2.463858e+11 (m^3) 
 	 in year: 2019 
HydroGlacial WARNING: year = 2019, ep =0 
 	 Insufficient precipitation to grow glacier. 
 	 Volume glacier correction: 
 	 Volume should be 	2.950319e+13 m^3
 	 Volume corrected to 	1.233531e+10 m^3
 	 The rest is carried over to next year 

 	 HydroSnow Warning: There is Snow remaining on August 31 
 	 Snowremains 	 = 2.463858e+11 (m^3) 
 	 in year: 2019 
   FLOOD WARNING: the maximum predicted flood size has been exceeded. 
      Epoch 1, year 2019 
      Maximum predicted flood 56740.8 (m^3/s) 
      Modeled flood peak 79046.4 (m^3/s) 
HydroGlacial WARNING: year = 2020, ep =0 
 	 Insufficient precipitation to grow glacier. 
 	 Volume glacier correction: 
 	 Volume should be 	2.950319e+13 m^3
 	 Volume corrected to 	2.469941e+10 m^3
 	 The rest is carried over to next year 

 	 HydroSnow Warning: There is Snow remaining on August 31 
 	 Snowremains 	 = 2.557163e+11 (m^3) 
 	 in year: 2020 
HydroGlacial WARNING: year = 2020, ep =0 
 	 Insufficient precipitation to grow glacier. 
 	 Volume glacier correction: 
 	 Volume should be 	2.950319e+13 m^3
 	 Volume corrected to 	1.236410e+10 m^3
 	 The rest is carried over to next year 

 	 HydroSnow Warning: There is Snow remaining on August 31 
 	 Snowremains 	 = 2.557163e+11 (m^3) 
 	 in year: 2020 
HydroGlacial WARNING: year = 2020, ep =0 
 	 Insufficient precipitation to grow glacier. 
 	 Volume glacier correction: 
 	 Volume should be 	2.950319e+13 m^3
 	 Volume corrected to 	1.236410e+10 m^3
 	 The rest is carried over to next year 

 	 HydroSnow Warning: There is Snow remaining on August 31 
 	 Snowremains 	 = 2.557163e+11 (m^3) 
 	 in year: 2020 
HydroGlacial WARNING: year = 2020, ep =0 
 	 Insufficient precipitation to grow glacier. 
 	 Volume glacier correction: 
 	 Volume should be 	2.950319e+13 m^3
 	 Volume corrected to 	1.236410e+10 m^3
 	 The rest is carried over to next year 

 	 HydroSnow Warning: There is Snow remaining on August 31 
 	 Snowremains 	 = 2.557163e+11 (m^3) 
 	 in year: 2020 
HydroGlacial WARNING: year = 2020, ep =0 
 	 Insufficient precipitation to grow glacier. 
 	 Volume glacier correction: 
 	 Volume should be 	2.950319e+13 m^3
 	 Volume corrected to 	1.236410e+10 m^3
 	 The rest is carried over to next year 

 	 HydroSnow Warning: There is Snow remaining on August 31 
 	 Snowremains 	 = 2.557163e+11 (m^3) 
 	 in year: 2020 
HydroGlacial WARNING: year = 2020, ep =0 
 	 Insufficient precipitation to grow glacier. 
 	 Volume glacier correction: 
 	 Volume should be 	2.950319e+13 m^3
 	 Volume corrected to 	1.236410e+10 m^3
 	 The rest is carried over to next year 

 	 HydroSnow Warning: There is Snow remaining on August 31 
 	 Snowremains 	 = 2.557163e+11 (m^3) 
 	 in year: 2020 
HydroGlacial WARNING: year = 2020, ep =0 
 	 Insufficient precipitation to grow glacier. 
 	 Volume glacier correction: 
 	 Volume should be 	2.950319e+13 m^3
 	 Volume corrected to 	1.236410e+10 m^3
 	 The rest is carried over to next year 

 	 HydroSnow Warning: There is Snow remaining on August 31 
 	 Snowremains 	 = 2.557163e+11 (m^3) 
 	 in year: 2020 
HydroGlacial WARNING: year = 2020, ep =0 
 	 Insufficient precipitation to grow glacier. 
 	 Volume glacier correction: 
 	 Volume should be 	2.950319e+13 m^3
 	 Volume corrected to 	1.236410e+10 m^3
 	 The rest is carried over to next year 

 	 HydroSnow Warning: There is Snow remaining on August 31 
 	 Snowremains 	 = 2.557163e+11 (m^3) 
 	 in year: 2020 
HydroGlacial WARNING: year = 2020, ep =0 
 	 Insufficient precipitation to grow glacier. 
 	 Volume glacier correction: 
 	 Volume should be 	2.950319e+13 m^3
 	 Volume corrected to 	1.236410e+10 m^3
 	 The rest is carried over to next year 

 	 HydroSnow Warning: There is Snow remaining on August 31 
 	 Snowremains 	 = 2.557163e+11 (m^3) 
 	 in year: 2020 
HydroGlacial WARNING: year = 2020, ep =0 
 	 Insufficient precipitation to grow glacier. 
 	 Volume glacier correction: 
 	 Volume should be 	2.950319e+13 m^3
 	 Volume corrected to 	1.236410e+10 m^3
 	 The rest is carried over to next year 

 	 HydroSnow Warning: There is Snow remaining on August 31 
 	 Snowremains 	 = 2.557163e+11 (m^3) 
 	 in year: 2020 
   FLOOD WARNING: the maximum predicted flood size has been exceeded. 
      Epoch 1, year 2020 
      Maximum predicted flood 56740.8 (m^3/s) 
      Modeled flood peak 64886.8 (m^3/s) 
HydroGlacial WARNING: year = 2021, ep =0 
 	 Insufficient precipitation to grow glacier. 
 	 Volume glacier correction: 
 	 Volume should be 	2.950319e+13 m^3
 	 Volume corrected to 	2.415169e+10 m^3
 	 The rest is carried over to next year 

 	 HydroSnow Warning: There is Snow remaining on August 31 
 	 Snowremains 	 = 2.638772e+11 (m^3) 
 	 in year: 2021 
HydroGlacial WARNING: year = 2021, ep =0 
 	 Insufficient precipitation to grow glacier. 
 	 Volume glacier correction: 
 	 Volume should be 	2.950319e+13 m^3
 	 Volume corrected to 	1.178760e+10 m^3
 	 The rest is carried over to next year 

 	 HydroSnow Warning: There is Snow remaining on August 31 
 	 Snowremains 	 = 2.638772e+11 (m^3) 
 	 in year: 2021 
HydroGlacial WARNING: year = 2021, ep =0 
 	 Insufficient precipitation to grow glacier. 
 	 Volume glacier correction: 
 	 Volume should be 	2.950319e+13 m^3
 	 Volume corrected to 	1.178760e+10 m^3
 	 The rest is carried over to next year 

 	 HydroSnow Warning: There is Snow remaining on August 31 
 	 Snowremains 	 = 2.638772e+11 (m^3) 
 	 in year: 2021 
HydroGlacial WARNING: year = 2021, ep =0 
 	 Insufficient precipitation to grow glacier. 
 	 Volume glacier correction: 
 	 Volume should be 	2.950319e+13 m^3
 	 Volume corrected to 	1.178760e+10 m^3
 	 The rest is carried over to next year 

 	 HydroSnow Warning: There is Snow remaining on August 31 
 	 Snowremains 	 = 2.638772e+11 (m^3) 
 	 in year: 2021 
HydroGlacial WARNING: year = 2021, ep =0 
 	 Insufficient precipitation to grow glacier. 
 	 Volume glacier correction: 
 	 Volume should be 	2.950319e+13 m^3
 	 Volume corrected to 	1.178760e+10 m^3
 	 The rest is carried over to next year 

 	 HydroSnow Warning: There is Snow remaining on August 31 
 	 Snowremains 	 = 2.638772e+11 (m^3) 
 	 in year: 2021 
HydroGlacial WARNING: year = 2021, ep =0 
 	 Insufficient precipitation to grow glacier. 
 	 Volume glacier correction: 
 	 Volume should be 	2.950319e+13 m^3
 	 Volume corrected to 	1.178760e+10 m^3
 	 The rest is carried over to next year 

 	 HydroSnow Warning: There is Snow remaining on August 31 
 	 Snowremains 	 = 2.638772e+11 (m^3) 
 	 in year: 2021 
HydroGlacial WARNING: year = 2021, ep =0 
 	 Insufficient precipitation to grow glacier. 
 	 Volume glacier correction: 
 	 Volume should be 	2.950319e+13 m^3
 	 Volume corrected to 	1.178760e+10 m^3
 	 The rest is carried over to next year 

 	 HydroSnow Warning: There is Snow remaining on August 31 
 	 Snowremains 	 = 2.638772e+11 (m^3) 
 	 in year: 2021 
HydroGlacial WARNING: year = 2021, ep =0 
 	 Insufficient precipitation to grow glacier. 
 	 Volume glacier correction: 
 	 Volume should be 	2.950319e+13 m^3
 	 Volume corrected to 	1.178760e+10 m^3
 	 The rest is carried over to next year 

 	 HydroSnow Warning: There is Snow remaining on August 31 
 	 Snowremains 	 = 2.638772e+11 (m^3) 
 	 in year: 2021 
HydroGlacial WARNING: year = 2021, ep =0 
 	 Insufficient precipitation to grow glacier. 
 	 Volume glacier correction: 
 	 Volume should be 	2.950319e+13 m^3
 	 Volume corrected to 	1.178760e+10 m^3
 	 The rest is carried over to next year 

 	 HydroSnow Warning: There is Snow remaining on August 31 
 	 Snowremains 	 = 2.638772e+11 (m^3) 
 	 in year: 2021 
HydroGlacial WARNING: year = 2021, ep =0 
 	 Insufficient precipitation to grow glacier. 
 	 Volume glacier correction: 
 	 Volume should be 	2.950319e+13 m^3
 	 Volume corrected to 	1.178760e+10 m^3
 	 The rest is carried over to next year 

 	 HydroSnow Warning: There is Snow remaining on August 31 
 	 Snowremains 	 = 2.638772e+11 (m^3) 
 	 in year: 2021 
   FLOOD WARNING: the maximum predicted flood size has been exceeded. 
      Epoch 1, year 2021 
      Maximum predicted flood 56740.8 (m^3/s) 
      Modeled flood peak 81297.4 (m^3/s) 
HydroGlacial WARNING: year = 2022, ep =0 
 	 Insufficient precipitation to grow glacier. 
 	 Volume glacier correction: 
 	 Volume should be 	2.950319e+13 m^3
 	 Volume corrected to 	2.652722e+10 m^3
 	 The rest is carried over to next year 

 	 HydroSnow Warning: There is Snow remaining on August 31 
 	 Snowremains 	 = 2.849057e+11 (m^3) 
 	 in year: 2022 
HydroGlacial WARNING: year = 2022, ep =0 
 	 Insufficient precipitation to grow glacier. 
 	 Volume glacier correction: 
 	 Volume should be 	2.950319e+13 m^3
 	 Volume corrected to 	1.473963e+10 m^3
 	 The rest is carried over to next year 

 	 HydroSnow Warning: There is Snow remaining on August 31 
 	 Snowremains 	 = 2.849057e+11 (m^3) 
 	 in year: 2022 
HydroGlacial WARNING: year = 2022, ep =0 
 	 Insufficient precipitation to grow glacier. 
 	 Volume glacier correction: 
 	 Volume should be 	2.950319e+13 m^3
 	 Volume corrected to 	1.473963e+10 m^3
 	 The rest is carried over to next year 

 	 HydroSnow Warning: There is Snow remaining on August 31 
 	 Snowremains 	 = 2.849057e+11 (m^3) 
 	 in year: 2022 
HydroGlacial WARNING: year = 2022, ep =0 
 	 Insufficient precipitation to grow glacier. 
 	 Volume glacier correction: 
 	 Volume should be 	2.950319e+13 m^3
 	 Volume corrected to 	1.473963e+10 m^3
 	 The rest is carried over to next year 

 	 HydroSnow Warning: There is Snow remaining on August 31 
 	 Snowremains 	 = 2.849057e+11 (m^3) 
 	 in year: 2022 
HydroGlacial WARNING: year = 2022, ep =0 
 	 Insufficient precipitation to grow glacier. 
 	 Volume glacier correction: 
 	 Volume should be 	2.950319e+13 m^3
 	 Volume corrected to 	1.473963e+10 m^3
 	 The rest is carried over to next year 

 	 HydroSnow Warning: There is Snow remaining on August 31 
 	 Snowremains 	 = 2.849057e+11 (m^3) 
 	 in year: 2022 
HydroGlacial WARNING: year = 2022, ep =0 
 	 Insufficient precipitation to grow glacier. 
 	 Volume glacier correction: 
 	 Volume should be 	2.950319e+13 m^3
 	 Volume corrected to 	1.473963e+10 m^3
 	 The rest is carried over to next year 

 	 HydroSnow Warning: There is Snow remaining on August 31 
 	 Snowremains 	 = 2.849057e+11 (m^3) 
 	 in year: 2022 
HydroGlacial WARNING: year = 2022, ep =0 
 	 Insufficient precipitation to grow glacier. 
 	 Volume glacier correction: 
 	 Volume should be 	2.950319e+13 m^3
 	 Volume corrected to 	1.473963e+10 m^3
 	 The rest is carried over to next year 

 	 HydroSnow Warning: There is Snow remaining on August 31 
 	 Snowremains 	 = 2.849057e+11 (m^3) 
 	 in year: 2022 
HydroGlacial WARNING: year = 2022, ep =0 
 	 Insufficient precipitation to grow glacier. 
 	 Volume glacier correction: 
 	 Volume should be 	2.950319e+13 m^3
 	 Volume corrected to 	1.473963e+10 m^3
 	 The rest is carried over to next year 

 	 HydroSnow Warning: There is Snow remaining on August 31 
 	 Snowremains 	 = 2.849057e+11 (m^3) 
 	 in year: 2022 
HydroGlacial WARNING: year = 2022, ep =0 
 	 Insufficient precipitation to grow glacier. 
 	 Volume glacier correction: 
 	 Volume should be 	2.950319e+13 m^3
 	 Volume corrected to 	1.473963e+10 m^3
 	 The rest is carried over to next year 

 	 HydroSnow Warning: There is Snow remaining on August 31 
 	 Snowremains 	 = 2.849057e+11 (m^3) 
 	 in year: 2022 
HydroGlacial WARNING: year = 2022, ep =0 
 	 Insufficient precipitation to grow glacier. 
 	 Volume glacier correction: 
 	 Volume should be 	2.950319e+13 m^3
 	 Volume corrected to 	1.473963e+10 m^3
 	 The rest is carried over to next year 

 	 HydroSnow Warning: There is Snow remaining on August 31 
 	 Snowremains 	 = 2.849057e+11 (m^3) 
 	 in year: 2022 
   FLOOD WARNING: the maximum predicted flood size has been exceeded. 
      Epoch 1, year 2022 
      Maximum predicted flood 56740.8 (m^3/s) 
      Modeled flood peak 114625 (m^3/s) 
HydroGlacial WARNING: year = 2023, ep =0 
 	 Insufficient precipitation to grow glacier. 
 	 Volume glacier correction: 
 	 Volume should be 	2.950319e+13 m^3
 	 Volume corrected to 	2.832395e+10 m^3
 	 The rest is carried over to next year 

 	 HydroSnow Warning: There is Snow remaining on August 31 
 	 Snowremains 	 = 3.019805e+11 (m^3) 
 	 in year: 2023 
HydroGlacial WARNING: year = 2023, ep =0 
 	 Insufficient precipitation to grow glacier. 
 	 Volume glacier correction: 
 	 Volume should be 	2.950319e+13 m^3
 	 Volume corrected to 	1.358432e+10 m^3
 	 The rest is carried over to next year 

 	 HydroSnow Warning: There is Snow remaining on August 31 
 	 Snowremains 	 = 3.019805e+11 (m^3) 
 	 in year: 2023 
HydroGlacial WARNING: year = 2023, ep =0 
 	 Insufficient precipitation to grow glacier. 
 	 Volume glacier correction: 
 	 Volume should be 	2.950319e+13 m^3
 	 Volume corrected to 	1.358432e+10 m^3
 	 The rest is carried over to next year 

 	 HydroSnow Warning: There is Snow remaining on August 31 
 	 Snowremains 	 = 3.019805e+11 (m^3) 
 	 in year: 2023 
HydroGlacial WARNING: year = 2023, ep =0 
 	 Insufficient precipitation to grow glacier. 
 	 Volume glacier correction: 
 	 Volume should be 	2.950319e+13 m^3
 	 Volume corrected to 	1.358432e+10 m^3
 	 The rest is carried over to next year 

 	 HydroSnow Warning: There is Snow remaining on August 31 
 	 Snowremains 	 = 3.019805e+11 (m^3) 
 	 in year: 2023 
HydroGlacial WARNING: year = 2023, ep =0 
 	 Insufficient precipitation to grow glacier. 
 	 Volume glacier correction: 
 	 Volume should be 	2.950319e+13 m^3
 	 Volume corrected to 	1.358432e+10 m^3
 	 The rest is carried over to next year 

 	 HydroSnow Warning: There is Snow remaining on August 31 
 	 Snowremains 	 = 3.019805e+11 (m^3) 
 	 in year: 2023 
HydroGlacial WARNING: year = 2023, ep =0 
 	 Insufficient precipitation to grow glacier. 
 	 Volume glacier correction: 
 	 Volume should be 	2.950319e+13 m^3
 	 Volume corrected to 	1.358432e+10 m^3
 	 The rest is carried over to next year 

 	 HydroSnow Warning: There is Snow remaining on August 31 
 	 Snowremains 	 = 3.019805e+11 (m^3) 
 	 in year: 2023 
HydroGlacial WARNING: year = 2023, ep =0 
 	 Insufficient precipitation to grow glacier. 
 	 Volume glacier correction: 
 	 Volume should be 	2.950319e+13 m^3
 	 Volume corrected to 	1.358432e+10 m^3
 	 The rest is carried over to next year 

 	 HydroSnow Warning: There is Snow remaining on August 31 
 	 Snowremains 	 = 3.019805e+11 (m^3) 
 	 in year: 2023 
HydroGlacial WARNING: year = 2023, ep =0 
 	 Insufficient precipitation to grow glacier. 
 	 Volume glacier correction: 
 	 Volume should be 	2.950319e+13 m^3
 	 Volume corrected to 	1.358432e+10 m^3
 	 The rest is carried over to next year 

 	 HydroSnow Warning: There is Snow remaining on August 31 
 	 Snowremains 	 = 3.019805e+11 (m^3) 
 	 in year: 2023 
HydroGlacial WARNING: year = 2023, ep =0 
 	 Insufficient precipitation to grow glacier. 
 	 Volume glacier correction: 
 	 Volume should be 	2.950319e+13 m^3
 	 Volume corrected to 	1.358432e+10 m^3
 	 The rest is carried over to next year 

 	 HydroSnow Warning: There is Snow remaining on August 31 
 	 Snowremains 	 = 3.019805e+11 (m^3) 
 	 in year: 2023 
HydroGlacial WARNING: year = 2023, ep =0 
 	 Insufficient precipitation to grow glacier. 
 	 Volume glacier correction: 
 	 Volume should be 	2.950319e+13 m^3
 	 Volume corrected to 	1.358432e+10 m^3
 	 The rest is carried over to next year 

 	 HydroSnow Warning: There is Snow remaining on August 31 
 	 Snowremains 	 = 3.019805e+11 (m^3) 
 	 in year: 2023 
   FLOOD WARNING: the maximum predicted flood size has been exceeded. 
      Epoch 1, year 2023 
      Maximum predicted flood 56740.8 (m^3/s) 
      Modeled flood peak 83283.1 (m^3/s) 
HydroGlacial WARNING: year = 2024, ep =0 
 	 Insufficient precipitation to grow glacier. 
 	 Volume glacier correction: 
 	 Volume should be 	2.950319e+13 m^3
 	 Volume corrected to 	2.704243e+10 m^3
 	 The rest is carried over to next year 

 	 HydroSnow Warning: There is Snow remaining on August 31 
 	 Snowremains 	 = 3.184988e+11 (m^3) 
 	 in year: 2024 
HydroGlacial WARNING: year = 2024, ep =0 
 	 Insufficient precipitation to grow glacier. 
 	 Volume glacier correction: 
 	 Volume should be 	2.950319e+13 m^3
 	 Volume corrected to 	1.345811e+10 m^3
 	 The rest is carried over to next year 

 	 HydroSnow Warning: There is Snow remaining on August 31 
 	 Snowremains 	 = 3.184988e+11 (m^3) 
 	 in year: 2024 
HydroGlacial WARNING: year = 2024, ep =0 
 	 Insufficient precipitation to grow glacier. 
 	 Volume glacier correction: 
 	 Volume should be 	2.950319e+13 m^3
 	 Volume corrected to 	1.345811e+10 m^3
 	 The rest is carried over to next year 

 	 HydroSnow Warning: There is Snow remaining on August 31 
 	 Snowremains 	 = 3.184988e+11 (m^3) 
 	 in year: 2024 
HydroGlacial WARNING: year = 2024, ep =0 
 	 Insufficient precipitation to grow glacier. 
 	 Volume glacier correction: 
 	 Volume should be 	2.950319e+13 m^3
 	 Volume corrected to 	1.345811e+10 m^3
 	 The rest is carried over to next year 

 	 HydroSnow Warning: There is Snow remaining on August 31 
 	 Snowremains 	 = 3.184988e+11 (m^3) 
 	 in year: 2024 
HydroGlacial WARNING: year = 2024, ep =0 
 	 Insufficient precipitation to grow glacier. 
 	 Volume glacier correction: 
 	 Volume should be 	2.950319e+13 m^3
 	 Volume corrected to 	1.345811e+10 m^3
 	 The rest is carried over to next year 

 	 HydroSnow Warning: There is Snow remaining on August 31 
 	 Snowremains 	 = 3.184988e+11 (m^3) 
 	 in year: 2024 
HydroGlacial WARNING: year = 2024, ep =0 
 	 Insufficient precipitation to grow glacier. 
 	 Volume glacier correction: 
 	 Volume should be 	2.950319e+13 m^3
 	 Volume corrected to 	1.345811e+10 m^3
 	 The rest is carried over to next year 

 	 HydroSnow Warning: There is Snow remaining on August 31 
 	 Snowremains 	 = 3.184988e+11 (m^3) 
 	 in year: 2024 
HydroGlacial WARNING: year = 2024, ep =0 
 	 Insufficient precipitation to grow glacier. 
 	 Volume glacier correction: 
 	 Volume should be 	2.950319e+13 m^3
 	 Volume corrected to 	1.345811e+10 m^3
 	 The rest is carried over to next year 

 	 HydroSnow Warning: There is Snow remaining on August 31 
 	 Snowremains 	 = 3.184988e+11 (m^3) 
 	 in year: 2024 
HydroGlacial WARNING: year = 2024, ep =0 
 	 Insufficient precipitation to grow glacier. 
 	 Volume glacier correction: 
 	 Volume should be 	2.950319e+13 m^3
 	 Volume corrected to 	1.345811e+10 m^3
 	 The rest is carried over to next year 

 	 HydroSnow Warning: There is Snow remaining on August 31 
 	 Snowremains 	 = 3.184988e+11 (m^3) 
 	 in year: 2024 
HydroGlacial WARNING: year = 2024, ep =0 
 	 Insufficient precipitation to grow glacier. 
 	 Volume glacier correction: 
 	 Volume should be 	2.950319e+13 m^3
 	 Volume corrected to 	1.345811e+10 m^3
 	 The rest is carried over to next year 

 	 HydroSnow Warning: There is Snow remaining on August 31 
 	 Snowremains 	 = 3.184988e+11 (m^3) 
 	 in year: 2024 
HydroGlacial WARNING: year = 2024, ep =0 
 	 Insufficient precipitation to grow glacier. 
 	 Volume glacier correction: 
 	 Volume should be 	2.950319e+13 m^3
 	 Volume corrected to 	1.345811e+10 m^3
 	 The rest is carried over to next year 

 	 HydroSnow Warning: There is Snow remaining on August 31 
 	 Snowremains 	 = 3.184988e+11 (m^3) 
 	 in year: 2024 
   FLOOD WARNING: the maximum predicted flood size has been exceeded. 
      Epoch 1, year 2024 
      Maximum predicted flood 56740.8 (m^3/s) 
      Modeled flood peak 78707.9 (m^3/s) 
HydroGlacial WARNING: year = 2025, ep =0 
 	 Insufficient precipitation to grow glacier. 
 	 Volume glacier correction: 
 	 Volume should be 	2.950319e+13 m^3
 	 Volume corrected to 	2.448154e+10 m^3
 	 The rest is carried over to next year 

 	 HydroSnow Warning: There is Snow remaining on August 31 
 	 Snowremains 	 = 3.340042e+11 (m^3) 
 	 in year: 2025 
HydroGlacial WARNING: year = 2026, ep =0 
 	 Insufficient precipitation to grow glacier. 
 	 Volume glacier correction: 
 	 Volume should be 	2.950319e+13 m^3
 	 Volume corrected to 	3.665487e+10 m^3
 	 The rest is carried over to next year 

 	 HydroSnow Warning: There is Snow remaining on August 31 
 	 Snowremains 	 = 3.402629e+11 (m^3) 
 	 in year: 2026 
HydroGlacial WARNING: year = 2026, ep =0 
 	 Insufficient precipitation to grow glacier. 
 	 Volume glacier correction: 
 	 Volume should be 	2.950319e+13 m^3
 	 Volume corrected to 	1.217333e+10 m^3
 	 The rest is carried over to next year 

 	 HydroSnow Warning: There is Snow remaining on August 31 
 	 Snowremains 	 = 3.402629e+11 (m^3) 
 	 in year: 2026 
HydroGlacial WARNING: year = 2026, ep =0 
 	 Insufficient precipitation to grow glacier. 
 	 Volume glacier correction: 
 	 Volume should be 	2.950319e+13 m^3
 	 Volume corrected to 	1.217333e+10 m^3
 	 The rest is carried over to next year 

 	 HydroSnow Warning: There is Snow remaining on August 31 
 	 Snowremains 	 = 3.402629e+11 (m^3) 
 	 in year: 2026 
HydroGlacial WARNING: year = 2026, ep =0 
 	 Insufficient precipitation to grow glacier. 
 	 Volume glacier correction: 
 	 Volume should be 	2.950319e+13 m^3
 	 Volume corrected to 	1.217333e+10 m^3
 	 The rest is carried over to next year 

 	 HydroSnow Warning: There is Snow remaining on August 31 
 	 Snowremains 	 = 3.402629e+11 (m^3) 
 	 in year: 2026 
HydroGlacial WARNING: year = 2026, ep =0 
 	 Insufficient precipitation to grow glacier. 
 	 Volume glacier correction: 
 	 Volume should be 	2.950319e+13 m^3
 	 Volume corrected to 	1.217333e+10 m^3
 	 The rest is carried over to next year 

 	 HydroSnow Warning: There is Snow remaining on August 31 
 	 Snowremains 	 = 3.402629e+11 (m^3) 
 	 in year: 2026 
HydroGlacial WARNING: year = 2026, ep =0 
 	 Insufficient precipitation to grow glacier. 
 	 Volume glacier correction: 
 	 Volume should be 	2.950319e+13 m^3
 	 Volume corrected to 	1.217333e+10 m^3
 	 The rest is carried over to next year 

 	 HydroSnow Warning: There is Snow remaining on August 31 
 	 Snowremains 	 = 3.402629e+11 (m^3) 
 	 in year: 2026 
HydroGlacial WARNING: year = 2026, ep =0 
 	 Insufficient precipitation to grow glacier. 
 	 Volume glacier correction: 
 	 Volume should be 	2.950319e+13 m^3
 	 Volume corrected to 	1.217333e+10 m^3
 	 The rest is carried over to next year 

 	 HydroSnow Warning: There is Snow remaining on August 31 
 	 Snowremains 	 = 3.402629e+11 (m^3) 
 	 in year: 2026 
HydroGlacial WARNING: year = 2026, ep =0 
 	 Insufficient precipitation to grow glacier. 
 	 Volume glacier correction: 
 	 Volume should be 	2.950319e+13 m^3
 	 Volume corrected to 	1.217333e+10 m^3
 	 The rest is carried over to next year 

 	 HydroSnow Warning: There is Snow remaining on August 31 
 	 Snowremains 	 = 3.402629e+11 (m^3) 
 	 in year: 2026 
HydroGlacial WARNING: year = 2026, ep =0 
 	 Insufficient precipitation to grow glacier. 
 	 Volume glacier correction: 
 	 Volume should be 	2.950319e+13 m^3
 	 Volume corrected to 	1.217333e+10 m^3
 	 The rest is carried over to next year 

 	 HydroSnow Warning: There is Snow remaining on August 31 
 	 Snowremains 	 = 3.402629e+11 (m^3) 
 	 in year: 2026 
HydroGlacial WARNING: year = 2026, ep =0 
 	 Insufficient precipitation to grow glacier. 
 	 Volume glacier correction: 
 	 Volume should be 	2.950319e+13 m^3
 	 Volume corrected to 	1.217333e+10 m^3
 	 The rest is carried over to next year 

 	 HydroSnow Warning: There is Snow remaining on August 31 
 	 Snowremains 	 = 3.402629e+11 (m^3) 
 	 in year: 2026 
   FLOOD WARNING: the maximum predicted flood size has been exceeded. 
      Epoch 1, year 2026 
      Maximum predicted flood 56740.8 (m^3/s) 
      Modeled flood peak 61974.6 (m^3/s) 
HydroGlacial WARNING: year = 2027, ep =0 
 	 Insufficient precipitation to grow glacier. 
 	 Volume glacier correction: 
 	 Volume should be 	2.950319e+13 m^3
 	 Volume corrected to 	2.383754e+10 m^3
 	 The rest is carried over to next year 

 	 HydroSnow Warning: There is Snow remaining on August 31 
 	 Snowremains 	 = 3.524060e+11 (m^3) 
 	 in year: 2027 
HydroGlacial WARNING: year = 2027, ep =0 
 	 Insufficient precipitation to grow glacier. 
 	 Volume glacier correction: 
 	 Volume should be 	2.950319e+13 m^3
 	 Volume corrected to 	1.166421e+10 m^3
 	 The rest is carried over to next year 

 	 HydroSnow Warning: There is Snow remaining on August 31 
 	 Snowremains 	 = 3.524060e+11 (m^3) 
 	 in year: 2027 
HydroGlacial WARNING: year = 2027, ep =0 
 	 Insufficient precipitation to grow glacier. 
 	 Volume glacier correction: 
 	 Volume should be 	2.950319e+13 m^3
 	 Volume corrected to 	1.166421e+10 m^3
 	 The rest is carried over to next year 

 	 HydroSnow Warning: There is Snow remaining on August 31 
 	 Snowremains 	 = 3.524060e+11 (m^3) 
 	 in year: 2027 
HydroGlacial WARNING: year = 2027, ep =0 
 	 Insufficient precipitation to grow glacier. 
 	 Volume glacier correction: 
 	 Volume should be 	2.950319e+13 m^3
 	 Volume corrected to 	1.166421e+10 m^3
 	 The rest is carried over to next year 

 	 HydroSnow Warning: There is Snow remaining on August 31 
 	 Snowremains 	 = 3.524060e+11 (m^3) 
 	 in year: 2027 
HydroGlacial WARNING: year = 2027, ep =0 
 	 Insufficient precipitation to grow glacier. 
 	 Volume glacier correction: 
 	 Volume should be 	2.950319e+13 m^3
 	 Volume corrected to 	1.166421e+10 m^3
 	 The rest is carried over to next year 

 	 HydroSnow Warning: There is Snow remaining on August 31 
 	 Snowremains 	 = 3.524060e+11 (m^3) 
 	 in year: 2027 
HydroGlacial WARNING: year = 2027, ep =0 
 	 Insufficient precipitation to grow glacier. 
 	 Volume glacier correction: 
 	 Volume should be 	2.950319e+13 m^3
 	 Volume corrected to 	1.166421e+10 m^3
 	 The rest is carried over to next year 

 	 HydroSnow Warning: There is Snow remaining on August 31 
 	 Snowremains 	 = 3.524060e+11 (m^3) 
 	 in year: 2027 
HydroGlacial WARNING: year = 2027, ep =0 
 	 Insufficient precipitation to grow glacier. 
 	 Volume glacier correction: 
 	 Volume should be 	2.950319e+13 m^3
 	 Volume corrected to 	1.166421e+10 m^3
 	 The rest is carried over to next year 

 	 HydroSnow Warning: There is Snow remaining on August 31 
 	 Snowremains 	 = 3.524060e+11 (m^3) 
 	 in year: 2027 
HydroGlacial WARNING: year = 2027, ep =0 
 	 Insufficient precipitation to grow glacier. 
 	 Volume glacier correction: 
 	 Volume should be 	2.950319e+13 m^3
 	 Volume corrected to 	1.166421e+10 m^3
 	 The rest is carried over to next year 

 	 HydroSnow Warning: There is Snow remaining on August 31 
 	 Snowremains 	 = 3.524060e+11 (m^3) 
 	 in year: 2027 
HydroGlacial WARNING: year = 2027, ep =0 
 	 Insufficient precipitation to grow glacier. 
 	 Volume glacier correction: 
 	 Volume should be 	2.950319e+13 m^3
 	 Volume corrected to 	1.166421e+10 m^3
 	 The rest is carried over to next year 

 	 HydroSnow Warning: There is Snow remaining on August 31 
 	 Snowremains 	 = 3.524060e+11 (m^3) 
 	 in year: 2027 
HydroGlacial WARNING: year = 2027, ep =0 
 	 Insufficient precipitation to grow glacier. 
 	 Volume glacier correction: 
 	 Volume should be 	2.950319e+13 m^3
 	 Volume corrected to 	1.166421e+10 m^3
 	 The rest is carried over to next year 

 	 HydroSnow Warning: There is Snow remaining on August 31 
 	 Snowremains 	 = 3.524060e+11 (m^3) 
 	 in year: 2027 
   FLOOD WARNING: the maximum predicted flood size has been exceeded. 
      Epoch 1, year 2027 
      Maximum predicted flood 56740.8 (m^3/s) 
      Modeled flood peak 57780.8 (m^3/s) 
HydroGlacial WARNING: year = 2028, ep =0 
 	 Insufficient precipitation to grow glacier. 
 	 Volume glacier correction: 
 	 Volume should be 	2.950319e+13 m^3
 	 Volume corrected to 	2.271786e+10 m^3
 	 The rest is carried over to next year 

 	 HydroSnow Warning: There is Snow remaining on August 31 
 	 Snowremains 	 = 3.564305e+11 (m^3) 
 	 in year: 2028 
HydroGlacial WARNING: year = 2028, ep =0 
 	 Insufficient precipitation to grow glacier. 
 	 Volume glacier correction: 
 	 Volume should be 	2.950319e+13 m^3
 	 Volume corrected to 	1.105365e+10 m^3
 	 The rest is carried over to next year 

 	 HydroSnow Warning: There is Snow remaining on August 31 
 	 Snowremains 	 = 3.564305e+11 (m^3) 
 	 in year: 2028 
HydroGlacial WARNING: year = 2028, ep =0 
 	 Insufficient precipitation to grow glacier. 
 	 Volume glacier correction: 
 	 Volume should be 	2.950319e+13 m^3
 	 Volume corrected to 	1.105365e+10 m^3
 	 The rest is carried over to next year 

 	 HydroSnow Warning: There is Snow remaining on August 31 
 	 Snowremains 	 = 3.564305e+11 (m^3) 
 	 in year: 2028 
HydroGlacial WARNING: year = 2028, ep =0 
 	 Insufficient precipitation to grow glacier. 
 	 Volume glacier correction: 
 	 Volume should be 	2.950319e+13 m^3
 	 Volume corrected to 	1.105365e+10 m^3
 	 The rest is carried over to next year 

 	 HydroSnow Warning: There is Snow remaining on August 31 
 	 Snowremains 	 = 3.564305e+11 (m^3) 
 	 in year: 2028 
HydroGlacial WARNING: year = 2028, ep =0 
 	 Insufficient precipitation to grow glacier. 
 	 Volume glacier correction: 
 	 Volume should be 	2.950319e+13 m^3
 	 Volume corrected to 	1.105365e+10 m^3
 	 The rest is carried over to next year 

 	 HydroSnow Warning: There is Snow remaining on August 31 
 	 Snowremains 	 = 3.564305e+11 (m^3) 
 	 in year: 2028 
HydroGlacial WARNING: year = 2028, ep =0 
 	 Insufficient precipitation to grow glacier. 
 	 Volume glacier correction: 
 	 Volume should be 	2.950319e+13 m^3
 	 Volume corrected to 	1.105365e+10 m^3
 	 The rest is carried over to next year 

 	 HydroSnow Warning: There is Snow remaining on August 31 
 	 Snowremains 	 = 3.564305e+11 (m^3) 
 	 in year: 2028 
HydroGlacial WARNING: year = 2028, ep =0 
 	 Insufficient precipitation to grow glacier. 
 	 Volume glacier correction: 
 	 Volume should be 	2.950319e+13 m^3
 	 Volume corrected to 	1.105365e+10 m^3
 	 The rest is carried over to next year 

 	 HydroSnow Warning: There is Snow remaining on August 31 
 	 Snowremains 	 = 3.564305e+11 (m^3) 
 	 in year: 2028 
HydroGlacial WARNING: year = 2028, ep =0 
 	 Insufficient precipitation to grow glacier. 
 	 Volume glacier correction: 
 	 Volume should be 	2.950319e+13 m^3
 	 Volume corrected to 	1.105365e+10 m^3
 	 The rest is carried over to next year 

 	 HydroSnow Warning: There is Snow remaining on August 31 
 	 Snowremains 	 = 3.564305e+11 (m^3) 
 	 in year: 2028 
HydroGlacial WARNING: year = 2028, ep =0 
 	 Insufficient precipitation to grow glacier. 
 	 Volume glacier correction: 
 	 Volume should be 	2.950319e+13 m^3
 	 Volume corrected to 	1.105365e+10 m^3
 	 The rest is carried over to next year 

 	 HydroSnow Warning: There is Snow remaining on August 31 
 	 Snowremains 	 = 3.564305e+11 (m^3) 
 	 in year: 2028 
HydroGlacial WARNING: year = 2028, ep =0 
 	 Insufficient precipitation to grow glacier. 
 	 Volume glacier correction: 
 	 Volume should be 	2.950319e+13 m^3
 	 Volume corrected to 	1.105365e+10 m^3
 	 The rest is carried over to next year 

 	 HydroSnow Warning: There is Snow remaining on August 31 
 	 Snowremains 	 = 3.564305e+11 (m^3) 
 	 in year: 2028 
   FLOOD WARNING: the maximum predicted flood size has been exceeded. 
      Epoch 1, year 2028 
      Maximum predicted flood 56740.8 (m^3/s) 
      Modeled flood peak 63612.6 (m^3/s) 
HydroGlacial WARNING: year = 2029, ep =0 
 	 Insufficient precipitation to grow glacier. 
 	 Volume glacier correction: 
 	 Volume should be 	2.950319e+13 m^3
 	 Volume corrected to 	2.572889e+10 m^3
 	 The rest is carried over to next year 

 	 HydroSnow Warning: There is Snow remaining on August 31 
 	 Snowremains 	 = 3.791261e+11 (m^3) 
 	 in year: 2029 
HydroGlacial WARNING: year = 2029, ep =0 
 	 Insufficient precipitation to grow glacier. 
 	 Volume glacier correction: 
 	 Volume should be 	2.950319e+13 m^3
 	 Volume corrected to 	1.467524e+10 m^3
 	 The rest is carried over to next year 

 	 HydroSnow Warning: There is Snow remaining on August 31 
 	 Snowremains 	 = 3.791261e+11 (m^3) 
 	 in year: 2029 
HydroGlacial WARNING: year = 2029, ep =0 
 	 Insufficient precipitation to grow glacier. 
 	 Volume glacier correction: 
 	 Volume should be 	2.950319e+13 m^3
 	 Volume corrected to 	1.467524e+10 m^3
 	 The rest is carried over to next year 

 	 HydroSnow Warning: There is Snow remaining on August 31 
 	 Snowremains 	 = 3.791261e+11 (m^3) 
 	 in year: 2029 
HydroGlacial WARNING: year = 2029, ep =0 
 	 Insufficient precipitation to grow glacier. 
 	 Volume glacier correction: 
 	 Volume should be 	2.950319e+13 m^3
 	 Volume corrected to 	1.467524e+10 m^3
 	 The rest is carried over to next year 

 	 HydroSnow Warning: There is Snow remaining on August 31 
 	 Snowremains 	 = 3.791261e+11 (m^3) 
 	 in year: 2029 
HydroGlacial WARNING: year = 2029, ep =0 
 	 Insufficient precipitation to grow glacier. 
 	 Volume glacier correction: 
 	 Volume should be 	2.950319e+13 m^3
 	 Volume corrected to 	1.467524e+10 m^3
 	 The rest is carried over to next year 

 	 HydroSnow Warning: There is Snow remaining on August 31 
 	 Snowremains 	 = 3.791261e+11 (m^3) 
 	 in year: 2029 
HydroGlacial WARNING: year = 2029, ep =0 
 	 Insufficient precipitation to grow glacier. 
 	 Volume glacier correction: 
 	 Volume should be 	2.950319e+13 m^3
 	 Volume corrected to 	1.467524e+10 m^3
 	 The rest is carried over to next year 

 	 HydroSnow Warning: There is Snow remaining on August 31 
 	 Snowremains 	 = 3.791261e+11 (m^3) 
 	 in year: 2029 
HydroGlacial WARNING: year = 2029, ep =0 
 	 Insufficient precipitation to grow glacier. 
 	 Volume glacier correction: 
 	 Volume should be 	2.950319e+13 m^3
 	 Volume corrected to 	1.467524e+10 m^3
 	 The rest is carried over to next year 

 	 HydroSnow Warning: There is Snow remaining on August 31 
 	 Snowremains 	 = 3.791261e+11 (m^3) 
 	 in year: 2029 
HydroGlacial WARNING: year = 2029, ep =0 
 	 Insufficient precipitation to grow glacier. 
 	 Volume glacier correction: 
 	 Volume should be 	2.950319e+13 m^3
 	 Volume corrected to 	1.467524e+10 m^3
 	 The rest is carried over to next year 

 	 HydroSnow Warning: There is Snow remaining on August 31 
 	 Snowremains 	 = 3.791261e+11 (m^3) 
 	 in year: 2029 
HydroGlacial WARNING: year = 2029, ep =0 
 	 Insufficient precipitation to grow glacier. 
 	 Volume glacier correction: 
 	 Volume should be 	2.950319e+13 m^3
 	 Volume corrected to 	1.467524e+10 m^3
 	 The rest is carried over to next year 

 	 HydroSnow Warning: There is Snow remaining on August 31 
 	 Snowremains 	 = 3.791261e+11 (m^3) 
 	 in year: 2029 
HydroGlacial WARNING: year = 2029, ep =0 
 	 Insufficient precipitation to grow glacier. 
 	 Volume glacier correction: 
 	 Volume should be 	2.950319e+13 m^3
 	 Volume corrected to 	1.467524e+10 m^3
 	 The rest is carried over to next year 

 	 HydroSnow Warning: There is Snow remaining on August 31 
 	 Snowremains 	 = 3.791261e+11 (m^3) 
 	 in year: 2029 
   FLOOD WARNING: the maximum predicted flood size has been exceeded. 
      Epoch 1, year 2029 
      Maximum predicted flood 56740.8 (m^3/s) 
      Modeled flood peak 73680.6 (m^3/s) 
HydroGlacial WARNING: year = 2030, ep =0 
 	 Insufficient precipitation to grow glacier. 
 	 Volume glacier correction: 
 	 Volume should be 	2.950319e+13 m^3
 	 Volume corrected to 	2.690248e+10 m^3
 	 The rest is carried over to next year 

 	 HydroSnow Warning: There is Snow remaining on August 31 
 	 Snowremains 	 = 3.904978e+11 (m^3) 
 	 in year: 2030 
HydroGlacial WARNING: year = 2031, ep =0 
 	 Insufficient precipitation to grow glacier. 
 	 Volume glacier correction: 
 	 Volume should be 	2.950319e+13 m^3
 	 Volume corrected to 	3.898920e+10 m^3
 	 The rest is carried over to next year 

 	 HydroSnow Warning: There is Snow remaining on August 31 
 	 Snowremains 	 = 4.099803e+11 (m^3) 
 	 in year: 2031 
HydroGlacial WARNING: year = 2031, ep =0 
 	 Insufficient precipitation to grow glacier. 
 	 Volume glacier correction: 
 	 Volume should be 	2.950319e+13 m^3
 	 Volume corrected to 	1.208672e+10 m^3
 	 The rest is carried over to next year 

 	 HydroSnow Warning: There is Snow remaining on August 31 
 	 Snowremains 	 = 4.099803e+11 (m^3) 
 	 in year: 2031 
HydroGlacial WARNING: year = 2031, ep =0 
 	 Insufficient precipitation to grow glacier. 
 	 Volume glacier correction: 
 	 Volume should be 	2.950319e+13 m^3
 	 Volume corrected to 	1.208672e+10 m^3
 	 The rest is carried over to next year 

 	 HydroSnow Warning: There is Snow remaining on August 31 
 	 Snowremains 	 = 4.099803e+11 (m^3) 
 	 in year: 2031 
HydroGlacial WARNING: year = 2031, ep =0 
 	 Insufficient precipitation to grow glacier. 
 	 Volume glacier correction: 
 	 Volume should be 	2.950319e+13 m^3
 	 Volume corrected to 	1.208672e+10 m^3
 	 The rest is carried over to next year 

 	 HydroSnow Warning: There is Snow remaining on August 31 
 	 Snowremains 	 = 4.099803e+11 (m^3) 
 	 in year: 2031 
HydroGlacial WARNING: year = 2031, ep =0 
 	 Insufficient precipitation to grow glacier. 
 	 Volume glacier correction: 
 	 Volume should be 	2.950319e+13 m^3
 	 Volume corrected to 	1.208672e+10 m^3
 	 The rest is carried over to next year 

 	 HydroSnow Warning: There is Snow remaining on August 31 
 	 Snowremains 	 = 4.099803e+11 (m^3) 
 	 in year: 2031 
HydroGlacial WARNING: year = 2031, ep =0 
 	 Insufficient precipitation to grow glacier. 
 	 Volume glacier correction: 
 	 Volume should be 	2.950319e+13 m^3
 	 Volume corrected to 	1.208672e+10 m^3
 	 The rest is carried over to next year 

 	 HydroSnow Warning: There is Snow remaining on August 31 
 	 Snowremains 	 = 4.099803e+11 (m^3) 
 	 in year: 2031 
HydroGlacial WARNING: year = 2031, ep =0 
 	 Insufficient precipitation to grow glacier. 
 	 Volume glacier correction: 
 	 Volume should be 	2.950319e+13 m^3
 	 Volume corrected to 	1.208672e+10 m^3
 	 The rest is carried over to next year 

 	 HydroSnow Warning: There is Snow remaining on August 31 
 	 Snowremains 	 = 4.099803e+11 (m^3) 
 	 in year: 2031 
HydroGlacial WARNING: year = 2031, ep =0 
 	 Insufficient precipitation to grow glacier. 
 	 Volume glacier correction: 
 	 Volume should be 	2.950319e+13 m^3
 	 Volume corrected to 	1.208672e+10 m^3
 	 The rest is carried over to next year 

 	 HydroSnow Warning: There is Snow remaining on August 31 
 	 Snowremains 	 = 4.099803e+11 (m^3) 
 	 in year: 2031 
HydroGlacial WARNING: year = 2031, ep =0 
 	 Insufficient precipitation to grow glacier. 
 	 Volume glacier correction: 
 	 Volume should be 	2.950319e+13 m^3
 	 Volume corrected to 	1.208672e+10 m^3
 	 The rest is carried over to next year 

 	 HydroSnow Warning: There is Snow remaining on August 31 
 	 Snowremains 	 = 4.099803e+11 (m^3) 
 	 in year: 2031 
HydroGlacial WARNING: year = 2031, ep =0 
 	 Insufficient precipitation to grow glacier. 
 	 Volume glacier correction: 
 	 Volume should be 	2.950319e+13 m^3
 	 Volume corrected to 	1.208672e+10 m^3
 	 The rest is carried over to next year 

 	 HydroSnow Warning: There is Snow remaining on August 31 
 	 Snowremains 	 = 4.099803e+11 (m^3) 
 	 in year: 2031 
   FLOOD WARNING: the maximum predicted flood size has been exceeded. 
      Epoch 1, year 2031 
      Maximum predicted flood 56740.8 (m^3/s) 
      Modeled flood peak 74890.4 (m^3/s) 
HydroGlacial WARNING: year = 2032, ep =0 
 	 Insufficient precipitation to grow glacier. 
 	 Volume glacier correction: 
 	 Volume should be 	2.950319e+13 m^3
 	 Volume corrected to 	2.445182e+10 m^3
 	 The rest is carried over to next year 

 	 HydroSnow Warning: There is Snow remaining on August 31 
 	 Snowremains 	 = 4.232601e+11 (m^3) 
 	 in year: 2032 
HydroGlacial WARNING: year = 2033, ep =0 
 	 Insufficient precipitation to grow glacier. 
 	 Volume glacier correction: 
 	 Volume should be 	2.950319e+13 m^3
 	 Volume corrected to 	3.695864e+10 m^3
 	 The rest is carried over to next year 

 	 HydroSnow Warning: There is Snow remaining on August 31 
 	 Snowremains 	 = 4.354604e+11 (m^3) 
 	 in year: 2033 
HydroGlacial WARNING: year = 2033, ep =0 
 	 Insufficient precipitation to grow glacier. 
 	 Volume glacier correction: 
 	 Volume should be 	2.950319e+13 m^3
 	 Volume corrected to 	1.250682e+10 m^3
 	 The rest is carried over to next year 

 	 HydroSnow Warning: There is Snow remaining on August 31 
 	 Snowremains 	 = 4.354604e+11 (m^3) 
 	 in year: 2033 
HydroGlacial WARNING: year = 2033, ep =0 
 	 Insufficient precipitation to grow glacier. 
 	 Volume glacier correction: 
 	 Volume should be 	2.950319e+13 m^3
 	 Volume corrected to 	1.250682e+10 m^3
 	 The rest is carried over to next year 

 	 HydroSnow Warning: There is Snow remaining on August 31 
 	 Snowremains 	 = 4.354604e+11 (m^3) 
 	 in year: 2033 
HydroGlacial WARNING: year = 2033, ep =0 
 	 Insufficient precipitation to grow glacier. 
 	 Volume glacier correction: 
 	 Volume should be 	2.950319e+13 m^3
 	 Volume corrected to 	1.250682e+10 m^3
 	 The rest is carried over to next year 

 	 HydroSnow Warning: There is Snow remaining on August 31 
 	 Snowremains 	 = 4.354604e+11 (m^3) 
 	 in year: 2033 
HydroGlacial WARNING: year = 2033, ep =0 
 	 Insufficient precipitation to grow glacier. 
 	 Volume glacier correction: 
 	 Volume should be 	2.950319e+13 m^3
 	 Volume corrected to 	1.250682e+10 m^3
 	 The rest is carried over to next year 

 	 HydroSnow Warning: There is Snow remaining on August 31 
 	 Snowremains 	 = 4.354604e+11 (m^3) 
 	 in year: 2033 
HydroGlacial WARNING: year = 2033, ep =0 
 	 Insufficient precipitation to grow glacier. 
 	 Volume glacier correction: 
 	 Volume should be 	2.950319e+13 m^3
 	 Volume corrected to 	1.250682e+10 m^3
 	 The rest is carried over to next year 

 	 HydroSnow Warning: There is Snow remaining on August 31 
 	 Snowremains 	 = 4.354604e+11 (m^3) 
 	 in year: 2033 
HydroGlacial WARNING: year = 2033, ep =0 
 	 Insufficient precipitation to grow glacier. 
 	 Volume glacier correction: 
 	 Volume should be 	2.950319e+13 m^3
 	 Volume corrected to 	1.250682e+10 m^3
 	 The rest is carried over to next year 

 	 HydroSnow Warning: There is Snow remaining on August 31 
 	 Snowremains 	 = 4.354604e+11 (m^3) 
 	 in year: 2033 
HydroGlacial WARNING: year = 2033, ep =0 
 	 Insufficient precipitation to grow glacier. 
 	 Volume glacier correction: 
 	 Volume should be 	2.950319e+13 m^3
 	 Volume corrected to 	1.250682e+10 m^3
 	 The rest is carried over to next year 

 	 HydroSnow Warning: There is Snow remaining on August 31 
 	 Snowremains 	 = 4.354604e+11 (m^3) 
 	 in year: 2033 
HydroGlacial WARNING: year = 2033, ep =0 
 	 Insufficient precipitation to grow glacier. 
 	 Volume glacier correction: 
 	 Volume should be 	2.950319e+13 m^3
 	 Volume corrected to 	1.250682e+10 m^3
 	 The rest is carried over to next year 

 	 HydroSnow Warning: There is Snow remaining on August 31 
 	 Snowremains 	 = 4.354604e+11 (m^3) 
 	 in year: 2033 
HydroGlacial WARNING: year = 2033, ep =0 
 	 Insufficient precipitation to grow glacier. 
 	 Volume glacier correction: 
 	 Volume should be 	2.950319e+13 m^3
 	 Volume corrected to 	1.250682e+10 m^3
 	 The rest is carried over to next year 

 	 HydroSnow Warning: There is Snow remaining on August 31 
 	 Snowremains 	 = 4.354604e+11 (m^3) 
 	 in year: 2033 
   FLOOD WARNING: the maximum predicted flood size has been exceeded. 
      Epoch 1, year 2033 
      Maximum predicted flood 56740.8 (m^3/s) 
      Modeled flood peak 80159.4 (m^3/s) 
HydroGlacial WARNING: year = 2034, ep =0 
 	 Insufficient precipitation to grow glacier. 
 	 Volume glacier correction: 
 	 Volume should be 	2.950319e+13 m^3
 	 Volume corrected to 	2.492834e+10 m^3
 	 The rest is carried over to next year 

 	 HydroSnow Warning: There is Snow remaining on August 31 
 	 Snowremains 	 = 4.536939e+11 (m^3) 
 	 in year: 2034 
HydroGlacial WARNING: year = 2034, ep =0 
 	 Insufficient precipitation to grow glacier. 
 	 Volume glacier correction: 
 	 Volume should be 	2.950319e+13 m^3
 	 Volume corrected to 	1.242152e+10 m^3
 	 The rest is carried over to next year 

 	 HydroSnow Warning: There is Snow remaining on August 31 
 	 Snowremains 	 = 4.536939e+11 (m^3) 
 	 in year: 2034 
HydroGlacial WARNING: year = 2034, ep =0 
 	 Insufficient precipitation to grow glacier. 
 	 Volume glacier correction: 
 	 Volume should be 	2.950319e+13 m^3
 	 Volume corrected to 	1.242152e+10 m^3
 	 The rest is carried over to next year 

 	 HydroSnow Warning: There is Snow remaining on August 31 
 	 Snowremains 	 = 4.536939e+11 (m^3) 
 	 in year: 2034 
HydroGlacial WARNING: year = 2034, ep =0 
 	 Insufficient precipitation to grow glacier. 
 	 Volume glacier correction: 
 	 Volume should be 	2.950319e+13 m^3
 	 Volume corrected to 	1.242152e+10 m^3
 	 The rest is carried over to next year 

 	 HydroSnow Warning: There is Snow remaining on August 31 
 	 Snowremains 	 = 4.536939e+11 (m^3) 
 	 in year: 2034 
HydroGlacial WARNING: year = 2034, ep =0 
 	 Insufficient precipitation to grow glacier. 
 	 Volume glacier correction: 
 	 Volume should be 	2.950319e+13 m^3
 	 Volume corrected to 	1.242152e+10 m^3
 	 The rest is carried over to next year 

 	 HydroSnow Warning: There is Snow remaining on August 31 
 	 Snowremains 	 = 4.536939e+11 (m^3) 
 	 in year: 2034 
HydroGlacial WARNING: year = 2034, ep =0 
 	 Insufficient precipitation to grow glacier. 
 	 Volume glacier correction: 
 	 Volume should be 	2.950319e+13 m^3
 	 Volume corrected to 	1.242152e+10 m^3
 	 The rest is carried over to next year 

 	 HydroSnow Warning: There is Snow remaining on August 31 
 	 Snowremains 	 = 4.536939e+11 (m^3) 
 	 in year: 2034 
HydroGlacial WARNING: year = 2034, ep =0 
 	 Insufficient precipitation to grow glacier. 
 	 Volume glacier correction: 
 	 Volume should be 	2.950319e+13 m^3
 	 Volume corrected to 	1.242152e+10 m^3
 	 The rest is carried over to next year 

 	 HydroSnow Warning: There is Snow remaining on August 31 
 	 Snowremains 	 = 4.536939e+11 (m^3) 
 	 in year: 2034 
HydroGlacial WARNING: year = 2034, ep =0 
 	 Insufficient precipitation to grow glacier. 
 	 Volume glacier correction: 
 	 Volume should be 	2.950319e+13 m^3
 	 Volume corrected to 	1.242152e+10 m^3
 	 The rest is carried over to next year 

 	 HydroSnow Warning: There is Snow remaining on August 31 
 	 Snowremains 	 = 4.536939e+11 (m^3) 
 	 in year: 2034 
HydroGlacial WARNING: year = 2034, ep =0 
 	 Insufficient precipitation to grow glacier. 
 	 Volume glacier correction: 
 	 Volume should be 	2.950319e+13 m^3
 	 Volume corrected to 	1.242152e+10 m^3
 	 The rest is carried over to next year 

 	 HydroSnow Warning: There is Snow remaining on August 31 
 	 Snowremains 	 = 4.536939e+11 (m^3) 
 	 in year: 2034 
HydroGlacial WARNING: year = 2034, ep =0 
 	 Insufficient precipitation to grow glacier. 
 	 Volume glacier correction: 
 	 Volume should be 	2.950319e+13 m^3
 	 Volume corrected to 	1.242152e+10 m^3
 	 The rest is carried over to next year 

 	 HydroSnow Warning: There is Snow remaining on August 31 
 	 Snowremains 	 = 4.536939e+11 (m^3) 
 	 in year: 2034 
   FLOOD WARNING: the maximum predicted flood size has been exceeded. 
      Epoch 1, year 2034 
      Maximum predicted flood 56740.8 (m^3/s) 
      Modeled flood peak 120633 (m^3/s) 
HydroGlacial WARNING: year = 2035, ep =0 
 	 Insufficient precipitation to grow glacier. 
 	 Volume glacier correction: 
 	 Volume should be 	2.950319e+13 m^3
 	 Volume corrected to 	2.631315e+10 m^3
 	 The rest is carried over to next year 

 	 HydroSnow Warning: There is Snow remaining on August 31 
 	 Snowremains 	 = 4.703152e+11 (m^3) 
 	 in year: 2035 
HydroGlacial WARNING: year = 2035, ep =0 
 	 Insufficient precipitation to grow glacier. 
 	 Volume glacier correction: 
 	 Volume should be 	2.950319e+13 m^3
 	 Volume corrected to 	1.389163e+10 m^3
 	 The rest is carried over to next year 

 	 HydroSnow Warning: There is Snow remaining on August 31 
 	 Snowremains 	 = 4.703152e+11 (m^3) 
 	 in year: 2035 
HydroGlacial WARNING: year = 2035, ep =0 
 	 Insufficient precipitation to grow glacier. 
 	 Volume glacier correction: 
 	 Volume should be 	2.950319e+13 m^3
 	 Volume corrected to 	1.389163e+10 m^3
 	 The rest is carried over to next year 

 	 HydroSnow Warning: There is Snow remaining on August 31 
 	 Snowremains 	 = 4.703152e+11 (m^3) 
 	 in year: 2035 
HydroGlacial WARNING: year = 2035, ep =0 
 	 Insufficient precipitation to grow glacier. 
 	 Volume glacier correction: 
 	 Volume should be 	2.950319e+13 m^3
 	 Volume corrected to 	1.389163e+10 m^3
 	 The rest is carried over to next year 

 	 HydroSnow Warning: There is Snow remaining on August 31 
 	 Snowremains 	 = 4.703152e+11 (m^3) 
 	 in year: 2035 
HydroGlacial WARNING: year = 2035, ep =0 
 	 Insufficient precipitation to grow glacier. 
 	 Volume glacier correction: 
 	 Volume should be 	2.950319e+13 m^3
 	 Volume corrected to 	1.389163e+10 m^3
 	 The rest is carried over to next year 

 	 HydroSnow Warning: There is Snow remaining on August 31 
 	 Snowremains 	 = 4.703152e+11 (m^3) 
 	 in year: 2035 
HydroGlacial WARNING: year = 2035, ep =0 
 	 Insufficient precipitation to grow glacier. 
 	 Volume glacier correction: 
 	 Volume should be 	2.950319e+13 m^3
 	 Volume corrected to 	1.389163e+10 m^3
 	 The rest is carried over to next year 

 	 HydroSnow Warning: There is Snow remaining on August 31 
 	 Snowremains 	 = 4.703152e+11 (m^3) 
 	 in year: 2035 
HydroGlacial WARNING: year = 2035, ep =0 
 	 Insufficient precipitation to grow glacier. 
 	 Volume glacier correction: 
 	 Volume should be 	2.950319e+13 m^3
 	 Volume corrected to 	1.389163e+10 m^3
 	 The rest is carried over to next year 

 	 HydroSnow Warning: There is Snow remaining on August 31 
 	 Snowremains 	 = 4.703152e+11 (m^3) 
 	 in year: 2035 
HydroGlacial WARNING: year = 2035, ep =0 
 	 Insufficient precipitation to grow glacier. 
 	 Volume glacier correction: 
 	 Volume should be 	2.950319e+13 m^3
 	 Volume corrected to 	1.389163e+10 m^3
 	 The rest is carried over to next year 

 	 HydroSnow Warning: There is Snow remaining on August 31 
 	 Snowremains 	 = 4.703152e+11 (m^3) 
 	 in year: 2035 
HydroGlacial WARNING: year = 2035, ep =0 
 	 Insufficient precipitation to grow glacier. 
 	 Volume glacier correction: 
 	 Volume should be 	2.950319e+13 m^3
 	 Volume corrected to 	1.389163e+10 m^3
 	 The rest is carried over to next year 

 	 HydroSnow Warning: There is Snow remaining on August 31 
 	 Snowremains 	 = 4.703152e+11 (m^3) 
 	 in year: 2035 
HydroGlacial WARNING: year = 2035, ep =0 
 	 Insufficient precipitation to grow glacier. 
 	 Volume glacier correction: 
 	 Volume should be 	2.950319e+13 m^3
 	 Volume corrected to 	1.389163e+10 m^3
 	 The rest is carried over to next year 

 	 HydroSnow Warning: There is Snow remaining on August 31 
 	 Snowremains 	 = 4.703152e+11 (m^3) 
 	 in year: 2035 
   FLOOD WARNING: the maximum predicted flood size has been exceeded. 
      Epoch 1, year 2035 
      Maximum predicted flood 56740.8 (m^3/s) 
      Modeled flood peak 115988 (m^3/s) 
